[1] Puma starting in cluster mode...
[1] * Puma version: 6.6.1 ("Return to Forever")
[1] * Ruby version: ruby 3.4.9 (2026-03-11 revision 76cca827ab) +YJIT +PRISM [x86_64-linux]
[1] *  Min threads: 4
[1] *  Max threads: 4
[1] *  Environment: development
[1] *   Master PID: 1
[1] *      Workers: 128
[1] *     Restarts: (✔) hot (✖) phased (✖) refork
[1] * Preloading application
[1] * Listening on http://0.0.0.0:8080
[1] Use Ctrl-C to stop
[1] - Worker 0 (PID: 8) booted in 0.34s, phase: 0
[1] - Worker 1 (PID: 16) booted in 0.34s, phase: 0
[1] - Worker 2 (PID: 23) booted in 0.33s, phase: 0
[1] - Worker 3 (PID: 33) booted in 0.33s, phase: 0
[1] - Worker 4 (PID: 44) booted in 0.33s, phase: 0
[1] - Worker 5 (PID: 57) booted in 0.33s, phase: 0
[1] - Worker 6 (PID: 68) booted in 0.33s, phase: 0
[1] - Worker 7 (PID: 81) booted in 0.32s, phase: 0
[1] - Worker 8 (PID: 89) booted in 0.32s, phase: 0
[1] - Worker 9 (PID: 104) booted in 0.32s, phase: 0
[1] - Worker 10 (PID: 118) booted in 0.32s, phase: 0
[1] - Worker 11 (PID: 128) booted in 0.32s, phase: 0
[1] - Worker 12 (PID: 141) booted in 0.32s, phase: 0
[1] - Worker 13 (PID: 152) booted in 0.31s, phase: 0
[1] - Worker 14 (PID: 172) booted in 0.31s, phase: 0
[1] - Worker 15 (PID: 184) booted in 0.31s, phase: 0
[1] - Worker 16 (PID: 196) booted in 0.3s, phase: 0
[1] - Worker 17 (PID: 208) booted in 0.3s, phase: 0
[1] - Worker 18 (PID: 216) booted in 0.3s, phase: 0
[1] - Worker 19 (PID: 226) booted in 0.3s, phase: 0
[1] - Worker 20 (PID: 244) booted in 0.3s, phase: 0
[1] - Worker 21 (PID: 256) booted in 0.3s, phase: 0
[1] - Worker 22 (PID: 268) booted in 0.29s, phase: 0
[1] - Worker 23 (PID: 280) booted in 0.29s, phase: 0
[1] - Worker 24 (PID: 288) booted in 0.29s, phase: 0
[1] - Worker 25 (PID: 296) booted in 0.28s, phase: 0
[1] - Worker 26 (PID: 313) booted in 0.28s, phase: 0
[1] - Worker 27 (PID: 328) booted in 0.28s, phase: 0
[1] - Worker 28 (PID: 340) booted in 0.28s, phase: 0
[1] - Worker 29 (PID: 352) booted in 0.27s, phase: 0
[1] - Worker 30 (PID: 364) booted in 0.27s, phase: 0
[1] - Worker 31 (PID: 371) booted in 0.27s, phase: 0
[1] - Worker 32 (PID: 376) booted in 0.27s, phase: 0
[1] - Worker 33 (PID: 387) booted in 0.26s, phase: 0
[1] - Worker 34 (PID: 400) booted in 0.26s, phase: 0
[1] - Worker 35 (PID: 414) booted in 0.26s, phase: 0
[1] - Worker 36 (PID: 427) booted in 0.26s, phase: 0
[1] - Worker 37 (PID: 435) booted in 0.26s, phase: 0
[1] - Worker 38 (PID: 449) booted in 0.25s, phase: 0
[1] - Worker 39 (PID: 463) booted in 0.25s, phase: 0
[1] - Worker 40 (PID: 473) booted in 0.25s, phase: 0
[1] - Worker 41 (PID: 487) booted in 0.25s, phase: 0
[1] - Worker 42 (PID: 499) booted in 0.25s, phase: 0
[1] - Worker 43 (PID: 508) booted in 0.25s, phase: 0
[1] - Worker 44 (PID: 519) booted in 0.25s, phase: 0
[1] - Worker 45 (PID: 535) booted in 0.24s, phase: 0
[1] - Worker 46 (PID: 541) booted in 0.24s, phase: 0
[1] - Worker 47 (PID: 552) booted in 0.24s, phase: 0
[1] - Worker 48 (PID: 567) booted in 0.24s, phase: 0
[1] - Worker 49 (PID: 580) booted in 0.24s, phase: 0
[1] - Worker 50 (PID: 595) booted in 0.23s, phase: 0
[1] - Worker 51 (PID: 607) booted in 0.23s, phase: 0
[1] - Worker 52 (PID: 615) booted in 0.23s, phase: 0
[1] - Worker 53 (PID: 628) booted in 0.23s, phase: 0
[1] - Worker 54 (PID: 643) booted in 0.23s, phase: 0
[1] - Worker 55 (PID: 653) booted in 0.23s, phase: 0
[1] - Worker 56 (PID: 663) booted in 0.22s, phase: 0
[1] - Worker 57 (PID: 675) booted in 0.22s, phase: 0
[1] - Worker 58 (PID: 690) booted in 0.22s, phase: 0
[1] - Worker 59 (PID: 700) booted in 0.22s, phase: 0
[1] - Worker 60 (PID: 712) booted in 0.22s, phase: 0
[1] - Worker 61 (PID: 723) booted in 0.21s, phase: 0
[1] - Worker 62 (PID: 736) booted in 0.21s, phase: 0
[1] - Worker 63 (PID: 751) booted in 0.21s, phase: 0
[1] - Worker 64 (PID: 763) booted in 0.21s, phase: 0
[1] - Worker 65 (PID: 771) booted in 0.21s, phase: 0
[1] - Worker 66 (PID: 787) booted in 0.21s, phase: 0
[1] - Worker 67 (PID: 797) booted in 0.2s, phase: 0
[1] - Worker 68 (PID: 817) booted in 0.2s, phase: 0
[1] - Worker 69 (PID: 829) booted in 0.2s, phase: 0
[1] - Worker 70 (PID: 835) booted in 0.2s, phase: 0
[1] - Worker 71 (PID: 847) booted in 0.19s, phase: 0
[1] - Worker 72 (PID: 856) booted in 0.19s, phase: 0
[1] - Worker 73 (PID: 871) booted in 0.19s, phase: 0
[1] - Worker 74 (PID: 884) booted in 0.19s, phase: 0
[1] - Worker 75 (PID: 896) booted in 0.18s, phase: 0
[1] - Worker 76 (PID: 909) booted in 0.18s, phase: 0
[1] - Worker 77 (PID: 920) booted in 0.18s, phase: 0
[1] - Worker 78 (PID: 931) booted in 0.18s, phase: 0
[1] - Worker 79 (PID: 943) booted in 0.18s, phase: 0
[1] - Worker 80 (PID: 956) booted in 0.17s, phase: 0
[1] - Worker 81 (PID: 967) booted in 0.17s, phase: 0
[1] - Worker 82 (PID: 979) booted in 0.17s, phase: 0
[1] - Worker 83 (PID: 991) booted in 0.17s, phase: 0
[1] - Worker 84 (PID: 1004) booted in 0.16s, phase: 0
[1] - Worker 85 (PID: 1017) booted in 0.16s, phase: 0
[1] - Worker 86 (PID: 1029) booted in 0.16s, phase: 0
[1] - Worker 87 (PID: 1045) booted in 0.16s, phase: 0
[1] - Worker 88 (PID: 1051) booted in 0.15s, phase: 0
[1] - Worker 89 (PID: 1063) booted in 0.15s, phase: 0
[1] - Worker 90 (PID: 1070) booted in 0.15s, phase: 0
[1] - Worker 91 (PID: 1088) booted in 0.15s, phase: 0
[1] - Worker 92 (PID: 1103) booted in 0.14s, phase: 0
[1] - Worker 93 (PID: 1112) booted in 0.14s, phase: 0
[1] - Worker 94 (PID: 1123) booted in 0.14s, phase: 0
[1] - Worker 95 (PID: 1135) booted in 0.14s, phase: 0
[1] - Worker 96 (PID: 1148) booted in 0.14s, phase: 0
[1] - Worker 97 (PID: 1159) booted in 0.13s, phase: 0
[1] - Worker 98 (PID: 1171) booted in 0.13s, phase: 0
[1] - Worker 99 (PID: 1183) booted in 0.13s, phase: 0
[1] - Worker 100 (PID: 1194) booted in 0.13s, phase: 0
[1] - Worker 101 (PID: 1208) booted in 0.13s, phase: 0
[1] - Worker 102 (PID: 1220) booted in 0.12s, phase: 0
[1] - Worker 103 (PID: 1230) booted in 0.12s, phase: 0
[1] - Worker 104 (PID: 1240) booted in 0.12s, phase: 0
[1] - Worker 105 (PID: 1248) booted in 0.11s, phase: 0
[1] - Worker 106 (PID: 1255) booted in 0.1s, phase: 0
[1] - Worker 107 (PID: 1284) booted in 0.1s, phase: 0
[1] - Worker 108 (PID: 1298) booted in 0.1s, phase: 0
[1] - Worker 109 (PID: 1303) booted in 0.09s, phase: 0
[1] - Worker 110 (PID: 1315) booted in 0.09s, phase: 0
[1] - Worker 111 (PID: 1327) booted in 0.09s, phase: 0
[1] - Worker 112 (PID: 1339) booted in 0.09s, phase: 0
[1] - Worker 113 (PID: 1348) booted in 0.09s, phase: 0
[1] - Worker 114 (PID: 1359) booted in 0.08s, phase: 0
[1] - Worker 115 (PID: 1371) booted in 0.08s, phase: 0
[1] - Worker 116 (PID: 1387) booted in 0.08s, phase: 0
[1] - Worker 117 (PID: 1399) booted in 0.08s, phase: 0
[1] - Worker 118 (PID: 1408) booted in 0.08s, phase: 0
[1] - Worker 119 (PID: 1420) booted in 0.07s, phase: 0
[1] - Worker 120 (PID: 1435) booted in 0.07s, phase: 0
[1] - Worker 121 (PID: 1443) booted in 0.07s, phase: 0
[1] - Worker 122 (PID: 1459) booted in 0.07s, phase: 0
[1] - Worker 123 (PID: 1470) booted in 0.07s, phase: 0
[1] - Worker 124 (PID: 1483) booted in 0.06s, phase: 0
[1] - Worker 125 (PID: 1492) booted in 0.06s, phase: 0
[1] - Worker 126 (PID: 1503) booted in 0.06s, phase: 0
[1] - Worker 127 (PID: 1517) booted in 0.06s, phase: 0
