[1] Puma starting in cluster mode...
[1] * Puma version: 6.6.1 ("Return to Forever")
[1] * Ruby version: ruby 3.4.9 (2026-03-11 revision 76cca827ab) +YJIT +PRISM [x86_64-linux]
[1] *  Min threads: 4
[1] *  Max threads: 4
[1] *  Environment: development
[1] *   Master PID: 1
[1] *      Workers: 128
[1] *     Restarts: (✔) hot (✖) phased (✖) refork
[1] * Preloading application
[1] * Listening on http://0.0.0.0:8080
[1] Use Ctrl-C to stop
[1] - Worker 0 (PID: 8) booted in 0.21s, phase: 0
[1] - Worker 1 (PID: 11) booted in 0.21s, phase: 0
[1] - Worker 2 (PID: 17) booted in 0.2s, phase: 0
[1] - Worker 3 (PID: 26) booted in 0.2s, phase: 0
[1] - Worker 4 (PID: 37) booted in 0.2s, phase: 0
[1] - Worker 5 (PID: 50) booted in 0.2s, phase: 0
[1] - Worker 6 (PID: 62) booted in 0.2s, phase: 0
[1] - Worker 7 (PID: 75) booted in 0.2s, phase: 0
[1] - Worker 8 (PID: 86) booted in 0.2s, phase: 0
[1] - Worker 9 (PID: 99) booted in 0.2s, phase: 0
[1] - Worker 10 (PID: 108) booted in 0.2s, phase: 0
[1] - Worker 11 (PID: 119) booted in 0.2s, phase: 0
[1] - Worker 12 (PID: 132) booted in 0.19s, phase: 0
[1] - Worker 13 (PID: 145) booted in 0.19s, phase: 0
[1] - Worker 14 (PID: 171) booted in 0.19s, phase: 0
[1] - Worker 15 (PID: 175) booted in 0.19s, phase: 0
[1] - Worker 16 (PID: 187) booted in 0.19s, phase: 0
[1] - Worker 17 (PID: 194) booted in 0.19s, phase: 0
[1] - Worker 18 (PID: 206) booted in 0.19s, phase: 0
[1] - Worker 19 (PID: 218) booted in 0.19s, phase: 0
[1] - Worker 20 (PID: 230) booted in 0.19s, phase: 0
[1] - Worker 21 (PID: 241) booted in 0.18s, phase: 0
[1] - Worker 22 (PID: 247) booted in 0.18s, phase: 0
[1] - Worker 23 (PID: 262) booted in 0.18s, phase: 0
[1] - Worker 24 (PID: 274) booted in 0.18s, phase: 0
[1] - Worker 25 (PID: 282) booted in 0.18s, phase: 0
[1] - Worker 26 (PID: 298) booted in 0.18s, phase: 0
[1] - Worker 27 (PID: 316) booted in 0.18s, phase: 0
[1] - Worker 28 (PID: 327) booted in 0.17s, phase: 0
[1] - Worker 29 (PID: 348) booted in 0.17s, phase: 0
[1] - Worker 30 (PID: 364) booted in 0.17s, phase: 0
[1] - Worker 31 (PID: 367) booted in 0.17s, phase: 0
[1] - Worker 32 (PID: 371) booted in 0.17s, phase: 0
[1] - Worker 33 (PID: 383) booted in 0.16s, phase: 0
[1] - Worker 34 (PID: 391) booted in 0.16s, phase: 0
[1] - Worker 35 (PID: 399) booted in 0.16s, phase: 0
[1] - Worker 36 (PID: 411) booted in 0.16s, phase: 0
[1] - Worker 37 (PID: 424) booted in 0.16s, phase: 0
[1] - Worker 38 (PID: 441) booted in 0.16s, phase: 0
[1] - Worker 39 (PID: 453) booted in 0.16s, phase: 0
[1] - Worker 40 (PID: 461) booted in 0.15s, phase: 0
[1] - Worker 41 (PID: 472) booted in 0.15s, phase: 0
[1] - Worker 42 (PID: 483) booted in 0.15s, phase: 0
[1] - Worker 43 (PID: 488) booted in 0.15s, phase: 0
[1] - Worker 44 (PID: 501) booted in 0.15s, phase: 0
[1] - Worker 45 (PID: 515) booted in 0.15s, phase: 0
[1] - Worker 46 (PID: 527) booted in 0.15s, phase: 0
[1] - Worker 47 (PID: 535) booted in 0.15s, phase: 0
[1] - Worker 48 (PID: 549) booted in 0.15s, phase: 0
[1] - Worker 49 (PID: 558) booted in 0.14s, phase: 0
[1] - Worker 50 (PID: 572) booted in 0.14s, phase: 0
[1] - Worker 51 (PID: 599) booted in 0.14s, phase: 0
[1] - Worker 52 (PID: 614) booted in 0.14s, phase: 0
[1] - Worker 53 (PID: 624) booted in 0.14s, phase: 0
[1] - Worker 54 (PID: 634) booted in 0.13s, phase: 0
[1] - Worker 55 (PID: 643) booted in 0.13s, phase: 0
[1] - Worker 56 (PID: 654) booted in 0.13s, phase: 0
[1] - Worker 57 (PID: 667) booted in 0.13s, phase: 0
[1] - Worker 58 (PID: 682) booted in 0.13s, phase: 0
[1] - Worker 59 (PID: 692) booted in 0.13s, phase: 0
[1] - Worker 60 (PID: 703) booted in 0.13s, phase: 0
[1] - Worker 61 (PID: 716) booted in 0.13s, phase: 0
[1] - Worker 62 (PID: 727) booted in 0.13s, phase: 0
[1] - Worker 63 (PID: 738) booted in 0.12s, phase: 0
[1] - Worker 64 (PID: 750) booted in 0.12s, phase: 0
[1] - Worker 65 (PID: 762) booted in 0.12s, phase: 0
[1] - Worker 66 (PID: 775) booted in 0.12s, phase: 0
[1] - Worker 67 (PID: 787) booted in 0.12s, phase: 0
[1] - Worker 68 (PID: 801) booted in 0.12s, phase: 0
[1] - Worker 69 (PID: 811) booted in 0.12s, phase: 0
[1] - Worker 70 (PID: 822) booted in 0.12s, phase: 0
[1] - Worker 71 (PID: 834) booted in 0.11s, phase: 0
[1] - Worker 72 (PID: 847) booted in 0.11s, phase: 0
[1] - Worker 73 (PID: 859) booted in 0.11s, phase: 0
[1] - Worker 74 (PID: 871) booted in 0.11s, phase: 0
[1] - Worker 75 (PID: 886) booted in 0.11s, phase: 0
[1] - Worker 76 (PID: 895) booted in 0.11s, phase: 0
[1] - Worker 77 (PID: 907) booted in 0.11s, phase: 0
[1] - Worker 78 (PID: 920) booted in 0.11s, phase: 0
[1] - Worker 79 (PID: 933) booted in 0.1s, phase: 0
[1] - Worker 80 (PID: 946) booted in 0.1s, phase: 0
[1] - Worker 81 (PID: 959) booted in 0.1s, phase: 0
[1] - Worker 82 (PID: 969) booted in 0.1s, phase: 0
[1] - Worker 83 (PID: 983) booted in 0.1s, phase: 0
[1] - Worker 84 (PID: 991) booted in 0.1s, phase: 0
[1] - Worker 85 (PID: 1006) booted in 0.1s, phase: 0
[1] - Worker 86 (PID: 1017) booted in 0.1s, phase: 0
[1] - Worker 87 (PID: 1027) booted in 0.09s, phase: 0
[1] - Worker 88 (PID: 1040) booted in 0.09s, phase: 0
[1] - Worker 89 (PID: 1050) booted in 0.09s, phase: 0
[1] - Worker 90 (PID: 1063) booted in 0.09s, phase: 0
[1] - Worker 91 (PID: 1077) booted in 0.09s, phase: 0
[1] - Worker 92 (PID: 1087) booted in 0.09s, phase: 0
[1] - Worker 93 (PID: 1101) booted in 0.09s, phase: 0
[1] - Worker 94 (PID: 1110) booted in 0.09s, phase: 0
[1] - Worker 95 (PID: 1127) booted in 0.08s, phase: 0
[1] - Worker 96 (PID: 1136) booted in 0.08s, phase: 0
[1] - Worker 97 (PID: 1151) booted in 0.08s, phase: 0
[1] - Worker 98 (PID: 1162) booted in 0.08s, phase: 0
[1] - Worker 99 (PID: 1175) booted in 0.08s, phase: 0
[1] - Worker 100 (PID: 1186) booted in 0.08s, phase: 0
[1] - Worker 101 (PID: 1198) booted in 0.08s, phase: 0
[1] - Worker 102 (PID: 1208) booted in 0.08s, phase: 0
[1] - Worker 103 (PID: 1221) booted in 0.07s, phase: 0
[1] - Worker 104 (PID: 1234) booted in 0.07s, phase: 0
[1] - Worker 105 (PID: 1245) booted in 0.07s, phase: 0
[1] - Worker 106 (PID: 1257) booted in 0.07s, phase: 0
[1] - Worker 107 (PID: 1269) booted in 0.07s, phase: 0
[1] - Worker 108 (PID: 1280) booted in 0.07s, phase: 0
[1] - Worker 109 (PID: 1294) booted in 0.07s, phase: 0
[1] - Worker 110 (PID: 1304) booted in 0.07s, phase: 0
[1] - Worker 111 (PID: 1316) booted in 0.06s, phase: 0
[1] - Worker 112 (PID: 1331) booted in 0.06s, phase: 0
[1] - Worker 113 (PID: 1341) booted in 0.06s, phase: 0
[1] - Worker 114 (PID: 1354) booted in 0.06s, phase: 0
[1] - Worker 115 (PID: 1363) booted in 0.06s, phase: 0
[1] - Worker 116 (PID: 1378) booted in 0.06s, phase: 0
[1] - Worker 117 (PID: 1391) booted in 0.06s, phase: 0
[1] - Worker 118 (PID: 1400) booted in 0.06s, phase: 0
[1] - Worker 119 (PID: 1415) booted in 0.05s, phase: 0
[1] - Worker 120 (PID: 1425) booted in 0.05s, phase: 0
[1] - Worker 121 (PID: 1439) booted in 0.05s, phase: 0
[1] - Worker 122 (PID: 1450) booted in 0.05s, phase: 0
[1] - Worker 123 (PID: 1461) booted in 0.05s, phase: 0
[1] - Worker 124 (PID: 1475) booted in 0.05s, phase: 0
[1] - Worker 125 (PID: 1486) booted in 0.05s, phase: 0
[1] - Worker 126 (PID: 1495) booted in 0.05s, phase: 0
[1] - Worker 127 (PID: 1508) booted in 0.04s, phase: 0
