Python/gc.c:1767: PyObject_GC_Track: Assertion failed: object already tracked by the garbage collector
Enable tracemalloc to get the memory block allocation traceback

object address  : 0x7c3aa201b4f0
object refcount : 1
object type     : 0x641a0e9af1a0
object type name: _asyncio.FutureIter
object repr     : <_asyncio.FutureIter object at 0x7c3aa201b4f0>

Fatal Python error: _PyObject_AssertFailed: _PyObject_AssertFailed
Python runtime state: initialized

Thread 0x00007c3aa1d1c6c0 (most recent call first):
  File "/usr/local/lib/python3.13/concurrent/futures/thread.py", line 90 in _worker
  File "/usr/local/lib/python3.13/threading.py", line 995 in run
  File "/usr/local/lib/python3.13/threading.py", line 1044 in _bootstrap_inner
  File "/usr/local/lib/python3.13/threading.py", line 1015 in _bootstrap

Current thread 0x00007c3aa3fd4340 (most recent call first):
  File "/app/./app.py", line 309 in app
  File "/usr/local/lib/python3.13/asyncio/events.py", line 89 in _run
  File "/usr/local/lib/python3.13/asyncio/base_events.py", line 2050 in _run_once
  File "/usr/local/lib/python3.13/asyncio/base_events.py", line 683 in run_forever
  File "/usr/local/lib/python3.13/site-packages/fastpysgi.py", line 90 in multi_run
  File "/usr/local/lib/python3.13/site-packages/fastpysgi.py", line 71 in run
  File "/usr/local/lib/python3.13/site-packages/fastpysgi.py", line 193 in run
  File "/app/./app.py", line 322 in <module>

Extension modules: asyncpg.pgproto.pgproto, asyncpg.protocol.protocol, _fastpysgi (total: 3)
FastPySGI server multiple workers listening at http://0.0.0.0:8080
FastPySGI server running on PID: 1
Worker process added with PID: 7
Worker process added with PID: 8
Worker process added with PID: 9
Worker process added with PID: 10
Worker process added with PID: 11
Worker process added with PID: 12
Worker process added with PID: 13
Worker process added with PID: 14
Worker process added with PID: 15
Worker process added with PID: 18
Worker process added with PID: 19
Worker process added with PID: 23
Worker process added with PID: 25
Worker process added with PID: 28
Worker process added with PID: 29
Worker process added with PID: 31
Worker process added with PID: 33
Worker process added with PID: 35
Worker process added with PID: 37
Worker process added with PID: 38
Worker process added with PID: 41
Worker process added with PID: 42
Worker process added with PID: 44
Worker process added with PID: 46
Worker process added with PID: 49
Worker process added with PID: 50
Worker process added with PID: 53
Worker process added with PID: 55
Python/gc.c:1767: PyObject_GC_Track: Assertion failed: object already tracked by the garbage collector
Enable tracemalloc to get the memory block allocation traceback

object address  : 0x7c3aa201bf10
object refcount : 1
object type     : 0x641a0e9af1a0
object type name: _asyncio.FutureIter
object repr     : <_asyncio.FutureIter object at 0x7c3aa201bf10>

Fatal Python error: _PyObject_AssertFailed: _PyObject_AssertFailed
Python runtime state: initialized

Thread 0x00007c3aa1d1c6c0 (most recent call first):
  File "/usr/local/lib/python3.13/concurrent/futures/thread.py", line 90 in _worker
  File "/usr/local/lib/python3.13/threading.py", line 995 in run
  File "/usr/local/lib/python3.13/threading.py", line 1044 in _bootstrap_inner
  File "/usr/local/lib/python3.13/threading.py", line 1015 in _bootstrap

Current thread 0x00007c3aa3fd4340 (most recent call first):
  File "/app/./app.py", line 309 in app
  File "/usr/local/lib/python3.13/asyncio/events.py", line 89 in _run
  File "/usr/local/lib/python3.13/asyncio/base_events.py", line 2050 in _run_once
  File "/usr/local/lib/python3.13/asyncio/base_events.py", line 683 in run_forever
  File "/usr/local/lib/python3.13/site-packages/fastpysgi.py", line 90 in multi_run
  File "/usr/local/lib/python3.13/site-packages/fastpysgi.py", line 71 in run
  File "/usr/local/lib/python3.13/site-packages/fastpysgi.py", line 193 in run
  File "/app/./app.py", line 322 in <module>

Extension modules: asyncpg.pgproto.pgproto, asyncpg.protocol.protocol, _fastpysgi (total: 3)
FastPySGI server multiple workers listening at http://0.0.0.0:8080
FastPySGI server running on PID: 1
Worker process added with PID: 7
Worker process added with PID: 8
Worker process added with PID: 9
Worker process added with PID: 10
Worker process added with PID: 11
Worker process added with PID: 12
Worker process added with PID: 13
Worker process added with PID: 14
Worker process added with PID: 15
Worker process added with PID: 18
Worker process added with PID: 19
Worker process added with PID: 23
Worker process added with PID: 25
Worker process added with PID: 28
Worker process added with PID: 29
Worker process added with PID: 31
Worker process added with PID: 33
Worker process added with PID: 35
Worker process added with PID: 37
Worker process added with PID: 38
Worker process added with PID: 41
Worker process added with PID: 42
Worker process added with PID: 44
Worker process added with PID: 46
Worker process added with PID: 49
Worker process added with PID: 50
Worker process added with PID: 53
Worker process added with PID: 55
Worker process added with PID: 57
Worker process added with PID: 59
Worker process added with PID: 61
Worker process added with PID: 63
Worker process added with PID: 65
Worker process added with PID: 67
Worker process added with PID: 69
Worker process added with PID: 71
Worker process added with PID: 73
Worker process added with PID: 75
Worker process added with PID: 77
Worker process added with PID: 78
Worker process added with PID: 81
Worker process added with PID: 83
Worker process added with PID: 85
Worker process added with PID: 86
Worker process added with PID: 89
Worker process added with PID: 91
Worker process added with PID: 93
Worker process added with PID: 95
Worker process added with PID: 97
Worker process added with PID: 101
Worker process added with PID: 103
Worker process added with PID: 105
Worker process added with PID: 106
Worker process added with PID: 108
Worker process added with PID: 110
Worker process added with PID: 112
Worker process added with PID: 113
Worker process added with PID: 115
Worker process added with PID: 116
Worker process added with PID: 118
Worker process added with PID: 120
Worker process added with PID: 123
Worker process added with PID: 124
Worker process added with PID: 126
Worker process added with PID: 129
Worker process added with PID: 131
Worker process added with PID: 133
Worker process added with PID: 136
Worker process added with PID: 137
Worker process added with PID: 139
Worker process added with PID: 140
Worker process added with PID: 142
Worker process added with PID: 145
Worker process added with PID: 148
Worker process added with PID: 149
Worker process added with PID: 152
Worker process added with PID: 154
Worker process added with PID: 157
Worker process added with PID: 158
Worker process added with PID: 160
Worker process added with PID: 161
Worker process added with PID: 163
FastPySGI server multiple workers listening at http://0.0.0.0:8080
FastPySGI server running on PID: 1
Worker process added with PID: 7
Worker process added with PID: 8
Worker process added with PID: 9
Worker process added with PID: 10
Worker process added with PID: 11
Worker process added with PID: 12
Worker process added with PID: 13
Worker process added with PID: 14
Worker process added with PID: 15
Worker process added with PID: 18
Worker process added with PID: 19
Worker process added with PID: 23
Worker process added with PID: 25
Worker process added with PID: 28
Worker process added with PID: 29
Worker process added with PID: 31
Worker process added with PID: 33
Worker process added with PID: 35
Worker process added with PID: 37
Worker process added with PID: 38
Worker process added with PID: 41
Worker process added with PID: 42
Worker process added with PID: 44
Worker process added with PID: 46
Worker process added with PID: 49
Worker process added with PID: 50
Worker process added with PID: 53
Worker process added with PID: 55
Worker process added with PID: 57
Worker process added with PID: 59
Worker process added with PID: 61
Worker process added with PID: 63
Worker process added with PID: 65
Worker process added with PID: 67
Worker process added with PID: 69
Worker process added with PID: 71
Worker process added with PID: 73
Worker process added with PID: 75
Worker process added with PID: 77
Worker process added with PID: 78
Worker process added with PID: 81
Worker process added with PID: 83
Worker process added with PID: 85
Worker process added with PID: 86
Worker process added with PID: 89
Worker process added with PID: 91
Worker process added with PID: 93
Worker process added with PID: 95
Worker process added with PID: 97
Worker process added with PID: 101
Worker process added with PID: 103
Worker process added with PID: 105
Worker process added with PID: 106
Python/gc.c:1767: PyObject_GC_Track: Assertion failed: object already tracked by the garbage collector
Enable tracemalloc to get the memory block allocation traceback

object address  : 0x7c3aa201b370
object refcount : 1
object type     : 0x641a0e9af1a0
object type name: _asyncio.FutureIter
object repr     : <_asyncio.FutureIter object at 0x7c3aa201b370>

Fatal Python error: _PyObject_AssertFailed: _PyObject_AssertFailed
Python runtime state: initialized

Thread 0x00007c3aa1d1c6c0 (most recent call first):
  File "/usr/local/lib/python3.13/concurrent/futures/thread.py", line 90 in _worker
  File "/usr/local/lib/python3.13/threading.py", line 995 in run
  File "/usr/local/lib/python3.13/threading.py", line 1044 in _bootstrap_inner
  File "/usr/local/lib/python3.13/threading.py", line 1015 in _bootstrap

Current thread 0x00007c3aa3fd4340 (most recent call first):
  File "/app/./app.py", line 309 in app
  File "/usr/local/lib/python3.13/asyncio/events.py", line 89 in _run
  File "/usr/local/lib/python3.13/asyncio/base_events.py", line 2050 in _run_once
  File "/usr/local/lib/python3.13/asyncio/base_events.py", line 683 in run_foreverPython/gc.c:1767: 
  File PyObject_GC_Track: "/usr/local/lib/python3.13/site-packages/fastpysgi.py", line Assertion failed90: object already tracked by the garbage collector in multi_run

  File "/usr/local/lib/python3.13/site-packages/fastpysgi.pyEnable tracemalloc to get the memory block allocation traceback
Worker process added with PID: 108
Worker process added with PID: 110
Worker process added with PID: 112
Worker process added with PID: 113
Worker process added with PID: 115
Worker process added with PID: 116
Worker process added with PID: 118
Worker process added with PID: 120
Worker process added with PID: 123
Worker process added with PID: 124
FastPySGI server multiple workers listening at http://0.0.0.0:8080
FastPySGI server running on PID: 1
Worker process added with PID: 7
Worker process added with PID: 8
Worker process added with PID: 9
Worker process added with PID: 10
Worker process added with PID: 11

Worker process added with PID: 12
"object address  : 0x7c3aa201bac0
Worker process added with PID: 13
, line object refcount : 1
Worker process added with PID: 14
71object type     : 0x641a0e9af1a0
Worker process added with PID: 15
 in object type name: _asyncio.FutureIter
Worker process added with PID: 18
runobject repr     : 
Worker process added with PID: 19
  File "/usr/local/lib/python3.13/site-packages/fastpysgi.py", line <_asyncio.FutureIter object at 0x7c3aa201bac0>193 in run
Worker process added with PID: 23
Worker process added with PID: 25

Worker process added with PID: 28

Worker process added with PID: 29
  File Fatal Python error: "/app/./app.py_PyObject_AssertFailed": , line _PyObject_AssertFailed
Worker process added with PID: 31
Python runtime state: initialized
Worker process added with PID: 33
322
Worker process added with PID: 35
 in Thread 0x<module>00007c3aa1d1c6c0
Worker process added with PID: 37
Worker process added with PID: 38
Worker process added with PID: 41
Worker process added with PID: 42
Worker process added with PID: 44
Worker process added with PID: 46
Worker process added with PID: 49
Worker process added with PID: 50
Worker process added with PID: 53
Worker process added with PID: 55
Worker process added with PID: 57
Worker process added with PID: 59
Worker process added with PID: 61
Worker process added with PID: 63
Worker process added with PID: 65
Worker process added with PID: 67
Worker process added with PID: 69
Worker process added with PID: 71
Worker process added with PID: 73
Worker process added with PID: 75
Worker process added with PID: 77
Worker process added with PID: 78
Worker process added with PID: 81
Worker process added with PID: 83
Worker process added with PID: 85
Worker process added with PID: 86
Worker process added with PID: 89
Worker process added with PID: 91
Worker process added with PID: 93
Worker process added with PID: 95
Worker process added with PID: 97
Worker process added with PID: 101
Worker process added with PID: 103
Worker process added with PID: 105
Worker process added with PID: 106
Worker process added with PID: 108
Worker process added with PID: 110
Worker process added with PID: 112
Worker process added with PID: 113
Worker process added with PID: 115
Worker process added with PID: 116
Worker process added with PID: 118
Worker process added with PID: 120
Worker process added with PID: 123
Worker process added with PID: 124
Worker process added with PID: 126
Worker process added with PID: 129
Worker process added with PID: 131
Worker process added with PID: 133
Worker process added with PID: 136
Worker process added with PID: 137
Worker process added with PID: 139
Worker process added with PID: 140
Worker process added with PID: 142
Worker process added with PID: 145
Worker process added with PID: 148
Worker process added with PID: 149
Worker process added with PID: 152
Worker process added with PID: 154
Worker process added with PID: 157
Worker process added with PID: 158
Worker process added with PID: 160
Worker process added with PID: 161
Worker process added with PID: 163
Worker process added with PID: 165
Worker process added with PID: 166
Worker process added with PID: 167
Worker process added with PID: 170
Worker process added with PID: 173
Worker process added with PID: 174
Worker process added with PID: 177
Worker process added with PID: 180
Worker process added with PID: 183
Worker process added with PID: 184
Worker process added with PID: 187
Worker process added with PID: 189
Worker process added with PID: 190
Worker process added with PID: 191
Worker process added with PID: 193
Worker process added with PID: 195
Worker process added with PID: 196
Worker process added with PID: 199
Worker process added with PID: 201
Worker process added with PID: 202
Worker process added with PID: 205
Worker process added with PID: 208
Worker process added with PID: 209
Worker process added with PID: 211
Worker process added with PID: 213
Worker process added with PID: 215
Worker process added with PID: 218
Worker process added with PID: 220
Worker process added with PID: 222
 (most recent call first):
  File "/usr/local/lib/python3.13/concurrent/futures/thread.py", line 90 in _worker
  File "/usr/local/lib/python3.13/threading.py", line 995 in run
  File "/usr/local/lib/python3.13/threading.py", line 1044 in _bootstrap_inner
  File "/usr/local/lib/python3.13/threading.py", line 1015 in _bootstrap

Current thread 0x00007c3aa3fd4340 (most recent call first):
  File "/app/./app.py", line 309 in app
  File "/usr/local/lib/python3.13/asyncio/events.py", line 89 in _run
  File "/usr/local/lib/python3.13/asyncio/base_events.py", line 2050 in _run_once
  File "/usr/local/lib/python3.13/asyncio/base_events.py", line 683 in run_forever
  File "/usr/local/lib/python3.13/site-packages/fastpysgi.py", line 90 in multi_run
  File "/usr/local/lib/python3.13/site-packages/fastpysgi.py", line 71 in run
  File "/usr/local/lib/python3.13/site-packages/fastpysgi.py", line 193 in run
  File "/app/./app.py", line 322 in <module>

Extension modules: asyncpg.pgproto.pgproto, asyncpg.protocol.protocol, _fastpysgi (total: 3)

Extension modules: asyncpg.pgproto.pgproto, asyncpg.protocol.protocol, _fastpysgi (total: 3)
Python/gc.c:1767: PyObject_GC_Track: Assertion failed: object already tracked by the garbage collector
Enable tracemalloc to get the memory block allocation traceback

object address  : 0x7c3aa201bac0
object refcount : 1
object type     : 0x641a0e9af1a0
object type name: _asyncio.FutureIter
object repr     : <_asyncio.FutureIter object at 0x7c3aa201bac0>

Fatal Python error: _PyObject_AssertFailed: _PyObject_AssertFailed
Python runtime state: initialized

Thread 0x00007c3aa1d1c6c0 (most recent call first):
  File "/usr/local/lib/python3.13/concurrent/futures/thread.py", line 90 in _worker
  File "/usr/local/lib/python3.13/threading.py", line 995 in run
  File "/usr/local/lib/python3.13/threading.py", line 1044 in _bootstrap_inner
  File "/usr/local/lib/python3.13/threading.py", line 1015 in _bootstrap

Current thread 0x00007c3aa3fd4340 (most recent call first):
  File "/app/./app.py", line 309 in app
  File "/usr/local/lib/python3.13/asyncio/events.py", line 89 in _run
  File "/usr/local/lib/python3.13/asyncio/base_events.py", line 2050 in _run_once
  File "/usr/local/lib/python3.13/asyncio/base_events.py", line 683 in run_forever
  File "/usr/local/lib/python3.13/site-packages/fastpysgi.py", line 90 in multi_run
  File "/usr/local/lib/python3.13/site-packages/fastpysgi.py", line 71 in run
  File "/usr/local/lib/python3.13/site-packages/fastpysgi.py", line 193 in run
  File "/app/./app.py", line 322 in <module>

Extension modules: asyncpg.pgproto.pgprotoPython/gc.c:1767: PyObject_GC_Track: , Assertion failedasyncpg.protocol.protocol: object already tracked by the garbage collector
Enable tracemalloc to get the memory block allocation traceback

object address  : 0x7c3aa201bf10
, object refcount : 1
_fastpysgiobject type     : 0x641a0e9af1a0
 (total: object type name: _asyncio.FutureIter
3object repr     : )
<_asyncio.FutureIter object at 0x7c3aa201bf10>

Fatal Python error: _PyObject_AssertFailed: _PyObject_AssertFailed
Python runtime state: initialized

Thread 0x00007c3aa1d1c6c0 (most recent call first):
  File "/usr/local/lib/python3.13/concurrent/futures/thread.py", line 90 in _worker
  File "/usr/local/lib/python3.13/threading.py", line 995 in run
  File "/usr/local/lib/python3.13/threading.py", line 1044 in _bootstrap_inner
  File "/usr/local/lib/python3.13/threading.py", line 1015 in _bootstrap

Current thread 0x00007c3aa3fd4340 (most recent call first):
  File "/app/./app.py", line 309 in app
  File "/usr/local/lib/python3.13/asyncio/events.py", line 89 in _run
  File "/usr/local/lib/python3.13/asyncio/base_events.py", line 2050 in _run_once
  File "/usr/local/lib/python3.13/asyncio/base_events.py", line 683 in run_forever
  File "/usr/local/lib/python3.13/site-packages/fastpysgi.py", line 90 in multi_run
  File "/usr/local/lib/python3.13/site-packages/fastpysgi.py", line 71 in run
  File "/usr/local/lib/python3.13/site-packages/fastpysgi.py", line 193 in run
  File "/app/./app.py", line 322 in <module>

Extension modules: asyncpg.pgproto.pgproto, asyncpg.protocol.protocol, _fastpysgi (total: 3)
FastPySGI server multiple workers listening at http://0.0.0.0:8080
FastPySGI server running on PID: 1
Worker process added with PID: 7
Worker process added with PID: 8
Worker process added with PID: 9
Worker process added with PID: 10
Worker process added with PID: 11
Worker process added with PID: 12
Worker process added with PID: 13
Worker process added with PID: 14
Worker process added with PID: 15
Worker process added with PID: 18
Worker process added with PID: 19
Worker process added with PID: 23
Worker process added with PID: 25
Worker process added with PID: 28
Worker process added with PID: 29
Worker process added with PID: 31
Worker process added with PID: 33
Worker process added with PID: 35
Worker process added with PID: 37
Worker process added with PID: 38
Worker process added with PID: 41
Worker process added with PID: 42
Worker process added with PID: 44
Worker process added with PID: 46
Worker process added with PID: 49
Worker process added with PID: 50
Worker process added with PID: 53
Worker process added with PID: 55
Worker process added with PID: 57
Worker process added with PID: 59
Worker process added with PID: 61
Worker process added with PID: 63
Worker process added with PID: 65
Worker process added with PID: 67
Worker process added with PID: 69
Worker process added with PID: 71
Worker process added with PID: 73
Worker process added with PID: 75
Worker process added with PID: 77
Worker process added with PID: 78
Worker process added with PID: 81
Worker process added with PID: 83
Worker process added with PID: 85
Worker process added with PID: 86
Worker process added with PID: 89
Worker process added with PID: 91
FastPySGI server multiple workers listening at http://0.0.0.0:8080
FastPySGI server running on PID: 1
Worker process added with PID: 7
Worker process added with PID: 8
Worker process added with PID: 9
Worker process added with PID: 10
Worker process added with PID: 11
FastPySGI server multiple workers listening at http://0.0.0.0:8080
FastPySGI server running on PID: 1
Worker process added with PID: 7
Worker process added with PID: 8
Worker process added with PID: 9
Worker process added with PID: 10
Worker process added with PID: 11
Worker process added with PID: 12
Worker process added with PID: 13
Worker process added with PID: 14
Worker process added with PID: 15
Worker process added with PID: 18
Worker process added with PID: 19
Worker process added with PID: 23
Worker process added with PID: 25
Worker process added with PID: 28
Worker process added with PID: 29
Worker process added with PID: 31
Worker process added with PID: 33
Worker process added with PID: 35
Worker process added with PID: 37
Worker process added with PID: 38
Worker process added with PID: 41
Worker process added with PID: 42
Worker process added with PID: 44
Worker process added with PID: 46
Worker process added with PID: 49
Worker process added with PID: 50
Worker process added with PID: 53
Worker process added with PID: 55
Worker process added with PID: 57
Worker process added with PID: 59
Worker process added with PID: 61
Worker process added with PID: 63
Worker process added with PID: 65
Worker process added with PID: 67
Worker process added with PID: 69
Worker process added with PID: 71
Worker process added with PID: 73
Worker process added with PID: 75
Worker process added with PID: 77
Worker process added with PID: 78
Worker process added with PID: 81
Worker process added with PID: 83
Worker process added with PID: 85
Worker process added with PID: 86
Worker process added with PID: 89
Worker process added with PID: 91
Worker process added with PID: 93
Worker process added with PID: 95
Worker process added with PID: 97
Worker process added with PID: 101
Worker process added with PID: 103
Worker process added with PID: 105
Worker process added with PID: 106
Worker process added with PID: 108
Worker process added with PID: 110
Worker process added with PID: 112
Worker process added with PID: 113
Worker process added with PID: 115
Worker process added with PID: 116
Worker process added with PID: 118
Worker process added with PID: 120
Worker process added with PID: 123
Worker process added with PID: 124
Worker process added with PID: 126
Worker process added with PID: 129
Worker process added with PID: 131
Worker process added with PID: 133
Worker process added with PID: 136
Worker process added with PID: 137
Worker process added with PID: 139
Worker process added with PID: 140
Worker process added with PID: 142
Worker process added with PID: 145
Worker process added with PID: 148
Worker process added with PID: 149
Worker process added with PID: 152
Worker process added with PID: 154
Worker process added with PID: 157
Worker process added with PID: 158
Worker process added with PID: 160
Worker process added with PID: 161
Worker process added with PID: 163
Worker process added with PID: 165
Worker process added with PID: 166
Worker process added with PID: 167
Worker process added with PID: 170
Worker process added with PID: 173
Worker process added with PID: 174
Worker process added with PID: 177
Worker process added with PID: 180
Worker process added with PID: 183
Worker process added with PID: 184
Worker process added with PID: 187
Worker process added with PID: 189
Worker process added with PID: 190
Worker process added with PID: 191
Worker process added with PID: 193
Worker process added with PID: 195
Worker process added with PID: 196
Worker process added with PID: 199
Worker process added with PID: 201
Worker process added with PID: 202
Worker process added with PID: 205
Worker process added with PID: 208
Worker process added with PID: 209
Worker process added with PID: 211
Worker process added with PID: 213
Worker process added with PID: 215
Worker process added with PID: 218
Worker process added with PID: 220
Worker process added with PID: 222
Worker process added with PID: 223
Worker process added with PID: 224
Worker process added with PID: 227
Worker process added with PID: 228
Worker process added with PID: 232
Worker process added with PID: 233
Worker process added with PID: 236
Worker process added with PID: 238
Worker process added with PID: 241
Worker process added with PID: 242
Worker process added with PID: 243
Worker process added with PID: 245
Worker process added with PID: 247
Worker process added with PID: 248
Worker process added with PID: 250
Worker process added with PID: 252
Worker process added with PID: 255
