[1] Puma starting in cluster mode...
[1] * Puma version: 6.6.1 ("Return to Forever")
[1] * Ruby version: ruby 3.4.9 (2026-03-11 revision 76cca827ab) +YJIT +PRISM [x86_64-linux]
[1] *  Min threads: 4
[1] *  Max threads: 4
[1] *  Environment: development
[1] *   Master PID: 1
[1] *      Workers: 128
[1] *     Restarts: (✔) hot (✖) phased (✖) refork
[1] * Preloading application
[1] * Listening on http://0.0.0.0:8080
[1] Use Ctrl-C to stop
[1] - Worker 0 (PID: 9) booted in 0.34s, phase: 0
[1] - Worker 1 (PID: 17) booted in 0.33s, phase: 0
[1] - Worker 2 (PID: 22) booted in 0.33s, phase: 0
[1] - Worker 3 (PID: 33) booted in 0.33s, phase: 0
[1] - Worker 4 (PID: 47) booted in 0.33s, phase: 0
[1] - Worker 5 (PID: 58) booted in 0.33s, phase: 0
[1] - Worker 6 (PID: 69) booted in 0.32s, phase: 0
[1] - Worker 7 (PID: 79) booted in 0.32s, phase: 0
[1] - Worker 8 (PID: 91) booted in 0.32s, phase: 0
[1] - Worker 9 (PID: 105) booted in 0.32s, phase: 0
[1] - Worker 10 (PID: 120) booted in 0.32s, phase: 0
[1] - Worker 11 (PID: 129) booted in 0.32s, phase: 0
[1] - Worker 12 (PID: 140) booted in 0.32s, phase: 0
[1] - Worker 13 (PID: 153) booted in 0.31s, phase: 0
[1] - Worker 14 (PID: 173) booted in 0.31s, phase: 0
[1] - Worker 15 (PID: 177) booted in 0.31s, phase: 0
[1] - Worker 16 (PID: 189) booted in 0.31s, phase: 0
[1] - Worker 17 (PID: 201) booted in 0.31s, phase: 0
[1] - Worker 18 (PID: 213) booted in 0.31s, phase: 0
[1] - Worker 19 (PID: 228) booted in 0.3s, phase: 0
[1] - Worker 20 (PID: 237) booted in 0.3s, phase: 0
[1] - Worker 21 (PID: 249) booted in 0.3s, phase: 0
[1] - Worker 22 (PID: 261) booted in 0.3s, phase: 0
[1] - Worker 23 (PID: 273) booted in 0.3s, phase: 0
[1] - Worker 24 (PID: 285) booted in 0.3s, phase: 0
[1] - Worker 25 (PID: 293) booted in 0.3s, phase: 0
[1] - Worker 26 (PID: 309) booted in 0.29s, phase: 0
[1] - Worker 27 (PID: 321) booted in 0.29s, phase: 0
[1] - Worker 28 (PID: 333) booted in 0.29s, phase: 0
[1] - Worker 29 (PID: 353) booted in 0.29s, phase: 0
[1] - Worker 30 (PID: 365) booted in 0.29s, phase: 0
[1] - Worker 31 (PID: 372) booted in 0.28s, phase: 0
[1] - Worker 32 (PID: 380) booted in 0.28s, phase: 0
[1] - Worker 33 (PID: 389) booted in 0.28s, phase: 0
[1] - Worker 34 (PID: 405) booted in 0.28s, phase: 0
[1] - Worker 35 (PID: 416) booted in 0.27s, phase: 0
[1] - Worker 36 (PID: 429) booted in 0.27s, phase: 0
[1] - Worker 37 (PID: 441) booted in 0.27s, phase: 0
[1] - Worker 38 (PID: 452) booted in 0.27s, phase: 0
[1] - Worker 39 (PID: 464) booted in 0.26s, phase: 0
[1] - Worker 40 (PID: 477) booted in 0.26s, phase: 0
[1] - Worker 41 (PID: 494) booted in 0.26s, phase: 0
[1] - Worker 42 (PID: 506) booted in 0.26s, phase: 0
[1] - Worker 43 (PID: 516) booted in 0.25s, phase: 0
[1] - Worker 44 (PID: 524) booted in 0.25s, phase: 0
[1] - Worker 45 (PID: 536) booted in 0.25s, phase: 0
[1] - Worker 46 (PID: 548) booted in 0.25s, phase: 0
[1] - Worker 47 (PID: 560) booted in 0.24s, phase: 0
[1] - Worker 48 (PID: 572) booted in 0.24s, phase: 0
[1] - Worker 49 (PID: 580) booted in 0.24s, phase: 0
[1] - Worker 50 (PID: 596) booted in 0.24s, phase: 0
[1] - Worker 51 (PID: 606) booted in 0.24s, phase: 0
[1] - Worker 52 (PID: 620) booted in 0.24s, phase: 0
[1] - Worker 53 (PID: 630) booted in 0.23s, phase: 0
[1] - Worker 54 (PID: 640) booted in 0.23s, phase: 0
[1] - Worker 55 (PID: 652) booted in 0.23s, phase: 0
[1] - Worker 56 (PID: 664) booted in 0.23s, phase: 0
[1] - Worker 57 (PID: 676) booted in 0.23s, phase: 0
[1] - Worker 58 (PID: 692) booted in 0.22s, phase: 0
[1] - Worker 59 (PID: 702) booted in 0.22s, phase: 0
[1] - Worker 60 (PID: 712) booted in 0.22s, phase: 0
[1] - Worker 61 (PID: 725) booted in 0.22s, phase: 0
[1] - Worker 62 (PID: 736) booted in 0.22s, phase: 0
[1] - Worker 63 (PID: 748) booted in 0.21s, phase: 0
[1] - Worker 64 (PID: 764) booted in 0.21s, phase: 0
[1] - Worker 65 (PID: 775) booted in 0.21s, phase: 0
[1] - Worker 66 (PID: 788) booted in 0.21s, phase: 0
[1] - Worker 67 (PID: 797) booted in 0.21s, phase: 0
[1] - Worker 68 (PID: 806) booted in 0.21s, phase: 0
[1] - Worker 69 (PID: 820) booted in 0.2s, phase: 0
[1] - Worker 70 (PID: 836) booted in 0.2s, phase: 0
[1] - Worker 71 (PID: 844) booted in 0.2s, phase: 0
[1] - Worker 72 (PID: 860) booted in 0.2s, phase: 0
[1] - Worker 73 (PID: 870) booted in 0.2s, phase: 0
[1] - Worker 74 (PID: 882) booted in 0.2s, phase: 0
[1] - Worker 75 (PID: 891) booted in 0.19s, phase: 0
[1] - Worker 76 (PID: 904) booted in 0.19s, phase: 0
[1] - Worker 77 (PID: 921) booted in 0.19s, phase: 0
[1] - Worker 78 (PID: 933) booted in 0.19s, phase: 0
[1] - Worker 79 (PID: 945) booted in 0.18s, phase: 0
[1] - Worker 80 (PID: 956) booted in 0.18s, phase: 0
[1] - Worker 81 (PID: 969) booted in 0.18s, phase: 0
[1] - Worker 82 (PID: 980) booted in 0.18s, phase: 0
[1] - Worker 83 (PID: 992) booted in 0.18s, phase: 0
[1] - Worker 84 (PID: 1004) booted in 0.17s, phase: 0
[1] - Worker 85 (PID: 1014) booted in 0.17s, phase: 0
[1] - Worker 86 (PID: 1028) booted in 0.17s, phase: 0
[1] - Worker 87 (PID: 1039) booted in 0.17s, phase: 0
[1] - Worker 88 (PID: 1052) booted in 0.17s, phase: 0
[1] - Worker 89 (PID: 1060) booted in 0.16s, phase: 0
[1] - Worker 90 (PID: 1073) booted in 0.16s, phase: 0
[1] - Worker 91 (PID: 1084) booted in 0.16s, phase: 0
[1] - Worker 92 (PID: 1092) booted in 0.16s, phase: 0
[1] - Worker 93 (PID: 1100) booted in 0.16s, phase: 0
[1] - Worker 94 (PID: 1108) booted in 0.15s, phase: 0
[1] - Worker 95 (PID: 1145) booted in 0.14s, phase: 0
[1] - Worker 96 (PID: 1153) booted in 0.14s, phase: 0
[1] - Worker 97 (PID: 1162) booted in 0.14s, phase: 0
[1] - Worker 98 (PID: 1172) booted in 0.13s, phase: 0
[1] - Worker 99 (PID: 1184) booted in 0.13s, phase: 0
[1] - Worker 100 (PID: 1191) booted in 0.13s, phase: 0
[1] - Worker 101 (PID: 1204) booted in 0.13s, phase: 0
[1] - Worker 102 (PID: 1219) booted in 0.13s, phase: 0
[1] - Worker 103 (PID: 1232) booted in 0.12s, phase: 0
[1] - Worker 104 (PID: 1244) booted in 0.12s, phase: 0
[1] - Worker 105 (PID: 1256) booted in 0.12s, phase: 0
[1] - Worker 106 (PID: 1273) booted in 0.11s, phase: 0
[1] - Worker 107 (PID: 1287) booted in 0.11s, phase: 0
[1] - Worker 108 (PID: 1292) booted in 0.11s, phase: 0
[1] - Worker 109 (PID: 1304) booted in 0.11s, phase: 0
[1] - Worker 110 (PID: 1317) booted in 0.1s, phase: 0
[1] - Worker 111 (PID: 1336) booted in 0.1s, phase: 0
[1] - Worker 112 (PID: 1346) booted in 0.1s, phase: 0
[1] - Worker 113 (PID: 1352) booted in 0.09s, phase: 0
[1] - Worker 114 (PID: 1364) booted in 0.09s, phase: 0
[1] - Worker 115 (PID: 1375) booted in 0.09s, phase: 0
[1] - Worker 116 (PID: 1390) booted in 0.09s, phase: 0
[1] - Worker 117 (PID: 1408) booted in 0.08s, phase: 0
[1] - Worker 118 (PID: 1416) booted in 0.08s, phase: 0
[1] - Worker 119 (PID: 1424) booted in 0.08s, phase: 0
[1] - Worker 120 (PID: 1436) booted in 0.08s, phase: 0
[1] - Worker 121 (PID: 1446) booted in 0.07s, phase: 0
[1] - Worker 122 (PID: 1456) booted in 0.07s, phase: 0
[1] - Worker 123 (PID: 1472) booted in 0.07s, phase: 0
[1] - Worker 124 (PID: 1484) booted in 0.07s, phase: 0
[1] - Worker 125 (PID: 1496) booted in 0.07s, phase: 0
[1] - Worker 126 (PID: 1508) booted in 0.06s, phase: 0
[1] - Worker 127 (PID: 1525) booted in 0.06s, phase: 0
