Listening on 0.0.0.0:8080 (fd=3)
Server started with 64 reactors + 1 acceptor
ringzero listening on :8080 with 64 reactors
[r5] initialized
[r3] initialized
[r0] initialized
[r9] initialized
[r7] initialized
[r4] initialized
[r14] initialized
[r1] initialized
[r6] initialized
[r2] initialized
[r8] initialized
[r17] initialized
[r15] initialized
[r16] initialized
[r19] initialized
[r11] initialized
[r18] initialized
[r12] initialized
[r13] initialized
[r10] initialized
[r20] initialized
[r27] initialized
[r29] initialized
[r24] initialized
[r32] initialized
[r38] initialized
[r28] initialized
[r25] initialized
[r37] initialized
[r33] initialized
[r30] initialized
[r40] initialized
[r23] initialized
[r34] initialized
[r35] initialized
[r26] initialized
[r22] initialized
[r21] initialized
[r31] initialized
[r39] initialized
[r41] initialized
[r46] initialized
[r48] initialized
[r36] initialized
[r50] initialized
[r44] initialized
[r49] initialized
[r43] initialized
[r45] initialized
[r51] initialized
[r42] initialized
[r47] initialized
[r52] initialized
[r53] initialized
[r54] initialized
[r55] initialized
[r59] initialized
[r56] initialized
[r57] initialized
[r58] initialized
[r60] initialized
[r63] initialized
[r61] initialized
[r62] initialized
[acceptor] initialized
