[1] Puma starting in cluster mode...
[1] * Puma version: 7.2.0 ("On The Corner")
[1] * Ruby version: ruby 4.0.2 (2026-03-17 revision d3da9fec82) +YJIT +MN +PRISM [x86_64-linux]
[1] *  Min threads: 4
[1] *  Max threads: 4
[1] *  Environment: production
[1] *   Master PID: 1
[1] *      Workers: 64
[1] *     Restarts: (✔) hot (✖) phased (✖) refork
[1] * Preloading application
[1] * Listening on http://0.0.0.0:8080
[1] Use Ctrl-C to stop
[1] ! WARNING: Detected `RUBY_MN_THREADS=1`
[1] ! This setting is known to cause performance regressions with Puma.
[1] ! Consider disabling this environment variable: https://github.com/puma/puma/issues/3720
[1] - Worker 0 (PID: 8) booted in 0.11s, phase: 0
[1] - Worker 1 (PID: 11) booted in 0.11s, phase: 0
[1] - Worker 2 (PID: 14) booted in 0.11s, phase: 0
[1] - Worker 3 (PID: 17) booted in 0.11s, phase: 0
[1] - Worker 4 (PID: 22) booted in 0.11s, phase: 0
[1] - Worker 5 (PID: 25) booted in 0.11s, phase: 0
[1] - Worker 6 (PID: 30) booted in 0.11s, phase: 0
[1] - Worker 7 (PID: 35) booted in 0.11s, phase: 0
[1] - Worker 8 (PID: 39) booted in 0.1s, phase: 0
[1] - Worker 9 (PID: 43) booted in 0.1s, phase: 0
[1] - Worker 10 (PID: 48) booted in 0.1s, phase: 0
[1] - Worker 11 (PID: 54) booted in 0.1s, phase: 0
[1] - Worker 12 (PID: 58) booted in 0.1s, phase: 0
[1] - Worker 13 (PID: 64) booted in 0.1s, phase: 0
[1] - Worker 14 (PID: 73) booted in 0.1s, phase: 0
[1] - Worker 15 (PID: 77) booted in 0.1s, phase: 0
[1] - Worker 16 (PID: 83) booted in 0.1s, phase: 0
[1] - Worker 17 (PID: 88) booted in 0.09s, phase: 0
[1] - Worker 18 (PID: 94) booted in 0.1s, phase: 0
[1] - Worker 19 (PID: 100) booted in 0.1s, phase: 0
[1] - Worker 20 (PID: 106) booted in 0.1s, phase: 0
[1] - Worker 21 (PID: 112) booted in 0.1s, phase: 0
[1] - Worker 22 (PID: 116) booted in 0.1s, phase: 0
[1] - Worker 23 (PID: 121) booted in 0.1s, phase: 0
[1] - Worker 24 (PID: 128) booted in 0.09s, phase: 0
[1] - Worker 25 (PID: 133) booted in 0.09s, phase: 0
[1] - Worker 26 (PID: 140) booted in 0.09s, phase: 0
[1] - Worker 27 (PID: 146) booted in 0.09s, phase: 0
[1] - Worker 28 (PID: 152) booted in 0.09s, phase: 0
[1] - Worker 29 (PID: 160) booted in 0.09s, phase: 0
[1] - Worker 30 (PID: 169) booted in 0.08s, phase: 0
[1] - Worker 31 (PID: 176) booted in 0.08s, phase: 0
[1] - Worker 32 (PID: 180) booted in 0.08s, phase: 0
[1] - Worker 33 (PID: 186) booted in 0.08s, phase: 0
[1] - Worker 34 (PID: 192) booted in 0.08s, phase: 0
[1] - Worker 35 (PID: 197) booted in 0.08s, phase: 0
[1] - Worker 36 (PID: 203) booted in 0.08s, phase: 0
[1] - Worker 37 (PID: 206) booted in 0.07s, phase: 0
[1] - Worker 38 (PID: 213) booted in 0.07s, phase: 0
[1] - Worker 39 (PID: 217) booted in 0.07s, phase: 0
[1] - Worker 40 (PID: 223) booted in 0.07s, phase: 0
[1] - Worker 41 (PID: 230) booted in 0.07s, phase: 0
[1] - Worker 42 (PID: 238) booted in 0.07s, phase: 0
[1] - Worker 43 (PID: 244) booted in 0.07s, phase: 0
[1] - Worker 44 (PID: 248) booted in 0.06s, phase: 0
[1] - Worker 45 (PID: 251) booted in 0.06s, phase: 0
[1] - Worker 46 (PID: 258) booted in 0.06s, phase: 0
[1] - Worker 47 (PID: 265) booted in 0.06s, phase: 0
[1] - Worker 48 (PID: 270) booted in 0.06s, phase: 0
[1] - Worker 49 (PID: 276) booted in 0.06s, phase: 0
[1] - Worker 50 (PID: 282) booted in 0.06s, phase: 0
[1] - Worker 51 (PID: 288) booted in 0.05s, phase: 0
[1] - Worker 52 (PID: 293) booted in 0.05s, phase: 0
[1] - Worker 53 (PID: 298) booted in 0.05s, phase: 0
[1] - Worker 54 (PID: 305) booted in 0.05s, phase: 0
[1] - Worker 55 (PID: 311) booted in 0.05s, phase: 0
[1] - Worker 56 (PID: 318) booted in 0.05s, phase: 0
[1] - Worker 57 (PID: 323) booted in 0.05s, phase: 0
[1] - Worker 58 (PID: 328) booted in 0.04s, phase: 0
[1] - Worker 59 (PID: 335) booted in 0.04s, phase: 0
[1] - Worker 60 (PID: 340) booted in 0.04s, phase: 0
[1] - Worker 61 (PID: 347) booted in 0.04s, phase: 0
[1] - Worker 62 (PID: 353) booted in 0.04s, phase: 0
[1] - Worker 63 (PID: 358) booted in 0.04s, phase: 0
