[1] Puma starting in cluster mode...
[1] * Puma version: 6.6.1 ("Return to Forever")
[1] * Ruby version: ruby 3.4.9 (2026-03-11 revision 76cca827ab) +YJIT +PRISM [x86_64-linux]
[1] *  Min threads: 4
[1] *  Max threads: 4
[1] *  Environment: development
[1] *   Master PID: 1
[1] *      Workers: 128
[1] *     Restarts: (✔) hot (✖) phased (✖) refork
[1] * Preloading application
[1] * Listening on http://0.0.0.0:8080
[1] Use Ctrl-C to stop
[1] - Worker 0 (PID: 8) booted in 0.2s, phase: 0
[1] - Worker 1 (PID: 11) booted in 0.2s, phase: 0
[1] - Worker 2 (PID: 17) booted in 0.2s, phase: 0
[1] - Worker 3 (PID: 26) booted in 0.2s, phase: 0
[1] - Worker 4 (PID: 36) booted in 0.2s, phase: 0
[1] - Worker 5 (PID: 49) booted in 0.2s, phase: 0
[1] - Worker 6 (PID: 62) booted in 0.2s, phase: 0
[1] - Worker 7 (PID: 74) booted in 0.2s, phase: 0
[1] - Worker 8 (PID: 86) booted in 0.19s, phase: 0
[1] - Worker 9 (PID: 99) booted in 0.19s, phase: 0
[1] - Worker 10 (PID: 111) booted in 0.19s, phase: 0
[1] - Worker 11 (PID: 125) booted in 0.19s, phase: 0
[1] - Worker 12 (PID: 135) booted in 0.19s, phase: 0
[1] - Worker 13 (PID: 147) booted in 0.19s, phase: 0
[1] - Worker 14 (PID: 171) booted in 0.18s, phase: 0
[1] - Worker 15 (PID: 175) booted in 0.18s, phase: 0
[1] - Worker 16 (PID: 186) booted in 0.18s, phase: 0
[1] - Worker 17 (PID: 195) booted in 0.18s, phase: 0
[1] - Worker 18 (PID: 204) booted in 0.18s, phase: 0
[1] - Worker 19 (PID: 217) booted in 0.18s, phase: 0
[1] - Worker 20 (PID: 228) booted in 0.18s, phase: 0
[1] - Worker 21 (PID: 238) booted in 0.18s, phase: 0
[1] - Worker 22 (PID: 249) booted in 0.18s, phase: 0
[1] - Worker 23 (PID: 262) booted in 0.18s, phase: 0
[1] - Worker 24 (PID: 272) booted in 0.17s, phase: 0
[1] - Worker 25 (PID: 285) booted in 0.17s, phase: 0
[1] - Worker 26 (PID: 294) booted in 0.17s, phase: 0
[1] - Worker 27 (PID: 306) booted in 0.17s, phase: 0
[1] - Worker 28 (PID: 319) booted in 0.17s, phase: 0
[1] - Worker 29 (PID: 344) booted in 0.17s, phase: 0
[1] - Worker 30 (PID: 364) booted in 0.16s, phase: 0
[1] - Worker 31 (PID: 367) booted in 0.16s, phase: 0
[1] - Worker 32 (PID: 371) booted in 0.16s, phase: 0
[1] - Worker 33 (PID: 383) booted in 0.16s, phase: 0
[1] - Worker 34 (PID: 390) booted in 0.16s, phase: 0
[1] - Worker 35 (PID: 399) booted in 0.16s, phase: 0
[1] - Worker 36 (PID: 413) booted in 0.16s, phase: 0
[1] - Worker 37 (PID: 423) booted in 0.16s, phase: 0
[1] - Worker 38 (PID: 435) booted in 0.15s, phase: 0
[1] - Worker 39 (PID: 446) booted in 0.15s, phase: 0
[1] - Worker 40 (PID: 456) booted in 0.15s, phase: 0
[1] - Worker 41 (PID: 467) booted in 0.15s, phase: 0
[1] - Worker 42 (PID: 476) booted in 0.15s, phase: 0
[1] - Worker 43 (PID: 488) booted in 0.15s, phase: 0
[1] - Worker 44 (PID: 503) booted in 0.15s, phase: 0
[1] - Worker 45 (PID: 514) booted in 0.15s, phase: 0
[1] - Worker 46 (PID: 524) booted in 0.14s, phase: 0
[1] - Worker 47 (PID: 537) booted in 0.14s, phase: 0
[1] - Worker 48 (PID: 547) booted in 0.14s, phase: 0
[1] - Worker 49 (PID: 557) booted in 0.14s, phase: 0
[1] - Worker 50 (PID: 587) booted in 0.14s, phase: 0
[1] - Worker 51 (PID: 601) booted in 0.14s, phase: 0
[1] - Worker 52 (PID: 610) booted in 0.13s, phase: 0
[1] - Worker 53 (PID: 623) booted in 0.13s, phase: 0
[1] - Worker 54 (PID: 630) booted in 0.13s, phase: 0
[1] - Worker 55 (PID: 642) booted in 0.13s, phase: 0
[1] - Worker 56 (PID: 655) booted in 0.13s, phase: 0
[1] - Worker 57 (PID: 666) booted in 0.13s, phase: 0
[1] - Worker 58 (PID: 678) booted in 0.13s, phase: 0
[1] - Worker 59 (PID: 692) booted in 0.13s, phase: 0
[1] - Worker 60 (PID: 703) booted in 0.12s, phase: 0
[1] - Worker 61 (PID: 718) booted in 0.12s, phase: 0
[1] - Worker 62 (PID: 728) booted in 0.12s, phase: 0
[1] - Worker 63 (PID: 739) booted in 0.12s, phase: 0
[1] - Worker 64 (PID: 753) booted in 0.12s, phase: 0
[1] - Worker 65 (PID: 765) booted in 0.12s, phase: 0
[1] - Worker 66 (PID: 776) booted in 0.12s, phase: 0
[1] - Worker 67 (PID: 787) booted in 0.12s, phase: 0
[1] - Worker 68 (PID: 803) booted in 0.12s, phase: 0
[1] - Worker 69 (PID: 813) booted in 0.11s, phase: 0
[1] - Worker 70 (PID: 827) booted in 0.11s, phase: 0
[1] - Worker 71 (PID: 837) booted in 0.11s, phase: 0
[1] - Worker 72 (PID: 851) booted in 0.11s, phase: 0
[1] - Worker 73 (PID: 862) booted in 0.11s, phase: 0
[1] - Worker 74 (PID: 873) booted in 0.11s, phase: 0
[1] - Worker 75 (PID: 884) booted in 0.11s, phase: 0
[1] - Worker 76 (PID: 897) booted in 0.11s, phase: 0
[1] - Worker 77 (PID: 909) booted in 0.1s, phase: 0
[1] - Worker 78 (PID: 921) booted in 0.1s, phase: 0
[1] - Worker 79 (PID: 934) booted in 0.1s, phase: 0
[1] - Worker 80 (PID: 947) booted in 0.1s, phase: 0
[1] - Worker 81 (PID: 956) booted in 0.1s, phase: 0
[1] - Worker 82 (PID: 971) booted in 0.1s, phase: 0
[1] - Worker 83 (PID: 982) booted in 0.1s, phase: 0
[1] - Worker 84 (PID: 993) booted in 0.1s, phase: 0
[1] - Worker 85 (PID: 1002) booted in 0.09s, phase: 0
[1] - Worker 86 (PID: 1017) booted in 0.09s, phase: 0
[1] - Worker 87 (PID: 1027) booted in 0.09s, phase: 0
[1] - Worker 88 (PID: 1039) booted in 0.09s, phase: 0
[1] - Worker 89 (PID: 1054) booted in 0.09s, phase: 0
[1] - Worker 90 (PID: 1059) booted in 0.09s, phase: 0
[1] - Worker 91 (PID: 1074) booted in 0.09s, phase: 0
[1] - Worker 92 (PID: 1083) booted in 0.09s, phase: 0
[1] - Worker 93 (PID: 1099) booted in 0.08s, phase: 0
[1] - Worker 94 (PID: 1115) booted in 0.08s, phase: 0
[1] - Worker 95 (PID: 1127) booted in 0.08s, phase: 0
[1] - Worker 96 (PID: 1139) booted in 0.08s, phase: 0
[1] - Worker 97 (PID: 1146) booted in 0.08s, phase: 0
[1] - Worker 98 (PID: 1159) booted in 0.08s, phase: 0
[1] - Worker 99 (PID: 1171) booted in 0.08s, phase: 0
[1] - Worker 100 (PID: 1186) booted in 0.08s, phase: 0
[1] - Worker 101 (PID: 1197) booted in 0.07s, phase: 0
[1] - Worker 102 (PID: 1211) booted in 0.07s, phase: 0
[1] - Worker 103 (PID: 1223) booted in 0.07s, phase: 0
[1] - Worker 104 (PID: 1235) booted in 0.07s, phase: 0
[1] - Worker 105 (PID: 1247) booted in 0.07s, phase: 0
[1] - Worker 106 (PID: 1259) booted in 0.07s, phase: 0
[1] - Worker 107 (PID: 1271) booted in 0.07s, phase: 0
[1] - Worker 108 (PID: 1283) booted in 0.07s, phase: 0
[1] - Worker 109 (PID: 1293) booted in 0.06s, phase: 0
[1] - Worker 110 (PID: 1307) booted in 0.06s, phase: 0
[1] - Worker 111 (PID: 1319) booted in 0.06s, phase: 0
[1] - Worker 112 (PID: 1329) booted in 0.06s, phase: 0
[1] - Worker 113 (PID: 1342) booted in 0.06s, phase: 0
[1] - Worker 114 (PID: 1354) booted in 0.06s, phase: 0
[1] - Worker 115 (PID: 1367) booted in 0.06s, phase: 0
[1] - Worker 116 (PID: 1378) booted in 0.06s, phase: 0
[1] - Worker 117 (PID: 1391) booted in 0.05s, phase: 0
[1] - Worker 118 (PID: 1400) booted in 0.05s, phase: 0
[1] - Worker 119 (PID: 1413) booted in 0.05s, phase: 0
[1] - Worker 120 (PID: 1426) booted in 0.05s, phase: 0
[1] - Worker 121 (PID: 1438) booted in 0.05s, phase: 0
[1] - Worker 122 (PID: 1447) booted in 0.05s, phase: 0
[1] - Worker 123 (PID: 1461) booted in 0.05s, phase: 0
[1] - Worker 124 (PID: 1471) booted in 0.05s, phase: 0
[1] - Worker 125 (PID: 1486) booted in 0.04s, phase: 0
[1] - Worker 126 (PID: 1495) booted in 0.04s, phase: 0
[1] - Worker 127 (PID: 1510) booted in 0.04s, phase: 0
