[1] Puma starting in cluster mode...
[1] * Puma version: 6.6.1 ("Return to Forever")
[1] * Ruby version: ruby 3.4.9 (2026-03-11 revision 76cca827ab) +YJIT +PRISM [x86_64-linux]
[1] *  Min threads: 4
[1] *  Max threads: 4
[1] *  Environment: development
[1] *   Master PID: 1
[1] *      Workers: 128
[1] *     Restarts: (✔) hot (✖) phased (✖) refork
[1] * Preloading application
[1] * Listening on http://0.0.0.0:8080
[1] Use Ctrl-C to stop
[1] - Worker 0 (PID: 8) booted in 0.19s, phase: 0
[1] - Worker 1 (PID: 11) booted in 0.19s, phase: 0
[1] - Worker 2 (PID: 17) booted in 0.19s, phase: 0
[1] - Worker 3 (PID: 25) booted in 0.19s, phase: 0
[1] - Worker 4 (PID: 31) booted in 0.19s, phase: 0
[1] - Worker 5 (PID: 48) booted in 0.19s, phase: 0
[1] - Worker 6 (PID: 57) booted in 0.19s, phase: 0
[1] - Worker 7 (PID: 75) booted in 0.18s, phase: 0
[1] - Worker 8 (PID: 85) booted in 0.18s, phase: 0
[1] - Worker 9 (PID: 99) booted in 0.18s, phase: 0
[1] - Worker 10 (PID: 113) booted in 0.18s, phase: 0
[1] - Worker 11 (PID: 123) booted in 0.18s, phase: 0
[1] - Worker 12 (PID: 135) booted in 0.18s, phase: 0
[1] - Worker 13 (PID: 149) booted in 0.18s, phase: 0
[1] - Worker 14 (PID: 171) booted in 0.17s, phase: 0
[1] - Worker 15 (PID: 175) booted in 0.17s, phase: 0
[1] - Worker 16 (PID: 187) booted in 0.17s, phase: 0
[1] - Worker 17 (PID: 199) booted in 0.17s, phase: 0
[1] - Worker 18 (PID: 207) booted in 0.17s, phase: 0
[1] - Worker 19 (PID: 219) booted in 0.17s, phase: 0
[1] - Worker 20 (PID: 233) booted in 0.17s, phase: 0
[1] - Worker 21 (PID: 246) booted in 0.17s, phase: 0
[1] - Worker 22 (PID: 257) booted in 0.17s, phase: 0
[1] - Worker 23 (PID: 265) booted in 0.16s, phase: 0
[1] - Worker 24 (PID: 277) booted in 0.16s, phase: 0
[1] - Worker 25 (PID: 291) booted in 0.16s, phase: 0
[1] - Worker 26 (PID: 304) booted in 0.16s, phase: 0
[1] - Worker 27 (PID: 318) booted in 0.16s, phase: 0
[1] - Worker 28 (PID: 328) booted in 0.16s, phase: 0
[1] - Worker 29 (PID: 348) booted in 0.16s, phase: 0
[1] - Worker 30 (PID: 362) booted in 0.16s, phase: 0
[1] - Worker 31 (PID: 367) booted in 0.15s, phase: 0
[1] - Worker 32 (PID: 375) booted in 0.15s, phase: 0
[1] - Worker 33 (PID: 384) booted in 0.15s, phase: 0
[1] - Worker 34 (PID: 396) booted in 0.15s, phase: 0
[1] - Worker 35 (PID: 407) booted in 0.15s, phase: 0
[1] - Worker 36 (PID: 421) booted in 0.15s, phase: 0
[1] - Worker 37 (PID: 432) booted in 0.15s, phase: 0
[1] - Worker 38 (PID: 443) booted in 0.15s, phase: 0
[1] - Worker 39 (PID: 455) booted in 0.15s, phase: 0
[1] - Worker 40 (PID: 468) booted in 0.14s, phase: 0
[1] - Worker 41 (PID: 480) booted in 0.14s, phase: 0
[1] - Worker 42 (PID: 493) booted in 0.14s, phase: 0
[1] - Worker 43 (PID: 506) booted in 0.14s, phase: 0
[1] - Worker 44 (PID: 515) booted in 0.14s, phase: 0
[1] - Worker 45 (PID: 527) booted in 0.14s, phase: 0
[1] - Worker 46 (PID: 538) booted in 0.14s, phase: 0
[1] - Worker 47 (PID: 548) booted in 0.14s, phase: 0
[1] - Worker 48 (PID: 564) booted in 0.13s, phase: 0
[1] - Worker 49 (PID: 575) booted in 0.13s, phase: 0
[1] - Worker 50 (PID: 588) booted in 0.13s, phase: 0
[1] - Worker 51 (PID: 600) booted in 0.13s, phase: 0
[1] - Worker 52 (PID: 611) booted in 0.13s, phase: 0
[1] - Worker 53 (PID: 623) booted in 0.13s, phase: 0
[1] - Worker 54 (PID: 637) booted in 0.13s, phase: 0
[1] - Worker 55 (PID: 648) booted in 0.13s, phase: 0
[1] - Worker 56 (PID: 659) booted in 0.12s, phase: 0
[1] - Worker 57 (PID: 671) booted in 0.12s, phase: 0
[1] - Worker 58 (PID: 683) booted in 0.12s, phase: 0
[1] - Worker 59 (PID: 695) booted in 0.12s, phase: 0
[1] - Worker 60 (PID: 707) booted in 0.12s, phase: 0
[1] - Worker 61 (PID: 719) booted in 0.12s, phase: 0
[1] - Worker 62 (PID: 731) booted in 0.12s, phase: 0
[1] - Worker 63 (PID: 744) booted in 0.12s, phase: 0
[1] - Worker 64 (PID: 752) booted in 0.12s, phase: 0
[1] - Worker 65 (PID: 763) booted in 0.11s, phase: 0
[1] - Worker 66 (PID: 779) booted in 0.11s, phase: 0
[1] - Worker 67 (PID: 793) booted in 0.11s, phase: 0
[1] - Worker 68 (PID: 803) booted in 0.11s, phase: 0
[1] - Worker 69 (PID: 816) booted in 0.11s, phase: 0
[1] - Worker 70 (PID: 828) booted in 0.11s, phase: 0
[1] - Worker 71 (PID: 840) booted in 0.11s, phase: 0
[1] - Worker 72 (PID: 851) booted in 0.11s, phase: 0
[1] - Worker 73 (PID: 863) booted in 0.1s, phase: 0
[1] - Worker 74 (PID: 876) booted in 0.1s, phase: 0
[1] - Worker 75 (PID: 888) booted in 0.1s, phase: 0
[1] - Worker 76 (PID: 900) booted in 0.1s, phase: 0
[1] - Worker 77 (PID: 912) booted in 0.1s, phase: 0
[1] - Worker 78 (PID: 925) booted in 0.1s, phase: 0
[1] - Worker 79 (PID: 938) booted in 0.1s, phase: 0
[1] - Worker 80 (PID: 948) booted in 0.1s, phase: 0
[1] - Worker 81 (PID: 959) booted in 0.09s, phase: 0
[1] - Worker 82 (PID: 971) booted in 0.09s, phase: 0
[1] - Worker 83 (PID: 983) booted in 0.09s, phase: 0
[1] - Worker 84 (PID: 996) booted in 0.09s, phase: 0
[1] - Worker 85 (PID: 1008) booted in 0.09s, phase: 0
[1] - Worker 86 (PID: 1021) booted in 0.09s, phase: 0
[1] - Worker 87 (PID: 1031) booted in 0.09s, phase: 0
[1] - Worker 88 (PID: 1044) booted in 0.09s, phase: 0
[1] - Worker 89 (PID: 1056) booted in 0.09s, phase: 0
[1] - Worker 90 (PID: 1068) booted in 0.08s, phase: 0
[1] - Worker 91 (PID: 1080) booted in 0.08s, phase: 0
[1] - Worker 92 (PID: 1092) booted in 0.08s, phase: 0
[1] - Worker 93 (PID: 1104) booted in 0.08s, phase: 0
[1] - Worker 94 (PID: 1117) booted in 0.08s, phase: 0
[1] - Worker 95 (PID: 1127) booted in 0.08s, phase: 0
[1] - Worker 96 (PID: 1141) booted in 0.08s, phase: 0
[1] - Worker 97 (PID: 1152) booted in 0.08s, phase: 0
[1] - Worker 98 (PID: 1165) booted in 0.07s, phase: 0
[1] - Worker 99 (PID: 1175) booted in 0.07s, phase: 0
[1] - Worker 100 (PID: 1187) booted in 0.07s, phase: 0
[1] - Worker 101 (PID: 1200) booted in 0.07s, phase: 0
[1] - Worker 102 (PID: 1212) booted in 0.07s, phase: 0
[1] - Worker 103 (PID: 1224) booted in 0.07s, phase: 0
[1] - Worker 104 (PID: 1236) booted in 0.07s, phase: 0
[1] - Worker 105 (PID: 1248) booted in 0.07s, phase: 0
[1] - Worker 106 (PID: 1261) booted in 0.06s, phase: 0
[1] - Worker 107 (PID: 1272) booted in 0.06s, phase: 0
[1] - Worker 108 (PID: 1285) booted in 0.06s, phase: 0
[1] - Worker 109 (PID: 1295) booted in 0.06s, phase: 0
[1] - Worker 110 (PID: 1309) booted in 0.06s, phase: 0
[1] - Worker 111 (PID: 1320) booted in 0.06s, phase: 0
[1] - Worker 112 (PID: 1331) booted in 0.06s, phase: 0
[1] - Worker 113 (PID: 1343) booted in 0.06s, phase: 0
[1] - Worker 114 (PID: 1356) booted in 0.06s, phase: 0
[1] - Worker 115 (PID: 1369) booted in 0.05s, phase: 0
[1] - Worker 116 (PID: 1380) booted in 0.05s, phase: 0
[1] - Worker 117 (PID: 1392) booted in 0.05s, phase: 0
[1] - Worker 118 (PID: 1405) booted in 0.05s, phase: 0
[1] - Worker 119 (PID: 1416) booted in 0.05s, phase: 0
[1] - Worker 120 (PID: 1428) booted in 0.05s, phase: 0
[1] - Worker 121 (PID: 1442) booted in 0.05s, phase: 0
[1] - Worker 122 (PID: 1452) booted in 0.05s, phase: 0
[1] - Worker 123 (PID: 1463) booted in 0.04s, phase: 0
[1] - Worker 124 (PID: 1476) booted in 0.04s, phase: 0
[1] - Worker 125 (PID: 1488) booted in 0.04s, phase: 0
[1] - Worker 126 (PID: 1501) booted in 0.04s, phase: 0
[1] - Worker 127 (PID: 1512) booted in 0.04s, phase: 0
2026-03-25 21:16:18 +0000 HTTP parse error, malformed request: #<Puma::HttpParserError: Invalid HTTP format, parsing fails. Are you trying to open an SSL connection to a non-SSL Puma?>
2026-03-25 21:16:18 +0000 HTTP parse error, malformed request: #<Puma::HttpParserError: Invalid HTTP format, parsing fails. Are you trying to open an SSL connection to a non-SSL Puma?>
2026-03-25 21:16:18 +0000 HTTP parse error, malformed request: #<Puma::HttpParserError: Invalid HTTP format, parsing fails. Are you trying to open an SSL connection to a non-SSL Puma?>
2026-03-25 21:16:18 +0000 HTTP parse error, malformed request: #<Puma::HttpParserError: Invalid HTTP format, parsing fails. Are you trying to open an SSL connection to a non-SSL Puma?>
2026-03-25 21:16:18 +0000 HTTP parse error, malformed request: #<Puma::HttpParserError: Invalid HTTP format, parsing fails. Are you trying to open an SSL connection to a non-SSL Puma?>
2026-03-25 21:16:18 +0000 HTTP parse error, malformed request: #<Puma::HttpParserError: Invalid HTTP format, parsing fails. Are you trying to open an SSL connection to a non-SSL Puma?>
2026-03-25 21:16:18 +0000 HTTP parse error, malformed request: #<Puma::HttpParserError: Invalid HTTP format, parsing fails. Are you trying to open an SSL connection to a non-SSL Puma?>
2026-03-25 21:16:18 +0000 HTTP parse error, malformed request: #<Puma::HttpParserError: Invalid HTTP format, parsing fails. Are you trying to open an SSL connection to a non-SSL Puma?>
2026-03-25 21:16:18 +0000 HTTP parse error, malformed request: #<Puma::HttpParserError: Invalid HTTP format, parsing fails. Are you trying to open an SSL connection to a non-SSL Puma?>
2026-03-25 21:16:18 +0000 HTTP parse error, malformed request: #<Puma::HttpParserError: Invalid HTTP format, parsing fails. Are you trying to open an SSL connection to a non-SSL Puma?>
2026-03-25 21:16:18 +0000 HTTP parse error, malformed request: #<Puma::HttpParserError: Invalid HTTP format, parsing fails. Are you trying to open an SSL connection to a non-SSL Puma?>
