[1] Puma starting in cluster mode...
[1] * Puma version: 6.6.1 ("Return to Forever")
[1] * Ruby version: ruby 3.4.9 (2026-03-11 revision 76cca827ab) +YJIT +PRISM [x86_64-linux]
[1] *  Min threads: 4
[1] *  Max threads: 4
[1] *  Environment: development
[1] *   Master PID: 1
[1] *      Workers: 128
[1] *     Restarts: (✔) hot (✖) phased (✖) refork
[1] * Preloading application
[1] * Listening on http://0.0.0.0:8080
[1] Use Ctrl-C to stop
[1] - Worker 0 (PID: 8) booted in 0.3s, phase: 0
[1] - Worker 1 (PID: 14) booted in 0.3s, phase: 0
[1] - Worker 2 (PID: 19) booted in 0.3s, phase: 0
[1] - Worker 3 (PID: 36) booted in 0.3s, phase: 0
[1] - Worker 4 (PID: 47) booted in 0.3s, phase: 0
[1] - Worker 5 (PID: 56) booted in 0.29s, phase: 0
[1] - Worker 6 (PID: 64) booted in 0.29s, phase: 0
[1] - Worker 7 (PID: 79) booted in 0.29s, phase: 0
[1] - Worker 8 (PID: 91) booted in 0.29s, phase: 0
[1] - Worker 9 (PID: 104) booted in 0.29s, phase: 0
[1] - Worker 10 (PID: 116) booted in 0.29s, phase: 0
[1] - Worker 11 (PID: 128) booted in 0.29s, phase: 0
[1] - Worker 12 (PID: 140) booted in 0.28s, phase: 0
[1] - Worker 13 (PID: 151) booted in 0.28s, phase: 0
[1] - Worker 14 (PID: 170) booted in 0.28s, phase: 0
[1] - Worker 15 (PID: 176) booted in 0.28s, phase: 0
[1] - Worker 16 (PID: 188) booted in 0.28s, phase: 0
[1] - Worker 17 (PID: 200) booted in 0.27s, phase: 0
[1] - Worker 18 (PID: 213) booted in 0.27s, phase: 0
[1] - Worker 19 (PID: 224) booted in 0.27s, phase: 0
[1] - Worker 20 (PID: 236) booted in 0.27s, phase: 0
[1] - Worker 21 (PID: 248) booted in 0.27s, phase: 0
[1] - Worker 22 (PID: 260) booted in 0.27s, phase: 0
[1] - Worker 23 (PID: 272) booted in 0.27s, phase: 0
[1] - Worker 24 (PID: 284) booted in 0.27s, phase: 0
[1] - Worker 25 (PID: 296) booted in 0.26s, phase: 0
[1] - Worker 26 (PID: 308) booted in 0.26s, phase: 0
[1] - Worker 27 (PID: 320) booted in 0.26s, phase: 0
[1] - Worker 28 (PID: 332) booted in 0.26s, phase: 0
[1] - Worker 29 (PID: 352) booted in 0.26s, phase: 0
[1] - Worker 30 (PID: 364) booted in 0.25s, phase: 0
[1] - Worker 31 (PID: 371) booted in 0.25s, phase: 0
[1] - Worker 32 (PID: 379) booted in 0.25s, phase: 0
[1] - Worker 33 (PID: 389) booted in 0.25s, phase: 0
[1] - Worker 34 (PID: 403) booted in 0.25s, phase: 0
[1] - Worker 35 (PID: 411) booted in 0.25s, phase: 0
[1] - Worker 36 (PID: 425) booted in 0.24s, phase: 0
[1] - Worker 37 (PID: 439) booted in 0.24s, phase: 0
[1] - Worker 38 (PID: 451) booted in 0.24s, phase: 0
[1] - Worker 39 (PID: 463) booted in 0.24s, phase: 0
[1] - Worker 40 (PID: 475) booted in 0.24s, phase: 0
[1] - Worker 41 (PID: 487) booted in 0.23s, phase: 0
[1] - Worker 42 (PID: 495) booted in 0.23s, phase: 0
[1] - Worker 43 (PID: 509) booted in 0.23s, phase: 0
[1] - Worker 44 (PID: 523) booted in 0.23s, phase: 0
[1] - Worker 45 (PID: 535) booted in 0.23s, phase: 0
[1] - Worker 46 (PID: 545) booted in 0.23s, phase: 0
[1] - Worker 47 (PID: 557) booted in 0.23s, phase: 0
[1] - Worker 48 (PID: 571) booted in 0.22s, phase: 0
[1] - Worker 49 (PID: 583) booted in 0.22s, phase: 0
[1] - Worker 50 (PID: 594) booted in 0.22s, phase: 0
[1] - Worker 51 (PID: 603) booted in 0.22s, phase: 0
[1] - Worker 52 (PID: 619) booted in 0.22s, phase: 0
[1] - Worker 53 (PID: 631) booted in 0.22s, phase: 0
[1] - Worker 54 (PID: 644) booted in 0.21s, phase: 0
[1] - Worker 55 (PID: 660) booted in 0.21s, phase: 0
[1] - Worker 56 (PID: 667) booted in 0.21s, phase: 0
[1] - Worker 57 (PID: 679) booted in 0.21s, phase: 0
[1] - Worker 58 (PID: 691) booted in 0.2s, phase: 0
[1] - Worker 59 (PID: 703) booted in 0.2s, phase: 0
[1] - Worker 60 (PID: 724) booted in 0.2s, phase: 0
[1] - Worker 61 (PID: 729) booted in 0.2s, phase: 0
[1] - Worker 62 (PID: 739) booted in 0.19s, phase: 0
[1] - Worker 63 (PID: 751) booted in 0.19s, phase: 0
[1] - Worker 64 (PID: 759) booted in 0.19s, phase: 0
[1] - Worker 65 (PID: 767) booted in 0.19s, phase: 0
[1] - Worker 66 (PID: 775) booted in 0.19s, phase: 0
[1] - Worker 67 (PID: 779) booted in 0.19s, phase: 0
[1] - Worker 68 (PID: 812) booted in 0.18s, phase: 0
[1] - Worker 69 (PID: 823) booted in 0.17s, phase: 0
[1] - Worker 70 (PID: 835) booted in 0.17s, phase: 0
[1] - Worker 71 (PID: 842) booted in 0.17s, phase: 0
[1] - Worker 72 (PID: 855) booted in 0.17s, phase: 0
[1] - Worker 73 (PID: 870) booted in 0.17s, phase: 0
[1] - Worker 74 (PID: 877) booted in 0.16s, phase: 0
[1] - Worker 75 (PID: 891) booted in 0.16s, phase: 0
[1] - Worker 76 (PID: 906) booted in 0.16s, phase: 0
[1] - Worker 77 (PID: 917) booted in 0.16s, phase: 0
[1] - Worker 78 (PID: 928) booted in 0.16s, phase: 0
[1] - Worker 79 (PID: 939) booted in 0.16s, phase: 0
[1] - Worker 80 (PID: 953) booted in 0.15s, phase: 0
[1] - Worker 81 (PID: 961) booted in 0.15s, phase: 0
[1] - Worker 82 (PID: 975) booted in 0.15s, phase: 0
[1] - Worker 83 (PID: 987) booted in 0.15s, phase: 0
[1] - Worker 84 (PID: 999) booted in 0.15s, phase: 0
[1] - Worker 85 (PID: 1011) booted in 0.15s, phase: 0
[1] - Worker 86 (PID: 1024) booted in 0.14s, phase: 0
[1] - Worker 87 (PID: 1039) booted in 0.14s, phase: 0
[1] - Worker 88 (PID: 1051) booted in 0.14s, phase: 0
[1] - Worker 89 (PID: 1063) booted in 0.14s, phase: 0
[1] - Worker 90 (PID: 1073) booted in 0.14s, phase: 0
[1] - Worker 91 (PID: 1084) booted in 0.13s, phase: 0
[1] - Worker 92 (PID: 1099) booted in 0.13s, phase: 0
[1] - Worker 93 (PID: 1111) booted in 0.13s, phase: 0
[1] - Worker 94 (PID: 1122) booted in 0.13s, phase: 0
[1] - Worker 95 (PID: 1134) booted in 0.13s, phase: 0
[1] - Worker 96 (PID: 1146) booted in 0.12s, phase: 0
[1] - Worker 97 (PID: 1162) booted in 0.12s, phase: 0
[1] - Worker 98 (PID: 1171) booted in 0.12s, phase: 0
[1] - Worker 99 (PID: 1183) booted in 0.12s, phase: 0
[1] - Worker 100 (PID: 1195) booted in 0.12s, phase: 0
[1] - Worker 101 (PID: 1207) booted in 0.11s, phase: 0
[1] - Worker 102 (PID: 1216) booted in 0.11s, phase: 0
[1] - Worker 103 (PID: 1231) booted in 0.11s, phase: 0
[1] - Worker 104 (PID: 1243) booted in 0.11s, phase: 0
[1] - Worker 105 (PID: 1255) booted in 0.11s, phase: 0
[1] - Worker 106 (PID: 1264) booted in 0.1s, phase: 0
[1] - Worker 107 (PID: 1275) booted in 0.1s, phase: 0
[1] - Worker 108 (PID: 1292) booted in 0.1s, phase: 0
[1] - Worker 109 (PID: 1312) booted in 0.1s, phase: 0
[1] - Worker 110 (PID: 1320) booted in 0.09s, phase: 0
[1] - Worker 111 (PID: 1328) booted in 0.09s, phase: 0
[1] - Worker 112 (PID: 1339) booted in 0.09s, phase: 0
[1] - Worker 113 (PID: 1352) booted in 0.08s, phase: 0
[1] - Worker 114 (PID: 1363) booted in 0.08s, phase: 0
[1] - Worker 115 (PID: 1375) booted in 0.08s, phase: 0
[1] - Worker 116 (PID: 1387) booted in 0.08s, phase: 0
[1] - Worker 117 (PID: 1399) booted in 0.08s, phase: 0
[1] - Worker 118 (PID: 1411) booted in 0.07s, phase: 0
[1] - Worker 119 (PID: 1423) booted in 0.07s, phase: 0
[1] - Worker 120 (PID: 1435) booted in 0.07s, phase: 0
[1] - Worker 121 (PID: 1447) booted in 0.07s, phase: 0
[1] - Worker 122 (PID: 1458) booted in 0.07s, phase: 0
[1] - Worker 123 (PID: 1471) booted in 0.06s, phase: 0
[1] - Worker 124 (PID: 1479) booted in 0.06s, phase: 0
[1] - Worker 125 (PID: 1492) booted in 0.06s, phase: 0
[1] - Worker 126 (PID: 1506) booted in 0.06s, phase: 0
[1] - Worker 127 (PID: 1516) booted in 0.06s, phase: 0
