[1] Puma starting in cluster mode...
[1] * Puma version: 6.6.1 ("Return to Forever")
[1] * Ruby version: ruby 3.4.9 (2026-03-11 revision 76cca827ab) +YJIT +PRISM [x86_64-linux]
[1] *  Min threads: 4
[1] *  Max threads: 4
[1] *  Environment: development
[1] *   Master PID: 1
[1] *      Workers: 128
[1] *     Restarts: (✔) hot (✖) phased (✖) refork
[1] * Preloading application
[1] * Listening on http://0.0.0.0:8080
[1] Use Ctrl-C to stop
[1] - Worker 0 (PID: 8) booted in 0.19s, phase: 0
[1] - Worker 1 (PID: 11) booted in 0.19s, phase: 0
[1] - Worker 2 (PID: 19) booted in 0.19s, phase: 0
[1] - Worker 3 (PID: 24) booted in 0.19s, phase: 0
[1] - Worker 4 (PID: 39) booted in 0.19s, phase: 0
[1] - Worker 5 (PID: 50) booted in 0.19s, phase: 0
[1] - Worker 6 (PID: 62) booted in 0.19s, phase: 0
[1] - Worker 7 (PID: 73) booted in 0.19s, phase: 0
[1] - Worker 8 (PID: 87) booted in 0.19s, phase: 0
[1] - Worker 9 (PID: 99) booted in 0.19s, phase: 0
[1] - Worker 10 (PID: 115) booted in 0.18s, phase: 0
[1] - Worker 11 (PID: 130) booted in 0.18s, phase: 0
[1] - Worker 12 (PID: 139) booted in 0.18s, phase: 0
[1] - Worker 13 (PID: 151) booted in 0.18s, phase: 0
[1] - Worker 14 (PID: 169) booted in 0.18s, phase: 0
[1] - Worker 15 (PID: 175) booted in 0.17s, phase: 0
[1] - Worker 16 (PID: 187) booted in 0.17s, phase: 0
[1] - Worker 17 (PID: 199) booted in 0.17s, phase: 0
[1] - Worker 18 (PID: 211) booted in 0.17s, phase: 0
[1] - Worker 19 (PID: 221) booted in 0.17s, phase: 0
[1] - Worker 20 (PID: 230) booted in 0.17s, phase: 0
[1] - Worker 21 (PID: 242) booted in 0.17s, phase: 0
[1] - Worker 22 (PID: 255) booted in 0.17s, phase: 0
[1] - Worker 23 (PID: 267) booted in 0.17s, phase: 0
[1] - Worker 24 (PID: 279) booted in 0.16s, phase: 0
[1] - Worker 25 (PID: 291) booted in 0.16s, phase: 0
[1] - Worker 26 (PID: 305) booted in 0.16s, phase: 0
[1] - Worker 27 (PID: 317) booted in 0.16s, phase: 0
[1] - Worker 28 (PID: 326) booted in 0.16s, phase: 0
[1] - Worker 29 (PID: 350) booted in 0.16s, phase: 0
[1] - Worker 30 (PID: 364) booted in 0.16s, phase: 0
[1] - Worker 31 (PID: 372) booted in 0.15s, phase: 0
[1] - Worker 32 (PID: 379) booted in 0.15s, phase: 0
[1] - Worker 33 (PID: 386) booted in 0.15s, phase: 0
[1] - Worker 34 (PID: 395) booted in 0.15s, phase: 0
[1] - Worker 35 (PID: 403) booted in 0.15s, phase: 0
[1] - Worker 36 (PID: 419) booted in 0.15s, phase: 0
[1] - Worker 37 (PID: 433) booted in 0.15s, phase: 0
[1] - Worker 38 (PID: 442) booted in 0.15s, phase: 0
[1] - Worker 39 (PID: 455) booted in 0.15s, phase: 0
[1] - Worker 40 (PID: 467) booted in 0.14s, phase: 0
[1] - Worker 41 (PID: 480) booted in 0.14s, phase: 0
[1] - Worker 42 (PID: 491) booted in 0.14s, phase: 0
[1] - Worker 43 (PID: 503) booted in 0.14s, phase: 0
[1] - Worker 44 (PID: 515) booted in 0.14s, phase: 0
[1] - Worker 45 (PID: 528) booted in 0.14s, phase: 0
[1] - Worker 46 (PID: 538) booted in 0.14s, phase: 0
[1] - Worker 47 (PID: 552) booted in 0.14s, phase: 0
[1] - Worker 48 (PID: 563) booted in 0.13s, phase: 0
[1] - Worker 49 (PID: 577) booted in 0.13s, phase: 0
[1] - Worker 50 (PID: 587) booted in 0.13s, phase: 0
[1] - Worker 51 (PID: 599) booted in 0.13s, phase: 0
[1] - Worker 52 (PID: 611) booted in 0.13s, phase: 0
[1] - Worker 53 (PID: 623) booted in 0.13s, phase: 0
[1] - Worker 54 (PID: 635) booted in 0.13s, phase: 0
[1] - Worker 55 (PID: 647) booted in 0.13s, phase: 0
[1] - Worker 56 (PID: 660) booted in 0.12s, phase: 0
[1] - Worker 57 (PID: 672) booted in 0.12s, phase: 0
[1] - Worker 58 (PID: 684) booted in 0.12s, phase: 0
[1] - Worker 59 (PID: 695) booted in 0.12s, phase: 0
[1] - Worker 60 (PID: 707) booted in 0.12s, phase: 0
[1] - Worker 61 (PID: 719) booted in 0.12s, phase: 0
[1] - Worker 62 (PID: 731) booted in 0.12s, phase: 0
[1] - Worker 63 (PID: 743) booted in 0.12s, phase: 0
[1] - Worker 64 (PID: 756) booted in 0.12s, phase: 0
[1] - Worker 65 (PID: 767) booted in 0.11s, phase: 0
[1] - Worker 66 (PID: 781) booted in 0.11s, phase: 0
[1] - Worker 67 (PID: 792) booted in 0.11s, phase: 0
[1] - Worker 68 (PID: 803) booted in 0.11s, phase: 0
[1] - Worker 69 (PID: 816) booted in 0.11s, phase: 0
[1] - Worker 70 (PID: 828) booted in 0.11s, phase: 0
[1] - Worker 71 (PID: 840) booted in 0.11s, phase: 0
[1] - Worker 72 (PID: 852) booted in 0.11s, phase: 0
[1] - Worker 73 (PID: 864) booted in 0.1s, phase: 0
[1] - Worker 74 (PID: 875) booted in 0.1s, phase: 0
[1] - Worker 75 (PID: 887) booted in 0.1s, phase: 0
[1] - Worker 76 (PID: 899) booted in 0.1s, phase: 0
[1] - Worker 77 (PID: 911) booted in 0.1s, phase: 0
[1] - Worker 78 (PID: 923) booted in 0.1s, phase: 0
[1] - Worker 79 (PID: 936) booted in 0.1s, phase: 0
[1] - Worker 80 (PID: 948) booted in 0.1s, phase: 0
[1] - Worker 81 (PID: 960) booted in 0.1s, phase: 0
[1] - Worker 82 (PID: 972) booted in 0.09s, phase: 0
[1] - Worker 83 (PID: 984) booted in 0.09s, phase: 0
[1] - Worker 84 (PID: 996) booted in 0.09s, phase: 0
[1] - Worker 85 (PID: 1008) booted in 0.09s, phase: 0
[1] - Worker 86 (PID: 1020) booted in 0.09s, phase: 0
[1] - Worker 87 (PID: 1031) booted in 0.09s, phase: 0
[1] - Worker 88 (PID: 1045) booted in 0.09s, phase: 0
[1] - Worker 89 (PID: 1055) booted in 0.09s, phase: 0
[1] - Worker 90 (PID: 1068) booted in 0.08s, phase: 0
[1] - Worker 91 (PID: 1080) booted in 0.08s, phase: 0
[1] - Worker 92 (PID: 1092) booted in 0.08s, phase: 0
[1] - Worker 93 (PID: 1104) booted in 0.08s, phase: 0
[1] - Worker 94 (PID: 1116) booted in 0.08s, phase: 0
[1] - Worker 95 (PID: 1128) booted in 0.08s, phase: 0
[1] - Worker 96 (PID: 1139) booted in 0.08s, phase: 0
[1] - Worker 97 (PID: 1155) booted in 0.08s, phase: 0
[1] - Worker 98 (PID: 1166) booted in 0.07s, phase: 0
[1] - Worker 99 (PID: 1178) booted in 0.07s, phase: 0
[1] - Worker 100 (PID: 1188) booted in 0.07s, phase: 0
[1] - Worker 101 (PID: 1200) booted in 0.07s, phase: 0
[1] - Worker 102 (PID: 1213) booted in 0.07s, phase: 0
[1] - Worker 103 (PID: 1224) booted in 0.07s, phase: 0
[1] - Worker 104 (PID: 1235) booted in 0.07s, phase: 0
[1] - Worker 105 (PID: 1248) booted in 0.07s, phase: 0
[1] - Worker 106 (PID: 1260) booted in 0.06s, phase: 0
[1] - Worker 107 (PID: 1273) booted in 0.06s, phase: 0
[1] - Worker 108 (PID: 1286) booted in 0.06s, phase: 0
[1] - Worker 109 (PID: 1298) booted in 0.06s, phase: 0
[1] - Worker 110 (PID: 1309) booted in 0.06s, phase: 0
[1] - Worker 111 (PID: 1319) booted in 0.06s, phase: 0
[1] - Worker 112 (PID: 1331) booted in 0.06s, phase: 0
[1] - Worker 113 (PID: 1344) booted in 0.06s, phase: 0
[1] - Worker 114 (PID: 1355) booted in 0.06s, phase: 0
[1] - Worker 115 (PID: 1368) booted in 0.05s, phase: 0
[1] - Worker 116 (PID: 1379) booted in 0.05s, phase: 0
[1] - Worker 117 (PID: 1391) booted in 0.05s, phase: 0
[1] - Worker 118 (PID: 1403) booted in 0.05s, phase: 0
[1] - Worker 119 (PID: 1415) booted in 0.05s, phase: 0
[1] - Worker 120 (PID: 1427) booted in 0.05s, phase: 0
[1] - Worker 121 (PID: 1441) booted in 0.05s, phase: 0
[1] - Worker 122 (PID: 1452) booted in 0.05s, phase: 0
[1] - Worker 123 (PID: 1464) booted in 0.04s, phase: 0
[1] - Worker 124 (PID: 1475) booted in 0.04s, phase: 0
[1] - Worker 125 (PID: 1487) booted in 0.04s, phase: 0
[1] - Worker 126 (PID: 1500) booted in 0.04s, phase: 0
[1] - Worker 127 (PID: 1512) booted in 0.04s, phase: 0
