BufferError: Existing exports of data: object cannot be re-sized
BufferError: Existing exports of data: object cannot be re-sized
BufferError: Existing exports of data: object cannot be re-sized
BufferError: Existing exports of data: object cannot be re-sized
BufferError: Existing exports of data: object cannot be re-sized
BufferError: Existing exports of data: object cannot be re-sized
Python/gc.c:1767: PyObject_GC_Track: Assertion failed: object already tracked by the garbage collector
Enable tracemalloc to get the memory block allocation traceback

object address  : 0x70ea1a248760
object refcount : 1
object type     : 0x615fbf59f1a0
object type name: _asyncio.FutureIter
object repr     : <_asyncio.FutureIter object at 0x70ea1a248760>

Fatal Python error: _PyObject_AssertFailed: _PyObject_AssertFailed
Python runtime state: initialized

Thread 0x000070ea19f286c0 (most recent call first):
  File "/usr/local/lib/python3.13/concurrent/futures/thread.py", line 90 in _worker
  File "/usr/local/lib/python3.13/threading.py", line 995 in run
  File "/usr/local/lib/python3.13/threading.py", line 1044 in _bootstrap_inner
  File "/usr/local/lib/python3.13/threading.py", line 1015 in _bootstrap

Current thread 0x000070ea1c1e0340 (most recent call first):
  File "/app/./app.py", line 309 in app
  File "/usr/local/lib/python3.13/asyncio/events.py", line 89 in _run
  File "/usr/local/lib/python3.13/asyncio/base_events.py", line 2050 in _run_once
  File "/usr/local/lib/python3.13/asyncio/base_events.py", line 683 in run_forever
  File "/usr/local/lib/python3.13/site-packages/fastpysgi.py", line 90 in multi_run
  File "/usr/local/lib/python3.13/site-packages/fastpysgi.py", line 71 in run
  File "/usr/local/lib/python3.13/site-packages/fastpysgi.py", line 193 in run
  File "/app/./app.py", line 322 in <module>

Extension modules: asyncpg.pgproto.pgproto, asyncpg.protocol.protocol, _fastpysgi (total: 3)
FastPySGI server multiple workers listening at http://0.0.0.0:8080
FastPySGI server running on PID: 1
Worker process added with PID: 7
Worker process added with PID: 8
Worker process added with PID: 9
Worker process added with PID: 10
Worker process added with PID: 11
Worker process added with PID: 12
Worker process added with PID: 13
Worker process added with PID: 14
Worker process added with PID: 15
Worker process added with PID: 17
Worker process added with PID: 20
Worker process added with PID: 23
Worker process added with PID: 25
Worker process added with PID: 27
Worker process added with PID: 29
Worker process added with PID: 31
Worker process added with PID: 33
Worker process added with PID: 35
Worker process added with PID: 37
Worker process added with PID: 39
Worker process added with PID: 41
Worker process added with PID: 43
Worker process added with PID: 45
Worker process added with PID: 47
Worker process added with PID: 49
Worker process added with PID: 51
Worker process added with PID: 53
Python/gc.c:1767: PyObject_GC_Track: Assertion failed: object already tracked by the garbage collector
Enable tracemalloc to get the memory block allocation traceback

object address  : 0x70ea1a227df0
object refcount : 1
object type     : 0x615fbf59f1a0
object type name: _asyncio.FutureIter
object repr     : <_asyncio.FutureIter object at 0x70ea1a227df0>

Fatal Python error: _PyObject_AssertFailed: _PyObject_AssertFailed
Python runtime state: initialized

Thread 0x000070ea19f286c0 (most recent call first):
  File "/usr/local/lib/python3.13/concurrent/futures/thread.py", line 90 in _worker
  File "/usr/local/lib/python3.13/threading.py", line 995 in run
  File "/usr/local/lib/python3.13/threading.py", line 1044 in _bootstrap_inner
  File "/usr/local/lib/python3.13/threading.py", line 1015 in _bootstrap

Current thread 0x000070ea1c1e0340 (most recent call first):
  File "/app/./app.py", line 160 in baseline11
  File "/app/./app.py", line 307 in app
  File "/usr/local/lib/python3.13/asyncio/events.py", line 89 in _run
  File "/usr/local/lib/python3.13/asyncio/base_events.py", line 2050 in _run_once
  File "/usr/local/lib/python3.13/asyncio/base_events.py", line 683 in run_forever
  File "/usr/local/lib/python3.13/site-packages/fastpysgi.py", line 90 in multi_run
FastPySGI server multiple workers listening at http://0.0.0.0:8080
FastPySGI server running on PID: 1
  File "/usr/local/lib/python3.13/site-packages/fastpysgi.py", line 71 in run
Worker process added with PID: 7
  File "/usr/local/lib/python3.13/site-packages/fastpysgi.py", line 193 in run
Worker process added with PID: 8
  File "/app/./app.py", line 322 in <module>
Worker process added with PID: 9

Worker process added with PID: 10
Extension modules: asyncpg.pgproto.pgproto, asyncpg.protocol.protocol, _fastpysgi (total: 3)
Worker process added with PID: 11
Worker process added with PID: 12
Worker process added with PID: 13
Worker process added with PID: 14
Worker process added with PID: 15
Worker process added with PID: 17
Worker process added with PID: 20
Worker process added with PID: 23
Worker process added with PID: 25
Worker process added with PID: 27
Worker process added with PID: 29
Worker process added with PID: 31
Worker process added with PID: 33
Worker process added with PID: 35
Worker process added with PID: 37
Worker process added with PID: 39
Worker process added with PID: 41
Worker process added with PID: 43
Worker process added with PID: 45
Worker process added with PID: 47
Worker process added with PID: 49
Worker process added with PID: 51
Worker process added with PID: 53
Worker process added with PID: 55
Worker process added with PID: 57
Worker process added with PID: 59
Worker process added with PID: 62
Worker process added with PID: 63
Worker process added with PID: 65
Worker process added with PID: 67
Worker process added with PID: 69
Worker process added with PID: 71
Worker process added with PID: 73
Worker process added with PID: 75
Worker process added with PID: 77
Worker process added with PID: 79
Worker process added with PID: 81
Worker process added with PID: 83
Worker process added with PID: 85
Worker process added with PID: 87
Worker process added with PID: 89
Worker process added with PID: 91
Worker process added with PID: 93
Worker process added with PID: 95
Worker process added with PID: 97
Worker process added with PID: 99
Worker process added with PID: 101
Worker process added with PID: 103
Worker process added with PID: 105
Worker process added with PID: 107
Worker process added with PID: 109
Worker process added with PID: 111
Python/gc.c:1767: PyObject_GC_Track: Assertion failed: object already tracked by the garbage collector
Enable tracemalloc to get the memory block allocation traceback

object address  : 0x70ea1a226350
object refcount : 1
object type     : 0x615fbf59f1a0
object type name: _asyncio.FutureIter
object repr     : <_asyncio.FutureIter object at 0x70ea1a226350>

Fatal Python error: _PyObject_AssertFailed: _PyObject_AssertFailed
Python runtime state: initialized

Thread 0x000070ea19f286c0 (most recent call first):
  File "/usr/local/lib/python3.13/concurrent/futures/thread.py", line 90 in _worker
  File "/usr/local/lib/python3.13/threading.py", line 995 in run
  File "/usr/local/lib/python3.13/threading.py", line 1044 in _bootstrap_inner
  File "/usr/local/lib/python3.13/threading.py", line 1015 in _bootstrap

FastPySGI server multiple workers listening at http://0.0.0.0:8080
FastPySGI server running on PID: 1
Worker process added with PID: 7
Current thread 0x000070ea1c1e0340 (most recent call first):
  File "/app/./app.py", line 309 in app
  File "/usr/local/lib/python3.13/asyncio/events.py", line 89 in _run
  File "/usr/local/lib/python3.13/asyncio/base_events.py", line 2050 in _run_once
Worker process added with PID: 8
  File "/usr/local/lib/python3.13/asyncio/base_events.py", line 683 in run_forever
  File "/usr/local/lib/python3.13/site-packages/fastpysgi.py", line 90 in multi_run
  File "/usr/local/lib/python3.13/site-packages/fastpysgi.py", line 71 in run
  File "/usr/local/lib/python3.13/site-packages/fastpysgi.py", line 193 in run
  File "/app/./app.py", line 322 in <module>

Extension modules: asyncpg.pgproto.pgproto, asyncpg.protocol.protocol, _fastpysgi (total: 3)
Worker process added with PID: 9
Worker process added with PID: 10
Worker process added with PID: 11
Worker process added with PID: 12
Worker process added with PID: 13
Python/gc.c:1767: PyObject_GC_Track: Assertion failed: object already tracked by the garbage collector
Enable tracemalloc to get the memory block allocation traceback

object address  : 0x70ea1a226320
object refcount : 1
object type     : 0x615fbf59f1a0
object type name: _asyncio.FutureIter
object repr     : <_asyncio.FutureIter object at 0x70ea1a226320>

Fatal Python error: _PyObject_AssertFailed: _PyObject_AssertFailed
Python runtime state: initialized

Thread 0x000070ea19f286c0 (most recent call first):
FastPySGI server multiple workers listening at http://0.0.0.0:8080
FastPySGI server running on PID: 1
Worker process added with PID: 7
Worker process added with PID: 8
Worker process added with PID: 9
Worker process added with PID: 10
Worker process added with PID: 11
Worker process added with PID: 12
Worker process added with PID: 13
  File "/usr/local/lib/python3.13/concurrent/futures/thread.py", line 90 in _worker
  File "/usr/local/lib/python3.13/threading.py", line 995 in run
  File "/usr/local/lib/python3.13/threading.py", line 1044 in _bootstrap_inner
  File "/usr/local/lib/python3.13/threading.py", line 1015 in _bootstrap

Current thread 0x000070ea1c1e0340 (most recent call first):
  File "/app/./app.py", line 309 in app
  File "/usr/local/lib/python3.13/asyncio/events.py", line 89 in _run
  File "/usr/local/lib/python3.13/asyncio/base_events.py", line 2050 in _run_once
  File "/usr/local/lib/python3.13/asyncio/base_events.py", line 683 in run_forever
  File "/usr/local/lib/python3.13/site-packages/fastpysgi.py", line 90 in multi_run
Worker process added with PID: 14
Worker process added with PID: 15
Worker process added with PID: 17
Worker process added with PID: 20
Worker process added with PID: 23
Worker process added with PID: 25
Worker process added with PID: 27
Worker process added with PID: 29
  File "/usr/local/lib/python3.13/site-packages/fastpysgi.py", line 71 in run
  File "/usr/local/lib/python3.13/site-packages/fastpysgi.py", line 193 in run
  File "/app/./app.py", line 322 in <module>

Extension modules: asyncpg.pgproto.pgproto, asyncpg.protocol.protocol, _fastpysgi (total: 3)
Python/gc.c:1767: PyObject_GC_Track: Assertion failed: object already tracked by the garbage collector
Enable tracemalloc to get the memory block allocation traceback

object address  : 0x70ea1a2276a0
object refcount : 1
FastPySGI server multiple workers listening at http://0.0.0.0:8080
FastPySGI server running on PID: 1
Worker process added with PID: 7
Worker process added with PID: 8
Worker process added with PID: 9
Worker process added with PID: 10
Worker process added with PID: 11
Worker process added with PID: 12
Worker process added with PID: 13
Worker process added with PID: 14
Worker process added with PID: 15
Worker process added with PID: 17
Worker process added with PID: 20
Worker process added with PID: 23
object type     : 0x615fbf59f1a0
object type name: _asyncio.FutureIter
object repr     : <_asyncio.FutureIter object at 0x70ea1a2276a0>

Fatal Python error: _PyObject_AssertFailed: _PyObject_AssertFailed
Python runtime state: initialized

Worker process added with PID: 25
Worker process added with PID: 27
Worker process added with PID: 29
Worker process added with PID: 31
Worker process added with PID: 33
Worker process added with PID: 35
Worker process added with PID: 37
Worker process added with PID: 39
Worker process added with PID: 41
Worker process added with PID: 43
Worker process added with PID: 45
Worker process added with PID: 47
Worker process added with PID: 49
Worker process added with PID: 51
Worker process added with PID: 53
Worker process added with PID: 55
Worker process added with PID: 57
Worker process added with PID: 59
Worker process added with PID: 62
Worker process added with PID: 63
Worker process added with PID: 65
Worker process added with PID: 67
Worker process added with PID: 69
Worker process added with PID: 71
Worker process added with PID: 73
Worker process added with PID: 75
Worker process added with PID: 77
Worker process added with PID: 79
Worker process added with PID: 81
Worker process added with PID: 83
Worker process added with PID: 85
Worker process added with PID: 87
Thread 0x000070ea19f286c0 (most recent call first):
  File "/usr/local/lib/python3.13/concurrent/futures/thread.py", line 90 in _worker
  File "/usr/local/lib/python3.13/threading.py", line 995 in run
  File "/usr/local/lib/python3.13/threading.py", line 1044 in _bootstrap_inner
  File "/usr/local/lib/python3.13/threading.py", line 1015 in _bootstrap

Current thread 0x000070ea1c1e0340 (most recent call first):
  File "/app/./app.py", line 309 in app
  File "/usr/local/lib/python3.13/asyncio/events.py", line 89 in _run
  File "/usr/local/lib/python3.13/asyncio/base_events.py", line 2050 in _run_once
  File "/usr/local/lib/python3.13/asyncio/base_events.py", line 683 in run_forever
  File "/usr/local/lib/python3.13/site-packages/fastpysgi.py", line 90 in multi_run
  File "/usr/local/lib/python3.13/site-packages/fastpysgi.py", line 71 in run
  File "/usr/local/lib/python3.13/site-packages/fastpysgi.py", line 193 in run
  File "/app/./app.py", line 322 in <module>

Extension modules: asyncpg.pgproto.pgproto, asyncpg.protocol.protocol, _fastpysgi (total: 3)
Worker process added with PID: 89
Worker process added with PID: 91
Worker process added with PID: 93
Worker process added with PID: 95
Worker process added with PID: 97
Worker process added with PID: 99
Worker process added with PID: 101
Worker process added with PID: 103
Worker process added with PID: 105
Worker process added with PID: 107
Worker process added with PID: 109
Worker process added with PID: 111
Worker process added with PID: 113
Worker process added with PID: 115
Worker process added with PID: 118
Worker process added with PID: 120
Worker process added with PID: 123
Worker process added with PID: 124
Worker process added with PID: 127
Worker process added with PID: 129
Worker process added with PID: 130
Worker process added with PID: 132
Worker process added with PID: 134
Worker process added with PID: 135
Worker process added with PID: 137
Worker process added with PID: 139
Worker process added with PID: 141
Worker process added with PID: 143
Worker process added with PID: 145
Worker process added with PID: 147
Worker process added with PID: 149
Worker process added with PID: 151
Worker process added with PID: 153
Worker process added with PID: 155
Worker process added with PID: 157
Worker process added with PID: 159
Worker process added with PID: 161
Worker process added with PID: 163
Worker process added with PID: 165
Worker process added with PID: 167
Python/gc.c:1767: PyObject_GC_Track: Assertion failed: object already tracked by the garbage collector
Enable tracemalloc to get the memory block allocation traceback

object address  : 0x70ea1a248be0
object refcount : 1
object type     : 0x615fbf59f1a0
object type name: _asyncio.FutureIter
object repr     : <_asyncio.FutureIter object at 0x70ea1a248be0>

Fatal Python error: _PyObject_AssertFailed: _PyObject_AssertFailed
Python runtime state: initialized

Thread 0x000070ea19f286c0 (most recent call first):
  File "/usr/local/lib/python3.13/concurrent/futures/thread.py", line 90 in _worker
  File "/usr/local/lib/python3.13/threading.py", line 995 in run
  File "/usr/local/lib/python3.13/threading.py", line 1044 in _bootstrap_inner
  File "/usr/local/lib/python3.13/threading.py", line 1015 in _bootstrap

Current thread 0x000070ea1c1e0340 (most recent call first):
  File "/app/./app.py", line 160 in baseline11
  File "/app/./app.py", line 307 in app
  File "/usr/local/lib/python3.13/asyncio/events.py", line 89 in _run
  File "/usr/local/lib/python3.13/asyncio/base_events.py", line 2050 in _run_once
  File "/usr/local/lib/python3.13/asyncio/base_events.py", line 683 in run_forever
  File "/usr/local/lib/python3.13/site-packages/fastpysgi.py", line 90 in multi_run
  File "/usr/local/lib/python3.13/site-packages/fastpysgi.py", line 71 in run
  File "/usr/local/lib/python3.13/site-packages/fastpysgi.py", line 193 in run
  File "/app/./app.py", line 322 in <module>

Extension modules: asyncpg.pgproto.pgproto, asyncpg.protocol.protocol, _fastpysgi (total: 3)
FastPySGI server multiple workers listening at http://0.0.0.0:8080
FastPySGI server running on PID: 1
Worker process added with PID: 7
Worker process added with PID: 8
Worker process added with PID: 9
Worker process added with PID: 10
Worker process added with PID: 11
Worker process added with PID: 12
Worker process added with PID: 13
Worker process added with PID: 14
Worker process added with PID: 15
Worker process added with PID: 17
Worker process added with PID: 20
Worker process added with PID: 23
Worker process added with PID: 25
Worker process added with PID: 27
Worker process added with PID: 29
Worker process added with PID: 31
Worker process added with PID: 33
Worker process added with PID: 35
Worker process added with PID: 37
Worker process added with PID: 39
Worker process added with PID: 41
Worker process added with PID: 43
Worker process added with PID: 45
Worker process added with PID: 47
Worker process added with PID: 49
Worker process added with PID: 51
Worker process added with PID: 53
Worker process added with PID: 55
Worker process added with PID: 57
Worker process added with PID: 59
Worker process added with PID: 62
Worker process added with PID: 63
Worker process added with PID: 65
Worker process added with PID: 67
Worker process added with PID: 69
Worker process added with PID: 71
Worker process added with PID: 73
Worker process added with PID: 75
Worker process added with PID: 77
Worker process added with PID: 79
Worker process added with PID: 81
Worker process added with PID: 83
Worker process added with PID: 85
Worker process added with PID: 87
Worker process added with PID: 89
Worker process added with PID: 91
Worker process added with PID: 93
Worker process added with PID: 95
Worker process added with PID: 97
Worker process added with PID: 99
Worker process added with PID: 101
Worker process added with PID: 103
Worker process added with PID: 105
Python/gc.c:1767: PyObject_GC_Track: Assertion failed: object already tracked by the garbage collector
Enable tracemalloc to get the memory block allocation traceback

object address  : 0x70ea1a249f00
object refcount : 1
object type     : 0x615fbf59f1a0
object type name: _asyncio.FutureIter
object repr     : <_asyncio.FutureIter object at 0x70ea1a249f00>

Fatal Python error: _PyObject_AssertFailed: _PyObject_AssertFailed
Python runtime state: initialized

Thread 0x000070ea19f286c0 (most recent call first):
  File "/usr/local/lib/python3.13/concurrent/futures/thread.py", line 90 in _worker
  File "/usr/local/lib/python3.13/threading.py", line 995 in run
  File "/usr/local/lib/python3.13/threading.py", line 1044 in _bootstrap_inner
  File "/usr/local/lib/python3.13/threading.py", line 1015 in _bootstrap

Current thread 0x000070ea1c1e0340 (most recent call first):
  File "/app/./app.py", line 160 in baseline11
  File "/app/./app.py", line 307 in app
  File "/usr/local/lib/python3.13/asyncio/events.py", line 89 in _run
  File "/usr/local/lib/python3.13/asyncio/base_events.py", line 2050 in _run_once
  File "/usr/local/lib/python3.13/asyncio/base_events.py", line 683 in run_forever
  File "/usr/local/lib/python3.13/site-packages/fastpysgi.py", line 90 in multi_run
  File "/usr/local/lib/python3.13/site-packages/fastpysgi.py", line 71 in run
  File "/usr/local/lib/python3.13/site-packages/fastpysgi.py", line 193 in run
  File "/app/./app.py", line 322 in <module>

Extension modules: asyncpg.pgproto.pgproto, asyncpg.protocol.protocol, _fastpysgi (total: 3)
FastPySGI server multiple workers listening at http://0.0.0.0:8080
FastPySGI server running on PID: 1
Worker process added with PID: 7
Worker process added with PID: 8
Worker process added with PID: 9
Worker process added with PID: 10
Worker process added with PID: 11
Worker process added with PID: 12
Worker process added with PID: 13
Worker process added with PID: 14
Worker process added with PID: 15
Worker process added with PID: 17
Worker process added with PID: 20
Worker process added with PID: 23
Worker process added with PID: 25
Worker process added with PID: 27
Worker process added with PID: 29
Worker process added with PID: 31
Worker process added with PID: 33
Worker process added with PID: 35
Worker process added with PID: 37
Worker process added with PID: 39
Worker process added with PID: 41
Worker process added with PID: 43
Worker process added with PID: 45
Worker process added with PID: 47
Worker process added with PID: 49
Worker process added with PID: 51
Worker process added with PID: 53
Worker process added with PID: 55
Worker process added with PID: 57
BufferError: Existing exports of data: object cannot be re-sized
BufferError: Existing exports of data: object cannot be re-sized
Python/gc.c:1767: PyObject_GC_Track: Assertion failed: object already tracked by the garbage collector
Enable tracemalloc to get the memory block allocation traceback

object address  : 0x70ea1a226fb0
object refcount : 1
object type     : 0x615fbf59f1a0
object type name: _asyncio.FutureIter
object repr     : <_asyncio.FutureIter object at 0x70ea1a226fb0>

Fatal Python error: _PyObject_AssertFailed: _PyObject_AssertFailed
Python runtime state: initialized

Thread 0x000070ea19f286c0 (most recent call first):
  File "/usr/local/lib/python3.13/concurrent/futures/thread.py", line 90 in _worker
  File "/usr/local/lib/python3.13/threading.py", line 995 in run
  File "/usr/local/lib/python3.13/threading.py", line 1044 in _bootstrap_inner
  File "/usr/local/lib/python3.13/threading.py", line 1015 in _bootstrap

Current thread 0x000070ea1c1e0340 (most recent call first):
  File "/app/./app.py", line 160 in baseline11
  File "/app/./app.py", line 307 in app
  File "/usr/local/lib/python3.13/asyncio/events.py", line 89 in _run
  File "/usr/local/lib/python3.13/asyncio/base_events.py", line 2050 in _run_once
  File "/usr/local/lib/python3.13/asyncio/base_events.py", line 683 in run_forever
  File "/usr/local/lib/python3.13/site-packages/fastpysgi.py", line 90 in multi_run
  File "/usr/local/lib/python3.13/site-packages/fastpysgi.py", line 71 in run
  File "/usr/local/lib/python3.13/site-packages/fastpysgi.py", line 193 in run
  File "/app/./app.py", line 322 in <module>

Extension modules: asyncpg.pgproto.pgproto, asyncpg.protocol.protocol, _fastpysgi (total: 3)
BufferError: Existing exports of data: object cannot be re-sized
FastPySGI server multiple workers listening at http://0.0.0.0:8080
FastPySGI server running on PID: 1
Worker process added with PID: 7
Worker process added with PID: 8
Worker process added with PID: 9
Worker process added with PID: 10
Worker process added with PID: 11
Worker process added with PID: 12
Worker process added with PID: 13
Worker process added with PID: 14
Worker process added with PID: 15
Worker process added with PID: 17
Worker process added with PID: 20
Worker process added with PID: 23
Worker process added with PID: 25
Worker process added with PID: 27
Worker process added with PID: 29
Worker process added with PID: 31
Worker process added with PID: 33
Worker process added with PID: 35
Worker process added with PID: 37
Worker process added with PID: 39
Worker process added with PID: 41
Worker process added with PID: 43
Worker process added with PID: 45
Worker process added with PID: 47
Worker process added with PID: 49
Worker process added with PID: 51
Worker process added with PID: 53
Worker process added with PID: 55
Worker process added with PID: 57
Worker process added with PID: 59
Worker process added with PID: 62
Worker process added with PID: 63
Worker process added with PID: 65
Worker process added with PID: 67
Worker process added with PID: 69
Worker process added with PID: 71
Worker process added with PID: 73
Worker process added with PID: 75
Worker process added with PID: 77
Worker process added with PID: 79
Worker process added with PID: 81
Worker process added with PID: 83
Worker process added with PID: 85
Worker process added with PID: 87
Worker process added with PID: 89
Worker process added with PID: 91
Worker process added with PID: 93
Worker process added with PID: 95
Worker process added with PID: 97
Worker process added with PID: 99
Worker process added with PID: 101
Worker process added with PID: 103
Worker process added with PID: 105
Worker process added with PID: 107
Worker process added with PID: 109
Worker process added with PID: 111
Worker process added with PID: 113
Worker process added with PID: 115
Worker process added with PID: 118
Worker process added with PID: 120
Worker process added with PID: 123
Worker process added with PID: 124
Worker process added with PID: 127
Worker process added with PID: 129
Worker process added with PID: 130
Worker process added with PID: 132
Worker process added with PID: 134
BufferError: Existing exports of data: object cannot be re-sized
BufferError: Existing exports of data: object cannot be re-sized
BufferError: Existing exports of data: object cannot be re-sized
BufferError: Existing exports of data: object cannot be re-sized
BufferError: Existing exports of data: object cannot be re-sized
Python/gc.c:1767: PyObject_GC_Track: Assertion failed: object already tracked by the garbage collector
Enable tracemalloc to get the memory block allocation traceback

object address  : 0x70ea1a245b10
object refcount : 1
object type     : 0x615fbf59f1a0
object type name: _asyncio.FutureIter
object repr     : <_asyncio.FutureIter object at 0x70ea1a245b10>

Fatal Python error: _PyObject_AssertFailed: _PyObject_AssertFailed
Python runtime state: initialized

Thread 0x000070ea19f286c0 (most recent call first):
  File "/usr/local/lib/python3.13/concurrent/futures/thread.py", line 90 in _worker
  File "/usr/local/lib/python3.13/threading.py", line 995 in run
  File "/usr/local/lib/python3.13/threading.py", line 1044 in _bootstrap_inner
  File "/usr/local/lib/python3.13/threading.py", line 1015 in _bootstrap

Current thread 0x000070ea1c1e0340 (most recent call first):
  File "/app/./app.py", line 309 in app
  File "/usr/local/lib/python3.13/asyncio/events.py", line 89 in _run
  File "/usr/local/lib/python3.13/asyncio/base_events.py", line 2050 in _run_once
  File "/usr/local/lib/python3.13/asyncio/base_events.py", line 683 in run_forever
  File "/usr/local/lib/python3.13/site-packages/fastpysgi.py", line 90 in multi_run
  File "/usr/local/lib/python3.13/site-packages/fastpysgi.py", line 71 in run
  File "/usr/local/lib/python3.13/site-packages/fastpysgi.py", line 193 in run
  File "/app/./app.py", line 322 in <module>

Extension modules: asyncpg.pgproto.pgproto, asyncpg.protocol.protocol, _fastpysgi (total: 3)
FastPySGI server multiple workers listening at http://0.0.0.0:8080
FastPySGI server running on PID: 1
Worker process added with PID: 7
Worker process added with PID: 8
Worker process added with PID: 9
Worker process added with PID: 10
Worker process added with PID: 11
Worker process added with PID: 12
Worker process added with PID: 13
Worker process added with PID: 14
Worker process added with PID: 15
Worker process added with PID: 17
Worker process added with PID: 20
Worker process added with PID: 23
Worker process added with PID: 25
Worker process added with PID: 27
Worker process added with PID: 29
Worker process added with PID: 31
Worker process added with PID: 33
Worker process added with PID: 35
Python/gc.c:1767: PyObject_GC_Track: Assertion failed: object already tracked by the garbage collector
Enable tracemalloc to get the memory block allocation traceback

object address  : 0x70ea1a225ae0
object refcount : 1
object type     : 0x615fbf59f1a0
object type name: _asyncio.FutureIter
object repr     : <_asyncio.FutureIter object at 0x70ea1a225ae0>

Fatal Python error: _PyObject_AssertFailed: _PyObject_AssertFailed
Python runtime state: initialized

Thread 0x000070ea19f286c0 (most recent call first):
  File "/usr/local/lib/python3.13/concurrent/futures/thread.py", line 90 in _worker
  File "/usr/local/lib/python3.13/threading.py", line 995 in run
  File "/usr/local/lib/python3.13/threading.py", line 1044 in _bootstrap_inner
  File "/usr/local/lib/python3.13/threading.py", line 1015 in _bootstrap

Current thread 0x000070ea1c1e0340 (most recent call first):
  File "/app/./app.py", line 309 in app
  File "/usr/local/lib/python3.13/asyncio/events.py", line 89 in _run
  File "/usr/local/lib/python3.13/asyncio/base_events.py", line 2050 in _run_once
  File "/usr/local/lib/python3.13/asyncio/base_events.py", line 683 in run_forever
  File "/usr/local/lib/python3.13/site-packages/fastpysgi.py", line 90 in multi_run
  File "/usr/local/lib/python3.13/site-packages/fastpysgi.py", line 71 in run
  File "/usr/local/lib/python3.13/site-packages/fastpysgi.py", line 193 in run
  File "/app/./app.py", line 322 in <module>

Extension modules: asyncpg.pgproto.pgproto, asyncpg.protocol.protocol, _fastpysgi (total: 3)
FastPySGI server multiple workers listening at http://0.0.0.0:8080
FastPySGI server running on PID: 1
Worker process added with PID: 7
Worker process added with PID: 8
Worker process added with PID: 9
Worker process added with PID: 10
Worker process added with PID: 11
Worker process added with PID: 12
Worker process added with PID: 13
Worker process added with PID: 14
Worker process added with PID: 15
Worker process added with PID: 17
Worker process added with PID: 20
Worker process added with PID: 23
Worker process added with PID: 25
Worker process added with PID: 27
Worker process added with PID: 29
Worker process added with PID: 31
Worker process added with PID: 33
Worker process added with PID: 35
Worker process added with PID: 37
Worker process added with PID: 39
Worker process added with PID: 41
Worker process added with PID: 43
Worker process added with PID: 45
Worker process added with PID: 47
Worker process added with PID: 49
Worker process added with PID: 51
Worker process added with PID: 53
Worker process added with PID: 55
Worker process added with PID: 57
Worker process added with PID: 59
Worker process added with PID: 62
Worker process added with PID: 63
Worker process added with PID: 65
Worker process added with PID: 67
Worker process added with PID: 69
Worker process added with PID: 71
Worker process added with PID: 73
Worker process added with PID: 75
Worker process added with PID: 77
Worker process added with PID: 79
Worker process added with PID: 81
Worker process added with PID: 83
Worker process added with PID: 85
Worker process added with PID: 87
Worker process added with PID: 89
Worker process added with PID: 91
Worker process added with PID: 93
Worker process added with PID: 95
Worker process added with PID: 97
Worker process added with PID: 99
Worker process added with PID: 101
Worker process added with PID: 103
Worker process added with PID: 105
Worker process added with PID: 107
Worker process added with PID: 109
Worker process added with PID: 111
Worker process added with PID: 113
Python/gc.c:1767: PyObject_GC_Track: Assertion failed: object already tracked by the garbage collector
Enable tracemalloc to get the memory block allocation traceback

object address  : 0x70ea1a2278b0
object refcount : 1
object type     : 0x615fbf59f1a0
object type name: _asyncio.FutureIter
object repr     : <_asyncio.FutureIter object at 0x70ea1a2278b0>

Fatal Python error: _PyObject_AssertFailed: _PyObject_AssertFailed
Python runtime state: initialized

Thread 0x000070ea19f286c0 (most recent call first):
  File "/usr/local/lib/python3.13/concurrent/futures/thread.py", line 90 in _worker
  File "/usr/local/lib/python3.13/threading.py", line 995 in run
  File "/usr/local/lib/python3.13/threading.py", line 1044 in _bootstrap_inner
  File "/usr/local/lib/python3.13/threading.py", line 1015 in _bootstrap

Current thread 0x000070ea1c1e0340 (most recent call first):
  File "/app/./app.py", line 309 in app
  File "/usr/local/lib/python3.13/asyncio/events.py", line 89 in _run
  File "/usr/local/lib/python3.13/asyncio/base_events.py", line 2050 in _run_once
  File "/usr/local/lib/python3.13/asyncio/base_events.py", line 683 in run_forever
  File "/usr/local/lib/python3.13/site-packages/fastpysgi.py", line 90 in multi_run
  File "/usr/local/lib/python3.13/site-packages/fastpysgi.py", line 71 in run
  File "/usr/local/lib/python3.13/site-packages/fastpysgi.py", line 193 in run
  File "/app/./app.py", line 322 in <module>

Extension modules: asyncpg.pgproto.pgproto, asyncpg.protocol.protocol, _fastpysgi (total: 3)
FastPySGI server multiple workers listening at http://0.0.0.0:8080
FastPySGI server running on PID: 1
Worker process added with PID: 7
Worker process added with PID: 8
Worker process added with PID: 9
Worker process added with PID: 10
Worker process added with PID: 11
Worker process added with PID: 12
Worker process added with PID: 13
Worker process added with PID: 14
Worker process added with PID: 15
Worker process added with PID: 17
Worker process added with PID: 20
Worker process added with PID: 23
Worker process added with PID: 25
Worker process added with PID: 27
Worker process added with PID: 29
Worker process added with PID: 31
Worker process added with PID: 33
Worker process added with PID: 35
Worker process added with PID: 37
Worker process added with PID: 39
Worker process added with PID: 41
Worker process added with PID: 43
Worker process added with PID: 45
Worker process added with PID: 47
Worker process added with PID: 49
Worker process added with PID: 51
Worker process added with PID: 53
Worker process added with PID: 55
Worker process added with PID: 57
Worker process added with PID: 59
Worker process added with PID: 62
Worker process added with PID: 63
Worker process added with PID: 65
Worker process added with PID: 67
Worker process added with PID: 69
Worker process added with PID: 71
Worker process added with PID: 73
Worker process added with PID: 75
Worker process added with PID: 77
Worker process added with PID: 79
Worker process added with PID: 81
Worker process added with PID: 83
Worker process added with PID: 85
Python/gc.c:1767: PyObject_GC_Track: Assertion failed: object already tracked by the garbage collector
Enable tracemalloc to get the memory block allocation traceback

object address  : 0x70ea1a247250
object refcount : 1
object type     : 0x615fbf59f1a0
object type name: _asyncio.FutureIter
object repr     : <_asyncio.FutureIter object at 0x70ea1a247250>

Fatal Python error: _PyObject_AssertFailed: _PyObject_AssertFailed
Python runtime state: initialized

Thread 0x000070ea19f286c0 (most recent call first):
  File "/usr/local/lib/python3.13/concurrent/futures/thread.py", line 90 in _worker
  File "/usr/local/lib/python3.13/threading.py", line 995 in run
  File "/usr/local/lib/python3.13/threading.py", line 1044 in _bootstrap_inner
  File "/usr/local/lib/python3.13/threading.py", line 1015 in _bootstrap

Current thread 0x000070ea1c1e0340 (most recent call first):
  File "/app/./app.py", line 309 in app
  File "/usr/local/lib/python3.13/asyncio/events.py", line 89 in _run
  File "/usr/local/lib/python3.13/asyncio/base_events.py", line 2050 in _run_once
  File "/usr/local/lib/python3.13/asyncio/base_events.py", line 683 in run_forever
  File "/usr/local/lib/python3.13/site-packages/fastpysgi.py", line 90 in multi_run
  File "/usr/local/lib/python3.13/site-packages/fastpysgi.py", line 71 in run
  File "/usr/local/lib/python3.13/site-packages/fastpysgi.py", line 193 in run
  File "/app/./app.py", line 322 in <module>

Extension modules: asyncpg.pgproto.pgproto, asyncpg.protocol.protocol, _fastpysgi (total: 3)
FastPySGI server multiple workers listening at http://0.0.0.0:8080
FastPySGI server running on PID: 1
Worker process added with PID: 7
Worker process added with PID: 8
Worker process added with PID: 9
Worker process added with PID: 10
Worker process added with PID: 11
Worker process added with PID: 12
Worker process added with PID: 13
Worker process added with PID: 14
Worker process added with PID: 15
Worker process added with PID: 17
Worker process added with PID: 20
Worker process added with PID: 23
Worker process added with PID: 25
Worker process added with PID: 27
Worker process added with PID: 29
Worker process added with PID: 31
Worker process added with PID: 33
Worker process added with PID: 35
Worker process added with PID: 37
Worker process added with PID: 39
Worker process added with PID: 41
Worker process added with PID: 43
Worker process added with PID: 45
Worker process added with PID: 47
Worker process added with PID: 49
Worker process added with PID: 51
Worker process added with PID: 53
Worker process added with PID: 55
Worker process added with PID: 57
Worker process added with PID: 59
Worker process added with PID: 62
Worker process added with PID: 63
Worker process added with PID: 65
Worker process added with PID: 67
Worker process added with PID: 69
Worker process added with PID: 71
Worker process added with PID: 73
Worker process added with PID: 75
Worker process added with PID: 77
Worker process added with PID: 79
Worker process added with PID: 81
Worker process added with PID: 83
Worker process added with PID: 85
Worker process added with PID: 87
Worker process added with PID: 89
Worker process added with PID: 91
Worker process added with PID: 93
Worker process added with PID: 95
Worker process added with PID: 97
Worker process added with PID: 99
Worker process added with PID: 101
Worker process added with PID: 103
Worker process added with PID: 105
Worker process added with PID: 107
Worker process added with PID: 109
Worker process added with PID: 111
Worker process added with PID: 113
Worker process added with PID: 115
Worker process added with PID: 118
Worker process added with PID: 120
Worker process added with PID: 123
Worker process added with PID: 124
Worker process added with PID: 127
Worker process added with PID: 129
Worker process added with PID: 130
Worker process added with PID: 132
Worker process added with PID: 134
Worker process added with PID: 135
Worker process added with PID: 137
Worker process added with PID: 139
Worker process added with PID: 141
Worker process added with PID: 143
Worker process added with PID: 145
Worker process added with PID: 147
Worker process added with PID: 149
Worker process added with PID: 151
Worker process added with PID: 153
Worker process added with PID: 155
Worker process added with PID: 157
Worker process added with PID: 159
Worker process added with PID: 161
Worker process added with PID: 163
Worker process added with PID: 165
Worker process added with PID: 167
Worker process added with PID: 169
Worker process added with PID: 171
Worker process added with PID: 173
Worker process added with PID: 174
Worker process added with PID: 177
Worker process added with PID: 179
Worker process added with PID: 180
Worker process added with PID: 183
Worker process added with PID: 185
Worker process added with PID: 187
Worker process added with PID: 189
Worker process added with PID: 191
Worker process added with PID: 193
Worker process added with PID: 194
Worker process added with PID: 197
Worker process added with PID: 200
Worker process added with PID: 203
Worker process added with PID: 204
Worker process added with PID: 207
Worker process added with PID: 208
Worker process added with PID: 210
Worker process added with PID: 212
Worker process added with PID: 214
Worker process added with PID: 216
Worker process added with PID: 218
Worker process added with PID: 220
Worker process added with PID: 221
Worker process added with PID: 223
Worker process added with PID: 224
Worker process added with PID: 227
Worker process added with PID: 229
Worker process added with PID: 231
Worker process added with PID: 234
Worker process added with PID: 236
Worker process added with PID: 238
Worker process added with PID: 240
Worker process added with PID: 242
Worker process added with PID: 244
Exception in callback ASGI.receive()
handle: <Handle ASGI.receive()>
Traceback (most recent call last):
  File "/usr/local/lib/python3.13/asyncio/events.py", line 89, in _run
    self._context.run(self._callback, *self._args)
    ~~~~~~~~~~~~~~~~~^^^^^^^^^^^^^^^^^^^^^^^^^^^^^
TypeError: ASGI.receive() takes no arguments (1 given)
