[1] Puma starting in cluster mode...
[1] * Puma version: 6.6.1 ("Return to Forever")
[1] * Ruby version: ruby 3.4.9 (2026-03-11 revision 76cca827ab) +YJIT +PRISM [x86_64-linux]
[1] *  Min threads: 4
[1] *  Max threads: 4
[1] *  Environment: development
[1] *   Master PID: 1
[1] *      Workers: 128
[1] *     Restarts: (✔) hot (✖) phased (✖) refork
[1] * Preloading application
[1] * Listening on http://0.0.0.0:8080
[1] Use Ctrl-C to stop
[1] - Worker 0 (PID: 8) booted in 0.2s, phase: 0
[1] - Worker 1 (PID: 11) booted in 0.2s, phase: 0
[1] - Worker 2 (PID: 17) booted in 0.2s, phase: 0
[1] - Worker 3 (PID: 23) booted in 0.2s, phase: 0
[1] - Worker 4 (PID: 36) booted in 0.2s, phase: 0
[1] - Worker 5 (PID: 45) booted in 0.2s, phase: 0
[1] - Worker 6 (PID: 63) booted in 0.2s, phase: 0
[1] - Worker 7 (PID: 74) booted in 0.19s, phase: 0
[1] - Worker 8 (PID: 87) booted in 0.19s, phase: 0
[1] - Worker 9 (PID: 103) booted in 0.19s, phase: 0
[1] - Worker 10 (PID: 111) booted in 0.19s, phase: 0
[1] - Worker 11 (PID: 124) booted in 0.19s, phase: 0
[1] - Worker 12 (PID: 136) booted in 0.19s, phase: 0
[1] - Worker 13 (PID: 148) booted in 0.19s, phase: 0
[1] - Worker 14 (PID: 172) booted in 0.18s, phase: 0
[1] - Worker 15 (PID: 175) booted in 0.18s, phase: 0
[1] - Worker 16 (PID: 185) booted in 0.18s, phase: 0
[1] - Worker 17 (PID: 195) booted in 0.18s, phase: 0
[1] - Worker 18 (PID: 206) booted in 0.18s, phase: 0
[1] - Worker 19 (PID: 218) booted in 0.18s, phase: 0
[1] - Worker 20 (PID: 229) booted in 0.18s, phase: 0
[1] - Worker 21 (PID: 238) booted in 0.18s, phase: 0
[1] - Worker 22 (PID: 251) booted in 0.18s, phase: 0
[1] - Worker 23 (PID: 261) booted in 0.18s, phase: 0
[1] - Worker 24 (PID: 273) booted in 0.17s, phase: 0
[1] - Worker 25 (PID: 286) booted in 0.17s, phase: 0
[1] - Worker 26 (PID: 298) booted in 0.17s, phase: 0
[1] - Worker 27 (PID: 304) booted in 0.17s, phase: 0
[1] - Worker 28 (PID: 318) booted in 0.17s, phase: 0
[1] - Worker 29 (PID: 340) booted in 0.17s, phase: 0
[1] - Worker 30 (PID: 361) booted in 0.16s, phase: 0
[1] - Worker 31 (PID: 367) booted in 0.16s, phase: 0
[1] - Worker 32 (PID: 370) booted in 0.16s, phase: 0
[1] - Worker 33 (PID: 379) booted in 0.16s, phase: 0
[1] - Worker 34 (PID: 391) booted in 0.16s, phase: 0
[1] - Worker 35 (PID: 399) booted in 0.16s, phase: 0
[1] - Worker 36 (PID: 411) booted in 0.16s, phase: 0
[1] - Worker 37 (PID: 423) booted in 0.16s, phase: 0
[1] - Worker 38 (PID: 435) booted in 0.16s, phase: 0
[1] - Worker 39 (PID: 446) booted in 0.15s, phase: 0
[1] - Worker 40 (PID: 456) booted in 0.15s, phase: 0
[1] - Worker 41 (PID: 467) booted in 0.15s, phase: 0
[1] - Worker 42 (PID: 479) booted in 0.15s, phase: 0
[1] - Worker 43 (PID: 495) booted in 0.15s, phase: 0
[1] - Worker 44 (PID: 503) booted in 0.15s, phase: 0
[1] - Worker 45 (PID: 519) booted in 0.15s, phase: 0
[1] - Worker 46 (PID: 527) booted in 0.15s, phase: 0
[1] - Worker 47 (PID: 537) booted in 0.14s, phase: 0
[1] - Worker 48 (PID: 549) booted in 0.14s, phase: 0
[1] - Worker 49 (PID: 560) booted in 0.14s, phase: 0
[1] - Worker 50 (PID: 592) booted in 0.14s, phase: 0
[1] - Worker 51 (PID: 607) booted in 0.14s, phase: 0
[1] - Worker 52 (PID: 612) booted in 0.14s, phase: 0
[1] - Worker 53 (PID: 622) booted in 0.13s, phase: 0
[1] - Worker 54 (PID: 630) booted in 0.13s, phase: 0
[1] - Worker 55 (PID: 641) booted in 0.13s, phase: 0
[1] - Worker 56 (PID: 654) booted in 0.13s, phase: 0
[1] - Worker 57 (PID: 665) booted in 0.13s, phase: 0
[1] - Worker 58 (PID: 671) booted in 0.13s, phase: 0
[1] - Worker 59 (PID: 682) booted in 0.13s, phase: 0
[1] - Worker 60 (PID: 700) booted in 0.13s, phase: 0
[1] - Worker 61 (PID: 711) booted in 0.12s, phase: 0
[1] - Worker 62 (PID: 726) booted in 0.12s, phase: 0
[1] - Worker 63 (PID: 739) booted in 0.12s, phase: 0
[1] - Worker 64 (PID: 750) booted in 0.12s, phase: 0
[1] - Worker 65 (PID: 762) booted in 0.12s, phase: 0
[1] - Worker 66 (PID: 773) booted in 0.12s, phase: 0
[1] - Worker 67 (PID: 787) booted in 0.12s, phase: 0
[1] - Worker 68 (PID: 802) booted in 0.12s, phase: 0
[1] - Worker 69 (PID: 812) booted in 0.11s, phase: 0
[1] - Worker 70 (PID: 823) booted in 0.11s, phase: 0
[1] - Worker 71 (PID: 837) booted in 0.11s, phase: 0
[1] - Worker 72 (PID: 847) booted in 0.11s, phase: 0
[1] - Worker 73 (PID: 859) booted in 0.11s, phase: 0
[1] - Worker 74 (PID: 872) booted in 0.11s, phase: 0
[1] - Worker 75 (PID: 886) booted in 0.11s, phase: 0
[1] - Worker 76 (PID: 896) booted in 0.11s, phase: 0
[1] - Worker 77 (PID: 910) booted in 0.1s, phase: 0
[1] - Worker 78 (PID: 920) booted in 0.1s, phase: 0
[1] - Worker 79 (PID: 930) booted in 0.1s, phase: 0
[1] - Worker 80 (PID: 946) booted in 0.1s, phase: 0
[1] - Worker 81 (PID: 956) booted in 0.1s, phase: 0
[1] - Worker 82 (PID: 971) booted in 0.1s, phase: 0
[1] - Worker 83 (PID: 983) booted in 0.1s, phase: 0
[1] - Worker 84 (PID: 995) booted in 0.1s, phase: 0
[1] - Worker 85 (PID: 1006) booted in 0.09s, phase: 0
[1] - Worker 86 (PID: 1017) booted in 0.09s, phase: 0
[1] - Worker 87 (PID: 1029) booted in 0.09s, phase: 0
[1] - Worker 88 (PID: 1042) booted in 0.09s, phase: 0
[1] - Worker 89 (PID: 1052) booted in 0.09s, phase: 0
[1] - Worker 90 (PID: 1066) booted in 0.09s, phase: 0
[1] - Worker 91 (PID: 1076) booted in 0.09s, phase: 0
[1] - Worker 92 (PID: 1091) booted in 0.09s, phase: 0
[1] - Worker 93 (PID: 1101) booted in 0.09s, phase: 0
[1] - Worker 94 (PID: 1112) booted in 0.08s, phase: 0
[1] - Worker 95 (PID: 1124) booted in 0.08s, phase: 0
[1] - Worker 96 (PID: 1135) booted in 0.08s, phase: 0
[1] - Worker 97 (PID: 1148) booted in 0.08s, phase: 0
[1] - Worker 98 (PID: 1161) booted in 0.08s, phase: 0
[1] - Worker 99 (PID: 1173) booted in 0.08s, phase: 0
[1] - Worker 100 (PID: 1187) booted in 0.08s, phase: 0
[1] - Worker 101 (PID: 1196) booted in 0.08s, phase: 0
[1] - Worker 102 (PID: 1209) booted in 0.07s, phase: 0
[1] - Worker 103 (PID: 1223) booted in 0.07s, phase: 0
[1] - Worker 104 (PID: 1233) booted in 0.07s, phase: 0
[1] - Worker 105 (PID: 1246) booted in 0.07s, phase: 0
[1] - Worker 106 (PID: 1255) booted in 0.07s, phase: 0
[1] - Worker 107 (PID: 1270) booted in 0.07s, phase: 0
[1] - Worker 108 (PID: 1283) booted in 0.07s, phase: 0
[1] - Worker 109 (PID: 1291) booted in 0.07s, phase: 0
[1] - Worker 110 (PID: 1307) booted in 0.06s, phase: 0
[1] - Worker 111 (PID: 1318) booted in 0.06s, phase: 0
[1] - Worker 112 (PID: 1331) booted in 0.06s, phase: 0
[1] - Worker 113 (PID: 1343) booted in 0.06s, phase: 0
[1] - Worker 114 (PID: 1355) booted in 0.06s, phase: 0
[1] - Worker 115 (PID: 1363) booted in 0.06s, phase: 0
[1] - Worker 116 (PID: 1377) booted in 0.06s, phase: 0
[1] - Worker 117 (PID: 1391) booted in 0.06s, phase: 0
[1] - Worker 118 (PID: 1403) booted in 0.05s, phase: 0
[1] - Worker 119 (PID: 1415) booted in 0.05s, phase: 0
[1] - Worker 120 (PID: 1427) booted in 0.05s, phase: 0
[1] - Worker 121 (PID: 1435) booted in 0.05s, phase: 0
[1] - Worker 122 (PID: 1451) booted in 0.05s, phase: 0
[1] - Worker 123 (PID: 1461) booted in 0.05s, phase: 0
[1] - Worker 124 (PID: 1475) booted in 0.05s, phase: 0
[1] - Worker 125 (PID: 1486) booted in 0.05s, phase: 0
[1] - Worker 126 (PID: 1499) booted in 0.04s, phase: 0
[1] - Worker 127 (PID: 1510) booted in 0.04s, phase: 0
