{"level":"info","ts":1776013780.7184072,"msg":"maxprocs: Leaving GOMAXPROCS=64: CPU quota undefined"}
{"level":"info","ts":1776013780.71843,"msg":"GOMEMLIMIT is updated","GOMEMLIMIT":243039519129,"previous":9223372036854775807}
{"level":"info","ts":1776013780.7184327,"msg":"using config from file","file":"/etc/caddy/Caddyfile"}
{"level":"info","ts":1776013780.7184343,"msg":"adapted config to JSON","adapter":"caddyfile"}
{"level":"warn","ts":1776013780.718437,"logger":"admin","msg":"admin endpoint disabled"}
{"level":"info","ts":1776013780.718601,"logger":"tls.cache.maintenance","msg":"started background certificate maintenance","cache":"0x14114c713e80"}
{"level":"info","ts":1776013780.7188525,"logger":"http.auto_https","msg":"automatic HTTPS is completely disabled for server","server_name":"srv0"}
{"level":"info","ts":1776013780.7188666,"logger":"http.auto_https","msg":"automatic HTTPS is completely disabled for server","server_name":"srv1"}
{"level":"info","ts":1776013780.7261705,"logger":"tls","msg":"cleaning storage unit","storage":"FileStorage:/root/.local/share/caddy"}
{"level":"info","ts":1776013780.7292962,"logger":"tls","msg":"finished cleaning storage units"}
{"level":"info","ts":1776013781.1011724,"logger":"frankenphp","msg":"async worker thread started","worker":"m#/app/worker.php","thread":1}
{"level":"info","ts":1776013781.1013155,"logger":"frankenphp","msg":"async worker thread started","worker":"m#/app/worker.php","thread":3}
{"level":"info","ts":1776013781.101368,"logger":"frankenphp","msg":"async worker thread started","worker":"m#/app/worker.php","thread":4}
{"level":"info","ts":1776013781.101438,"logger":"frankenphp","msg":"async worker thread started","worker":"m#/app/worker.php","thread":5}
{"level":"info","ts":1776013781.1012843,"logger":"frankenphp","msg":"async worker thread started","worker":"m#/app/worker.php","thread":2}
{"level":"info","ts":1776013781.101458,"logger":"frankenphp","msg":"async worker thread started","worker":"m#/app/worker.php","thread":6}
{"level":"info","ts":1776013781.1015043,"logger":"frankenphp","msg":"async worker thread started","worker":"m#/app/worker.php","thread":7}
{"level":"info","ts":1776013781.1016264,"logger":"frankenphp","msg":"async worker thread started","worker":"m#/app/worker.php","thread":8}
{"level":"info","ts":1776013781.1016612,"logger":"frankenphp","msg":"async worker thread started","worker":"m#/app/worker.php","thread":11}
{"level":"info","ts":1776013781.102095,"logger":"frankenphp","msg":"async worker thread started","worker":"m#/app/worker.php","thread":12}
{"level":"info","ts":1776013781.1016266,"logger":"frankenphp","msg":"async worker thread started","worker":"m#/app/worker.php","thread":10}
{"level":"info","ts":1776013781.1022458,"logger":"frankenphp","msg":"async worker thread started","worker":"m#/app/worker.php","thread":14}
{"level":"info","ts":1776013781.102078,"logger":"frankenphp","msg":"async worker thread started","worker":"m#/app/worker.php","thread":13}
{"level":"info","ts":1776013781.1016266,"logger":"frankenphp","msg":"async worker thread started","worker":"m#/app/worker.php","thread":9}
{"level":"info","ts":1776013781.1024187,"logger":"frankenphp","msg":"async worker thread started","worker":"m#/app/worker.php","thread":15}
{"level":"info","ts":1776013781.1025257,"logger":"frankenphp","msg":"async worker thread started","worker":"m#/app/worker.php","thread":16}
{"level":"info","ts":1776013781.1026142,"logger":"frankenphp","msg":"async worker thread started","worker":"m#/app/worker.php","thread":17}
{"level":"info","ts":1776013781.1027071,"logger":"frankenphp","msg":"async worker thread started","worker":"m#/app/worker.php","thread":18}
{"level":"info","ts":1776013781.1027634,"logger":"frankenphp","msg":"async worker thread started","worker":"m#/app/worker.php","thread":19}
{"level":"info","ts":1776013781.1029193,"logger":"frankenphp","msg":"async worker thread started","worker":"m#/app/worker.php","thread":20}
{"level":"info","ts":1776013781.1030743,"logger":"frankenphp","msg":"async worker thread started","worker":"m#/app/worker.php","thread":21}
{"level":"info","ts":1776013781.108253,"logger":"frankenphp","msg":"async worker thread started","worker":"m#/app/worker.php","thread":22}
{"level":"info","ts":1776013781.108329,"logger":"frankenphp","msg":"async worker thread started","worker":"m#/app/worker.php","thread":23}
{"level":"info","ts":1776013781.1084146,"logger":"frankenphp","msg":"async worker thread started","worker":"m#/app/worker.php","thread":24}
{"level":"info","ts":1776013781.108426,"logger":"frankenphp","msg":"async worker thread started","worker":"m#/app/worker.php","thread":25}
{"level":"info","ts":1776013781.1085005,"logger":"frankenphp","msg":"async worker thread started","worker":"m#/app/worker.php","thread":26}
{"level":"info","ts":1776013781.108512,"logger":"frankenphp","msg":"async worker thread started","worker":"m#/app/worker.php","thread":27}
{"level":"info","ts":1776013781.1085851,"logger":"frankenphp","msg":"async worker thread started","worker":"m#/app/worker.php","thread":28}
{"level":"info","ts":1776013781.1262896,"logger":"frankenphp","msg":"async worker thread started","worker":"m#/app/worker.php","thread":29}
{"level":"info","ts":1776013781.1263707,"logger":"frankenphp","msg":"async worker thread started","worker":"m#/app/worker.php","thread":30}
{"level":"info","ts":1776013781.1263945,"logger":"frankenphp","msg":"async worker thread started","worker":"m#/app/worker.php","thread":31}
{"level":"info","ts":1776013781.1264706,"logger":"frankenphp","msg":"async worker thread started","worker":"m#/app/worker.php","thread":32}
{"level":"info","ts":1776013781.1265469,"logger":"frankenphp","msg":"async worker thread started","worker":"m#/app/worker.php","thread":33}
{"level":"info","ts":1776013781.1265883,"logger":"frankenphp","msg":"async worker thread started","worker":"m#/app/worker.php","thread":34}
{"level":"info","ts":1776013781.12669,"logger":"frankenphp","msg":"async worker thread started","worker":"m#/app/worker.php","thread":35}
{"level":"info","ts":1776013781.126789,"logger":"frankenphp","msg":"async worker thread started","worker":"m#/app/worker.php","thread":36}
{"level":"info","ts":1776013781.126883,"logger":"frankenphp","msg":"async worker thread started","worker":"m#/app/worker.php","thread":37}
{"level":"info","ts":1776013781.1269212,"logger":"frankenphp","msg":"async worker thread started","worker":"m#/app/worker.php","thread":38}
{"level":"info","ts":1776013781.127011,"logger":"frankenphp","msg":"async worker thread started","worker":"m#/app/worker.php","thread":40}
{"level":"info","ts":1776013781.126924,"logger":"frankenphp","msg":"async worker thread started","worker":"m#/app/worker.php","thread":39}
{"level":"info","ts":1776013781.1271226,"logger":"frankenphp","msg":"async worker thread started","worker":"m#/app/worker.php","thread":42}
{"level":"info","ts":1776013781.1271286,"logger":"frankenphp","msg":"async worker thread started","worker":"m#/app/worker.php","thread":41}
{"level":"info","ts":1776013781.1271143,"logger":"frankenphp","msg":"async worker thread started","worker":"m#/app/worker.php","thread":43}
{"level":"info","ts":1776013781.1271741,"logger":"frankenphp","msg":"async worker thread started","worker":"m#/app/worker.php","thread":44}
{"level":"info","ts":1776013781.1272678,"logger":"frankenphp","msg":"async worker thread started","worker":"m#/app/worker.php","thread":45}
{"level":"info","ts":1776013781.127315,"logger":"frankenphp","msg":"async worker thread started","worker":"m#/app/worker.php","thread":46}
{"level":"info","ts":1776013781.1273549,"logger":"frankenphp","msg":"async worker thread started","worker":"m#/app/worker.php","thread":47}
{"level":"info","ts":1776013781.1273959,"logger":"frankenphp","msg":"async worker thread started","worker":"m#/app/worker.php","thread":48}
{"level":"info","ts":1776013781.144314,"logger":"frankenphp","msg":"async worker thread started","worker":"m#/app/worker.php","thread":49}
{"level":"info","ts":1776013781.1443877,"logger":"frankenphp","msg":"async worker thread started","worker":"m#/app/worker.php","thread":50}
{"level":"info","ts":1776013781.1444528,"logger":"frankenphp","msg":"async worker thread started","worker":"m#/app/worker.php","thread":51}
{"level":"info","ts":1776013781.1445038,"logger":"frankenphp","msg":"async worker thread started","worker":"m#/app/worker.php","thread":52}
{"level":"info","ts":1776013781.1445868,"logger":"frankenphp","msg":"async worker thread started","worker":"m#/app/worker.php","thread":53}
{"level":"info","ts":1776013781.1445973,"logger":"frankenphp","msg":"async worker thread started","worker":"m#/app/worker.php","thread":54}
{"level":"info","ts":1776013781.1446645,"logger":"frankenphp","msg":"async worker thread started","worker":"m#/app/worker.php","thread":55}
{"level":"info","ts":1776013781.1447399,"logger":"frankenphp","msg":"async worker thread started","worker":"m#/app/worker.php","thread":56}
{"level":"info","ts":1776013781.14476,"logger":"frankenphp","msg":"async worker thread started","worker":"m#/app/worker.php","thread":57}
{"level":"info","ts":1776013781.1448236,"logger":"frankenphp","msg":"async worker thread started","worker":"m#/app/worker.php","thread":58}
{"level":"info","ts":1776013781.144849,"logger":"frankenphp","msg":"async worker thread started","worker":"m#/app/worker.php","thread":59}
{"level":"info","ts":1776013781.1449091,"logger":"frankenphp","msg":"async worker thread started","worker":"m#/app/worker.php","thread":60}
{"level":"info","ts":1776013781.1449509,"logger":"frankenphp","msg":"async worker thread started","worker":"m#/app/worker.php","thread":61}
{"level":"info","ts":1776013781.1450207,"logger":"frankenphp","msg":"async worker thread started","worker":"m#/app/worker.php","thread":62}
{"level":"info","ts":1776013781.1450393,"logger":"frankenphp","msg":"async worker thread started","worker":"m#/app/worker.php","thread":63}
{"level":"info","ts":1776013781.1450953,"logger":"frankenphp","msg":"async worker thread started","worker":"m#/app/worker.php","thread":64}
{"level":"info","ts":1776013781.1451206,"logger":"frankenphp","msg":"async worker thread started","worker":"m#/app/worker.php","thread":65}
{"level":"info","ts":1776013781.1452396,"logger":"frankenphp","msg":"async worker thread started","worker":"m#/app/worker.php","thread":66}
{"level":"info","ts":1776013781.1452584,"logger":"frankenphp","msg":"async worker thread started","worker":"m#/app/worker.php","thread":67}
{"level":"info","ts":1776013781.1453717,"logger":"frankenphp","msg":"async worker thread started","worker":"m#/app/worker.php","thread":68}
{"level":"info","ts":1776013781.145398,"logger":"frankenphp","msg":"async worker thread started","worker":"m#/app/worker.php","thread":69}
{"level":"info","ts":1776013781.1454964,"logger":"frankenphp","msg":"async worker thread started","worker":"m#/app/worker.php","thread":70}
{"level":"info","ts":1776013781.1455653,"logger":"frankenphp","msg":"async worker thread started","worker":"m#/app/worker.php","thread":72}
{"level":"info","ts":1776013781.1455774,"logger":"frankenphp","msg":"async worker thread started","worker":"m#/app/worker.php","thread":73}
{"level":"info","ts":1776013781.1455061,"logger":"frankenphp","msg":"async worker thread started","worker":"m#/app/worker.php","thread":71}
{"level":"info","ts":1776013781.1456666,"logger":"frankenphp","msg":"async worker thread started","worker":"m#/app/worker.php","thread":74}
{"level":"info","ts":1776013781.1456761,"logger":"frankenphp","msg":"async worker thread started","worker":"m#/app/worker.php","thread":75}
{"level":"info","ts":1776013781.1457493,"logger":"frankenphp","msg":"async worker thread started","worker":"m#/app/worker.php","thread":76}
{"level":"info","ts":1776013781.145785,"logger":"frankenphp","msg":"async worker thread started","worker":"m#/app/worker.php","thread":77}
{"level":"info","ts":1776013781.145966,"logger":"frankenphp","msg":"async worker thread started","worker":"m#/app/worker.php","thread":83}
{"level":"info","ts":1776013781.1459029,"logger":"frankenphp","msg":"async worker thread started","worker":"m#/app/worker.php","thread":80}
{"level":"info","ts":1776013781.1458783,"logger":"frankenphp","msg":"async worker thread started","worker":"m#/app/worker.php","thread":78}
{"level":"info","ts":1776013781.145886,"logger":"frankenphp","msg":"async worker thread started","worker":"m#/app/worker.php","thread":79}
{"level":"info","ts":1776013781.145944,"logger":"frankenphp","msg":"async worker thread started","worker":"m#/app/worker.php","thread":81}
{"level":"info","ts":1776013781.1459522,"logger":"frankenphp","msg":"async worker thread started","worker":"m#/app/worker.php","thread":82}
{"level":"info","ts":1776013781.146956,"logger":"frankenphp","msg":"async worker thread started","worker":"m#/app/worker.php","thread":84}
{"level":"info","ts":1776013781.1470182,"logger":"frankenphp","msg":"async worker thread started","worker":"m#/app/worker.php","thread":85}
{"level":"info","ts":1776013781.1470716,"logger":"frankenphp","msg":"async worker thread started","worker":"m#/app/worker.php","thread":86}
{"level":"info","ts":1776013781.1471016,"logger":"frankenphp","msg":"async worker thread started","worker":"m#/app/worker.php","thread":87}
{"level":"info","ts":1776013781.1472373,"logger":"frankenphp","msg":"async worker thread started","worker":"m#/app/worker.php","thread":88}
{"level":"info","ts":1776013781.1474032,"logger":"frankenphp","msg":"async worker thread started","worker":"m#/app/worker.php","thread":89}
{"level":"info","ts":1776013781.147477,"logger":"frankenphp","msg":"async worker thread started","worker":"m#/app/worker.php","thread":90}
{"level":"info","ts":1776013781.1534152,"logger":"frankenphp","msg":"async worker thread started","worker":"m#/app/worker.php","thread":91}
{"level":"info","ts":1776013781.1534882,"logger":"frankenphp","msg":"async worker thread started","worker":"m#/app/worker.php","thread":93}
{"level":"info","ts":1776013781.1534467,"logger":"frankenphp","msg":"async worker thread started","worker":"m#/app/worker.php","thread":92}
{"level":"info","ts":1776013781.1535478,"logger":"frankenphp","msg":"async worker thread started","worker":"m#/app/worker.php","thread":94}
{"level":"info","ts":1776013781.1536129,"logger":"frankenphp","msg":"async worker thread started","worker":"m#/app/worker.php","thread":95}
{"level":"info","ts":1776013781.153753,"logger":"frankenphp","msg":"async worker thread started","worker":"m#/app/worker.php","thread":97}
{"level":"info","ts":1776013781.1537592,"logger":"frankenphp","msg":"async worker thread started","worker":"m#/app/worker.php","thread":96}
{"level":"info","ts":1776013781.1537735,"logger":"frankenphp","msg":"async worker thread started","worker":"m#/app/worker.php","thread":98}
{"level":"info","ts":1776013781.1539073,"logger":"frankenphp","msg":"async worker thread started","worker":"m#/app/worker.php","thread":101}
{"level":"info","ts":1776013781.1538491,"logger":"frankenphp","msg":"async worker thread started","worker":"m#/app/worker.php","thread":100}
{"level":"info","ts":1776013781.1538496,"logger":"frankenphp","msg":"async worker thread started","worker":"m#/app/worker.php","thread":99}
{"level":"info","ts":1776013781.1539333,"logger":"frankenphp","msg":"async worker thread started","worker":"m#/app/worker.php","thread":102}
{"level":"info","ts":1776013781.1539955,"logger":"frankenphp","msg":"async worker thread started","worker":"m#/app/worker.php","thread":103}
{"level":"info","ts":1776013781.1540878,"logger":"frankenphp","msg":"async worker thread started","worker":"m#/app/worker.php","thread":104}
{"level":"info","ts":1776013781.1541216,"logger":"frankenphp","msg":"async worker thread started","worker":"m#/app/worker.php","thread":105}
{"level":"info","ts":1776013781.1541202,"logger":"frankenphp","msg":"async worker thread started","worker":"m#/app/worker.php","thread":107}
{"level":"info","ts":1776013781.154096,"logger":"frankenphp","msg":"async worker thread started","worker":"m#/app/worker.php","thread":106}
{"level":"info","ts":1776013781.1542616,"logger":"frankenphp","msg":"async worker thread started","worker":"m#/app/worker.php","thread":109}
{"level":"info","ts":1776013781.1543162,"logger":"frankenphp","msg":"async worker thread started","worker":"m#/app/worker.php","thread":110}
{"level":"info","ts":1776013781.1543224,"logger":"frankenphp","msg":"async worker thread started","worker":"m#/app/worker.php","thread":111}
{"level":"info","ts":1776013781.1541548,"logger":"frankenphp","msg":"async worker thread started","worker":"m#/app/worker.php","thread":108}
{"level":"info","ts":1776013781.1548288,"logger":"frankenphp","msg":"async worker thread started","worker":"m#/app/worker.php","thread":112}
{"level":"info","ts":1776013781.154907,"logger":"frankenphp","msg":"async worker thread started","worker":"m#/app/worker.php","thread":113}
{"level":"info","ts":1776013781.1549134,"logger":"frankenphp","msg":"async worker thread started","worker":"m#/app/worker.php","thread":121}
{"level":"info","ts":1776013781.1549428,"logger":"frankenphp","msg":"async worker thread started","worker":"m#/app/worker.php","thread":120}
{"level":"info","ts":1776013781.1549513,"logger":"frankenphp","msg":"async worker thread started","worker":"m#/app/worker.php","thread":117}
{"level":"info","ts":1776013781.1549926,"logger":"frankenphp","msg":"async worker thread started","worker":"m#/app/worker.php","thread":114}
{"level":"info","ts":1776013781.1550047,"logger":"frankenphp","msg":"async worker thread started","worker":"m#/app/worker.php","thread":122}
{"level":"info","ts":1776013781.1549082,"logger":"frankenphp","msg":"async worker thread started","worker":"m#/app/worker.php","thread":119}
{"level":"info","ts":1776013781.154912,"logger":"frankenphp","msg":"async worker thread started","worker":"m#/app/worker.php","thread":116}
{"level":"info","ts":1776013781.1550794,"logger":"frankenphp","msg":"async worker thread started","worker":"m#/app/worker.php","thread":118}
{"level":"info","ts":1776013781.1550987,"logger":"frankenphp","msg":"async worker thread started","worker":"m#/app/worker.php","thread":115}
{"level":"info","ts":1776013781.1551752,"logger":"frankenphp","msg":"async worker thread started","worker":"m#/app/worker.php","thread":124}
{"level":"info","ts":1776013781.1551807,"logger":"frankenphp","msg":"async worker thread started","worker":"m#/app/worker.php","thread":125}
{"level":"info","ts":1776013781.1551971,"logger":"frankenphp","msg":"async worker thread started","worker":"m#/app/worker.php","thread":126}
{"level":"info","ts":1776013781.1552725,"logger":"frankenphp","msg":"async worker thread started","worker":"m#/app/worker.php_0","thread":129}
{"level":"info","ts":1776013781.15527,"logger":"frankenphp","msg":"async worker thread started","worker":"m#/app/worker.php","thread":123}
{"level":"info","ts":1776013781.1552765,"logger":"frankenphp","msg":"async worker thread started","worker":"m#/app/worker.php","thread":128}
{"level":"info","ts":1776013781.1552827,"logger":"frankenphp","msg":"async worker thread started","worker":"m#/app/worker.php_0","thread":130}
{"level":"info","ts":1776013781.1552708,"logger":"frankenphp","msg":"async worker thread started","worker":"m#/app/worker.php","thread":127}
{"level":"info","ts":1776013781.1553526,"logger":"frankenphp","msg":"async worker thread started","worker":"m#/app/worker.php_0","thread":131}
{"level":"info","ts":1776013781.1553562,"logger":"frankenphp","msg":"async worker thread started","worker":"m#/app/worker.php_0","thread":132}
{"level":"info","ts":1776013781.1554363,"logger":"frankenphp","msg":"async worker thread started","worker":"m#/app/worker.php_0","thread":133}
{"level":"info","ts":1776013781.1554782,"logger":"frankenphp","msg":"async worker thread started","worker":"m#/app/worker.php_0","thread":135}
{"level":"info","ts":1776013781.1554956,"logger":"frankenphp","msg":"async worker thread started","worker":"m#/app/worker.php_0","thread":134}
{"level":"info","ts":1776013781.1555614,"logger":"frankenphp","msg":"async worker thread started","worker":"m#/app/worker.php_0","thread":136}
{"level":"info","ts":1776013781.1556458,"logger":"frankenphp","msg":"async worker thread started","worker":"m#/app/worker.php_0","thread":137}
{"level":"info","ts":1776013781.1556542,"logger":"frankenphp","msg":"async worker thread started","worker":"m#/app/worker.php_0","thread":138}
{"level":"info","ts":1776013781.1556675,"logger":"frankenphp","msg":"async worker thread started","worker":"m#/app/worker.php_0","thread":139}
{"level":"info","ts":1776013781.1557343,"logger":"frankenphp","msg":"async worker thread started","worker":"m#/app/worker.php_0","thread":140}
{"level":"info","ts":1776013781.1557913,"logger":"frankenphp","msg":"async worker thread started","worker":"m#/app/worker.php_0","thread":141}
{"level":"info","ts":1776013781.1557984,"logger":"frankenphp","msg":"async worker thread started","worker":"m#/app/worker.php_0","thread":142}
{"level":"info","ts":1776013781.1558673,"logger":"frankenphp","msg":"async worker thread started","worker":"m#/app/worker.php_0","thread":143}
{"level":"info","ts":1776013781.1558888,"logger":"frankenphp","msg":"async worker thread started","worker":"m#/app/worker.php_0","thread":145}
{"level":"info","ts":1776013781.1559246,"logger":"frankenphp","msg":"async worker thread started","worker":"m#/app/worker.php_0","thread":146}
{"level":"info","ts":1776013781.1558795,"logger":"frankenphp","msg":"async worker thread started","worker":"m#/app/worker.php_0","thread":144}
{"level":"info","ts":1776013781.1559696,"logger":"frankenphp","msg":"async worker thread started","worker":"m#/app/worker.php_0","thread":147}
{"level":"info","ts":1776013781.1560404,"logger":"frankenphp","msg":"async worker thread started","worker":"m#/app/worker.php_0","thread":148}
{"level":"info","ts":1776013781.1561568,"logger":"frankenphp","msg":"async worker thread started","worker":"m#/app/worker.php_0","thread":149}
{"level":"info","ts":1776013781.1561651,"logger":"frankenphp","msg":"async worker thread started","worker":"m#/app/worker.php_0","thread":150}
{"level":"info","ts":1776013781.1562355,"logger":"frankenphp","msg":"async worker thread started","worker":"m#/app/worker.php_0","thread":151}
{"level":"info","ts":1776013781.1562474,"logger":"frankenphp","msg":"async worker thread started","worker":"m#/app/worker.php_0","thread":152}
{"level":"info","ts":1776013781.1563187,"logger":"frankenphp","msg":"async worker thread started","worker":"m#/app/worker.php_0","thread":153}
{"level":"info","ts":1776013781.1563663,"logger":"frankenphp","msg":"async worker thread started","worker":"m#/app/worker.php_0","thread":155}
{"level":"info","ts":1776013781.156407,"logger":"frankenphp","msg":"async worker thread started","worker":"m#/app/worker.php_0","thread":156}
{"level":"info","ts":1776013781.156328,"logger":"frankenphp","msg":"async worker thread started","worker":"m#/app/worker.php_0","thread":154}
{"level":"info","ts":1776013781.1564891,"logger":"frankenphp","msg":"async worker thread started","worker":"m#/app/worker.php_0","thread":157}
{"level":"info","ts":1776013781.1565042,"logger":"frankenphp","msg":"async worker thread started","worker":"m#/app/worker.php_0","thread":158}
{"level":"info","ts":1776013781.156584,"logger":"frankenphp","msg":"async worker thread started","worker":"m#/app/worker.php_0","thread":160}
{"level":"info","ts":1776013781.1565897,"logger":"frankenphp","msg":"async worker thread started","worker":"m#/app/worker.php_0","thread":161}
{"level":"info","ts":1776013781.1566849,"logger":"frankenphp","msg":"async worker thread started","worker":"m#/app/worker.php_0","thread":159}
{"level":"info","ts":1776013781.1566923,"logger":"frankenphp","msg":"async worker thread started","worker":"m#/app/worker.php_0","thread":163}
{"level":"info","ts":1776013781.156762,"logger":"frankenphp","msg":"async worker thread started","worker":"m#/app/worker.php_0","thread":162}
{"level":"info","ts":1776013781.1567683,"logger":"frankenphp","msg":"async worker thread started","worker":"m#/app/worker.php_0","thread":165}
{"level":"info","ts":1776013781.156846,"logger":"frankenphp","msg":"async worker thread started","worker":"m#/app/worker.php_0","thread":167}
{"level":"info","ts":1776013781.1568625,"logger":"frankenphp","msg":"async worker thread started","worker":"m#/app/worker.php_0","thread":164}
{"level":"info","ts":1776013781.1568608,"logger":"frankenphp","msg":"async worker thread started","worker":"m#/app/worker.php_0","thread":168}
{"level":"info","ts":1776013781.156884,"logger":"frankenphp","msg":"async worker thread started","worker":"m#/app/worker.php_0","thread":169}
{"level":"info","ts":1776013781.1568468,"logger":"frankenphp","msg":"async worker thread started","worker":"m#/app/worker.php_0","thread":166}
{"level":"info","ts":1776013781.1750197,"logger":"frankenphp","msg":"async worker thread started","worker":"m#/app/worker.php_0","thread":171}
{"level":"info","ts":1776013781.1750145,"logger":"frankenphp","msg":"async worker thread started","worker":"m#/app/worker.php_0","thread":170}
{"level":"info","ts":1776013781.1750329,"logger":"frankenphp","msg":"async worker thread started","worker":"m#/app/worker.php_0","thread":172}
{"level":"info","ts":1776013781.1750963,"logger":"frankenphp","msg":"async worker thread started","worker":"m#/app/worker.php_0","thread":173}
{"level":"info","ts":1776013781.1751559,"logger":"frankenphp","msg":"async worker thread started","worker":"m#/app/worker.php_0","thread":174}
{"level":"info","ts":1776013781.1752417,"logger":"frankenphp","msg":"async worker thread started","worker":"m#/app/worker.php_0","thread":175}
{"level":"info","ts":1776013781.1752584,"logger":"frankenphp","msg":"async worker thread started","worker":"m#/app/worker.php_0","thread":176}
{"level":"info","ts":1776013781.1753037,"logger":"frankenphp","msg":"async worker thread started","worker":"m#/app/worker.php_0","thread":177}
{"level":"info","ts":1776013781.175334,"logger":"frankenphp","msg":"async worker thread started","worker":"m#/app/worker.php_0","thread":179}
{"level":"info","ts":1776013781.1753287,"logger":"frankenphp","msg":"async worker thread started","worker":"m#/app/worker.php_0","thread":178}
{"level":"info","ts":1776013781.1754084,"logger":"frankenphp","msg":"async worker thread started","worker":"m#/app/worker.php_0","thread":180}
{"level":"info","ts":1776013781.1754262,"logger":"frankenphp","msg":"async worker thread started","worker":"m#/app/worker.php_0","thread":181}
{"level":"info","ts":1776013781.1755052,"logger":"frankenphp","msg":"async worker thread started","worker":"m#/app/worker.php_0","thread":182}
{"level":"info","ts":1776013781.1755097,"logger":"frankenphp","msg":"async worker thread started","worker":"m#/app/worker.php_0","thread":183}
{"level":"info","ts":1776013781.1755805,"logger":"frankenphp","msg":"async worker thread started","worker":"m#/app/worker.php_0","thread":184}
{"level":"info","ts":1776013781.1758099,"logger":"frankenphp","msg":"async worker thread started","worker":"m#/app/worker.php_0","thread":188}
{"level":"info","ts":1776013781.175822,"logger":"frankenphp","msg":"async worker thread started","worker":"m#/app/worker.php_0","thread":189}
{"level":"info","ts":1776013781.1758304,"logger":"frankenphp","msg":"async worker thread started","worker":"m#/app/worker.php_0","thread":186}
{"level":"info","ts":1776013781.1758366,"logger":"frankenphp","msg":"async worker thread started","worker":"m#/app/worker.php_0","thread":185}
{"level":"info","ts":1776013781.175867,"logger":"frankenphp","msg":"async worker thread started","worker":"m#/app/worker.php_0","thread":187}
{"level":"info","ts":1776013781.1758544,"logger":"frankenphp","msg":"async worker thread started","worker":"m#/app/worker.php_0","thread":191}
{"level":"info","ts":1776013781.175884,"logger":"frankenphp","msg":"async worker thread started","worker":"m#/app/worker.php_0","thread":190}
{"level":"info","ts":1776013781.17589,"logger":"frankenphp","msg":"async worker thread started","worker":"m#/app/worker.php_0","thread":193}
{"level":"info","ts":1776013781.175895,"logger":"frankenphp","msg":"async worker thread started","worker":"m#/app/worker.php_0","thread":194}
{"level":"info","ts":1776013781.1759682,"logger":"frankenphp","msg":"async worker thread started","worker":"m#/app/worker.php_0","thread":195}
{"level":"info","ts":1776013781.1758687,"logger":"frankenphp","msg":"async worker thread started","worker":"m#/app/worker.php_0","thread":192}
{"level":"info","ts":1776013781.1760216,"logger":"frankenphp","msg":"async worker thread started","worker":"m#/app/worker.php_0","thread":197}
{"level":"info","ts":1776013781.1759741,"logger":"frankenphp","msg":"async worker thread started","worker":"m#/app/worker.php_0","thread":196}
{"level":"info","ts":1776013781.1760595,"logger":"frankenphp","msg":"async worker thread started","worker":"m#/app/worker.php_0","thread":198}
{"level":"info","ts":1776013781.1761615,"logger":"frankenphp","msg":"async worker thread started","worker":"m#/app/worker.php_0","thread":200}
{"level":"info","ts":1776013781.1762145,"logger":"frankenphp","msg":"async worker thread started","worker":"m#/app/worker.php_0","thread":199}
{"level":"info","ts":1776013781.176293,"logger":"frankenphp","msg":"async worker thread started","worker":"m#/app/worker.php_0","thread":201}
{"level":"info","ts":1776013781.1763844,"logger":"frankenphp","msg":"async worker thread started","worker":"m#/app/worker.php_0","thread":204}
{"level":"info","ts":1776013781.1763837,"logger":"frankenphp","msg":"async worker thread started","worker":"m#/app/worker.php_0","thread":203}
{"level":"info","ts":1776013781.176386,"logger":"frankenphp","msg":"async worker thread started","worker":"m#/app/worker.php_0","thread":202}
{"level":"info","ts":1776013781.1764603,"logger":"frankenphp","msg":"async worker thread started","worker":"m#/app/worker.php_0","thread":205}
{"level":"info","ts":1776013781.1765351,"logger":"frankenphp","msg":"async worker thread started","worker":"m#/app/worker.php_0","thread":206}
{"level":"info","ts":1776013781.1766057,"logger":"frankenphp","msg":"async worker thread started","worker":"m#/app/worker.php_0","thread":207}
{"level":"info","ts":1776013781.176624,"logger":"frankenphp","msg":"async worker thread started","worker":"m#/app/worker.php_0","thread":209}
{"level":"info","ts":1776013781.1766927,"logger":"frankenphp","msg":"async worker thread started","worker":"m#/app/worker.php_0","thread":211}
{"level":"info","ts":1776013781.1766937,"logger":"frankenphp","msg":"async worker thread started","worker":"m#/app/worker.php_0","thread":210}
{"level":"info","ts":1776013781.176608,"logger":"frankenphp","msg":"async worker thread started","worker":"m#/app/worker.php_0","thread":208}
{"level":"info","ts":1776013781.1767917,"logger":"frankenphp","msg":"async worker thread started","worker":"m#/app/worker.php_0","thread":213}
{"level":"info","ts":1776013781.1768723,"logger":"frankenphp","msg":"async worker thread started","worker":"m#/app/worker.php_0","thread":214}
{"level":"info","ts":1776013781.1769476,"logger":"frankenphp","msg":"async worker thread started","worker":"m#/app/worker.php_0","thread":215}
{"level":"info","ts":1776013781.1769614,"logger":"frankenphp","msg":"async worker thread started","worker":"m#/app/worker.php_0","thread":216}
{"level":"info","ts":1776013781.1769693,"logger":"frankenphp","msg":"async worker thread started","worker":"m#/app/worker.php_0","thread":212}
{"level":"info","ts":1776013781.1769674,"logger":"frankenphp","msg":"async worker thread started","worker":"m#/app/worker.php_0","thread":217}
{"level":"info","ts":1776013781.1770222,"logger":"frankenphp","msg":"async worker thread started","worker":"m#/app/worker.php_0","thread":218}
{"level":"info","ts":1776013781.1770418,"logger":"frankenphp","msg":"async worker thread started","worker":"m#/app/worker.php_0","thread":219}
{"level":"info","ts":1776013781.1771114,"logger":"frankenphp","msg":"async worker thread started","worker":"m#/app/worker.php_0","thread":220}
{"level":"info","ts":1776013781.177207,"logger":"frankenphp","msg":"async worker thread started","worker":"m#/app/worker.php_0","thread":221}
{"level":"info","ts":1776013781.1772444,"logger":"frankenphp","msg":"async worker thread started","worker":"m#/app/worker.php_0","thread":222}
{"level":"info","ts":1776013781.177315,"logger":"frankenphp","msg":"async worker thread started","worker":"m#/app/worker.php_0","thread":223}
{"level":"info","ts":1776013781.177344,"logger":"frankenphp","msg":"async worker thread started","worker":"m#/app/worker.php_0","thread":225}
{"level":"info","ts":1776013781.1773543,"logger":"frankenphp","msg":"async worker thread started","worker":"m#/app/worker.php_0","thread":224}
{"level":"info","ts":1776013781.1774745,"logger":"frankenphp","msg":"async worker thread started","worker":"m#/app/worker.php_0","thread":226}
{"level":"info","ts":1776013781.177566,"logger":"frankenphp","msg":"async worker thread started","worker":"m#/app/worker.php_0","thread":228}
{"level":"info","ts":1776013781.1776314,"logger":"frankenphp","msg":"async worker thread started","worker":"m#/app/worker.php_0","thread":227}
{"level":"info","ts":1776013781.1777387,"logger":"frankenphp","msg":"async worker thread started","worker":"m#/app/worker.php_0","thread":229}
{"level":"info","ts":1776013781.1778061,"logger":"frankenphp","msg":"async worker thread started","worker":"m#/app/worker.php_0","thread":231}
{"level":"info","ts":1776013781.17782,"logger":"frankenphp","msg":"async worker thread started","worker":"m#/app/worker.php_0","thread":232}
{"level":"info","ts":1776013781.1778636,"logger":"frankenphp","msg":"async worker thread started","worker":"m#/app/worker.php_0","thread":233}
{"level":"info","ts":1776013781.1778111,"logger":"frankenphp","msg":"async worker thread started","worker":"m#/app/worker.php_0","thread":230}
{"level":"info","ts":1776013781.177901,"logger":"frankenphp","msg":"async worker thread started","worker":"m#/app/worker.php_0","thread":234}
{"level":"info","ts":1776013781.1779737,"logger":"frankenphp","msg":"async worker thread started","worker":"m#/app/worker.php_0","thread":235}
{"level":"info","ts":1776013781.177987,"logger":"frankenphp","msg":"async worker thread started","worker":"m#/app/worker.php_0","thread":236}
{"level":"info","ts":1776013781.1780615,"logger":"frankenphp","msg":"async worker thread started","worker":"m#/app/worker.php_0","thread":237}
{"level":"info","ts":1776013781.1781714,"logger":"frankenphp","msg":"async worker thread started","worker":"m#/app/worker.php_0","thread":238}
{"level":"info","ts":1776013781.1782248,"logger":"frankenphp","msg":"async worker thread started","worker":"m#/app/worker.php_0","thread":239}
{"level":"info","ts":1776013781.1782687,"logger":"frankenphp","msg":"async worker thread started","worker":"m#/app/worker.php_0","thread":241}
{"level":"info","ts":1776013781.1783018,"logger":"frankenphp","msg":"async worker thread started","worker":"m#/app/worker.php_0","thread":242}
{"level":"info","ts":1776013781.1783285,"logger":"frankenphp","msg":"async worker thread started","worker":"m#/app/worker.php_0","thread":243}
{"level":"info","ts":1776013781.1782334,"logger":"frankenphp","msg":"async worker thread started","worker":"m#/app/worker.php_0","thread":240}
{"level":"info","ts":1776013781.1784086,"logger":"frankenphp","msg":"async worker thread started","worker":"m#/app/worker.php_0","thread":244}
{"level":"info","ts":1776013781.1784859,"logger":"frankenphp","msg":"async worker thread started","worker":"m#/app/worker.php_0","thread":246}
{"level":"info","ts":1776013781.1784935,"logger":"frankenphp","msg":"async worker thread started","worker":"m#/app/worker.php_0","thread":245}
{"level":"info","ts":1776013781.178577,"logger":"frankenphp","msg":"async worker thread started","worker":"m#/app/worker.php_0","thread":248}
{"level":"info","ts":1776013781.1785858,"logger":"frankenphp","msg":"async worker thread started","worker":"m#/app/worker.php_0","thread":249}
{"level":"info","ts":1776013781.1786675,"logger":"frankenphp","msg":"async worker thread started","worker":"m#/app/worker.php_0","thread":251}
{"level":"info","ts":1776013781.1787539,"logger":"frankenphp","msg":"async worker thread started","worker":"m#/app/worker.php_0","thread":247}
{"level":"info","ts":1776013781.1787643,"logger":"frankenphp","msg":"async worker thread started","worker":"m#/app/worker.php_0","thread":252}
{"level":"info","ts":1776013781.1787674,"logger":"frankenphp","msg":"async worker thread started","worker":"m#/app/worker.php_0","thread":253}
{"level":"info","ts":1776013781.178818,"logger":"frankenphp","msg":"async worker thread started","worker":"m#/app/worker.php_0","thread":255}
{"level":"info","ts":1776013781.1788485,"logger":"frankenphp","msg":"async worker thread started","worker":"m#/app/worker.php_0","thread":256}
{"level":"info","ts":1776013781.1787677,"logger":"frankenphp","msg":"async worker thread started","worker":"m#/app/worker.php_0","thread":254}
{"level":"info","ts":1776013781.1788428,"logger":"frankenphp","msg":"async worker thread started","worker":"m#/app/worker.php_0","thread":250}
{"level":"info","ts":1776013781.178946,"logger":"frankenphp","msg":"async worker thread started","worker":"m#/app/worker.php_1","thread":258}
{"level":"info","ts":1776013781.1789484,"logger":"frankenphp","msg":"async worker thread started","worker":"m#/app/worker.php_1","thread":257}
{"level":"info","ts":1776013781.1790142,"logger":"frankenphp","msg":"async worker thread started","worker":"m#/app/worker.php_1","thread":259}
{"level":"info","ts":1776013781.1790965,"logger":"frankenphp","msg":"async worker thread started","worker":"m#/app/worker.php_1","thread":261}
{"level":"info","ts":1776013781.1791663,"logger":"frankenphp","msg":"async worker thread started","worker":"m#/app/worker.php_1","thread":263}
{"level":"info","ts":1776013781.1791792,"logger":"frankenphp","msg":"async worker thread started","worker":"m#/app/worker.php_1","thread":262}
{"level":"info","ts":1776013781.179168,"logger":"frankenphp","msg":"async worker thread started","worker":"m#/app/worker.php_1","thread":260}
{"level":"info","ts":1776013781.1792462,"logger":"frankenphp","msg":"async worker thread started","worker":"m#/app/worker.php_1","thread":264}
{"level":"info","ts":1776013781.1793418,"logger":"frankenphp","msg":"async worker thread started","worker":"m#/app/worker.php_1","thread":267}
{"level":"info","ts":1776013781.1793303,"logger":"frankenphp","msg":"async worker thread started","worker":"m#/app/worker.php_1","thread":266}
{"level":"info","ts":1776013781.1793575,"logger":"frankenphp","msg":"async worker thread started","worker":"m#/app/worker.php_1","thread":265}
{"level":"info","ts":1776013781.1793523,"logger":"frankenphp","msg":"async worker thread started","worker":"m#/app/worker.php_1","thread":268}
{"level":"info","ts":1776013781.1794171,"logger":"frankenphp","msg":"async worker thread started","worker":"m#/app/worker.php_1","thread":269}
{"level":"info","ts":1776013781.1794336,"logger":"frankenphp","msg":"async worker thread started","worker":"m#/app/worker.php_1","thread":270}
{"level":"info","ts":1776013781.1794982,"logger":"frankenphp","msg":"async worker thread started","worker":"m#/app/worker.php_1","thread":271}
{"level":"info","ts":1776013781.1795154,"logger":"frankenphp","msg":"async worker thread started","worker":"m#/app/worker.php_1","thread":272}
{"level":"info","ts":1776013781.1795979,"logger":"frankenphp","msg":"async worker thread started","worker":"m#/app/worker.php_1","thread":273}
{"level":"info","ts":1776013781.179678,"logger":"frankenphp","msg":"async worker thread started","worker":"m#/app/worker.php_1","thread":274}
{"level":"info","ts":1776013781.1797633,"logger":"frankenphp","msg":"async worker thread started","worker":"m#/app/worker.php_1","thread":276}
{"level":"info","ts":1776013781.1797643,"logger":"frankenphp","msg":"async worker thread started","worker":"m#/app/worker.php_1","thread":275}
{"level":"info","ts":1776013781.179839,"logger":"frankenphp","msg":"async worker thread started","worker":"m#/app/worker.php_1","thread":278}
{"level":"info","ts":1776013781.179923,"logger":"frankenphp","msg":"async worker thread started","worker":"m#/app/worker.php_1","thread":281}
{"level":"info","ts":1776013781.1799355,"logger":"frankenphp","msg":"async worker thread started","worker":"m#/app/worker.php_1","thread":279}
{"level":"info","ts":1776013781.179937,"logger":"frankenphp","msg":"async worker thread started","worker":"m#/app/worker.php_1","thread":277}
{"level":"info","ts":1776013781.1799636,"logger":"frankenphp","msg":"async worker thread started","worker":"m#/app/worker.php_1","thread":282}
{"level":"info","ts":1776013781.1800098,"logger":"frankenphp","msg":"async worker thread started","worker":"m#/app/worker.php_1","thread":283}
{"level":"info","ts":1776013781.180014,"logger":"frankenphp","msg":"async worker thread started","worker":"m#/app/worker.php_1","thread":284}
{"level":"info","ts":1776013781.1799188,"logger":"frankenphp","msg":"async worker thread started","worker":"m#/app/worker.php_1","thread":280}
{"level":"info","ts":1776013781.1800957,"logger":"frankenphp","msg":"async worker thread started","worker":"m#/app/worker.php_1","thread":285}
{"level":"info","ts":1776013781.18017,"logger":"frankenphp","msg":"async worker thread started","worker":"m#/app/worker.php_1","thread":286}
{"level":"info","ts":1776013781.1802504,"logger":"frankenphp","msg":"async worker thread started","worker":"m#/app/worker.php_1","thread":289}
{"level":"info","ts":1776013781.1802664,"logger":"frankenphp","msg":"async worker thread started","worker":"m#/app/worker.php_1","thread":287}
{"level":"info","ts":1776013781.1802502,"logger":"frankenphp","msg":"async worker thread started","worker":"m#/app/worker.php_1","thread":288}
{"level":"info","ts":1776013781.180341,"logger":"frankenphp","msg":"async worker thread started","worker":"m#/app/worker.php_1","thread":291}
{"level":"info","ts":1776013781.1804318,"logger":"frankenphp","msg":"async worker thread started","worker":"m#/app/worker.php_1","thread":293}
{"level":"info","ts":1776013781.180431,"logger":"frankenphp","msg":"async worker thread started","worker":"m#/app/worker.php_1","thread":290}
{"level":"info","ts":1776013781.1804407,"logger":"frankenphp","msg":"async worker thread started","worker":"m#/app/worker.php_1","thread":294}
{"level":"info","ts":1776013781.180475,"logger":"frankenphp","msg":"async worker thread started","worker":"m#/app/worker.php_1","thread":295}
{"level":"info","ts":1776013781.1805353,"logger":"frankenphp","msg":"async worker thread started","worker":"m#/app/worker.php_1","thread":296}
{"level":"info","ts":1776013781.180434,"logger":"frankenphp","msg":"async worker thread started","worker":"m#/app/worker.php_1","thread":292}
{"level":"info","ts":1776013781.1806014,"logger":"frankenphp","msg":"async worker thread started","worker":"m#/app/worker.php_1","thread":297}
{"level":"info","ts":1776013781.1806214,"logger":"frankenphp","msg":"async worker thread started","worker":"m#/app/worker.php_1","thread":298}
{"level":"info","ts":1776013781.1806948,"logger":"frankenphp","msg":"async worker thread started","worker":"m#/app/worker.php_1","thread":299}
{"level":"info","ts":1776013781.18078,"logger":"frankenphp","msg":"async worker thread started","worker":"m#/app/worker.php_1","thread":301}
{"level":"info","ts":1776013781.1808596,"logger":"frankenphp","msg":"async worker thread started","worker":"m#/app/worker.php_1","thread":300}
{"level":"info","ts":1776013781.180968,"logger":"frankenphp","msg":"async worker thread started","worker":"m#/app/worker.php_1","thread":302}
{"level":"info","ts":1776013781.181017,"logger":"frankenphp","msg":"async worker thread started","worker":"m#/app/worker.php_1","thread":304}
{"level":"info","ts":1776013781.1810203,"logger":"frankenphp","msg":"async worker thread started","worker":"m#/app/worker.php_1","thread":307}
{"level":"info","ts":1776013781.1811073,"logger":"frankenphp","msg":"async worker thread started","worker":"m#/app/worker.php_1","thread":308}
{"level":"info","ts":1776013781.1809468,"logger":"frankenphp","msg":"async worker thread started","worker":"m#/app/worker.php_1","thread":303}
{"level":"info","ts":1776013781.1811686,"logger":"frankenphp","msg":"async worker thread started","worker":"m#/app/worker.php_1","thread":305}
{"level":"info","ts":1776013781.1811676,"logger":"frankenphp","msg":"async worker thread started","worker":"m#/app/worker.php_1","thread":306}
{"level":"info","ts":1776013781.181258,"logger":"frankenphp","msg":"async worker thread started","worker":"m#/app/worker.php_1","thread":309}
{"level":"info","ts":1776013781.1813338,"logger":"frankenphp","msg":"async worker thread started","worker":"m#/app/worker.php_1","thread":312}
{"level":"info","ts":1776013781.1813421,"logger":"frankenphp","msg":"async worker thread started","worker":"m#/app/worker.php_1","thread":314}
{"level":"info","ts":1776013781.1813488,"logger":"frankenphp","msg":"async worker thread started","worker":"m#/app/worker.php_1","thread":311}
{"level":"info","ts":1776013781.1813438,"logger":"frankenphp","msg":"async worker thread started","worker":"m#/app/worker.php_1","thread":310}
{"level":"info","ts":1776013781.1813447,"logger":"frankenphp","msg":"async worker thread started","worker":"m#/app/worker.php_1","thread":313}
{"level":"info","ts":1776013781.181379,"logger":"frankenphp","msg":"async worker thread started","worker":"m#/app/worker.php_1","thread":316}
{"level":"info","ts":1776013781.181439,"logger":"frankenphp","msg":"async worker thread started","worker":"m#/app/worker.php_1","thread":318}
{"level":"info","ts":1776013781.1814601,"logger":"frankenphp","msg":"async worker thread started","worker":"m#/app/worker.php_1","thread":317}
{"level":"info","ts":1776013781.1814659,"logger":"frankenphp","msg":"async worker thread started","worker":"m#/app/worker.php_1","thread":319}
{"level":"info","ts":1776013781.1813443,"logger":"frankenphp","msg":"async worker thread started","worker":"m#/app/worker.php_1","thread":315}
{"level":"info","ts":1776013781.1815288,"logger":"frankenphp","msg":"async worker thread started","worker":"m#/app/worker.php_1","thread":321}
{"level":"info","ts":1776013781.1815279,"logger":"frankenphp","msg":"async worker thread started","worker":"m#/app/worker.php_1","thread":320}
{"level":"info","ts":1776013781.1816132,"logger":"frankenphp","msg":"async worker thread started","worker":"m#/app/worker.php_1","thread":322}
{"level":"info","ts":1776013781.196423,"logger":"frankenphp","msg":"async worker thread started","worker":"m#/app/worker.php_1","thread":323}
{"level":"info","ts":1776013781.1965153,"logger":"frankenphp","msg":"async worker thread started","worker":"m#/app/worker.php_1","thread":324}
{"level":"info","ts":1776013781.196575,"logger":"frankenphp","msg":"async worker thread started","worker":"m#/app/worker.php_1","thread":326}
{"level":"info","ts":1776013781.196518,"logger":"frankenphp","msg":"async worker thread started","worker":"m#/app/worker.php_1","thread":325}
{"level":"info","ts":1776013781.196921,"logger":"frankenphp","msg":"async worker thread started","worker":"m#/app/worker.php_1","thread":330}
{"level":"info","ts":1776013781.1970813,"logger":"frankenphp","msg":"async worker thread started","worker":"m#/app/worker.php_1","thread":327}
{"level":"info","ts":1776013781.197279,"logger":"frankenphp","msg":"async worker thread started","worker":"m#/app/worker.php_1","thread":337}
{"level":"info","ts":1776013781.1972935,"logger":"frankenphp","msg":"async worker thread started","worker":"m#/app/worker.php_1","thread":331}
{"level":"info","ts":1776013781.1973038,"logger":"frankenphp","msg":"async worker thread started","worker":"m#/app/worker.php_1","thread":328}
{"level":"info","ts":1776013781.1973133,"logger":"frankenphp","msg":"async worker thread started","worker":"m#/app/worker.php_1","thread":332}
{"level":"info","ts":1776013781.1973393,"logger":"frankenphp","msg":"async worker thread started","worker":"m#/app/worker.php_1","thread":335}
{"level":"info","ts":1776013781.1973636,"logger":"frankenphp","msg":"async worker thread started","worker":"m#/app/worker.php_1","thread":329}
{"level":"info","ts":1776013781.19734,"logger":"frankenphp","msg":"async worker thread started","worker":"m#/app/worker.php_1","thread":344}
{"level":"info","ts":1776013781.197382,"logger":"frankenphp","msg":"async worker thread started","worker":"m#/app/worker.php_1","thread":345}
{"level":"info","ts":1776013781.197362,"logger":"frankenphp","msg":"async worker thread started","worker":"m#/app/worker.php_1","thread":336}
{"level":"info","ts":1776013781.1974008,"logger":"frankenphp","msg":"async worker thread started","worker":"m#/app/worker.php_1","thread":343}
{"level":"info","ts":1776013781.1973433,"logger":"frankenphp","msg":"async worker thread started","worker":"m#/app/worker.php_1","thread":339}
{"level":"info","ts":1776013781.1974332,"logger":"frankenphp","msg":"async worker thread started","worker":"m#/app/worker.php_1","thread":338}
{"level":"info","ts":1776013781.1973302,"logger":"frankenphp","msg":"async worker thread started","worker":"m#/app/worker.php_1","thread":342}
{"level":"info","ts":1776013781.197432,"logger":"frankenphp","msg":"async worker thread started","worker":"m#/app/worker.php_1","thread":334}
{"level":"info","ts":1776013781.1975615,"logger":"frankenphp","msg":"async worker thread started","worker":"m#/app/worker.php_1","thread":349}
{"level":"info","ts":1776013781.197602,"logger":"frankenphp","msg":"async worker thread started","worker":"m#/app/worker.php_1","thread":350}
{"level":"info","ts":1776013781.1973543,"logger":"frankenphp","msg":"async worker thread started","worker":"m#/app/worker.php_1","thread":340}
{"level":"info","ts":1776013781.1976466,"logger":"frankenphp","msg":"async worker thread started","worker":"m#/app/worker.php_1","thread":351}
{"level":"info","ts":1776013781.197545,"logger":"frankenphp","msg":"async worker thread started","worker":"m#/app/worker.php_1","thread":348}
{"level":"info","ts":1776013781.197568,"logger":"frankenphp","msg":"async worker thread started","worker":"m#/app/worker.php_1","thread":333}
{"level":"info","ts":1776013781.19769,"logger":"frankenphp","msg":"async worker thread started","worker":"m#/app/worker.php_1","thread":352}
{"level":"info","ts":1776013781.1974735,"logger":"frankenphp","msg":"async worker thread started","worker":"m#/app/worker.php_1","thread":347}
{"level":"info","ts":1776013781.1974409,"logger":"frankenphp","msg":"async worker thread started","worker":"m#/app/worker.php_1","thread":346}
{"level":"info","ts":1776013781.1973057,"logger":"frankenphp","msg":"async worker thread started","worker":"m#/app/worker.php_1","thread":341}
{"level":"info","ts":1776013781.1977322,"logger":"frankenphp","msg":"async worker thread started","worker":"m#/app/worker.php_1","thread":353}
{"level":"info","ts":1776013781.1977725,"logger":"frankenphp","msg":"async worker thread started","worker":"m#/app/worker.php_1","thread":354}
{"level":"info","ts":1776013781.1978817,"logger":"frankenphp","msg":"async worker thread started","worker":"m#/app/worker.php_1","thread":356}
{"level":"info","ts":1776013781.1978884,"logger":"frankenphp","msg":"async worker thread started","worker":"m#/app/worker.php_1","thread":355}
{"level":"info","ts":1776013781.1979501,"logger":"frankenphp","msg":"async worker thread started","worker":"m#/app/worker.php_1","thread":357}
{"level":"info","ts":1776013781.1979518,"logger":"frankenphp","msg":"async worker thread started","worker":"m#/app/worker.php_1","thread":358}
{"level":"info","ts":1776013781.1980278,"logger":"frankenphp","msg":"async worker thread started","worker":"m#/app/worker.php_1","thread":359}
{"level":"info","ts":1776013781.1980424,"logger":"frankenphp","msg":"async worker thread started","worker":"m#/app/worker.php_1","thread":360}
{"level":"info","ts":1776013781.1980753,"logger":"frankenphp","msg":"async worker thread started","worker":"m#/app/worker.php_1","thread":361}
{"level":"info","ts":1776013781.1981254,"logger":"frankenphp","msg":"async worker thread started","worker":"m#/app/worker.php_1","thread":362}
{"level":"info","ts":1776013781.1981337,"logger":"frankenphp","msg":"async worker thread started","worker":"m#/app/worker.php_1","thread":363}
{"level":"info","ts":1776013781.198222,"logger":"frankenphp","msg":"async worker thread started","worker":"m#/app/worker.php_1","thread":364}
{"level":"info","ts":1776013781.1982453,"logger":"frankenphp","msg":"async worker thread started","worker":"m#/app/worker.php_1","thread":365}
{"level":"info","ts":1776013781.1982722,"logger":"frankenphp","msg":"async worker thread started","worker":"m#/app/worker.php_1","thread":366}
{"level":"info","ts":1776013781.1982996,"logger":"frankenphp","msg":"async worker thread started","worker":"m#/app/worker.php_1","thread":367}
{"level":"info","ts":1776013781.198372,"logger":"frankenphp","msg":"async worker thread started","worker":"m#/app/worker.php_1","thread":368}
{"level":"info","ts":1776013781.1984487,"logger":"frankenphp","msg":"async worker thread started","worker":"m#/app/worker.php_1","thread":370}
{"level":"info","ts":1776013781.1984458,"logger":"frankenphp","msg":"async worker thread started","worker":"m#/app/worker.php_1","thread":369}
{"level":"info","ts":1776013781.1984909,"logger":"frankenphp","msg":"async worker thread started","worker":"m#/app/worker.php_1","thread":371}
{"level":"info","ts":1776013781.198575,"logger":"frankenphp","msg":"async worker thread started","worker":"m#/app/worker.php_1","thread":372}
{"level":"info","ts":1776013781.1986492,"logger":"frankenphp","msg":"async worker thread started","worker":"m#/app/worker.php_1","thread":373}
{"level":"info","ts":1776013781.198719,"logger":"frankenphp","msg":"async worker thread started","worker":"m#/app/worker.php_1","thread":374}
{"level":"info","ts":1776013781.1987288,"logger":"frankenphp","msg":"async worker thread started","worker":"m#/app/worker.php_1","thread":375}
{"level":"info","ts":1776013781.1987395,"logger":"frankenphp","msg":"async worker thread started","worker":"m#/app/worker.php_1","thread":376}
{"level":"info","ts":1776013781.198794,"logger":"frankenphp","msg":"async worker thread started","worker":"m#/app/worker.php_1","thread":377}
{"level":"info","ts":1776013781.198866,"logger":"frankenphp","msg":"async worker thread started","worker":"m#/app/worker.php_1","thread":378}
{"level":"info","ts":1776013781.1988676,"logger":"frankenphp","msg":"async worker thread started","worker":"m#/app/worker.php_1","thread":379}
{"level":"info","ts":1776013781.1989527,"logger":"frankenphp","msg":"async worker thread started","worker":"m#/app/worker.php_1","thread":380}
{"level":"info","ts":1776013781.1989577,"logger":"frankenphp","msg":"async worker thread started","worker":"m#/app/worker.php_1","thread":381}
{"level":"info","ts":1776013781.1990254,"logger":"frankenphp","msg":"async worker thread started","worker":"m#/app/worker.php_1","thread":382}
{"level":"info","ts":1776013781.199101,"logger":"frankenphp","msg":"async worker thread started","worker":"m#/app/worker.php_1","thread":384}
{"level":"info","ts":1776013781.19911,"logger":"frankenphp","msg":"async worker thread started","worker":"m#/app/worker.php_2","thread":385}
{"level":"info","ts":1776013781.1991026,"logger":"frankenphp","msg":"async worker thread started","worker":"m#/app/worker.php_1","thread":383}
{"level":"info","ts":1776013781.1995776,"logger":"frankenphp","msg":"async worker thread started","worker":"m#/app/worker.php_2","thread":386}
{"level":"info","ts":1776013781.1996748,"logger":"frankenphp","msg":"async worker thread started","worker":"m#/app/worker.php_2","thread":387}
{"level":"info","ts":1776013781.1998506,"logger":"frankenphp","msg":"async worker thread started","worker":"m#/app/worker.php_2","thread":388}
{"level":"info","ts":1776013781.199928,"logger":"frankenphp","msg":"async worker thread started","worker":"m#/app/worker.php_2","thread":389}
{"level":"info","ts":1776013781.1999862,"logger":"frankenphp","msg":"async worker thread started","worker":"m#/app/worker.php_2","thread":390}
{"level":"info","ts":1776013781.200191,"logger":"frankenphp","msg":"async worker thread started","worker":"m#/app/worker.php_2","thread":392}
{"level":"info","ts":1776013781.2000833,"logger":"frankenphp","msg":"async worker thread started","worker":"m#/app/worker.php_2","thread":391}
{"level":"info","ts":1776013781.200539,"logger":"frankenphp","msg":"async worker thread started","worker":"m#/app/worker.php_2","thread":395}
{"level":"info","ts":1776013781.2009227,"logger":"frankenphp","msg":"async worker thread started","worker":"m#/app/worker.php_2","thread":398}
{"level":"info","ts":1776013781.200958,"logger":"frankenphp","msg":"async worker thread started","worker":"m#/app/worker.php_2","thread":400}
{"level":"info","ts":1776013781.2009587,"logger":"frankenphp","msg":"async worker thread started","worker":"m#/app/worker.php_2","thread":399}
{"level":"info","ts":1776013781.201068,"logger":"frankenphp","msg":"async worker thread started","worker":"m#/app/worker.php_2","thread":401}
{"level":"info","ts":1776013781.2007277,"logger":"frankenphp","msg":"async worker thread started","worker":"m#/app/worker.php_2","thread":397}
{"level":"info","ts":1776013781.2004313,"logger":"frankenphp","msg":"async worker thread started","worker":"m#/app/worker.php_2","thread":394}
{"level":"info","ts":1776013781.2010944,"logger":"frankenphp","msg":"async worker thread started","worker":"m#/app/worker.php_2","thread":396}
{"level":"info","ts":1776013781.2011333,"logger":"frankenphp","msg":"async worker thread started","worker":"m#/app/worker.php_2","thread":403}
{"level":"info","ts":1776013781.2003567,"logger":"frankenphp","msg":"async worker thread started","worker":"m#/app/worker.php_2","thread":393}
{"level":"info","ts":1776013781.2012253,"logger":"frankenphp","msg":"async worker thread started","worker":"m#/app/worker.php_2","thread":404}
{"level":"info","ts":1776013781.2013044,"logger":"frankenphp","msg":"async worker thread started","worker":"m#/app/worker.php_2","thread":405}
{"level":"info","ts":1776013781.2013347,"logger":"frankenphp","msg":"async worker thread started","worker":"m#/app/worker.php_2","thread":406}
{"level":"info","ts":1776013781.2014384,"logger":"frankenphp","msg":"async worker thread started","worker":"m#/app/worker.php_2","thread":408}
{"level":"info","ts":1776013781.2015092,"logger":"frankenphp","msg":"async worker thread started","worker":"m#/app/worker.php_2","thread":409}
{"level":"info","ts":1776013781.2015905,"logger":"frankenphp","msg":"async worker thread started","worker":"m#/app/worker.php_2","thread":410}
{"level":"info","ts":1776013781.2016006,"logger":"frankenphp","msg":"async worker thread started","worker":"m#/app/worker.php_2","thread":411}
{"level":"info","ts":1776013781.201671,"logger":"frankenphp","msg":"async worker thread started","worker":"m#/app/worker.php_2","thread":412}
{"level":"info","ts":1776013781.2017412,"logger":"frankenphp","msg":"async worker thread started","worker":"m#/app/worker.php_2","thread":413}
{"level":"info","ts":1776013781.2017443,"logger":"frankenphp","msg":"async worker thread started","worker":"m#/app/worker.php_2","thread":414}
{"level":"info","ts":1776013781.2018178,"logger":"frankenphp","msg":"async worker thread started","worker":"m#/app/worker.php_2","thread":415}
{"level":"info","ts":1776013781.2018747,"logger":"frankenphp","msg":"async worker thread started","worker":"m#/app/worker.php_2","thread":416}
{"level":"info","ts":1776013781.201894,"logger":"frankenphp","msg":"async worker thread started","worker":"m#/app/worker.php_2","thread":417}
{"level":"info","ts":1776013781.2019608,"logger":"frankenphp","msg":"async worker thread started","worker":"m#/app/worker.php_2","thread":418}
{"level":"info","ts":1776013781.2019825,"logger":"frankenphp","msg":"async worker thread started","worker":"m#/app/worker.php_2","thread":419}
{"level":"info","ts":1776013781.202038,"logger":"frankenphp","msg":"async worker thread started","worker":"m#/app/worker.php_2","thread":420}
{"level":"info","ts":1776013781.2021677,"logger":"frankenphp","msg":"async worker thread started","worker":"m#/app/worker.php_2","thread":422}
{"level":"info","ts":1776013781.202236,"logger":"frankenphp","msg":"async worker thread started","worker":"m#/app/worker.php_2","thread":423}
{"level":"info","ts":1776013781.2023113,"logger":"frankenphp","msg":"async worker thread started","worker":"m#/app/worker.php_2","thread":424}
{"level":"info","ts":1776013781.2023196,"logger":"frankenphp","msg":"async worker thread started","worker":"m#/app/worker.php_2","thread":425}
{"level":"info","ts":1776013781.2023838,"logger":"frankenphp","msg":"async worker thread started","worker":"m#/app/worker.php_2","thread":426}
{"level":"info","ts":1776013781.2024598,"logger":"frankenphp","msg":"async worker thread started","worker":"m#/app/worker.php_2","thread":427}
{"level":"info","ts":1776013781.2010798,"logger":"frankenphp","msg":"async worker thread started","worker":"m#/app/worker.php_2","thread":402}
{"level":"info","ts":1776013781.2024643,"logger":"frankenphp","msg":"async worker thread started","worker":"m#/app/worker.php_2","thread":428}
{"level":"info","ts":1776013781.202603,"logger":"frankenphp","msg":"async worker thread started","worker":"m#/app/worker.php_2","thread":430}
{"level":"info","ts":1776013781.20139,"logger":"frankenphp","msg":"async worker thread started","worker":"m#/app/worker.php_2","thread":407}
{"level":"info","ts":1776013781.2040381,"logger":"frankenphp","msg":"async worker thread started","worker":"m#/app/worker.php_2","thread":434}
{"level":"info","ts":1776013781.2040496,"logger":"frankenphp","msg":"async worker thread started","worker":"m#/app/worker.php_2","thread":435}
{"level":"info","ts":1776013781.2025356,"logger":"frankenphp","msg":"async worker thread started","worker":"m#/app/worker.php_2","thread":429}
{"level":"info","ts":1776013781.2041137,"logger":"frankenphp","msg":"async worker thread started","worker":"m#/app/worker.php_2","thread":437}
{"level":"info","ts":1776013781.204119,"logger":"frankenphp","msg":"async worker thread started","worker":"m#/app/worker.php_2","thread":436}
{"level":"info","ts":1776013781.2041667,"logger":"frankenphp","msg":"async worker thread started","worker":"m#/app/worker.php_2","thread":438}
{"level":"info","ts":1776013781.203884,"logger":"frankenphp","msg":"async worker thread started","worker":"m#/app/worker.php_2","thread":432}
{"level":"info","ts":1776013781.2039344,"logger":"frankenphp","msg":"async worker thread started","worker":"m#/app/worker.php_2","thread":433}
{"level":"info","ts":1776013781.20423,"logger":"frankenphp","msg":"async worker thread started","worker":"m#/app/worker.php_2","thread":439}
{"level":"info","ts":1776013781.2042634,"logger":"frankenphp","msg":"async worker thread started","worker":"m#/app/worker.php_2","thread":440}
{"level":"info","ts":1776013781.2026632,"logger":"frankenphp","msg":"async worker thread started","worker":"m#/app/worker.php_2","thread":431}
{"level":"info","ts":1776013781.2043462,"logger":"frankenphp","msg":"async worker thread started","worker":"m#/app/worker.php_2","thread":442}
{"level":"info","ts":1776013781.2043922,"logger":"frankenphp","msg":"async worker thread started","worker":"m#/app/worker.php_2","thread":443}
{"level":"info","ts":1776013781.2043428,"logger":"frankenphp","msg":"async worker thread started","worker":"m#/app/worker.php_2","thread":441}
{"level":"info","ts":1776013781.204442,"logger":"frankenphp","msg":"async worker thread started","worker":"m#/app/worker.php_2","thread":444}
{"level":"info","ts":1776013781.2021177,"logger":"frankenphp","msg":"async worker thread started","worker":"m#/app/worker.php_2","thread":421}
{"level":"info","ts":1776013781.2045038,"logger":"frankenphp","msg":"async worker thread started","worker":"m#/app/worker.php_2","thread":445}
{"level":"info","ts":1776013781.204541,"logger":"frankenphp","msg":"async worker thread started","worker":"m#/app/worker.php_2","thread":446}
{"level":"info","ts":1776013781.2046587,"logger":"frankenphp","msg":"async worker thread started","worker":"m#/app/worker.php_2","thread":448}
{"level":"info","ts":1776013781.204653,"logger":"frankenphp","msg":"async worker thread started","worker":"m#/app/worker.php_2","thread":447}
{"level":"info","ts":1776013781.2047555,"logger":"frankenphp","msg":"async worker thread started","worker":"m#/app/worker.php_2","thread":449}
{"level":"info","ts":1776013781.2047746,"logger":"frankenphp","msg":"async worker thread started","worker":"m#/app/worker.php_2","thread":450}
{"level":"info","ts":1776013781.2048497,"logger":"frankenphp","msg":"async worker thread started","worker":"m#/app/worker.php_2","thread":452}
{"level":"info","ts":1776013781.2048483,"logger":"frankenphp","msg":"async worker thread started","worker":"m#/app/worker.php_2","thread":451}
{"level":"info","ts":1776013781.2049336,"logger":"frankenphp","msg":"async worker thread started","worker":"m#/app/worker.php_2","thread":453}
{"level":"info","ts":1776013781.2051296,"logger":"frankenphp","msg":"async worker thread started","worker":"m#/app/worker.php_2","thread":455}
{"level":"info","ts":1776013781.2051485,"logger":"frankenphp","msg":"async worker thread started","worker":"m#/app/worker.php_2","thread":456}
{"level":"info","ts":1776013781.205131,"logger":"frankenphp","msg":"async worker thread started","worker":"m#/app/worker.php_2","thread":454}
{"level":"info","ts":1776013781.2052248,"logger":"frankenphp","msg":"async worker thread started","worker":"m#/app/worker.php_2","thread":457}
{"level":"info","ts":1776013781.2052968,"logger":"frankenphp","msg":"async worker thread started","worker":"m#/app/worker.php_2","thread":458}
{"level":"info","ts":1776013781.2053096,"logger":"frankenphp","msg":"async worker thread started","worker":"m#/app/worker.php_2","thread":459}
{"level":"info","ts":1776013781.2053194,"logger":"frankenphp","msg":"async worker thread started","worker":"m#/app/worker.php_2","thread":460}
{"level":"info","ts":1776013781.2053862,"logger":"frankenphp","msg":"async worker thread started","worker":"m#/app/worker.php_2","thread":461}
{"level":"info","ts":1776013781.205405,"logger":"frankenphp","msg":"async worker thread started","worker":"m#/app/worker.php_2","thread":462}
{"level":"info","ts":1776013781.2054787,"logger":"frankenphp","msg":"async worker thread started","worker":"m#/app/worker.php_2","thread":464}
{"level":"info","ts":1776013781.2055264,"logger":"frankenphp","msg":"async worker thread started","worker":"m#/app/worker.php_2","thread":465}
{"level":"info","ts":1776013781.2054794,"logger":"frankenphp","msg":"async worker thread started","worker":"m#/app/worker.php_2","thread":463}
{"level":"info","ts":1776013781.2055922,"logger":"frankenphp","msg":"async worker thread started","worker":"m#/app/worker.php_2","thread":467}
{"level":"info","ts":1776013781.2055573,"logger":"frankenphp","msg":"async worker thread started","worker":"m#/app/worker.php_2","thread":466}
{"level":"info","ts":1776013781.2056627,"logger":"frankenphp","msg":"async worker thread started","worker":"m#/app/worker.php_2","thread":468}
{"level":"info","ts":1776013781.2057054,"logger":"frankenphp","msg":"async worker thread started","worker":"m#/app/worker.php_2","thread":469}
{"level":"info","ts":1776013781.205775,"logger":"frankenphp","msg":"async worker thread started","worker":"m#/app/worker.php_2","thread":470}
{"level":"info","ts":1776013781.205789,"logger":"frankenphp","msg":"async worker thread started","worker":"m#/app/worker.php_2","thread":471}
{"level":"info","ts":1776013781.2058575,"logger":"frankenphp","msg":"async worker thread started","worker":"m#/app/worker.php_2","thread":472}
{"level":"info","ts":1776013781.2058957,"logger":"frankenphp","msg":"async worker thread started","worker":"m#/app/worker.php_2","thread":473}
{"level":"info","ts":1776013781.2059593,"logger":"frankenphp","msg":"async worker thread started","worker":"m#/app/worker.php_2","thread":474}
{"level":"info","ts":1776013781.2060406,"logger":"frankenphp","msg":"async worker thread started","worker":"m#/app/worker.php_2","thread":475}
{"level":"info","ts":1776013781.2060502,"logger":"frankenphp","msg":"async worker thread started","worker":"m#/app/worker.php_2","thread":476}
{"level":"info","ts":1776013781.206119,"logger":"frankenphp","msg":"async worker thread started","worker":"m#/app/worker.php_2","thread":477}
{"level":"info","ts":1776013781.2062247,"logger":"frankenphp","msg":"async worker thread started","worker":"m#/app/worker.php_2","thread":478}
{"level":"info","ts":1776013781.2062435,"logger":"frankenphp","msg":"async worker thread started","worker":"m#/app/worker.php_2","thread":479}
{"level":"info","ts":1776013781.2063272,"logger":"frankenphp","msg":"async worker thread started","worker":"m#/app/worker.php_2","thread":481}
{"level":"info","ts":1776013781.2063243,"logger":"frankenphp","msg":"async worker thread started","worker":"m#/app/worker.php_2","thread":480}
{"level":"info","ts":1776013781.2064004,"logger":"frankenphp","msg":"async worker thread started","worker":"m#/app/worker.php_2","thread":482}
{"level":"info","ts":1776013781.206414,"logger":"frankenphp","msg":"async worker thread started","worker":"m#/app/worker.php_2","thread":483}
{"level":"info","ts":1776013781.2064369,"logger":"frankenphp","msg":"async worker thread started","worker":"m#/app/worker.php_2","thread":484}
{"level":"info","ts":1776013781.2064903,"logger":"frankenphp","msg":"async worker thread started","worker":"m#/app/worker.php_2","thread":485}
{"level":"info","ts":1776013781.2065675,"logger":"frankenphp","msg":"async worker thread started","worker":"m#/app/worker.php_2","thread":486}
{"level":"info","ts":1776013781.206578,"logger":"frankenphp","msg":"async worker thread started","worker":"m#/app/worker.php_2","thread":487}
{"level":"info","ts":1776013781.2065816,"logger":"frankenphp","msg":"async worker thread started","worker":"m#/app/worker.php_2","thread":488}
{"level":"info","ts":1776013781.2066352,"logger":"frankenphp","msg":"async worker thread started","worker":"m#/app/worker.php_2","thread":489}
{"level":"info","ts":1776013781.206666,"logger":"frankenphp","msg":"async worker thread started","worker":"m#/app/worker.php_2","thread":490}
{"level":"info","ts":1776013781.2067218,"logger":"frankenphp","msg":"async worker thread started","worker":"m#/app/worker.php_2","thread":491}
{"level":"info","ts":1776013781.2068074,"logger":"frankenphp","msg":"async worker thread started","worker":"m#/app/worker.php_2","thread":492}
{"level":"info","ts":1776013781.2068884,"logger":"frankenphp","msg":"async worker thread started","worker":"m#/app/worker.php_2","thread":493}
{"level":"info","ts":1776013781.2068937,"logger":"frankenphp","msg":"async worker thread started","worker":"m#/app/worker.php_2","thread":495}
{"level":"info","ts":1776013781.206968,"logger":"frankenphp","msg":"async worker thread started","worker":"m#/app/worker.php_2","thread":496}
{"level":"info","ts":1776013781.2070203,"logger":"frankenphp","msg":"async worker thread started","worker":"m#/app/worker.php_2","thread":497}
{"level":"info","ts":1776013781.207057,"logger":"frankenphp","msg":"async worker thread started","worker":"m#/app/worker.php_2","thread":499}
{"level":"info","ts":1776013781.2070591,"logger":"frankenphp","msg":"async worker thread started","worker":"m#/app/worker.php_2","thread":498}
{"level":"info","ts":1776013781.2070708,"logger":"frankenphp","msg":"async worker thread started","worker":"m#/app/worker.php_2","thread":500}
{"level":"info","ts":1776013781.2069716,"logger":"frankenphp","msg":"async worker thread started","worker":"m#/app/worker.php_2","thread":494}
{"level":"info","ts":1776013781.207158,"logger":"frankenphp","msg":"async worker thread started","worker":"m#/app/worker.php_2","thread":501}
{"level":"info","ts":1776013781.2072246,"logger":"frankenphp","msg":"async worker thread started","worker":"m#/app/worker.php_2","thread":503}
{"level":"info","ts":1776013781.2072291,"logger":"frankenphp","msg":"async worker thread started","worker":"m#/app/worker.php_2","thread":502}
{"level":"info","ts":1776013781.207316,"logger":"frankenphp","msg":"async worker thread started","worker":"m#/app/worker.php_2","thread":505}
{"level":"info","ts":1776013781.2073238,"logger":"frankenphp","msg":"async worker thread started","worker":"m#/app/worker.php_2","thread":506}
{"level":"info","ts":1776013781.2074034,"logger":"frankenphp","msg":"async worker thread started","worker":"m#/app/worker.php_2","thread":504}
{"level":"info","ts":1776013781.2074077,"logger":"frankenphp","msg":"async worker thread started","worker":"m#/app/worker.php_2","thread":508}
{"level":"info","ts":1776013781.2074137,"logger":"frankenphp","msg":"async worker thread started","worker":"m#/app/worker.php_2","thread":507}
{"level":"info","ts":1776013781.2074873,"logger":"frankenphp","msg":"async worker thread started","worker":"m#/app/worker.php_2","thread":510}
{"level":"info","ts":1776013781.2074897,"logger":"frankenphp","msg":"async worker thread started","worker":"m#/app/worker.php_2","thread":509}
{"level":"info","ts":1776013781.2074916,"logger":"frankenphp","msg":"async worker thread started","worker":"m#/app/worker.php_2","thread":511}
{"level":"info","ts":1776013781.2075262,"logger":"frankenphp","msg":"async worker thread started","worker":"m#/app/worker.php_2","thread":512}
{"level":"info","ts":1776013781.207554,"logger":"frankenphp","msg":"FrankenPHP started 🐘","php_version":"8.6.0-dev","num_threads":513,"max_threads":513}
{"level":"warn","ts":1776013781.2084947,"logger":"http","msg":"HTTP/2 skipped because it requires TLS","network":"tcp","addr":":8080"}
{"level":"warn","ts":1776013781.2085013,"logger":"http","msg":"HTTP/3 skipped because it requires TLS","network":"tcp","addr":":8080"}
{"level":"info","ts":1776013781.2085035,"logger":"http.log","msg":"server running","name":"srv0","protocols":["h1","h2","h3"]}
{"level":"info","ts":1776013781.2085342,"logger":"http","msg":"enabling HTTP/3 listener","addr":":8443"}
{"level":"info","ts":1776013781.2086568,"logger":"http.log","msg":"server running","name":"srv1","protocols":["h1","h2","h3"]}
{"level":"info","ts":1776013781.2088776,"msg":"autosaved config (load with --resume flag)","file":"/root/.config/caddy/autosave.json"}
{"level":"info","ts":1776013781.2088907,"msg":"serving initial configuration"}
