[1] Puma starting in cluster mode...
[1] * Puma version: 6.6.1 ("Return to Forever")
[1] * Ruby version: ruby 3.4.9 (2026-03-11 revision 76cca827ab) +YJIT +PRISM [x86_64-linux]
[1] *  Min threads: 4
[1] *  Max threads: 4
[1] *  Environment: development
[1] *   Master PID: 1
[1] *      Workers: 128
[1] *     Restarts: (✔) hot (✖) phased (✖) refork
[1] * Preloading application
[1] * Listening on http://0.0.0.0:8080
[1] Use Ctrl-C to stop
[1] - Worker 0 (PID: 8) booted in 0.2s, phase: 0
[1] - Worker 1 (PID: 11) booted in 0.2s, phase: 0
[1] - Worker 2 (PID: 17) booted in 0.2s, phase: 0
[1] - Worker 3 (PID: 26) booted in 0.2s, phase: 0
[1] - Worker 4 (PID: 35) booted in 0.2s, phase: 0
[1] - Worker 5 (PID: 49) booted in 0.2s, phase: 0
[1] - Worker 6 (PID: 63) booted in 0.19s, phase: 0
[1] - Worker 7 (PID: 74) booted in 0.19s, phase: 0
[1] - Worker 8 (PID: 86) booted in 0.19s, phase: 0
[1] - Worker 9 (PID: 97) booted in 0.19s, phase: 0
[1] - Worker 10 (PID: 111) booted in 0.19s, phase: 0
[1] - Worker 11 (PID: 123) booted in 0.19s, phase: 0
[1] - Worker 12 (PID: 135) booted in 0.19s, phase: 0
[1] - Worker 13 (PID: 147) booted in 0.19s, phase: 0
[1] - Worker 14 (PID: 170) booted in 0.18s, phase: 0
[1] - Worker 15 (PID: 175) booted in 0.18s, phase: 0
[1] - Worker 16 (PID: 186) booted in 0.18s, phase: 0
[1] - Worker 17 (PID: 193) booted in 0.18s, phase: 0
[1] - Worker 18 (PID: 206) booted in 0.18s, phase: 0
[1] - Worker 19 (PID: 216) booted in 0.18s, phase: 0
[1] - Worker 20 (PID: 226) booted in 0.18s, phase: 0
[1] - Worker 21 (PID: 236) booted in 0.18s, phase: 0
[1] - Worker 22 (PID: 248) booted in 0.18s, phase: 0
[1] - Worker 23 (PID: 258) booted in 0.18s, phase: 0
[1] - Worker 24 (PID: 271) booted in 0.17s, phase: 0
[1] - Worker 25 (PID: 287) booted in 0.17s, phase: 0
[1] - Worker 26 (PID: 295) booted in 0.17s, phase: 0
[1] - Worker 27 (PID: 310) booted in 0.17s, phase: 0
[1] - Worker 28 (PID: 322) booted in 0.17s, phase: 0
[1] - Worker 29 (PID: 343) booted in 0.17s, phase: 0
[1] - Worker 30 (PID: 363) booted in 0.16s, phase: 0
[1] - Worker 31 (PID: 367) booted in 0.16s, phase: 0
[1] - Worker 32 (PID: 370) booted in 0.16s, phase: 0
[1] - Worker 33 (PID: 381) booted in 0.16s, phase: 0
[1] - Worker 34 (PID: 391) booted in 0.16s, phase: 0
[1] - Worker 35 (PID: 399) booted in 0.16s, phase: 0
[1] - Worker 36 (PID: 411) booted in 0.16s, phase: 0
[1] - Worker 37 (PID: 424) booted in 0.16s, phase: 0
[1] - Worker 38 (PID: 435) booted in 0.16s, phase: 0
[1] - Worker 39 (PID: 446) booted in 0.15s, phase: 0
[1] - Worker 40 (PID: 460) booted in 0.15s, phase: 0
[1] - Worker 41 (PID: 468) booted in 0.15s, phase: 0
[1] - Worker 42 (PID: 477) booted in 0.15s, phase: 0
[1] - Worker 43 (PID: 489) booted in 0.15s, phase: 0
[1] - Worker 44 (PID: 501) booted in 0.15s, phase: 0
[1] - Worker 45 (PID: 512) booted in 0.15s, phase: 0
[1] - Worker 46 (PID: 527) booted in 0.15s, phase: 0
[1] - Worker 47 (PID: 538) booted in 0.14s, phase: 0
[1] - Worker 48 (PID: 553) booted in 0.14s, phase: 0
[1] - Worker 49 (PID: 563) booted in 0.14s, phase: 0
[1] - Worker 50 (PID: 577) booted in 0.14s, phase: 0
[1] - Worker 51 (PID: 600) booted in 0.14s, phase: 0
[1] - Worker 52 (PID: 614) booted in 0.14s, phase: 0
[1] - Worker 53 (PID: 623) booted in 0.13s, phase: 0
[1] - Worker 54 (PID: 634) booted in 0.13s, phase: 0
[1] - Worker 55 (PID: 642) booted in 0.13s, phase: 0
[1] - Worker 56 (PID: 653) booted in 0.13s, phase: 0
[1] - Worker 57 (PID: 666) booted in 0.13s, phase: 0
[1] - Worker 58 (PID: 679) booted in 0.13s, phase: 0
[1] - Worker 59 (PID: 691) booted in 0.13s, phase: 0
[1] - Worker 60 (PID: 706) booted in 0.13s, phase: 0
[1] - Worker 61 (PID: 717) booted in 0.12s, phase: 0
[1] - Worker 62 (PID: 726) booted in 0.12s, phase: 0
[1] - Worker 63 (PID: 742) booted in 0.12s, phase: 0
[1] - Worker 64 (PID: 751) booted in 0.12s, phase: 0
[1] - Worker 65 (PID: 766) booted in 0.12s, phase: 0
[1] - Worker 66 (PID: 779) booted in 0.12s, phase: 0
[1] - Worker 67 (PID: 791) booted in 0.12s, phase: 0
[1] - Worker 68 (PID: 802) booted in 0.12s, phase: 0
[1] - Worker 69 (PID: 810) booted in 0.11s, phase: 0
[1] - Worker 70 (PID: 824) booted in 0.11s, phase: 0
[1] - Worker 71 (PID: 836) booted in 0.11s, phase: 0
[1] - Worker 72 (PID: 850) booted in 0.11s, phase: 0
[1] - Worker 73 (PID: 863) booted in 0.11s, phase: 0
[1] - Worker 74 (PID: 872) booted in 0.11s, phase: 0
[1] - Worker 75 (PID: 882) booted in 0.11s, phase: 0
[1] - Worker 76 (PID: 895) booted in 0.11s, phase: 0
[1] - Worker 77 (PID: 908) booted in 0.11s, phase: 0
[1] - Worker 78 (PID: 918) booted in 0.1s, phase: 0
[1] - Worker 79 (PID: 933) booted in 0.1s, phase: 0
[1] - Worker 80 (PID: 943) booted in 0.1s, phase: 0
[1] - Worker 81 (PID: 959) booted in 0.1s, phase: 0
[1] - Worker 82 (PID: 969) booted in 0.1s, phase: 0
[1] - Worker 83 (PID: 983) booted in 0.1s, phase: 0
[1] - Worker 84 (PID: 993) booted in 0.1s, phase: 0
[1] - Worker 85 (PID: 1005) booted in 0.1s, phase: 0
[1] - Worker 86 (PID: 1017) booted in 0.09s, phase: 0
[1] - Worker 87 (PID: 1028) booted in 0.09s, phase: 0
[1] - Worker 88 (PID: 1040) booted in 0.09s, phase: 0
[1] - Worker 89 (PID: 1053) booted in 0.09s, phase: 0
[1] - Worker 90 (PID: 1063) booted in 0.09s, phase: 0
[1] - Worker 91 (PID: 1075) booted in 0.09s, phase: 0
[1] - Worker 92 (PID: 1087) booted in 0.09s, phase: 0
[1] - Worker 93 (PID: 1101) booted in 0.09s, phase: 0
[1] - Worker 94 (PID: 1112) booted in 0.08s, phase: 0
[1] - Worker 95 (PID: 1122) booted in 0.08s, phase: 0
[1] - Worker 96 (PID: 1137) booted in 0.08s, phase: 0
[1] - Worker 97 (PID: 1149) booted in 0.08s, phase: 0
[1] - Worker 98 (PID: 1158) booted in 0.08s, phase: 0
[1] - Worker 99 (PID: 1170) booted in 0.08s, phase: 0
[1] - Worker 100 (PID: 1185) booted in 0.08s, phase: 0
[1] - Worker 101 (PID: 1196) booted in 0.08s, phase: 0
[1] - Worker 102 (PID: 1206) booted in 0.07s, phase: 0
[1] - Worker 103 (PID: 1219) booted in 0.07s, phase: 0
[1] - Worker 104 (PID: 1230) booted in 0.07s, phase: 0
[1] - Worker 105 (PID: 1244) booted in 0.07s, phase: 0
[1] - Worker 106 (PID: 1258) booted in 0.07s, phase: 0
[1] - Worker 107 (PID: 1271) booted in 0.07s, phase: 0
[1] - Worker 108 (PID: 1283) booted in 0.07s, phase: 0
[1] - Worker 109 (PID: 1294) booted in 0.07s, phase: 0
[1] - Worker 110 (PID: 1307) booted in 0.06s, phase: 0
[1] - Worker 111 (PID: 1317) booted in 0.06s, phase: 0
[1] - Worker 112 (PID: 1334) booted in 0.06s, phase: 0
[1] - Worker 113 (PID: 1347) booted in 0.06s, phase: 0
[1] - Worker 114 (PID: 1358) booted in 0.06s, phase: 0
[1] - Worker 115 (PID: 1367) booted in 0.06s, phase: 0
[1] - Worker 116 (PID: 1378) booted in 0.06s, phase: 0
[1] - Worker 117 (PID: 1391) booted in 0.05s, phase: 0
[1] - Worker 118 (PID: 1403) booted in 0.05s, phase: 0
[1] - Worker 119 (PID: 1413) booted in 0.05s, phase: 0
[1] - Worker 120 (PID: 1425) booted in 0.05s, phase: 0
[1] - Worker 121 (PID: 1443) booted in 0.05s, phase: 0
[1] - Worker 122 (PID: 1455) booted in 0.05s, phase: 0
[1] - Worker 123 (PID: 1463) booted in 0.05s, phase: 0
[1] - Worker 124 (PID: 1475) booted in 0.05s, phase: 0
[1] - Worker 125 (PID: 1484) booted in 0.04s, phase: 0
[1] - Worker 126 (PID: 1496) booted in 0.04s, phase: 0
[1] - Worker 127 (PID: 1509) booted in 0.04s, phase: 0
