[1] Puma starting in cluster mode...
[1] * Puma version: 6.6.1 ("Return to Forever")
[1] * Ruby version: ruby 3.4.9 (2026-03-11 revision 76cca827ab) +YJIT +PRISM [x86_64-linux]
[1] *  Min threads: 4
[1] *  Max threads: 4
[1] *  Environment: development
[1] *   Master PID: 1
[1] *      Workers: 128
[1] *     Restarts: (✔) hot (✖) phased (✖) refork
[1] * Preloading application
[1] * Listening on http://0.0.0.0:8080
[1] Use Ctrl-C to stop
[1] - Worker 0 (PID: 8) booted in 0.21s, phase: 0
[1] - Worker 1 (PID: 11) booted in 0.21s, phase: 0
[1] - Worker 2 (PID: 18) booted in 0.21s, phase: 0
[1] - Worker 3 (PID: 27) booted in 0.21s, phase: 0
[1] - Worker 4 (PID: 38) booted in 0.21s, phase: 0
[1] - Worker 5 (PID: 51) booted in 0.2s, phase: 0
[1] - Worker 6 (PID: 63) booted in 0.2s, phase: 0
[1] - Worker 7 (PID: 75) booted in 0.2s, phase: 0
[1] - Worker 8 (PID: 86) booted in 0.2s, phase: 0
[1] - Worker 9 (PID: 99) booted in 0.2s, phase: 0
[1] - Worker 10 (PID: 111) booted in 0.2s, phase: 0
[1] - Worker 11 (PID: 123) booted in 0.2s, phase: 0
[1] - Worker 12 (PID: 140) booted in 0.2s, phase: 0
[1] - Worker 13 (PID: 153) booted in 0.19s, phase: 0
[1] - Worker 14 (PID: 172) booted in 0.19s, phase: 0
[1] - Worker 15 (PID: 180) booted in 0.19s, phase: 0
[1] - Worker 16 (PID: 188) booted in 0.19s, phase: 0
[1] - Worker 17 (PID: 200) booted in 0.18s, phase: 0
[1] - Worker 18 (PID: 210) booted in 0.18s, phase: 0
[1] - Worker 19 (PID: 220) booted in 0.18s, phase: 0
[1] - Worker 20 (PID: 228) booted in 0.18s, phase: 0
[1] - Worker 21 (PID: 242) booted in 0.18s, phase: 0
[1] - Worker 22 (PID: 251) booted in 0.18s, phase: 0
[1] - Worker 23 (PID: 265) booted in 0.18s, phase: 0
[1] - Worker 24 (PID: 277) booted in 0.18s, phase: 0
[1] - Worker 25 (PID: 286) booted in 0.17s, phase: 0
[1] - Worker 26 (PID: 296) booted in 0.17s, phase: 0
[1] - Worker 27 (PID: 305) booted in 0.17s, phase: 0
[1] - Worker 28 (PID: 320) booted in 0.17s, phase: 0
[1] - Worker 29 (PID: 344) booted in 0.17s, phase: 0
[1] - Worker 30 (PID: 362) booted in 0.17s, phase: 0
[1] - Worker 31 (PID: 367) booted in 0.17s, phase: 0
[1] - Worker 32 (PID: 370) booted in 0.16s, phase: 0
[1] - Worker 33 (PID: 382) booted in 0.16s, phase: 0
[1] - Worker 34 (PID: 390) booted in 0.16s, phase: 0
[1] - Worker 35 (PID: 400) booted in 0.16s, phase: 0
[1] - Worker 36 (PID: 419) booted in 0.16s, phase: 0
[1] - Worker 37 (PID: 437) booted in 0.16s, phase: 0
[1] - Worker 38 (PID: 446) booted in 0.15s, phase: 0
[1] - Worker 39 (PID: 457) booted in 0.15s, phase: 0
[1] - Worker 40 (PID: 462) booted in 0.15s, phase: 0
[1] - Worker 41 (PID: 472) booted in 0.15s, phase: 0
[1] - Worker 42 (PID: 476) booted in 0.15s, phase: 0
[1] - Worker 43 (PID: 490) booted in 0.15s, phase: 0
[1] - Worker 44 (PID: 499) booted in 0.15s, phase: 0
[1] - Worker 45 (PID: 515) booted in 0.14s, phase: 0
[1] - Worker 46 (PID: 528) booted in 0.14s, phase: 0
[1] - Worker 47 (PID: 538) booted in 0.14s, phase: 0
[1] - Worker 48 (PID: 549) booted in 0.14s, phase: 0
[1] - Worker 49 (PID: 561) booted in 0.14s, phase: 0
[1] - Worker 50 (PID: 575) booted in 0.14s, phase: 0
[1] - Worker 51 (PID: 599) booted in 0.14s, phase: 0
[1] - Worker 52 (PID: 611) booted in 0.13s, phase: 0
[1] - Worker 53 (PID: 622) booted in 0.13s, phase: 0
[1] - Worker 54 (PID: 634) booted in 0.13s, phase: 0
[1] - Worker 55 (PID: 641) booted in 0.13s, phase: 0
[1] - Worker 56 (PID: 653) booted in 0.13s, phase: 0
[1] - Worker 57 (PID: 666) booted in 0.13s, phase: 0
[1] - Worker 58 (PID: 679) booted in 0.13s, phase: 0
[1] - Worker 59 (PID: 691) booted in 0.13s, phase: 0
[1] - Worker 60 (PID: 704) booted in 0.12s, phase: 0
[1] - Worker 61 (PID: 715) booted in 0.12s, phase: 0
[1] - Worker 62 (PID: 727) booted in 0.12s, phase: 0
[1] - Worker 63 (PID: 738) booted in 0.12s, phase: 0
[1] - Worker 64 (PID: 751) booted in 0.12s, phase: 0
[1] - Worker 65 (PID: 763) booted in 0.12s, phase: 0
[1] - Worker 66 (PID: 776) booted in 0.12s, phase: 0
[1] - Worker 67 (PID: 789) booted in 0.12s, phase: 0
[1] - Worker 68 (PID: 802) booted in 0.12s, phase: 0
[1] - Worker 69 (PID: 813) booted in 0.11s, phase: 0
[1] - Worker 70 (PID: 824) booted in 0.11s, phase: 0
[1] - Worker 71 (PID: 834) booted in 0.11s, phase: 0
[1] - Worker 72 (PID: 847) booted in 0.11s, phase: 0
[1] - Worker 73 (PID: 860) booted in 0.11s, phase: 0
[1] - Worker 74 (PID: 872) booted in 0.11s, phase: 0
[1] - Worker 75 (PID: 883) booted in 0.11s, phase: 0
[1] - Worker 76 (PID: 895) booted in 0.11s, phase: 0
[1] - Worker 77 (PID: 907) booted in 0.1s, phase: 0
[1] - Worker 78 (PID: 918) booted in 0.1s, phase: 0
[1] - Worker 79 (PID: 932) booted in 0.1s, phase: 0
[1] - Worker 80 (PID: 943) booted in 0.1s, phase: 0
[1] - Worker 81 (PID: 959) booted in 0.1s, phase: 0
[1] - Worker 82 (PID: 971) booted in 0.1s, phase: 0
[1] - Worker 83 (PID: 982) booted in 0.1s, phase: 0
[1] - Worker 84 (PID: 992) booted in 0.1s, phase: 0
[1] - Worker 85 (PID: 1005) booted in 0.09s, phase: 0
[1] - Worker 86 (PID: 1015) booted in 0.09s, phase: 0
[1] - Worker 87 (PID: 1029) booted in 0.09s, phase: 0
[1] - Worker 88 (PID: 1040) booted in 0.09s, phase: 0
[1] - Worker 89 (PID: 1051) booted in 0.09s, phase: 0
[1] - Worker 90 (PID: 1064) booted in 0.09s, phase: 0
[1] - Worker 91 (PID: 1075) booted in 0.09s, phase: 0
[1] - Worker 92 (PID: 1087) booted in 0.09s, phase: 0
[1] - Worker 93 (PID: 1100) booted in 0.08s, phase: 0
[1] - Worker 94 (PID: 1111) booted in 0.08s, phase: 0
[1] - Worker 95 (PID: 1127) booted in 0.08s, phase: 0
[1] - Worker 96 (PID: 1136) booted in 0.08s, phase: 0
[1] - Worker 97 (PID: 1150) booted in 0.08s, phase: 0
[1] - Worker 98 (PID: 1163) booted in 0.08s, phase: 0
[1] - Worker 99 (PID: 1171) booted in 0.08s, phase: 0
[1] - Worker 100 (PID: 1185) booted in 0.08s, phase: 0
[1] - Worker 101 (PID: 1195) booted in 0.07s, phase: 0
[1] - Worker 102 (PID: 1207) booted in 0.07s, phase: 0
[1] - Worker 103 (PID: 1220) booted in 0.07s, phase: 0
[1] - Worker 104 (PID: 1231) booted in 0.07s, phase: 0
[1] - Worker 105 (PID: 1244) booted in 0.07s, phase: 0
[1] - Worker 106 (PID: 1258) booted in 0.07s, phase: 0
[1] - Worker 107 (PID: 1267) booted in 0.07s, phase: 0
[1] - Worker 108 (PID: 1283) booted in 0.07s, phase: 0
[1] - Worker 109 (PID: 1292) booted in 0.06s, phase: 0
[1] - Worker 110 (PID: 1303) booted in 0.06s, phase: 0
[1] - Worker 111 (PID: 1319) booted in 0.06s, phase: 0
[1] - Worker 112 (PID: 1330) booted in 0.06s, phase: 0
[1] - Worker 113 (PID: 1340) booted in 0.06s, phase: 0
[1] - Worker 114 (PID: 1355) booted in 0.06s, phase: 0
[1] - Worker 115 (PID: 1365) booted in 0.06s, phase: 0
[1] - Worker 116 (PID: 1377) booted in 0.06s, phase: 0
[1] - Worker 117 (PID: 1388) booted in 0.05s, phase: 0
[1] - Worker 118 (PID: 1399) booted in 0.05s, phase: 0
[1] - Worker 119 (PID: 1411) booted in 0.05s, phase: 0
[1] - Worker 120 (PID: 1424) booted in 0.05s, phase: 0
[1] - Worker 121 (PID: 1435) booted in 0.05s, phase: 0
[1] - Worker 122 (PID: 1447) booted in 0.05s, phase: 0
[1] - Worker 123 (PID: 1466) booted in 0.05s, phase: 0
[1] - Worker 124 (PID: 1479) booted in 0.05s, phase: 0
[1] - Worker 125 (PID: 1487) booted in 0.04s, phase: 0
[1] - Worker 126 (PID: 1499) booted in 0.04s, phase: 0
[1] - Worker 127 (PID: 1509) booted in 0.04s, phase: 0
