[1] Puma starting in cluster mode...
[1] * Puma version: 6.6.1 ("Return to Forever")
[1] * Ruby version: ruby 3.4.9 (2026-03-11 revision 76cca827ab) +YJIT +PRISM [x86_64-linux]
[1] *  Min threads: 4
[1] *  Max threads: 4
[1] *  Environment: development
[1] *   Master PID: 1
[1] *      Workers: 128
[1] *     Restarts: (✔) hot (✖) phased (✖) refork
[1] * Preloading application
[1] * Listening on http://0.0.0.0:8080
[1] Use Ctrl-C to stop
[1] - Worker 0 (PID: 8) booted in 0.2s, phase: 0
[1] - Worker 1 (PID: 11) booted in 0.2s, phase: 0
[1] - Worker 2 (PID: 16) booted in 0.2s, phase: 0
[1] - Worker 3 (PID: 25) booted in 0.2s, phase: 0
[1] - Worker 4 (PID: 33) booted in 0.2s, phase: 0
[1] - Worker 5 (PID: 50) booted in 0.2s, phase: 0
[1] - Worker 6 (PID: 61) booted in 0.2s, phase: 0
[1] - Worker 7 (PID: 73) booted in 0.19s, phase: 0
[1] - Worker 8 (PID: 85) booted in 0.19s, phase: 0
[1] - Worker 9 (PID: 97) booted in 0.19s, phase: 0
[1] - Worker 10 (PID: 110) booted in 0.19s, phase: 0
[1] - Worker 11 (PID: 123) booted in 0.19s, phase: 0
[1] - Worker 12 (PID: 138) booted in 0.19s, phase: 0
[1] - Worker 13 (PID: 147) booted in 0.19s, phase: 0
[1] - Worker 14 (PID: 172) booted in 0.18s, phase: 0
[1] - Worker 15 (PID: 178) booted in 0.18s, phase: 0
[1] - Worker 16 (PID: 187) booted in 0.18s, phase: 0
[1] - Worker 17 (PID: 192) booted in 0.18s, phase: 0
[1] - Worker 18 (PID: 205) booted in 0.18s, phase: 0
[1] - Worker 19 (PID: 217) booted in 0.18s, phase: 0
[1] - Worker 20 (PID: 225) booted in 0.18s, phase: 0
[1] - Worker 21 (PID: 238) booted in 0.18s, phase: 0
[1] - Worker 22 (PID: 249) booted in 0.18s, phase: 0
[1] - Worker 23 (PID: 259) booted in 0.18s, phase: 0
[1] - Worker 24 (PID: 274) booted in 0.17s, phase: 0
[1] - Worker 25 (PID: 287) booted in 0.17s, phase: 0
[1] - Worker 26 (PID: 299) booted in 0.17s, phase: 0
[1] - Worker 27 (PID: 311) booted in 0.17s, phase: 0
[1] - Worker 28 (PID: 321) booted in 0.17s, phase: 0
[1] - Worker 29 (PID: 343) booted in 0.17s, phase: 0
[1] - Worker 30 (PID: 360) booted in 0.16s, phase: 0
[1] - Worker 31 (PID: 367) booted in 0.16s, phase: 0
[1] - Worker 32 (PID: 371) booted in 0.16s, phase: 0
[1] - Worker 33 (PID: 383) booted in 0.16s, phase: 0
[1] - Worker 34 (PID: 391) booted in 0.16s, phase: 0
[1] - Worker 35 (PID: 399) booted in 0.16s, phase: 0
[1] - Worker 36 (PID: 409) booted in 0.16s, phase: 0
[1] - Worker 37 (PID: 422) booted in 0.16s, phase: 0
[1] - Worker 38 (PID: 435) booted in 0.16s, phase: 0
[1] - Worker 39 (PID: 446) booted in 0.15s, phase: 0
[1] - Worker 40 (PID: 456) booted in 0.15s, phase: 0
[1] - Worker 41 (PID: 466) booted in 0.15s, phase: 0
[1] - Worker 42 (PID: 476) booted in 0.15s, phase: 0
[1] - Worker 43 (PID: 485) booted in 0.15s, phase: 0
[1] - Worker 44 (PID: 498) booted in 0.15s, phase: 0
[1] - Worker 45 (PID: 511) booted in 0.15s, phase: 0
[1] - Worker 46 (PID: 519) booted in 0.15s, phase: 0
[1] - Worker 47 (PID: 530) booted in 0.14s, phase: 0
[1] - Worker 48 (PID: 539) booted in 0.14s, phase: 0
[1] - Worker 49 (PID: 558) booted in 0.14s, phase: 0
[1] - Worker 50 (PID: 569) booted in 0.14s, phase: 0
[1] - Worker 51 (PID: 600) booted in 0.14s, phase: 0
[1] - Worker 52 (PID: 612) booted in 0.14s, phase: 0
[1] - Worker 53 (PID: 622) booted in 0.13s, phase: 0
[1] - Worker 54 (PID: 634) booted in 0.13s, phase: 0
[1] - Worker 55 (PID: 642) booted in 0.13s, phase: 0
[1] - Worker 56 (PID: 654) booted in 0.13s, phase: 0
[1] - Worker 57 (PID: 669) booted in 0.13s, phase: 0
[1] - Worker 58 (PID: 683) booted in 0.13s, phase: 0
[1] - Worker 59 (PID: 693) booted in 0.13s, phase: 0
[1] - Worker 60 (PID: 707) booted in 0.13s, phase: 0
[1] - Worker 61 (PID: 715) booted in 0.12s, phase: 0
[1] - Worker 62 (PID: 728) booted in 0.12s, phase: 0
[1] - Worker 63 (PID: 738) booted in 0.12s, phase: 0
[1] - Worker 64 (PID: 752) booted in 0.12s, phase: 0
[1] - Worker 65 (PID: 764) booted in 0.12s, phase: 0
[1] - Worker 66 (PID: 778) booted in 0.12s, phase: 0
[1] - Worker 67 (PID: 789) booted in 0.12s, phase: 0
[1] - Worker 68 (PID: 797) booted in 0.12s, phase: 0
[1] - Worker 69 (PID: 812) booted in 0.11s, phase: 0
[1] - Worker 70 (PID: 824) booted in 0.11s, phase: 0
[1] - Worker 71 (PID: 838) booted in 0.11s, phase: 0
[1] - Worker 72 (PID: 849) booted in 0.11s, phase: 0
[1] - Worker 73 (PID: 859) booted in 0.11s, phase: 0
[1] - Worker 74 (PID: 871) booted in 0.11s, phase: 0
[1] - Worker 75 (PID: 886) booted in 0.11s, phase: 0
[1] - Worker 76 (PID: 895) booted in 0.11s, phase: 0
[1] - Worker 77 (PID: 909) booted in 0.1s, phase: 0
[1] - Worker 78 (PID: 919) booted in 0.1s, phase: 0
[1] - Worker 79 (PID: 935) booted in 0.1s, phase: 0
[1] - Worker 80 (PID: 946) booted in 0.1s, phase: 0
[1] - Worker 81 (PID: 958) booted in 0.1s, phase: 0
[1] - Worker 82 (PID: 970) booted in 0.1s, phase: 0
[1] - Worker 83 (PID: 981) booted in 0.1s, phase: 0
[1] - Worker 84 (PID: 992) booted in 0.1s, phase: 0
[1] - Worker 85 (PID: 1004) booted in 0.09s, phase: 0
[1] - Worker 86 (PID: 1015) booted in 0.09s, phase: 0
[1] - Worker 87 (PID: 1031) booted in 0.09s, phase: 0
[1] - Worker 88 (PID: 1041) booted in 0.09s, phase: 0
[1] - Worker 89 (PID: 1047) booted in 0.09s, phase: 0
[1] - Worker 90 (PID: 1057) booted in 0.09s, phase: 0
[1] - Worker 91 (PID: 1070) booted in 0.09s, phase: 0
[1] - Worker 92 (PID: 1088) booted in 0.09s, phase: 0
[1] - Worker 93 (PID: 1100) booted in 0.08s, phase: 0
[1] - Worker 94 (PID: 1112) booted in 0.08s, phase: 0
[1] - Worker 95 (PID: 1124) booted in 0.08s, phase: 0
[1] - Worker 96 (PID: 1134) booted in 0.08s, phase: 0
[1] - Worker 97 (PID: 1149) booted in 0.08s, phase: 0
[1] - Worker 98 (PID: 1160) booted in 0.08s, phase: 0
[1] - Worker 99 (PID: 1173) booted in 0.08s, phase: 0
[1] - Worker 100 (PID: 1187) booted in 0.08s, phase: 0
[1] - Worker 101 (PID: 1196) booted in 0.07s, phase: 0
[1] - Worker 102 (PID: 1209) booted in 0.07s, phase: 0
[1] - Worker 103 (PID: 1223) booted in 0.07s, phase: 0
[1] - Worker 104 (PID: 1232) booted in 0.07s, phase: 0
[1] - Worker 105 (PID: 1246) booted in 0.07s, phase: 0
[1] - Worker 106 (PID: 1256) booted in 0.07s, phase: 0
[1] - Worker 107 (PID: 1268) booted in 0.07s, phase: 0
[1] - Worker 108 (PID: 1281) booted in 0.07s, phase: 0
[1] - Worker 109 (PID: 1294) booted in 0.07s, phase: 0
[1] - Worker 110 (PID: 1304) booted in 0.06s, phase: 0
[1] - Worker 111 (PID: 1317) booted in 0.06s, phase: 0
[1] - Worker 112 (PID: 1326) booted in 0.06s, phase: 0
[1] - Worker 113 (PID: 1341) booted in 0.06s, phase: 0
[1] - Worker 114 (PID: 1350) booted in 0.06s, phase: 0
[1] - Worker 115 (PID: 1366) booted in 0.06s, phase: 0
[1] - Worker 116 (PID: 1375) booted in 0.06s, phase: 0
[1] - Worker 117 (PID: 1388) booted in 0.06s, phase: 0
[1] - Worker 118 (PID: 1403) booted in 0.05s, phase: 0
[1] - Worker 119 (PID: 1413) booted in 0.05s, phase: 0
[1] - Worker 120 (PID: 1426) booted in 0.05s, phase: 0
[1] - Worker 121 (PID: 1439) booted in 0.05s, phase: 0
[1] - Worker 122 (PID: 1450) booted in 0.05s, phase: 0
[1] - Worker 123 (PID: 1462) booted in 0.05s, phase: 0
[1] - Worker 124 (PID: 1472) booted in 0.05s, phase: 0
[1] - Worker 126 (PID: 1495) booted in 0.04s, phase: 0
[1] - Worker 125 (PID: 1483) booted in 0.05s, phase: 0
[1] - Worker 127 (PID: 1507) booted in 0.04s, phase: 0
