{"level":"info","ts":1776013644.3266091,"msg":"maxprocs: Leaving GOMAXPROCS=64: CPU quota undefined"}
{"level":"info","ts":1776013644.3266294,"msg":"GOMEMLIMIT is updated","GOMEMLIMIT":243039519129,"previous":9223372036854775807}
{"level":"info","ts":1776013644.326632,"msg":"using config from file","file":"/etc/caddy/Caddyfile"}
{"level":"info","ts":1776013644.3266337,"msg":"adapted config to JSON","adapter":"caddyfile"}
{"level":"warn","ts":1776013644.3266363,"logger":"admin","msg":"admin endpoint disabled"}
{"level":"info","ts":1776013644.3280985,"logger":"tls.cache.maintenance","msg":"started background certificate maintenance","cache":"0x37c3cb278100"}
{"level":"info","ts":1776013644.3302286,"logger":"http.auto_https","msg":"automatic HTTPS is completely disabled for server","server_name":"srv0"}
{"level":"info","ts":1776013644.3302426,"logger":"http.auto_https","msg":"automatic HTTPS is completely disabled for server","server_name":"srv1"}
{"level":"info","ts":1776013644.3351684,"logger":"tls","msg":"cleaning storage unit","storage":"FileStorage:/root/.local/share/caddy"}
{"level":"info","ts":1776013644.3373785,"logger":"tls","msg":"finished cleaning storage units"}
{"level":"info","ts":1776013644.7771623,"logger":"frankenphp","msg":"async worker thread started","worker":"m#/app/worker.php","thread":7}
{"level":"info","ts":1776013644.7770047,"logger":"frankenphp","msg":"async worker thread started","worker":"m#/app/worker.php","thread":4}
{"level":"info","ts":1776013644.777241,"logger":"frankenphp","msg":"async worker thread started","worker":"m#/app/worker.php","thread":8}
{"level":"info","ts":1776013644.7790682,"logger":"frankenphp","msg":"async worker thread started","worker":"m#/app/worker.php","thread":27}
{"level":"info","ts":1776013644.779153,"logger":"frankenphp","msg":"async worker thread started","worker":"m#/app/worker.php","thread":28}
{"level":"info","ts":1776013644.7777297,"logger":"frankenphp","msg":"async worker thread started","worker":"m#/app/worker.php","thread":21}
{"level":"info","ts":1776013644.7791731,"logger":"frankenphp","msg":"async worker thread started","worker":"m#/app/worker.php","thread":29}
{"level":"info","ts":1776013644.7791898,"logger":"frankenphp","msg":"async worker thread started","worker":"m#/app/worker.php","thread":30}
{"level":"info","ts":1776013644.777759,"logger":"frankenphp","msg":"async worker thread started","worker":"m#/app/worker.php","thread":22}
{"level":"info","ts":1776013644.7778854,"logger":"frankenphp","msg":"async worker thread started","worker":"m#/app/worker.php","thread":25}
{"level":"info","ts":1776013644.7774785,"logger":"frankenphp","msg":"async worker thread started","worker":"m#/app/worker.php","thread":14}
{"level":"info","ts":1776013644.7773104,"logger":"frankenphp","msg":"async worker thread started","worker":"m#/app/worker.php","thread":11}
{"level":"info","ts":1776013644.7793071,"logger":"frankenphp","msg":"async worker thread started","worker":"m#/app/worker.php","thread":32}
{"level":"info","ts":1776013644.7792997,"logger":"frankenphp","msg":"async worker thread started","worker":"m#/app/worker.php","thread":31}
{"level":"info","ts":1776013644.7793536,"logger":"frankenphp","msg":"async worker thread started","worker":"m#/app/worker.php","thread":33}
{"level":"info","ts":1776013644.778003,"logger":"frankenphp","msg":"async worker thread started","worker":"m#/app/worker.php","thread":26}
{"level":"info","ts":1776013644.776938,"logger":"frankenphp","msg":"async worker thread started","worker":"m#/app/worker.php","thread":3}
{"level":"info","ts":1776013644.7778094,"logger":"frankenphp","msg":"async worker thread started","worker":"m#/app/worker.php","thread":23}
{"level":"info","ts":1776013644.777882,"logger":"frankenphp","msg":"async worker thread started","worker":"m#/app/worker.php","thread":24}
{"level":"info","ts":1776013644.7794929,"logger":"frankenphp","msg":"async worker thread started","worker":"m#/app/worker.php","thread":35}
{"level":"info","ts":1776013644.7795029,"logger":"frankenphp","msg":"async worker thread started","worker":"m#/app/worker.php","thread":36}
{"level":"info","ts":1776013644.7795086,"logger":"frankenphp","msg":"async worker thread started","worker":"m#/app/worker.php","thread":34}
{"level":"info","ts":1776013644.77958,"logger":"frankenphp","msg":"async worker thread started","worker":"m#/app/worker.php","thread":38}
{"level":"info","ts":1776013644.779598,"logger":"frankenphp","msg":"async worker thread started","worker":"m#/app/worker.php","thread":39}
{"level":"info","ts":1776013644.7772486,"logger":"frankenphp","msg":"async worker thread started","worker":"m#/app/worker.php","thread":9}
{"level":"info","ts":1776013644.779643,"logger":"frankenphp","msg":"async worker thread started","worker":"m#/app/worker.php","thread":40}
{"level":"info","ts":1776013644.7795923,"logger":"frankenphp","msg":"async worker thread started","worker":"m#/app/worker.php","thread":37}
{"level":"info","ts":1776013644.7774148,"logger":"frankenphp","msg":"async worker thread started","worker":"m#/app/worker.php","thread":13}
{"level":"info","ts":1776013644.7763867,"logger":"frankenphp","msg":"async worker thread started","worker":"m#/app/worker.php","thread":1}
{"level":"info","ts":1776013644.7796755,"logger":"frankenphp","msg":"async worker thread started","worker":"m#/app/worker.php","thread":41}
{"level":"info","ts":1776013644.7797072,"logger":"frankenphp","msg":"async worker thread started","worker":"m#/app/worker.php","thread":42}
{"level":"info","ts":1776013644.7797294,"logger":"frankenphp","msg":"async worker thread started","worker":"m#/app/worker.php","thread":43}
{"level":"info","ts":1776013644.777621,"logger":"frankenphp","msg":"async worker thread started","worker":"m#/app/worker.php","thread":19}
{"level":"info","ts":1776013644.77979,"logger":"frankenphp","msg":"async worker thread started","worker":"m#/app/worker.php","thread":44}
{"level":"info","ts":1776013644.777572,"logger":"frankenphp","msg":"async worker thread started","worker":"m#/app/worker.php","thread":18}
{"level":"info","ts":1776013644.7798038,"logger":"frankenphp","msg":"async worker thread started","worker":"m#/app/worker.php","thread":45}
{"level":"info","ts":1776013644.7768404,"logger":"frankenphp","msg":"async worker thread started","worker":"m#/app/worker.php","thread":2}
{"level":"info","ts":1776013644.7798827,"logger":"frankenphp","msg":"async worker thread started","worker":"m#/app/worker.php","thread":46}
{"level":"info","ts":1776013644.7798977,"logger":"frankenphp","msg":"async worker thread started","worker":"m#/app/worker.php","thread":47}
{"level":"info","ts":1776013644.7770834,"logger":"frankenphp","msg":"async worker thread started","worker":"m#/app/worker.php","thread":6}
{"level":"info","ts":1776013644.7799754,"logger":"frankenphp","msg":"async worker thread started","worker":"m#/app/worker.php","thread":48}
{"level":"info","ts":1776013644.780001,"logger":"frankenphp","msg":"async worker thread started","worker":"m#/app/worker.php","thread":49}
{"level":"info","ts":1776013644.780049,"logger":"frankenphp","msg":"async worker thread started","worker":"m#/app/worker.php","thread":51}
{"level":"info","ts":1776013644.7800074,"logger":"frankenphp","msg":"async worker thread started","worker":"m#/app/worker.php","thread":50}
{"level":"info","ts":1776013644.7770271,"logger":"frankenphp","msg":"async worker thread started","worker":"m#/app/worker.php","thread":5}
{"level":"info","ts":1776013644.777328,"logger":"frankenphp","msg":"async worker thread started","worker":"m#/app/worker.php","thread":10}
{"level":"info","ts":1776013644.7801738,"logger":"frankenphp","msg":"async worker thread started","worker":"m#/app/worker.php","thread":52}
{"level":"info","ts":1776013644.7775702,"logger":"frankenphp","msg":"async worker thread started","worker":"m#/app/worker.php","thread":16}
{"level":"info","ts":1776013644.7776759,"logger":"frankenphp","msg":"async worker thread started","worker":"m#/app/worker.php","thread":20}
{"level":"info","ts":1776013644.7775693,"logger":"frankenphp","msg":"async worker thread started","worker":"m#/app/worker.php","thread":17}
{"level":"info","ts":1776013644.777331,"logger":"frankenphp","msg":"async worker thread started","worker":"m#/app/worker.php","thread":12}
{"level":"info","ts":1776013644.7774813,"logger":"frankenphp","msg":"async worker thread started","worker":"m#/app/worker.php","thread":15}
{"level":"info","ts":1776013644.7954886,"logger":"frankenphp","msg":"async worker thread started","worker":"m#/app/worker.php","thread":53}
{"level":"info","ts":1776013644.795523,"logger":"frankenphp","msg":"async worker thread started","worker":"m#/app/worker.php","thread":54}
{"level":"info","ts":1776013644.8074794,"logger":"frankenphp","msg":"async worker thread started","worker":"m#/app/worker.php","thread":55}
{"level":"info","ts":1776013644.8184147,"logger":"frankenphp","msg":"async worker thread started","worker":"m#/app/worker.php","thread":56}
{"level":"info","ts":1776013644.8184788,"logger":"frankenphp","msg":"async worker thread started","worker":"m#/app/worker.php","thread":57}
{"level":"info","ts":1776013644.8185463,"logger":"frankenphp","msg":"async worker thread started","worker":"m#/app/worker.php","thread":58}
{"level":"info","ts":1776013644.8185792,"logger":"frankenphp","msg":"async worker thread started","worker":"m#/app/worker.php","thread":59}
{"level":"info","ts":1776013644.8186774,"logger":"frankenphp","msg":"async worker thread started","worker":"m#/app/worker.php","thread":60}
{"level":"info","ts":1776013644.818707,"logger":"frankenphp","msg":"async worker thread started","worker":"m#/app/worker.php","thread":61}
{"level":"info","ts":1776013644.8187363,"logger":"frankenphp","msg":"async worker thread started","worker":"m#/app/worker.php","thread":62}
{"level":"info","ts":1776013644.8188286,"logger":"frankenphp","msg":"async worker thread started","worker":"m#/app/worker.php","thread":63}
{"level":"info","ts":1776013644.818888,"logger":"frankenphp","msg":"async worker thread started","worker":"m#/app/worker.php","thread":64}
{"level":"info","ts":1776013644.818937,"logger":"frankenphp","msg":"async worker thread started","worker":"m#/app/worker.php","thread":65}
{"level":"info","ts":1776013644.81898,"logger":"frankenphp","msg":"async worker thread started","worker":"m#/app/worker.php","thread":66}
{"level":"info","ts":1776013644.819022,"logger":"frankenphp","msg":"async worker thread started","worker":"m#/app/worker.php","thread":67}
{"level":"info","ts":1776013644.8191485,"logger":"frankenphp","msg":"async worker thread started","worker":"m#/app/worker.php","thread":68}
{"level":"info","ts":1776013644.8191638,"logger":"frankenphp","msg":"async worker thread started","worker":"m#/app/worker.php","thread":69}
{"level":"info","ts":1776013644.8191917,"logger":"frankenphp","msg":"async worker thread started","worker":"m#/app/worker.php","thread":70}
{"level":"info","ts":1776013644.8193145,"logger":"frankenphp","msg":"async worker thread started","worker":"m#/app/worker.php","thread":71}
{"level":"info","ts":1776013644.8193471,"logger":"frankenphp","msg":"async worker thread started","worker":"m#/app/worker.php","thread":72}
{"level":"info","ts":1776013644.8194058,"logger":"frankenphp","msg":"async worker thread started","worker":"m#/app/worker.php","thread":73}
{"level":"info","ts":1776013644.819536,"logger":"frankenphp","msg":"async worker thread started","worker":"m#/app/worker.php","thread":75}
{"level":"info","ts":1776013644.8195171,"logger":"frankenphp","msg":"async worker thread started","worker":"m#/app/worker.php","thread":74}
{"level":"info","ts":1776013644.819572,"logger":"frankenphp","msg":"async worker thread started","worker":"m#/app/worker.php","thread":76}
{"level":"info","ts":1776013644.8196008,"logger":"frankenphp","msg":"async worker thread started","worker":"m#/app/worker.php","thread":77}
{"level":"info","ts":1776013644.8196564,"logger":"frankenphp","msg":"async worker thread started","worker":"m#/app/worker.php","thread":78}
{"level":"info","ts":1776013644.8197849,"logger":"frankenphp","msg":"async worker thread started","worker":"m#/app/worker.php","thread":79}
{"level":"info","ts":1776013644.819802,"logger":"frankenphp","msg":"async worker thread started","worker":"m#/app/worker.php","thread":80}
{"level":"info","ts":1776013644.819888,"logger":"frankenphp","msg":"async worker thread started","worker":"m#/app/worker.php","thread":81}
{"level":"info","ts":1776013644.8199005,"logger":"frankenphp","msg":"async worker thread started","worker":"m#/app/worker.php","thread":82}
{"level":"info","ts":1776013644.8199282,"logger":"frankenphp","msg":"async worker thread started","worker":"m#/app/worker.php","thread":83}
{"level":"info","ts":1776013644.8199854,"logger":"frankenphp","msg":"async worker thread started","worker":"m#/app/worker.php","thread":84}
{"level":"info","ts":1776013644.8200734,"logger":"frankenphp","msg":"async worker thread started","worker":"m#/app/worker.php","thread":85}
{"level":"info","ts":1776013644.837883,"logger":"frankenphp","msg":"async worker thread started","worker":"m#/app/worker.php","thread":86}
{"level":"info","ts":1776013644.837902,"logger":"frankenphp","msg":"async worker thread started","worker":"m#/app/worker.php","thread":87}
{"level":"info","ts":1776013644.8379705,"logger":"frankenphp","msg":"async worker thread started","worker":"m#/app/worker.php","thread":88}
{"level":"info","ts":1776013644.8380437,"logger":"frankenphp","msg":"async worker thread started","worker":"m#/app/worker.php","thread":90}
{"level":"info","ts":1776013644.8380578,"logger":"frankenphp","msg":"async worker thread started","worker":"m#/app/worker.php","thread":91}
{"level":"info","ts":1776013644.8380919,"logger":"frankenphp","msg":"async worker thread started","worker":"m#/app/worker.php","thread":92}
{"level":"info","ts":1776013644.8381264,"logger":"frankenphp","msg":"async worker thread started","worker":"m#/app/worker.php","thread":93}
{"level":"info","ts":1776013644.838042,"logger":"frankenphp","msg":"async worker thread started","worker":"m#/app/worker.php","thread":89}
{"level":"info","ts":1776013644.8382044,"logger":"frankenphp","msg":"async worker thread started","worker":"m#/app/worker.php","thread":94}
{"level":"info","ts":1776013644.8382738,"logger":"frankenphp","msg":"async worker thread started","worker":"m#/app/worker.php","thread":95}
{"level":"info","ts":1776013644.8383248,"logger":"frankenphp","msg":"async worker thread started","worker":"m#/app/worker.php","thread":96}
{"level":"info","ts":1776013644.838367,"logger":"frankenphp","msg":"async worker thread started","worker":"m#/app/worker.php","thread":97}
{"level":"info","ts":1776013644.8385105,"logger":"frankenphp","msg":"async worker thread started","worker":"m#/app/worker.php","thread":98}
{"level":"info","ts":1776013644.8385534,"logger":"frankenphp","msg":"async worker thread started","worker":"m#/app/worker.php","thread":99}
{"level":"info","ts":1776013644.8386068,"logger":"frankenphp","msg":"async worker thread started","worker":"m#/app/worker.php","thread":100}
{"level":"info","ts":1776013644.8386698,"logger":"frankenphp","msg":"async worker thread started","worker":"m#/app/worker.php","thread":101}
{"level":"info","ts":1776013644.838743,"logger":"frankenphp","msg":"async worker thread started","worker":"m#/app/worker.php","thread":102}
{"level":"info","ts":1776013644.838785,"logger":"frankenphp","msg":"async worker thread started","worker":"m#/app/worker.php","thread":104}
{"level":"info","ts":1776013644.83875,"logger":"frankenphp","msg":"async worker thread started","worker":"m#/app/worker.php","thread":103}
{"level":"info","ts":1776013644.8388126,"logger":"frankenphp","msg":"async worker thread started","worker":"m#/app/worker.php","thread":105}
{"level":"info","ts":1776013644.8389108,"logger":"frankenphp","msg":"async worker thread started","worker":"m#/app/worker.php","thread":107}
{"level":"info","ts":1776013644.8389046,"logger":"frankenphp","msg":"async worker thread started","worker":"m#/app/worker.php","thread":106}
{"level":"info","ts":1776013644.8389235,"logger":"frankenphp","msg":"async worker thread started","worker":"m#/app/worker.php","thread":108}
{"level":"info","ts":1776013644.8390074,"logger":"frankenphp","msg":"async worker thread started","worker":"m#/app/worker.php","thread":110}
{"level":"info","ts":1776013644.8390481,"logger":"frankenphp","msg":"async worker thread started","worker":"m#/app/worker.php","thread":111}
{"level":"info","ts":1776013644.8389983,"logger":"frankenphp","msg":"async worker thread started","worker":"m#/app/worker.php","thread":109}
{"level":"info","ts":1776013644.8390734,"logger":"frankenphp","msg":"async worker thread started","worker":"m#/app/worker.php","thread":112}
{"level":"info","ts":1776013644.8391047,"logger":"frankenphp","msg":"async worker thread started","worker":"m#/app/worker.php","thread":113}
{"level":"info","ts":1776013644.8391626,"logger":"frankenphp","msg":"async worker thread started","worker":"m#/app/worker.php","thread":114}
{"level":"info","ts":1776013644.839245,"logger":"frankenphp","msg":"async worker thread started","worker":"m#/app/worker.php","thread":115}
{"level":"info","ts":1776013644.8392441,"logger":"frankenphp","msg":"async worker thread started","worker":"m#/app/worker.php","thread":116}
{"level":"info","ts":1776013644.8393133,"logger":"frankenphp","msg":"async worker thread started","worker":"m#/app/worker.php","thread":117}
{"level":"info","ts":1776013644.8393295,"logger":"frankenphp","msg":"async worker thread started","worker":"m#/app/worker.php","thread":119}
{"level":"info","ts":1776013644.8393133,"logger":"frankenphp","msg":"async worker thread started","worker":"m#/app/worker.php","thread":118}
{"level":"info","ts":1776013644.8393993,"logger":"frankenphp","msg":"async worker thread started","worker":"m#/app/worker.php","thread":120}
{"level":"info","ts":1776013644.8394594,"logger":"frankenphp","msg":"async worker thread started","worker":"m#/app/worker.php","thread":121}
{"level":"info","ts":1776013644.8394687,"logger":"frankenphp","msg":"async worker thread started","worker":"m#/app/worker.php","thread":122}
{"level":"info","ts":1776013644.8395524,"logger":"frankenphp","msg":"async worker thread started","worker":"m#/app/worker.php","thread":123}
{"level":"info","ts":1776013644.839558,"logger":"frankenphp","msg":"async worker thread started","worker":"m#/app/worker.php","thread":124}
{"level":"info","ts":1776013644.839649,"logger":"frankenphp","msg":"async worker thread started","worker":"m#/app/worker.php","thread":126}
{"level":"info","ts":1776013644.839637,"logger":"frankenphp","msg":"async worker thread started","worker":"m#/app/worker.php","thread":125}
{"level":"info","ts":1776013644.8397443,"logger":"frankenphp","msg":"async worker thread started","worker":"m#/app/worker.php","thread":127}
{"level":"info","ts":1776013644.839758,"logger":"frankenphp","msg":"async worker thread started","worker":"m#/app/worker.php","thread":128}
{"level":"info","ts":1776013644.8398402,"logger":"frankenphp","msg":"async worker thread started","worker":"m#/app/worker.php_0","thread":130}
{"level":"info","ts":1776013644.8398309,"logger":"frankenphp","msg":"async worker thread started","worker":"m#/app/worker.php_0","thread":129}
{"level":"info","ts":1776013644.8399117,"logger":"frankenphp","msg":"async worker thread started","worker":"m#/app/worker.php_0","thread":132}
{"level":"info","ts":1776013644.8399498,"logger":"frankenphp","msg":"async worker thread started","worker":"m#/app/worker.php_0","thread":133}
{"level":"info","ts":1776013644.8399072,"logger":"frankenphp","msg":"async worker thread started","worker":"m#/app/worker.php_0","thread":131}
{"level":"info","ts":1776013644.8399823,"logger":"frankenphp","msg":"async worker thread started","worker":"m#/app/worker.php_0","thread":134}
{"level":"info","ts":1776013644.8400118,"logger":"frankenphp","msg":"async worker thread started","worker":"m#/app/worker.php_0","thread":135}
{"level":"info","ts":1776013644.8400736,"logger":"frankenphp","msg":"async worker thread started","worker":"m#/app/worker.php_0","thread":136}
{"level":"info","ts":1776013644.8401287,"logger":"frankenphp","msg":"async worker thread started","worker":"m#/app/worker.php_0","thread":137}
{"level":"info","ts":1776013644.8401573,"logger":"frankenphp","msg":"async worker thread started","worker":"m#/app/worker.php_0","thread":138}
{"level":"info","ts":1776013644.8401868,"logger":"frankenphp","msg":"async worker thread started","worker":"m#/app/worker.php_0","thread":139}
{"level":"info","ts":1776013644.8402617,"logger":"frankenphp","msg":"async worker thread started","worker":"m#/app/worker.php_0","thread":140}
{"level":"info","ts":1776013644.840292,"logger":"frankenphp","msg":"async worker thread started","worker":"m#/app/worker.php_0","thread":141}
{"level":"info","ts":1776013644.8403382,"logger":"frankenphp","msg":"async worker thread started","worker":"m#/app/worker.php_0","thread":142}
{"level":"info","ts":1776013644.84046,"logger":"frankenphp","msg":"async worker thread started","worker":"m#/app/worker.php_0","thread":143}
{"level":"info","ts":1776013644.8404682,"logger":"frankenphp","msg":"async worker thread started","worker":"m#/app/worker.php_0","thread":144}
{"level":"info","ts":1776013644.840546,"logger":"frankenphp","msg":"async worker thread started","worker":"m#/app/worker.php_0","thread":145}
{"level":"info","ts":1776013644.8405583,"logger":"frankenphp","msg":"async worker thread started","worker":"m#/app/worker.php_0","thread":146}
{"level":"info","ts":1776013644.8406248,"logger":"frankenphp","msg":"async worker thread started","worker":"m#/app/worker.php_0","thread":147}
{"level":"info","ts":1776013644.8406296,"logger":"frankenphp","msg":"async worker thread started","worker":"m#/app/worker.php_0","thread":148}
{"level":"info","ts":1776013644.840717,"logger":"frankenphp","msg":"async worker thread started","worker":"m#/app/worker.php_0","thread":149}
{"level":"info","ts":1776013644.8407304,"logger":"frankenphp","msg":"async worker thread started","worker":"m#/app/worker.php_0","thread":150}
{"level":"info","ts":1776013644.8408132,"logger":"frankenphp","msg":"async worker thread started","worker":"m#/app/worker.php_0","thread":152}
{"level":"info","ts":1776013644.84089,"logger":"frankenphp","msg":"async worker thread started","worker":"m#/app/worker.php_0","thread":151}
{"level":"info","ts":1776013644.8409035,"logger":"frankenphp","msg":"async worker thread started","worker":"m#/app/worker.php_0","thread":155}
{"level":"info","ts":1776013644.8409033,"logger":"frankenphp","msg":"async worker thread started","worker":"m#/app/worker.php_0","thread":154}
{"level":"info","ts":1776013644.8409817,"logger":"frankenphp","msg":"async worker thread started","worker":"m#/app/worker.php_0","thread":156}
{"level":"info","ts":1776013644.8410187,"logger":"frankenphp","msg":"async worker thread started","worker":"m#/app/worker.php_0","thread":157}
{"level":"info","ts":1776013644.8409848,"logger":"frankenphp","msg":"async worker thread started","worker":"m#/app/worker.php_0","thread":153}
{"level":"info","ts":1776013644.8597577,"logger":"frankenphp","msg":"async worker thread started","worker":"m#/app/worker.php_0","thread":159}
{"level":"info","ts":1776013644.8597496,"logger":"frankenphp","msg":"async worker thread started","worker":"m#/app/worker.php_0","thread":158}
{"level":"info","ts":1776013644.8598325,"logger":"frankenphp","msg":"async worker thread started","worker":"m#/app/worker.php_0","thread":160}
{"level":"info","ts":1776013644.8598351,"logger":"frankenphp","msg":"async worker thread started","worker":"m#/app/worker.php_0","thread":161}
{"level":"info","ts":1776013644.8599002,"logger":"frankenphp","msg":"async worker thread started","worker":"m#/app/worker.php_0","thread":162}
{"level":"info","ts":1776013644.8599782,"logger":"frankenphp","msg":"async worker thread started","worker":"m#/app/worker.php_0","thread":163}
{"level":"info","ts":1776013644.8600426,"logger":"frankenphp","msg":"async worker thread started","worker":"m#/app/worker.php_0","thread":164}
{"level":"info","ts":1776013644.8600485,"logger":"frankenphp","msg":"async worker thread started","worker":"m#/app/worker.php_0","thread":165}
{"level":"info","ts":1776013644.8600595,"logger":"frankenphp","msg":"async worker thread started","worker":"m#/app/worker.php_0","thread":166}
{"level":"info","ts":1776013644.8601308,"logger":"frankenphp","msg":"async worker thread started","worker":"m#/app/worker.php_0","thread":167}
{"level":"info","ts":1776013644.8601663,"logger":"frankenphp","msg":"async worker thread started","worker":"m#/app/worker.php_0","thread":168}
{"level":"info","ts":1776013644.8602412,"logger":"frankenphp","msg":"async worker thread started","worker":"m#/app/worker.php_0","thread":170}
{"level":"info","ts":1776013644.8602374,"logger":"frankenphp","msg":"async worker thread started","worker":"m#/app/worker.php_0","thread":169}
{"level":"info","ts":1776013644.8602846,"logger":"frankenphp","msg":"async worker thread started","worker":"m#/app/worker.php_0","thread":171}
{"level":"info","ts":1776013644.8603244,"logger":"frankenphp","msg":"async worker thread started","worker":"m#/app/worker.php_0","thread":172}
{"level":"info","ts":1776013644.8604262,"logger":"frankenphp","msg":"async worker thread started","worker":"m#/app/worker.php_0","thread":174}
{"level":"info","ts":1776013644.8604286,"logger":"frankenphp","msg":"async worker thread started","worker":"m#/app/worker.php_0","thread":173}
{"level":"info","ts":1776013644.8605072,"logger":"frankenphp","msg":"async worker thread started","worker":"m#/app/worker.php_0","thread":175}
{"level":"info","ts":1776013644.8605127,"logger":"frankenphp","msg":"async worker thread started","worker":"m#/app/worker.php_0","thread":176}
{"level":"info","ts":1776013644.86052,"logger":"frankenphp","msg":"async worker thread started","worker":"m#/app/worker.php_0","thread":177}
{"level":"info","ts":1776013644.8606308,"logger":"frankenphp","msg":"async worker thread started","worker":"m#/app/worker.php_0","thread":178}
{"level":"info","ts":1776013644.8607886,"logger":"frankenphp","msg":"async worker thread started","worker":"m#/app/worker.php_0","thread":179}
{"level":"info","ts":1776013644.8607981,"logger":"frankenphp","msg":"async worker thread started","worker":"m#/app/worker.php_0","thread":180}
{"level":"info","ts":1776013644.86087,"logger":"frankenphp","msg":"async worker thread started","worker":"m#/app/worker.php_0","thread":181}
{"level":"info","ts":1776013644.8608806,"logger":"frankenphp","msg":"async worker thread started","worker":"m#/app/worker.php_0","thread":182}
{"level":"info","ts":1776013644.8609633,"logger":"frankenphp","msg":"async worker thread started","worker":"m#/app/worker.php_0","thread":183}
{"level":"info","ts":1776013644.860975,"logger":"frankenphp","msg":"async worker thread started","worker":"m#/app/worker.php_0","thread":184}
{"level":"info","ts":1776013644.8610518,"logger":"frankenphp","msg":"async worker thread started","worker":"m#/app/worker.php_0","thread":185}
{"level":"info","ts":1776013644.8610559,"logger":"frankenphp","msg":"async worker thread started","worker":"m#/app/worker.php_0","thread":186}
{"level":"info","ts":1776013644.8611264,"logger":"frankenphp","msg":"async worker thread started","worker":"m#/app/worker.php_0","thread":187}
{"level":"info","ts":1776013644.8611565,"logger":"frankenphp","msg":"async worker thread started","worker":"m#/app/worker.php_0","thread":188}
{"level":"info","ts":1776013644.861247,"logger":"frankenphp","msg":"async worker thread started","worker":"m#/app/worker.php_0","thread":189}
{"level":"info","ts":1776013644.8613153,"logger":"frankenphp","msg":"async worker thread started","worker":"m#/app/worker.php_0","thread":190}
{"level":"info","ts":1776013644.861323,"logger":"frankenphp","msg":"async worker thread started","worker":"m#/app/worker.php_0","thread":191}
{"level":"info","ts":1776013644.86139,"logger":"frankenphp","msg":"async worker thread started","worker":"m#/app/worker.php_0","thread":192}
{"level":"info","ts":1776013644.8614087,"logger":"frankenphp","msg":"async worker thread started","worker":"m#/app/worker.php_0","thread":193}
{"level":"info","ts":1776013644.8614185,"logger":"frankenphp","msg":"async worker thread started","worker":"m#/app/worker.php_0","thread":194}
{"level":"info","ts":1776013644.8614905,"logger":"frankenphp","msg":"async worker thread started","worker":"m#/app/worker.php_0","thread":196}
{"level":"info","ts":1776013644.861492,"logger":"frankenphp","msg":"async worker thread started","worker":"m#/app/worker.php_0","thread":195}
{"level":"info","ts":1776013644.861562,"logger":"frankenphp","msg":"async worker thread started","worker":"m#/app/worker.php_0","thread":197}
{"level":"info","ts":1776013644.8615735,"logger":"frankenphp","msg":"async worker thread started","worker":"m#/app/worker.php_0","thread":198}
{"level":"info","ts":1776013644.8616571,"logger":"frankenphp","msg":"async worker thread started","worker":"m#/app/worker.php_0","thread":201}
{"level":"info","ts":1776013644.86165,"logger":"frankenphp","msg":"async worker thread started","worker":"m#/app/worker.php_0","thread":200}
{"level":"info","ts":1776013644.8616452,"logger":"frankenphp","msg":"async worker thread started","worker":"m#/app/worker.php_0","thread":199}
{"level":"info","ts":1776013644.86173,"logger":"frankenphp","msg":"async worker thread started","worker":"m#/app/worker.php_0","thread":203}
{"level":"info","ts":1776013644.8617337,"logger":"frankenphp","msg":"async worker thread started","worker":"m#/app/worker.php_0","thread":202}
{"level":"info","ts":1776013644.8618007,"logger":"frankenphp","msg":"async worker thread started","worker":"m#/app/worker.php_0","thread":204}
{"level":"info","ts":1776013644.8618119,"logger":"frankenphp","msg":"async worker thread started","worker":"m#/app/worker.php_0","thread":205}
{"level":"info","ts":1776013644.8618724,"logger":"frankenphp","msg":"async worker thread started","worker":"m#/app/worker.php_0","thread":206}
{"level":"info","ts":1776013644.8618894,"logger":"frankenphp","msg":"async worker thread started","worker":"m#/app/worker.php_0","thread":207}
{"level":"info","ts":1776013644.8620045,"logger":"frankenphp","msg":"async worker thread started","worker":"m#/app/worker.php_0","thread":209}
{"level":"info","ts":1776013644.8620205,"logger":"frankenphp","msg":"async worker thread started","worker":"m#/app/worker.php_0","thread":208}
{"level":"info","ts":1776013644.8620703,"logger":"frankenphp","msg":"async worker thread started","worker":"m#/app/worker.php_0","thread":210}
{"level":"info","ts":1776013644.8620963,"logger":"frankenphp","msg":"async worker thread started","worker":"m#/app/worker.php_0","thread":211}
{"level":"info","ts":1776013644.8621497,"logger":"frankenphp","msg":"async worker thread started","worker":"m#/app/worker.php_0","thread":212}
{"level":"info","ts":1776013644.862188,"logger":"frankenphp","msg":"async worker thread started","worker":"m#/app/worker.php_0","thread":213}
{"level":"info","ts":1776013644.8622262,"logger":"frankenphp","msg":"async worker thread started","worker":"m#/app/worker.php_0","thread":214}
{"level":"info","ts":1776013644.862291,"logger":"frankenphp","msg":"async worker thread started","worker":"m#/app/worker.php_0","thread":215}
{"level":"info","ts":1776013644.862307,"logger":"frankenphp","msg":"async worker thread started","worker":"m#/app/worker.php_0","thread":216}
{"level":"info","ts":1776013644.862364,"logger":"frankenphp","msg":"async worker thread started","worker":"m#/app/worker.php_0","thread":217}
{"level":"info","ts":1776013644.8624134,"logger":"frankenphp","msg":"async worker thread started","worker":"m#/app/worker.php_0","thread":218}
{"level":"info","ts":1776013644.8624885,"logger":"frankenphp","msg":"async worker thread started","worker":"m#/app/worker.php_0","thread":220}
{"level":"info","ts":1776013644.8625672,"logger":"frankenphp","msg":"async worker thread started","worker":"m#/app/worker.php_0","thread":222}
{"level":"info","ts":1776013644.862651,"logger":"frankenphp","msg":"async worker thread started","worker":"m#/app/worker.php_0","thread":219}
{"level":"info","ts":1776013644.8626933,"logger":"frankenphp","msg":"async worker thread started","worker":"m#/app/worker.php_0","thread":224}
{"level":"info","ts":1776013644.862734,"logger":"frankenphp","msg":"async worker thread started","worker":"m#/app/worker.php_0","thread":227}
{"level":"info","ts":1776013644.8627722,"logger":"frankenphp","msg":"async worker thread started","worker":"m#/app/worker.php_0","thread":228}
{"level":"info","ts":1776013644.862654,"logger":"frankenphp","msg":"async worker thread started","worker":"m#/app/worker.php_0","thread":223}
{"level":"info","ts":1776013644.8628204,"logger":"frankenphp","msg":"async worker thread started","worker":"m#/app/worker.php_0","thread":225}
{"level":"info","ts":1776013644.8627338,"logger":"frankenphp","msg":"async worker thread started","worker":"m#/app/worker.php_0","thread":221}
{"level":"info","ts":1776013644.8628983,"logger":"frankenphp","msg":"async worker thread started","worker":"m#/app/worker.php_0","thread":229}
{"level":"info","ts":1776013644.862907,"logger":"frankenphp","msg":"async worker thread started","worker":"m#/app/worker.php_0","thread":230}
{"level":"info","ts":1776013644.8629875,"logger":"frankenphp","msg":"async worker thread started","worker":"m#/app/worker.php_0","thread":226}
{"level":"info","ts":1776013644.8629909,"logger":"frankenphp","msg":"async worker thread started","worker":"m#/app/worker.php_0","thread":232}
{"level":"info","ts":1776013644.862993,"logger":"frankenphp","msg":"async worker thread started","worker":"m#/app/worker.php_0","thread":231}
{"level":"info","ts":1776013644.8630047,"logger":"frankenphp","msg":"async worker thread started","worker":"m#/app/worker.php_0","thread":234}
{"level":"info","ts":1776013644.8630786,"logger":"frankenphp","msg":"async worker thread started","worker":"m#/app/worker.php_0","thread":237}
{"level":"info","ts":1776013644.8630793,"logger":"frankenphp","msg":"async worker thread started","worker":"m#/app/worker.php_0","thread":235}
{"level":"info","ts":1776013644.8630826,"logger":"frankenphp","msg":"async worker thread started","worker":"m#/app/worker.php_0","thread":236}
{"level":"info","ts":1776013644.8631701,"logger":"frankenphp","msg":"async worker thread started","worker":"m#/app/worker.php_0","thread":238}
{"level":"info","ts":1776013644.8631744,"logger":"frankenphp","msg":"async worker thread started","worker":"m#/app/worker.php_0","thread":239}
{"level":"info","ts":1776013644.8631735,"logger":"frankenphp","msg":"async worker thread started","worker":"m#/app/worker.php_0","thread":233}
{"level":"info","ts":1776013644.863248,"logger":"frankenphp","msg":"async worker thread started","worker":"m#/app/worker.php_0","thread":240}
{"level":"info","ts":1776013644.8632889,"logger":"frankenphp","msg":"async worker thread started","worker":"m#/app/worker.php_0","thread":242}
{"level":"info","ts":1776013644.863255,"logger":"frankenphp","msg":"async worker thread started","worker":"m#/app/worker.php_0","thread":241}
{"level":"info","ts":1776013644.8633256,"logger":"frankenphp","msg":"async worker thread started","worker":"m#/app/worker.php_0","thread":243}
{"level":"info","ts":1776013644.8633559,"logger":"frankenphp","msg":"async worker thread started","worker":"m#/app/worker.php_0","thread":244}
{"level":"info","ts":1776013644.8634229,"logger":"frankenphp","msg":"async worker thread started","worker":"m#/app/worker.php_0","thread":245}
{"level":"info","ts":1776013644.8635075,"logger":"frankenphp","msg":"async worker thread started","worker":"m#/app/worker.php_0","thread":246}
{"level":"info","ts":1776013644.8635495,"logger":"frankenphp","msg":"async worker thread started","worker":"m#/app/worker.php_0","thread":248}
{"level":"info","ts":1776013644.8635094,"logger":"frankenphp","msg":"async worker thread started","worker":"m#/app/worker.php_0","thread":247}
{"level":"info","ts":1776013644.8635921,"logger":"frankenphp","msg":"async worker thread started","worker":"m#/app/worker.php_0","thread":249}
{"level":"info","ts":1776013644.8637538,"logger":"frankenphp","msg":"async worker thread started","worker":"m#/app/worker.php_0","thread":250}
{"level":"info","ts":1776013644.8640442,"logger":"frankenphp","msg":"async worker thread started","worker":"m#/app/worker.php_0","thread":251}
{"level":"info","ts":1776013644.8640604,"logger":"frankenphp","msg":"async worker thread started","worker":"m#/app/worker.php_0","thread":252}
{"level":"info","ts":1776013644.8640866,"logger":"frankenphp","msg":"async worker thread started","worker":"m#/app/worker.php_0","thread":253}
{"level":"info","ts":1776013644.8642085,"logger":"frankenphp","msg":"async worker thread started","worker":"m#/app/worker.php_0","thread":254}
{"level":"info","ts":1776013644.8642821,"logger":"frankenphp","msg":"async worker thread started","worker":"m#/app/worker.php_0","thread":255}
{"level":"info","ts":1776013644.864339,"logger":"frankenphp","msg":"async worker thread started","worker":"m#/app/worker.php_0","thread":256}
{"level":"info","ts":1776013644.8644052,"logger":"frankenphp","msg":"async worker thread started","worker":"m#/app/worker.php_1","thread":257}
{"level":"info","ts":1776013644.8644774,"logger":"frankenphp","msg":"async worker thread started","worker":"m#/app/worker.php_1","thread":258}
{"level":"info","ts":1776013644.8645678,"logger":"frankenphp","msg":"async worker thread started","worker":"m#/app/worker.php_1","thread":259}
{"level":"info","ts":1776013644.8646848,"logger":"frankenphp","msg":"async worker thread started","worker":"m#/app/worker.php_1","thread":260}
{"level":"info","ts":1776013644.8647559,"logger":"frankenphp","msg":"async worker thread started","worker":"m#/app/worker.php_1","thread":261}
{"level":"info","ts":1776013644.8648076,"logger":"frankenphp","msg":"async worker thread started","worker":"m#/app/worker.php_1","thread":262}
{"level":"info","ts":1776013644.8648968,"logger":"frankenphp","msg":"async worker thread started","worker":"m#/app/worker.php_1","thread":263}
{"level":"info","ts":1776013644.8649392,"logger":"frankenphp","msg":"async worker thread started","worker":"m#/app/worker.php_1","thread":264}
{"level":"info","ts":1776013644.8650005,"logger":"frankenphp","msg":"async worker thread started","worker":"m#/app/worker.php_1","thread":265}
{"level":"info","ts":1776013644.8651602,"logger":"frankenphp","msg":"async worker thread started","worker":"m#/app/worker.php_1","thread":267}
{"level":"info","ts":1776013644.8652205,"logger":"frankenphp","msg":"async worker thread started","worker":"m#/app/worker.php_1","thread":268}
{"level":"info","ts":1776013644.8653855,"logger":"frankenphp","msg":"async worker thread started","worker":"m#/app/worker.php_1","thread":269}
{"level":"info","ts":1776013644.8654137,"logger":"frankenphp","msg":"async worker thread started","worker":"m#/app/worker.php_1","thread":270}
{"level":"info","ts":1776013644.8654878,"logger":"frankenphp","msg":"async worker thread started","worker":"m#/app/worker.php_1","thread":271}
{"level":"info","ts":1776013644.865562,"logger":"frankenphp","msg":"async worker thread started","worker":"m#/app/worker.php_1","thread":272}
{"level":"info","ts":1776013644.8655612,"logger":"frankenphp","msg":"async worker thread started","worker":"m#/app/worker.php_1","thread":273}
{"level":"info","ts":1776013644.8656454,"logger":"frankenphp","msg":"async worker thread started","worker":"m#/app/worker.php_1","thread":274}
{"level":"info","ts":1776013644.8656526,"logger":"frankenphp","msg":"async worker thread started","worker":"m#/app/worker.php_1","thread":275}
{"level":"info","ts":1776013644.8657227,"logger":"frankenphp","msg":"async worker thread started","worker":"m#/app/worker.php_1","thread":276}
{"level":"info","ts":1776013644.8657966,"logger":"frankenphp","msg":"async worker thread started","worker":"m#/app/worker.php_1","thread":277}
{"level":"info","ts":1776013644.8658683,"logger":"frankenphp","msg":"async worker thread started","worker":"m#/app/worker.php_1","thread":278}
{"level":"info","ts":1776013644.8659453,"logger":"frankenphp","msg":"async worker thread started","worker":"m#/app/worker.php_1","thread":279}
{"level":"info","ts":1776013644.8659573,"logger":"frankenphp","msg":"async worker thread started","worker":"m#/app/worker.php_1","thread":280}
{"level":"info","ts":1776013644.8660207,"logger":"frankenphp","msg":"async worker thread started","worker":"m#/app/worker.php_1","thread":281}
{"level":"info","ts":1776013644.866098,"logger":"frankenphp","msg":"async worker thread started","worker":"m#/app/worker.php_1","thread":282}
{"level":"info","ts":1776013644.8661053,"logger":"frankenphp","msg":"async worker thread started","worker":"m#/app/worker.php_1","thread":283}
{"level":"info","ts":1776013644.866216,"logger":"frankenphp","msg":"async worker thread started","worker":"m#/app/worker.php_1","thread":284}
{"level":"info","ts":1776013644.866277,"logger":"frankenphp","msg":"async worker thread started","worker":"m#/app/worker.php_1","thread":285}
{"level":"info","ts":1776013644.8663507,"logger":"frankenphp","msg":"async worker thread started","worker":"m#/app/worker.php_1","thread":286}
{"level":"info","ts":1776013644.866421,"logger":"frankenphp","msg":"async worker thread started","worker":"m#/app/worker.php_1","thread":288}
{"level":"info","ts":1776013644.8664262,"logger":"frankenphp","msg":"async worker thread started","worker":"m#/app/worker.php_1","thread":287}
{"level":"info","ts":1776013644.8664477,"logger":"frankenphp","msg":"async worker thread started","worker":"m#/app/worker.php_1","thread":289}
{"level":"info","ts":1776013644.8665054,"logger":"frankenphp","msg":"async worker thread started","worker":"m#/app/worker.php_1","thread":290}
{"level":"info","ts":1776013644.8665771,"logger":"frankenphp","msg":"async worker thread started","worker":"m#/app/worker.php_1","thread":291}
{"level":"info","ts":1776013644.86659,"logger":"frankenphp","msg":"async worker thread started","worker":"m#/app/worker.php_1","thread":292}
{"level":"info","ts":1776013644.866662,"logger":"frankenphp","msg":"async worker thread started","worker":"m#/app/worker.php_1","thread":293}
{"level":"info","ts":1776013644.8666708,"logger":"frankenphp","msg":"async worker thread started","worker":"m#/app/worker.php_1","thread":294}
{"level":"info","ts":1776013644.8666844,"logger":"frankenphp","msg":"async worker thread started","worker":"m#/app/worker.php_1","thread":295}
{"level":"info","ts":1776013644.8667397,"logger":"frankenphp","msg":"async worker thread started","worker":"m#/app/worker.php_1","thread":296}
{"level":"info","ts":1776013644.8668096,"logger":"frankenphp","msg":"async worker thread started","worker":"m#/app/worker.php_1","thread":297}
{"level":"info","ts":1776013644.8668106,"logger":"frankenphp","msg":"async worker thread started","worker":"m#/app/worker.php_1","thread":298}
{"level":"info","ts":1776013644.8669107,"logger":"frankenphp","msg":"async worker thread started","worker":"m#/app/worker.php_1","thread":299}
{"level":"info","ts":1776013644.8669577,"logger":"frankenphp","msg":"async worker thread started","worker":"m#/app/worker.php_1","thread":300}
{"level":"info","ts":1776013644.8669817,"logger":"frankenphp","msg":"async worker thread started","worker":"m#/app/worker.php_1","thread":301}
{"level":"info","ts":1776013644.8670557,"logger":"frankenphp","msg":"async worker thread started","worker":"m#/app/worker.php_1","thread":302}
{"level":"info","ts":1776013644.8671145,"logger":"frankenphp","msg":"async worker thread started","worker":"m#/app/worker.php_1","thread":266}
{"level":"info","ts":1776013644.8671296,"logger":"frankenphp","msg":"async worker thread started","worker":"m#/app/worker.php_1","thread":303}
{"level":"info","ts":1776013644.8672726,"logger":"frankenphp","msg":"async worker thread started","worker":"m#/app/worker.php_1","thread":304}
{"level":"info","ts":1776013644.8687806,"logger":"frankenphp","msg":"async worker thread started","worker":"m#/app/worker.php_1","thread":306}
{"level":"info","ts":1776013644.868782,"logger":"frankenphp","msg":"async worker thread started","worker":"m#/app/worker.php_1","thread":305}
{"level":"info","ts":1776013644.8694496,"logger":"frankenphp","msg":"async worker thread started","worker":"m#/app/worker.php_1","thread":307}
{"level":"info","ts":1776013644.8695738,"logger":"frankenphp","msg":"async worker thread started","worker":"m#/app/worker.php_1","thread":308}
{"level":"info","ts":1776013644.8696532,"logger":"frankenphp","msg":"async worker thread started","worker":"m#/app/worker.php_1","thread":309}
{"level":"info","ts":1776013644.8869643,"logger":"frankenphp","msg":"async worker thread started","worker":"m#/app/worker.php_1","thread":310}
{"level":"info","ts":1776013644.886974,"logger":"frankenphp","msg":"async worker thread started","worker":"m#/app/worker.php_1","thread":314}
{"level":"info","ts":1776013644.8869905,"logger":"frankenphp","msg":"async worker thread started","worker":"m#/app/worker.php_1","thread":312}
{"level":"info","ts":1776013644.8869781,"logger":"frankenphp","msg":"async worker thread started","worker":"m#/app/worker.php_1","thread":311}
{"level":"info","ts":1776013644.8870413,"logger":"frankenphp","msg":"async worker thread started","worker":"m#/app/worker.php_1","thread":318}
{"level":"info","ts":1776013644.8871126,"logger":"frankenphp","msg":"async worker thread started","worker":"m#/app/worker.php_1","thread":320}
{"level":"info","ts":1776013644.8871217,"logger":"frankenphp","msg":"async worker thread started","worker":"m#/app/worker.php_1","thread":323}
{"level":"info","ts":1776013644.887127,"logger":"frankenphp","msg":"async worker thread started","worker":"m#/app/worker.php_1","thread":324}
{"level":"info","ts":1776013644.8871489,"logger":"frankenphp","msg":"async worker thread started","worker":"m#/app/worker.php_1","thread":315}
{"level":"info","ts":1776013644.887151,"logger":"frankenphp","msg":"async worker thread started","worker":"m#/app/worker.php_1","thread":319}
{"level":"info","ts":1776013644.8871644,"logger":"frankenphp","msg":"async worker thread started","worker":"m#/app/worker.php_1","thread":317}
{"level":"info","ts":1776013644.88718,"logger":"frankenphp","msg":"async worker thread started","worker":"m#/app/worker.php_1","thread":327}
{"level":"info","ts":1776013644.8871872,"logger":"frankenphp","msg":"async worker thread started","worker":"m#/app/worker.php_1","thread":328}
{"level":"info","ts":1776013644.8871691,"logger":"frankenphp","msg":"async worker thread started","worker":"m#/app/worker.php_1","thread":321}
{"level":"info","ts":1776013644.8872085,"logger":"frankenphp","msg":"async worker thread started","worker":"m#/app/worker.php_1","thread":330}
{"level":"info","ts":1776013644.8871844,"logger":"frankenphp","msg":"async worker thread started","worker":"m#/app/worker.php_1","thread":325}
{"level":"info","ts":1776013644.887108,"logger":"frankenphp","msg":"async worker thread started","worker":"m#/app/worker.php_1","thread":316}
{"level":"info","ts":1776013644.8869944,"logger":"frankenphp","msg":"async worker thread started","worker":"m#/app/worker.php_1","thread":322}
{"level":"info","ts":1776013644.8871703,"logger":"frankenphp","msg":"async worker thread started","worker":"m#/app/worker.php_1","thread":326}
{"level":"info","ts":1776013644.8873427,"logger":"frankenphp","msg":"async worker thread started","worker":"m#/app/worker.php_1","thread":331}
{"level":"info","ts":1776013644.8872092,"logger":"frankenphp","msg":"async worker thread started","worker":"m#/app/worker.php_1","thread":329}
{"level":"info","ts":1776013644.8873668,"logger":"frankenphp","msg":"async worker thread started","worker":"m#/app/worker.php_1","thread":332}
{"level":"info","ts":1776013644.8873777,"logger":"frankenphp","msg":"async worker thread started","worker":"m#/app/worker.php_1","thread":333}
{"level":"info","ts":1776013644.8871987,"logger":"frankenphp","msg":"async worker thread started","worker":"m#/app/worker.php_1","thread":313}
{"level":"info","ts":1776013644.8873985,"logger":"frankenphp","msg":"async worker thread started","worker":"m#/app/worker.php_1","thread":334}
{"level":"info","ts":1776013644.8874562,"logger":"frankenphp","msg":"async worker thread started","worker":"m#/app/worker.php_1","thread":335}
{"level":"info","ts":1776013644.8874872,"logger":"frankenphp","msg":"async worker thread started","worker":"m#/app/worker.php_1","thread":336}
{"level":"info","ts":1776013644.8875525,"logger":"frankenphp","msg":"async worker thread started","worker":"m#/app/worker.php_1","thread":337}
{"level":"info","ts":1776013644.887578,"logger":"frankenphp","msg":"async worker thread started","worker":"m#/app/worker.php_1","thread":338}
{"level":"info","ts":1776013644.8876417,"logger":"frankenphp","msg":"async worker thread started","worker":"m#/app/worker.php_1","thread":339}
{"level":"info","ts":1776013644.887655,"logger":"frankenphp","msg":"async worker thread started","worker":"m#/app/worker.php_1","thread":340}
{"level":"info","ts":1776013644.887695,"logger":"frankenphp","msg":"async worker thread started","worker":"m#/app/worker.php_1","thread":341}
{"level":"info","ts":1776013644.8877475,"logger":"frankenphp","msg":"async worker thread started","worker":"m#/app/worker.php_1","thread":342}
{"level":"info","ts":1776013644.8878164,"logger":"frankenphp","msg":"async worker thread started","worker":"m#/app/worker.php_1","thread":343}
{"level":"info","ts":1776013644.8878334,"logger":"frankenphp","msg":"async worker thread started","worker":"m#/app/worker.php_1","thread":344}
{"level":"info","ts":1776013644.8878415,"logger":"frankenphp","msg":"async worker thread started","worker":"m#/app/worker.php_1","thread":345}
{"level":"info","ts":1776013644.8879094,"logger":"frankenphp","msg":"async worker thread started","worker":"m#/app/worker.php_1","thread":346}
{"level":"info","ts":1776013644.8879192,"logger":"frankenphp","msg":"async worker thread started","worker":"m#/app/worker.php_1","thread":347}
{"level":"info","ts":1776013644.8879929,"logger":"frankenphp","msg":"async worker thread started","worker":"m#/app/worker.php_1","thread":348}
{"level":"info","ts":1776013644.8879988,"logger":"frankenphp","msg":"async worker thread started","worker":"m#/app/worker.php_1","thread":349}
{"level":"info","ts":1776013644.888073,"logger":"frankenphp","msg":"async worker thread started","worker":"m#/app/worker.php_1","thread":350}
{"level":"info","ts":1776013644.888083,"logger":"frankenphp","msg":"async worker thread started","worker":"m#/app/worker.php_1","thread":351}
{"level":"info","ts":1776013644.8881679,"logger":"frankenphp","msg":"async worker thread started","worker":"m#/app/worker.php_1","thread":352}
{"level":"info","ts":1776013644.8881838,"logger":"frankenphp","msg":"async worker thread started","worker":"m#/app/worker.php_1","thread":353}
{"level":"info","ts":1776013644.8883436,"logger":"frankenphp","msg":"async worker thread started","worker":"m#/app/worker.php_1","thread":354}
{"level":"info","ts":1776013644.888417,"logger":"frankenphp","msg":"async worker thread started","worker":"m#/app/worker.php_1","thread":355}
{"level":"info","ts":1776013644.8884368,"logger":"frankenphp","msg":"async worker thread started","worker":"m#/app/worker.php_1","thread":356}
{"level":"info","ts":1776013644.8885033,"logger":"frankenphp","msg":"async worker thread started","worker":"m#/app/worker.php_1","thread":357}
{"level":"info","ts":1776013644.888576,"logger":"frankenphp","msg":"async worker thread started","worker":"m#/app/worker.php_1","thread":358}
{"level":"info","ts":1776013644.8885832,"logger":"frankenphp","msg":"async worker thread started","worker":"m#/app/worker.php_1","thread":359}
{"level":"info","ts":1776013644.8886433,"logger":"frankenphp","msg":"async worker thread started","worker":"m#/app/worker.php_1","thread":360}
{"level":"info","ts":1776013644.8886657,"logger":"frankenphp","msg":"async worker thread started","worker":"m#/app/worker.php_1","thread":362}
{"level":"info","ts":1776013644.888653,"logger":"frankenphp","msg":"async worker thread started","worker":"m#/app/worker.php_1","thread":361}
{"level":"info","ts":1776013644.8887339,"logger":"frankenphp","msg":"async worker thread started","worker":"m#/app/worker.php_1","thread":363}
{"level":"info","ts":1776013644.888742,"logger":"frankenphp","msg":"async worker thread started","worker":"m#/app/worker.php_1","thread":364}
{"level":"info","ts":1776013644.888819,"logger":"frankenphp","msg":"async worker thread started","worker":"m#/app/worker.php_1","thread":365}
{"level":"info","ts":1776013644.8888392,"logger":"frankenphp","msg":"async worker thread started","worker":"m#/app/worker.php_1","thread":366}
{"level":"info","ts":1776013644.8888974,"logger":"frankenphp","msg":"async worker thread started","worker":"m#/app/worker.php_1","thread":367}
{"level":"info","ts":1776013644.8889725,"logger":"frankenphp","msg":"async worker thread started","worker":"m#/app/worker.php_1","thread":368}
{"level":"info","ts":1776013644.888973,"logger":"frankenphp","msg":"async worker thread started","worker":"m#/app/worker.php_1","thread":369}
{"level":"info","ts":1776013644.889057,"logger":"frankenphp","msg":"async worker thread started","worker":"m#/app/worker.php_1","thread":371}
{"level":"info","ts":1776013644.8890584,"logger":"frankenphp","msg":"async worker thread started","worker":"m#/app/worker.php_1","thread":370}
{"level":"info","ts":1776013644.8890755,"logger":"frankenphp","msg":"async worker thread started","worker":"m#/app/worker.php_1","thread":372}
{"level":"info","ts":1776013644.8891356,"logger":"frankenphp","msg":"async worker thread started","worker":"m#/app/worker.php_1","thread":373}
{"level":"info","ts":1776013644.8892465,"logger":"frankenphp","msg":"async worker thread started","worker":"m#/app/worker.php_1","thread":374}
{"level":"info","ts":1776013644.8892577,"logger":"frankenphp","msg":"async worker thread started","worker":"m#/app/worker.php_1","thread":375}
{"level":"info","ts":1776013644.8892748,"logger":"frankenphp","msg":"async worker thread started","worker":"m#/app/worker.php_1","thread":376}
{"level":"info","ts":1776013644.8893368,"logger":"frankenphp","msg":"async worker thread started","worker":"m#/app/worker.php_1","thread":377}
{"level":"info","ts":1776013644.8893943,"logger":"frankenphp","msg":"async worker thread started","worker":"m#/app/worker.php_1","thread":378}
{"level":"info","ts":1776013644.8894026,"logger":"frankenphp","msg":"async worker thread started","worker":"m#/app/worker.php_1","thread":379}
{"level":"info","ts":1776013644.8894727,"logger":"frankenphp","msg":"async worker thread started","worker":"m#/app/worker.php_1","thread":380}
{"level":"info","ts":1776013644.8894782,"logger":"frankenphp","msg":"async worker thread started","worker":"m#/app/worker.php_1","thread":381}
{"level":"info","ts":1776013644.8895583,"logger":"frankenphp","msg":"async worker thread started","worker":"m#/app/worker.php_1","thread":382}
{"level":"info","ts":1776013644.889562,"logger":"frankenphp","msg":"async worker thread started","worker":"m#/app/worker.php_1","thread":383}
{"level":"info","ts":1776013644.8895786,"logger":"frankenphp","msg":"async worker thread started","worker":"m#/app/worker.php_1","thread":384}
{"level":"info","ts":1776013644.889636,"logger":"frankenphp","msg":"async worker thread started","worker":"m#/app/worker.php_2","thread":385}
{"level":"info","ts":1776013644.8896606,"logger":"frankenphp","msg":"async worker thread started","worker":"m#/app/worker.php_2","thread":386}
{"level":"info","ts":1776013644.889725,"logger":"frankenphp","msg":"async worker thread started","worker":"m#/app/worker.php_2","thread":387}
{"level":"info","ts":1776013644.889757,"logger":"frankenphp","msg":"async worker thread started","worker":"m#/app/worker.php_2","thread":388}
{"level":"info","ts":1776013644.8898296,"logger":"frankenphp","msg":"async worker thread started","worker":"m#/app/worker.php_2","thread":389}
{"level":"info","ts":1776013644.8899226,"logger":"frankenphp","msg":"async worker thread started","worker":"m#/app/worker.php_2","thread":390}
{"level":"info","ts":1776013644.8899984,"logger":"frankenphp","msg":"async worker thread started","worker":"m#/app/worker.php_2","thread":392}
{"level":"info","ts":1776013644.8900054,"logger":"frankenphp","msg":"async worker thread started","worker":"m#/app/worker.php_2","thread":391}
{"level":"info","ts":1776013644.8900962,"logger":"frankenphp","msg":"async worker thread started","worker":"m#/app/worker.php_2","thread":395}
{"level":"info","ts":1776013644.8900912,"logger":"frankenphp","msg":"async worker thread started","worker":"m#/app/worker.php_2","thread":393}
{"level":"info","ts":1776013644.890167,"logger":"frankenphp","msg":"async worker thread started","worker":"m#/app/worker.php_2","thread":396}
{"level":"info","ts":1776013644.8902,"logger":"frankenphp","msg":"async worker thread started","worker":"m#/app/worker.php_2","thread":398}
{"level":"info","ts":1776013644.8902507,"logger":"frankenphp","msg":"async worker thread started","worker":"m#/app/worker.php_2","thread":399}
{"level":"info","ts":1776013644.8902643,"logger":"frankenphp","msg":"async worker thread started","worker":"m#/app/worker.php_2","thread":394}
{"level":"info","ts":1776013644.890169,"logger":"frankenphp","msg":"async worker thread started","worker":"m#/app/worker.php_2","thread":397}
{"level":"info","ts":1776013644.8903358,"logger":"frankenphp","msg":"async worker thread started","worker":"m#/app/worker.php_2","thread":401}
{"level":"info","ts":1776013644.8903604,"logger":"frankenphp","msg":"async worker thread started","worker":"m#/app/worker.php_2","thread":400}
{"level":"info","ts":1776013644.8904023,"logger":"frankenphp","msg":"async worker thread started","worker":"m#/app/worker.php_2","thread":403}
{"level":"info","ts":1776013644.8904455,"logger":"frankenphp","msg":"async worker thread started","worker":"m#/app/worker.php_2","thread":405}
{"level":"info","ts":1776013644.8904917,"logger":"frankenphp","msg":"async worker thread started","worker":"m#/app/worker.php_2","thread":406}
{"level":"info","ts":1776013644.890365,"logger":"frankenphp","msg":"async worker thread started","worker":"m#/app/worker.php_2","thread":402}
{"level":"info","ts":1776013644.890523,"logger":"frankenphp","msg":"async worker thread started","worker":"m#/app/worker.php_2","thread":407}
{"level":"info","ts":1776013644.8904552,"logger":"frankenphp","msg":"async worker thread started","worker":"m#/app/worker.php_2","thread":404}
{"level":"info","ts":1776013644.8906279,"logger":"frankenphp","msg":"async worker thread started","worker":"m#/app/worker.php_2","thread":408}
{"level":"info","ts":1776013644.8906388,"logger":"frankenphp","msg":"async worker thread started","worker":"m#/app/worker.php_2","thread":409}
{"level":"info","ts":1776013644.8907301,"logger":"frankenphp","msg":"async worker thread started","worker":"m#/app/worker.php_2","thread":410}
{"level":"info","ts":1776013644.8907948,"logger":"frankenphp","msg":"async worker thread started","worker":"m#/app/worker.php_2","thread":412}
{"level":"info","ts":1776013644.8908727,"logger":"frankenphp","msg":"async worker thread started","worker":"m#/app/worker.php_2","thread":411}
{"level":"info","ts":1776013644.8908758,"logger":"frankenphp","msg":"async worker thread started","worker":"m#/app/worker.php_2","thread":413}
{"level":"info","ts":1776013644.8909345,"logger":"frankenphp","msg":"async worker thread started","worker":"m#/app/worker.php_2","thread":415}
{"level":"info","ts":1776013644.8909643,"logger":"frankenphp","msg":"async worker thread started","worker":"m#/app/worker.php_2","thread":417}
{"level":"info","ts":1776013644.8909595,"logger":"frankenphp","msg":"async worker thread started","worker":"m#/app/worker.php_2","thread":416}
{"level":"info","ts":1776013644.890884,"logger":"frankenphp","msg":"async worker thread started","worker":"m#/app/worker.php_2","thread":414}
{"level":"info","ts":1776013644.8910413,"logger":"frankenphp","msg":"async worker thread started","worker":"m#/app/worker.php_2","thread":418}
{"level":"info","ts":1776013644.8910744,"logger":"frankenphp","msg":"async worker thread started","worker":"m#/app/worker.php_2","thread":420}
{"level":"info","ts":1776013644.8911242,"logger":"frankenphp","msg":"async worker thread started","worker":"m#/app/worker.php_2","thread":421}
{"level":"info","ts":1776013644.8910449,"logger":"frankenphp","msg":"async worker thread started","worker":"m#/app/worker.php_2","thread":419}
{"level":"info","ts":1776013644.891225,"logger":"frankenphp","msg":"async worker thread started","worker":"m#/app/worker.php_2","thread":422}
{"level":"info","ts":1776013644.8912568,"logger":"frankenphp","msg":"async worker thread started","worker":"m#/app/worker.php_2","thread":423}
{"level":"info","ts":1776013644.8913453,"logger":"frankenphp","msg":"async worker thread started","worker":"m#/app/worker.php_2","thread":424}
{"level":"info","ts":1776013644.8914294,"logger":"frankenphp","msg":"async worker thread started","worker":"m#/app/worker.php_2","thread":428}
{"level":"info","ts":1776013644.8914635,"logger":"frankenphp","msg":"async worker thread started","worker":"m#/app/worker.php_2","thread":429}
{"level":"info","ts":1776013644.8914225,"logger":"frankenphp","msg":"async worker thread started","worker":"m#/app/worker.php_2","thread":427}
{"level":"info","ts":1776013644.8915315,"logger":"frankenphp","msg":"async worker thread started","worker":"m#/app/worker.php_2","thread":430}
{"level":"info","ts":1776013644.8914218,"logger":"frankenphp","msg":"async worker thread started","worker":"m#/app/worker.php_2","thread":425}
{"level":"info","ts":1776013644.891599,"logger":"frankenphp","msg":"async worker thread started","worker":"m#/app/worker.php_2","thread":431}
{"level":"info","ts":1776013644.8916028,"logger":"frankenphp","msg":"async worker thread started","worker":"m#/app/worker.php_2","thread":432}
{"level":"info","ts":1776013644.8914404,"logger":"frankenphp","msg":"async worker thread started","worker":"m#/app/worker.php_2","thread":426}
{"level":"info","ts":1776013644.8916879,"logger":"frankenphp","msg":"async worker thread started","worker":"m#/app/worker.php_2","thread":433}
{"level":"info","ts":1776013644.8917034,"logger":"frankenphp","msg":"async worker thread started","worker":"m#/app/worker.php_2","thread":435}
{"level":"info","ts":1776013644.8916934,"logger":"frankenphp","msg":"async worker thread started","worker":"m#/app/worker.php_2","thread":434}
{"level":"info","ts":1776013644.8917885,"logger":"frankenphp","msg":"async worker thread started","worker":"m#/app/worker.php_2","thread":436}
{"level":"info","ts":1776013644.8918104,"logger":"frankenphp","msg":"async worker thread started","worker":"m#/app/worker.php_2","thread":438}
{"level":"info","ts":1776013644.8918507,"logger":"frankenphp","msg":"async worker thread started","worker":"m#/app/worker.php_2","thread":439}
{"level":"info","ts":1776013644.8919082,"logger":"frankenphp","msg":"async worker thread started","worker":"m#/app/worker.php_2","thread":440}
{"level":"info","ts":1776013644.8917885,"logger":"frankenphp","msg":"async worker thread started","worker":"m#/app/worker.php_2","thread":437}
{"level":"info","ts":1776013644.8919632,"logger":"frankenphp","msg":"async worker thread started","worker":"m#/app/worker.php_2","thread":441}
{"level":"info","ts":1776013644.8919668,"logger":"frankenphp","msg":"async worker thread started","worker":"m#/app/worker.php_2","thread":442}
{"level":"info","ts":1776013644.8920555,"logger":"frankenphp","msg":"async worker thread started","worker":"m#/app/worker.php_2","thread":443}
{"level":"info","ts":1776013644.8920674,"logger":"frankenphp","msg":"async worker thread started","worker":"m#/app/worker.php_2","thread":445}
{"level":"info","ts":1776013644.8921318,"logger":"frankenphp","msg":"async worker thread started","worker":"m#/app/worker.php_2","thread":446}
{"level":"info","ts":1776013644.8921628,"logger":"frankenphp","msg":"async worker thread started","worker":"m#/app/worker.php_2","thread":447}
{"level":"info","ts":1776013644.8920534,"logger":"frankenphp","msg":"async worker thread started","worker":"m#/app/worker.php_2","thread":444}
{"level":"info","ts":1776013644.892231,"logger":"frankenphp","msg":"async worker thread started","worker":"m#/app/worker.php_2","thread":448}
{"level":"info","ts":1776013644.8923106,"logger":"frankenphp","msg":"async worker thread started","worker":"m#/app/worker.php_2","thread":449}
{"level":"info","ts":1776013644.892391,"logger":"frankenphp","msg":"async worker thread started","worker":"m#/app/worker.php_2","thread":451}
{"level":"info","ts":1776013644.8924706,"logger":"frankenphp","msg":"async worker thread started","worker":"m#/app/worker.php_2","thread":453}
{"level":"info","ts":1776013644.8925543,"logger":"frankenphp","msg":"async worker thread started","worker":"m#/app/worker.php_2","thread":455}
{"level":"info","ts":1776013644.8925602,"logger":"frankenphp","msg":"async worker thread started","worker":"m#/app/worker.php_2","thread":456}
{"level":"info","ts":1776013644.8925874,"logger":"frankenphp","msg":"async worker thread started","worker":"m#/app/worker.php_2","thread":454}
{"level":"info","ts":1776013644.8926454,"logger":"frankenphp","msg":"async worker thread started","worker":"m#/app/worker.php_2","thread":457}
{"level":"info","ts":1776013644.8926845,"logger":"frankenphp","msg":"async worker thread started","worker":"m#/app/worker.php_2","thread":458}
{"level":"info","ts":1776013644.892555,"logger":"frankenphp","msg":"async worker thread started","worker":"m#/app/worker.php_2","thread":450}
{"level":"info","ts":1776013644.8927352,"logger":"frankenphp","msg":"async worker thread started","worker":"m#/app/worker.php_2","thread":459}
{"level":"info","ts":1776013644.892734,"logger":"frankenphp","msg":"async worker thread started","worker":"m#/app/worker.php_2","thread":460}
{"level":"info","ts":1776013644.8926466,"logger":"frankenphp","msg":"async worker thread started","worker":"m#/app/worker.php_2","thread":452}
{"level":"info","ts":1776013644.8928127,"logger":"frankenphp","msg":"async worker thread started","worker":"m#/app/worker.php_2","thread":461}
{"level":"info","ts":1776013644.8928957,"logger":"frankenphp","msg":"async worker thread started","worker":"m#/app/worker.php_2","thread":464}
{"level":"info","ts":1776013644.8928967,"logger":"frankenphp","msg":"async worker thread started","worker":"m#/app/worker.php_2","thread":463}
{"level":"info","ts":1776013644.8929155,"logger":"frankenphp","msg":"async worker thread started","worker":"m#/app/worker.php_2","thread":462}
{"level":"info","ts":1776013644.8929968,"logger":"frankenphp","msg":"async worker thread started","worker":"m#/app/worker.php_2","thread":465}
{"level":"info","ts":1776013644.893072,"logger":"frankenphp","msg":"async worker thread started","worker":"m#/app/worker.php_2","thread":466}
{"level":"info","ts":1776013644.8931658,"logger":"frankenphp","msg":"async worker thread started","worker":"m#/app/worker.php_2","thread":467}
{"level":"info","ts":1776013644.8931744,"logger":"frankenphp","msg":"async worker thread started","worker":"m#/app/worker.php_2","thread":468}
{"level":"info","ts":1776013644.8932047,"logger":"frankenphp","msg":"async worker thread started","worker":"m#/app/worker.php_2","thread":469}
{"level":"info","ts":1776013644.8932467,"logger":"frankenphp","msg":"async worker thread started","worker":"m#/app/worker.php_2","thread":472}
{"level":"info","ts":1776013644.8931706,"logger":"frankenphp","msg":"async worker thread started","worker":"m#/app/worker.php_2","thread":470}
{"level":"info","ts":1776013644.893333,"logger":"frankenphp","msg":"async worker thread started","worker":"m#/app/worker.php_2","thread":471}
{"level":"info","ts":1776013644.8934102,"logger":"frankenphp","msg":"async worker thread started","worker":"m#/app/worker.php_2","thread":476}
{"level":"info","ts":1776013644.8934138,"logger":"frankenphp","msg":"async worker thread started","worker":"m#/app/worker.php_2","thread":473}
{"level":"info","ts":1776013644.8934238,"logger":"frankenphp","msg":"async worker thread started","worker":"m#/app/worker.php_2","thread":475}
{"level":"info","ts":1776013644.8935,"logger":"frankenphp","msg":"async worker thread started","worker":"m#/app/worker.php_2","thread":474}
{"level":"info","ts":1776013644.8935049,"logger":"frankenphp","msg":"async worker thread started","worker":"m#/app/worker.php_2","thread":478}
{"level":"info","ts":1776013644.8935847,"logger":"frankenphp","msg":"async worker thread started","worker":"m#/app/worker.php_2","thread":477}
{"level":"info","ts":1776013644.8936713,"logger":"frankenphp","msg":"async worker thread started","worker":"m#/app/worker.php_2","thread":482}
{"level":"info","ts":1776013644.8936656,"logger":"frankenphp","msg":"async worker thread started","worker":"m#/app/worker.php_2","thread":481}
{"level":"info","ts":1776013644.893706,"logger":"frankenphp","msg":"async worker thread started","worker":"m#/app/worker.php_2","thread":480}
{"level":"info","ts":1776013644.8937187,"logger":"frankenphp","msg":"async worker thread started","worker":"m#/app/worker.php_2","thread":484}
{"level":"info","ts":1776013644.8937566,"logger":"frankenphp","msg":"async worker thread started","worker":"m#/app/worker.php_2","thread":485}
{"level":"info","ts":1776013644.893762,"logger":"frankenphp","msg":"async worker thread started","worker":"m#/app/worker.php_2","thread":486}
{"level":"info","ts":1776013644.8936691,"logger":"frankenphp","msg":"async worker thread started","worker":"m#/app/worker.php_2","thread":483}
{"level":"info","ts":1776013644.893674,"logger":"frankenphp","msg":"async worker thread started","worker":"m#/app/worker.php_2","thread":479}
{"level":"info","ts":1776013644.893837,"logger":"frankenphp","msg":"async worker thread started","worker":"m#/app/worker.php_2","thread":487}
{"level":"info","ts":1776013644.893847,"logger":"frankenphp","msg":"async worker thread started","worker":"m#/app/worker.php_2","thread":488}
{"level":"info","ts":1776013644.8939242,"logger":"frankenphp","msg":"async worker thread started","worker":"m#/app/worker.php_2","thread":489}
{"level":"info","ts":1776013644.8939219,"logger":"frankenphp","msg":"async worker thread started","worker":"m#/app/worker.php_2","thread":490}
{"level":"info","ts":1776013644.893997,"logger":"frankenphp","msg":"async worker thread started","worker":"m#/app/worker.php_2","thread":491}
{"level":"info","ts":1776013644.8940208,"logger":"frankenphp","msg":"async worker thread started","worker":"m#/app/worker.php_2","thread":493}
{"level":"info","ts":1776013644.893998,"logger":"frankenphp","msg":"async worker thread started","worker":"m#/app/worker.php_2","thread":492}
{"level":"info","ts":1776013644.8940842,"logger":"frankenphp","msg":"async worker thread started","worker":"m#/app/worker.php_2","thread":494}
{"level":"info","ts":1776013644.8941612,"logger":"frankenphp","msg":"async worker thread started","worker":"m#/app/worker.php_2","thread":496}
{"level":"info","ts":1776013644.894231,"logger":"frankenphp","msg":"async worker thread started","worker":"m#/app/worker.php_2","thread":497}
{"level":"info","ts":1776013644.894246,"logger":"frankenphp","msg":"async worker thread started","worker":"m#/app/worker.php_2","thread":498}
{"level":"info","ts":1776013644.8940983,"logger":"frankenphp","msg":"async worker thread started","worker":"m#/app/worker.php_2","thread":495}
{"level":"info","ts":1776013644.8943365,"logger":"frankenphp","msg":"async worker thread started","worker":"m#/app/worker.php_2","thread":500}
{"level":"info","ts":1776013644.89437,"logger":"frankenphp","msg":"async worker thread started","worker":"m#/app/worker.php_2","thread":501}
{"level":"info","ts":1776013644.8944287,"logger":"frankenphp","msg":"async worker thread started","worker":"m#/app/worker.php_2","thread":502}
{"level":"info","ts":1776013644.8943322,"logger":"frankenphp","msg":"async worker thread started","worker":"m#/app/worker.php_2","thread":499}
{"level":"info","ts":1776013644.8945189,"logger":"frankenphp","msg":"async worker thread started","worker":"m#/app/worker.php_2","thread":503}
{"level":"info","ts":1776013644.8945227,"logger":"frankenphp","msg":"async worker thread started","worker":"m#/app/worker.php_2","thread":504}
{"level":"info","ts":1776013644.8946002,"logger":"frankenphp","msg":"async worker thread started","worker":"m#/app/worker.php_2","thread":506}
{"level":"info","ts":1776013644.8946378,"logger":"frankenphp","msg":"async worker thread started","worker":"m#/app/worker.php_2","thread":507}
{"level":"info","ts":1776013644.8946788,"logger":"frankenphp","msg":"async worker thread started","worker":"m#/app/worker.php_2","thread":508}
{"level":"info","ts":1776013644.8945935,"logger":"frankenphp","msg":"async worker thread started","worker":"m#/app/worker.php_2","thread":505}
{"level":"info","ts":1776013644.8947537,"logger":"frankenphp","msg":"async worker thread started","worker":"m#/app/worker.php_2","thread":510}
{"level":"info","ts":1776013644.8946826,"logger":"frankenphp","msg":"async worker thread started","worker":"m#/app/worker.php_2","thread":509}
{"level":"info","ts":1776013644.8947663,"logger":"frankenphp","msg":"async worker thread started","worker":"m#/app/worker.php_2","thread":511}
{"level":"info","ts":1776013644.894804,"logger":"frankenphp","msg":"async worker thread started","worker":"m#/app/worker.php_2","thread":512}
{"level":"info","ts":1776013644.894872,"logger":"frankenphp","msg":"FrankenPHP started 🐘","php_version":"8.6.0-dev","num_threads":513,"max_threads":513}
{"level":"warn","ts":1776013644.8974385,"logger":"http","msg":"HTTP/2 skipped because it requires TLS","network":"tcp","addr":":8080"}
{"level":"warn","ts":1776013644.8974442,"logger":"http","msg":"HTTP/3 skipped because it requires TLS","network":"tcp","addr":":8080"}
{"level":"info","ts":1776013644.8974466,"logger":"http.log","msg":"server running","name":"srv0","protocols":["h1","h2","h3"]}
{"level":"info","ts":1776013644.8974814,"logger":"http","msg":"enabling HTTP/3 listener","addr":":8443"}
{"level":"info","ts":1776013644.8990583,"logger":"http.log","msg":"server running","name":"srv1","protocols":["h1","h2","h3"]}
{"level":"info","ts":1776013644.899293,"msg":"autosaved config (load with --resume flag)","file":"/root/.config/caddy/autosave.json"}
{"level":"info","ts":1776013644.8993034,"msg":"serving initial configuration"}
