[1] Puma starting in cluster mode...
[1] * Puma version: 6.6.1 ("Return to Forever")
[1] * Ruby version: ruby 3.4.9 (2026-03-11 revision 76cca827ab) +YJIT +PRISM [x86_64-linux]
[1] *  Min threads: 4
[1] *  Max threads: 4
[1] *  Environment: development
[1] *   Master PID: 1
[1] *      Workers: 128
[1] *     Restarts: (✔) hot (✖) phased (✖) refork
[1] * Preloading application
[1] * Listening on http://0.0.0.0:8080
[1] Use Ctrl-C to stop
[1] - Worker 0 (PID: 8) booted in 0.2s, phase: 0
[1] - Worker 1 (PID: 11) booted in 0.2s, phase: 0
[1] - Worker 2 (PID: 17) booted in 0.2s, phase: 0
[1] - Worker 3 (PID: 26) booted in 0.2s, phase: 0
[1] - Worker 4 (PID: 37) booted in 0.2s, phase: 0
[1] - Worker 5 (PID: 50) booted in 0.2s, phase: 0
[1] - Worker 6 (PID: 62) booted in 0.2s, phase: 0
[1] - Worker 7 (PID: 73) booted in 0.2s, phase: 0
[1] - Worker 8 (PID: 86) booted in 0.2s, phase: 0
[1] - Worker 9 (PID: 98) booted in 0.2s, phase: 0
[1] - Worker 10 (PID: 111) booted in 0.19s, phase: 0
[1] - Worker 11 (PID: 122) booted in 0.19s, phase: 0
[1] - Worker 12 (PID: 136) booted in 0.19s, phase: 0
[1] - Worker 13 (PID: 147) booted in 0.19s, phase: 0
[1] - Worker 14 (PID: 170) booted in 0.19s, phase: 0
[1] - Worker 15 (PID: 175) booted in 0.19s, phase: 0
[1] - Worker 16 (PID: 186) booted in 0.19s, phase: 0
[1] - Worker 17 (PID: 191) booted in 0.18s, phase: 0
[1] - Worker 18 (PID: 204) booted in 0.18s, phase: 0
[1] - Worker 19 (PID: 215) booted in 0.18s, phase: 0
[1] - Worker 20 (PID: 226) booted in 0.18s, phase: 0
[1] - Worker 21 (PID: 241) booted in 0.18s, phase: 0
[1] - Worker 22 (PID: 253) booted in 0.18s, phase: 0
[1] - Worker 23 (PID: 262) booted in 0.18s, phase: 0
[1] - Worker 24 (PID: 274) booted in 0.18s, phase: 0
[1] - Worker 25 (PID: 286) booted in 0.17s, phase: 0
[1] - Worker 26 (PID: 298) booted in 0.17s, phase: 0
[1] - Worker 27 (PID: 311) booted in 0.17s, phase: 0
[1] - Worker 28 (PID: 323) booted in 0.17s, phase: 0
[1] - Worker 29 (PID: 344) booted in 0.17s, phase: 0
[1] - Worker 30 (PID: 364) booted in 0.17s, phase: 0
[1] - Worker 31 (PID: 367) booted in 0.17s, phase: 0
[1] - Worker 32 (PID: 371) booted in 0.16s, phase: 0
[1] - Worker 33 (PID: 383) booted in 0.16s, phase: 0
[1] - Worker 34 (PID: 391) booted in 0.16s, phase: 0
[1] - Worker 35 (PID: 399) booted in 0.16s, phase: 0
[1] - Worker 36 (PID: 411) booted in 0.16s, phase: 0
[1] - Worker 37 (PID: 424) booted in 0.16s, phase: 0
[1] - Worker 38 (PID: 438) booted in 0.16s, phase: 0
[1] - Worker 39 (PID: 447) booted in 0.16s, phase: 0
[1] - Worker 40 (PID: 454) booted in 0.16s, phase: 0
[1] - Worker 41 (PID: 467) booted in 0.15s, phase: 0
[1] - Worker 42 (PID: 481) booted in 0.15s, phase: 0
[1] - Worker 43 (PID: 491) booted in 0.15s, phase: 0
[1] - Worker 44 (PID: 504) booted in 0.15s, phase: 0
[1] - Worker 45 (PID: 519) booted in 0.15s, phase: 0
[1] - Worker 46 (PID: 527) booted in 0.15s, phase: 0
[1] - Worker 47 (PID: 538) booted in 0.15s, phase: 0
[1] - Worker 48 (PID: 549) booted in 0.15s, phase: 0
[1] - Worker 49 (PID: 559) booted in 0.14s, phase: 0
[1] - Worker 50 (PID: 588) booted in 0.14s, phase: 0
[1] - Worker 51 (PID: 600) booted in 0.14s, phase: 0
[1] - Worker 52 (PID: 610) booted in 0.14s, phase: 0
[1] - Worker 53 (PID: 623) booted in 0.14s, phase: 0
[1] - Worker 54 (PID: 631) booted in 0.14s, phase: 0
[1] - Worker 55 (PID: 644) booted in 0.13s, phase: 0
[1] - Worker 56 (PID: 655) booted in 0.13s, phase: 0
[1] - Worker 57 (PID: 667) booted in 0.13s, phase: 0
[1] - Worker 58 (PID: 682) booted in 0.13s, phase: 0
[1] - Worker 59 (PID: 693) booted in 0.13s, phase: 0
[1] - Worker 60 (PID: 706) booted in 0.13s, phase: 0
[1] - Worker 61 (PID: 715) booted in 0.13s, phase: 0
[1] - Worker 62 (PID: 728) booted in 0.13s, phase: 0
[1] - Worker 63 (PID: 739) booted in 0.12s, phase: 0
[1] - Worker 64 (PID: 752) booted in 0.12s, phase: 0
[1] - Worker 65 (PID: 765) booted in 0.12s, phase: 0
[1] - Worker 66 (PID: 778) booted in 0.12s, phase: 0
[1] - Worker 67 (PID: 787) booted in 0.12s, phase: 0
[1] - Worker 68 (PID: 800) booted in 0.12s, phase: 0
[1] - Worker 69 (PID: 812) booted in 0.12s, phase: 0
[1] - Worker 70 (PID: 827) booted in 0.12s, phase: 0
[1] - Worker 71 (PID: 837) booted in 0.12s, phase: 0
[1] - Worker 72 (PID: 849) booted in 0.11s, phase: 0
[1] - Worker 73 (PID: 863) booted in 0.11s, phase: 0
[1] - Worker 74 (PID: 874) booted in 0.11s, phase: 0
[1] - Worker 75 (PID: 883) booted in 0.11s, phase: 0
[1] - Worker 76 (PID: 903) booted in 0.11s, phase: 0
[1] - Worker 77 (PID: 919) booted in 0.11s, phase: 0
[1] - Worker 78 (PID: 930) booted in 0.1s, phase: 0
[1] - Worker 79 (PID: 935) booted in 0.1s, phase: 0
[1] - Worker 80 (PID: 947) booted in 0.1s, phase: 0
[1] - Worker 81 (PID: 958) booted in 0.1s, phase: 0
[1] - Worker 82 (PID: 970) booted in 0.1s, phase: 0
[1] - Worker 83 (PID: 979) booted in 0.1s, phase: 0
[1] - Worker 84 (PID: 993) booted in 0.1s, phase: 0
[1] - Worker 85 (PID: 1005) booted in 0.1s, phase: 0
[1] - Worker 86 (PID: 1019) booted in 0.1s, phase: 0
[1] - Worker 87 (PID: 1028) booted in 0.09s, phase: 0
[1] - Worker 88 (PID: 1043) booted in 0.09s, phase: 0
[1] - Worker 89 (PID: 1055) booted in 0.09s, phase: 0
[1] - Worker 90 (PID: 1067) booted in 0.09s, phase: 0
[1] - Worker 91 (PID: 1079) booted in 0.09s, phase: 0
[1] - Worker 92 (PID: 1090) booted in 0.09s, phase: 0
[1] - Worker 93 (PID: 1102) booted in 0.09s, phase: 0
[1] - Worker 94 (PID: 1113) booted in 0.09s, phase: 0
[1] - Worker 95 (PID: 1124) booted in 0.08s, phase: 0
[1] - Worker 96 (PID: 1136) booted in 0.08s, phase: 0
[1] - Worker 97 (PID: 1151) booted in 0.08s, phase: 0
[1] - Worker 98 (PID: 1159) booted in 0.08s, phase: 0
[1] - Worker 99 (PID: 1174) booted in 0.08s, phase: 0
[1] - Worker 100 (PID: 1185) booted in 0.08s, phase: 0
[1] - Worker 101 (PID: 1199) booted in 0.08s, phase: 0
[1] - Worker 102 (PID: 1207) booted in 0.08s, phase: 0
[1] - Worker 103 (PID: 1220) booted in 0.07s, phase: 0
[1] - Worker 104 (PID: 1235) booted in 0.07s, phase: 0
[1] - Worker 105 (PID: 1247) booted in 0.07s, phase: 0
[1] - Worker 106 (PID: 1259) booted in 0.07s, phase: 0
[1] - Worker 107 (PID: 1271) booted in 0.07s, phase: 0
[1] - Worker 108 (PID: 1283) booted in 0.07s, phase: 0
[1] - Worker 109 (PID: 1295) booted in 0.07s, phase: 0
[1] - Worker 110 (PID: 1306) booted in 0.07s, phase: 0
[1] - Worker 111 (PID: 1316) booted in 0.06s, phase: 0
[1] - Worker 112 (PID: 1331) booted in 0.06s, phase: 0
[1] - Worker 113 (PID: 1341) booted in 0.06s, phase: 0
[1] - Worker 114 (PID: 1353) booted in 0.06s, phase: 0
[1] - Worker 115 (PID: 1366) booted in 0.06s, phase: 0
[1] - Worker 116 (PID: 1379) booted in 0.06s, phase: 0
[1] - Worker 117 (PID: 1388) booted in 0.06s, phase: 0
[1] - Worker 118 (PID: 1403) booted in 0.06s, phase: 0
[1] - Worker 119 (PID: 1411) booted in 0.06s, phase: 0
[1] - Worker 120 (PID: 1427) booted in 0.05s, phase: 0
[1] - Worker 121 (PID: 1438) booted in 0.05s, phase: 0
[1] - Worker 122 (PID: 1450) booted in 0.05s, phase: 0
[1] - Worker 123 (PID: 1460) booted in 0.05s, phase: 0
[1] - Worker 124 (PID: 1471) booted in 0.05s, phase: 0
[1] - Worker 125 (PID: 1486) booted in 0.05s, phase: 0
[1] - Worker 126 (PID: 1499) booted in 0.05s, phase: 0
[1] - Worker 127 (PID: 1511) booted in 0.05s, phase: 0
