INFO: Listening on port 8080
INFO: Starting up Iodine:
 * Iodine 5.2.1
 * Ruby 4.0.2
 * facil.io 0.7.4 (epoll)
 * 127 Workers X 1 Threads per worker.
 * Maximum 131056 open files / sockets per worker.
 * Master (root) process: 1.

INFO: Server is running 127 workers X 1 thread with facil.io 0.7.4 (epoll)
* Detected capacity: 131056 open file limit
* Root pid: 1
* Press ^C to stop

INFO: 9 is running.
INFO: 13 is running.
INFO: 17 is running.
INFO: 21 is running.
INFO: 25 is running.
INFO: 29 is running.
INFO: 35 is running.
INFO: 40 is running.
INFO: 45 is running.
INFO: 50 is running.
INFO: 55 is running.
INFO: 64 is running.
INFO: 68 is running.
INFO: 72 is running.
INFO: 76 is running.
INFO: 80 is running.
INFO: 85 is running.
INFO: 91 is running.
INFO: 96 is running.
INFO: 101 is running.
INFO: 106 is running.
INFO: 111 is running.
INFO: 116 is running.
INFO: 121 is running.
INFO: 126 is running.
INFO: 131 is running.
INFO: 136 is running.
INFO: 141 is running.
INFO: 146 is running.
INFO: 151 is running.
INFO: 156 is running.
INFO: 161 is running.
INFO: 166 is running.
INFO: 171 is running.
INFO: 176 is running.
INFO: 182 is running.
INFO: 187 is running.
INFO: 191 is running.
INFO: 196 is running.
INFO: 201 is running.
INFO: 206 is running.
INFO: 211 is running.
INFO: 216 is running.
INFO: 221 is running.
INFO: 226 is running.
INFO: 231 is running.
INFO: 236 is running.
INFO: 241 is running.
INFO: 246 is running.
INFO: 251 is running.
INFO: 256 is running.
INFO: 261 is running.
INFO: 266 is running.
INFO: 271 is running.
INFO: 276 is running.
INFO: 281 is running.
INFO: 286 is running.
INFO: 294 is running.
INFO: 298 is running.
INFO: 302 is running.
INFO: 306 is running.
INFO: 311 is running.
INFO: 316 is running.
INFO: 321 is running.
INFO: 326 is running.
INFO: 331 is running.
INFO: 336 is running.
INFO: 344 is running.
INFO: 348 is running.
INFO: 352 is running.
INFO: 357 is running.
INFO: 362 is running.
INFO: 367 is running.
INFO: 371 is running.
INFO: 376 is running.
INFO: 382 is running.
INFO: 387 is running.
INFO: 392 is running.
INFO: 397 is running.
INFO: 402 is running.
INFO: 407 is running.
INFO: 412 is running.
INFO: 417 is running.
INFO: 422 is running.
INFO: 427 is running.
INFO: 432 is running.
INFO: 437 is running.
INFO: 442 is running.
INFO: 447 is running.
INFO: 452 is running.
INFO: 457 is running.
INFO: 462 is running.
INFO: 467 is running.
INFO: 472 is running.
INFO: 482 is running.
INFO: 477 is running.
INFO: 487 is running.
INFO: 492 is running.
INFO: 498 is running.
INFO: 502 is running.
INFO: 507 is running.
INFO: 513 is running.
INFO: 522 is running.
INFO: 529 is running.
INFO: 535 is running.
INFO: 526 is running.
INFO: 518 is running.
INFO: 539 is running.
INFO: 545 is running.
INFO: 551 is running.
INFO: 556 is running.
INFO: 562 is running.
INFO: 567 is running.
INFO: 571 is running.
INFO: 587 is running.
INFO: 596 is running.
INFO: 600 is running.
INFO: 577 is running.
INFO: 605 is running.
INFO: 611 is running.
INFO: 592 is running.
INFO: 581 is running.
INFO: 621 is running.
INFO: 625 is running.
INFO: 629 is running.
INFO: 636 is running.
INFO: 615 is running.
