[1] Puma starting in cluster mode...
[1] * Puma version: 6.6.1 ("Return to Forever")
[1] * Ruby version: ruby 3.4.9 (2026-03-11 revision 76cca827ab) +YJIT +PRISM [x86_64-linux]
[1] *  Min threads: 4
[1] *  Max threads: 4
[1] *  Environment: development
[1] *   Master PID: 1
[1] *      Workers: 128
[1] *     Restarts: (✔) hot (✖) phased (✖) refork
[1] * Preloading application
[1] * Listening on http://0.0.0.0:8080
[1] Use Ctrl-C to stop
[1] - Worker 0 (PID: 8) booted in 0.2s, phase: 0
[1] - Worker 1 (PID: 11) booted in 0.2s, phase: 0
[1] - Worker 2 (PID: 19) booted in 0.2s, phase: 0
[1] - Worker 3 (PID: 26) booted in 0.2s, phase: 0
[1] - Worker 4 (PID: 37) booted in 0.2s, phase: 0
[1] - Worker 5 (PID: 51) booted in 0.2s, phase: 0
[1] - Worker 6 (PID: 62) booted in 0.2s, phase: 0
[1] - Worker 7 (PID: 73) booted in 0.2s, phase: 0
[1] - Worker 8 (PID: 86) booted in 0.2s, phase: 0
[1] - Worker 9 (PID: 100) booted in 0.19s, phase: 0
[1] - Worker 10 (PID: 111) booted in 0.19s, phase: 0
[1] - Worker 11 (PID: 126) booted in 0.19s, phase: 0
[1] - Worker 12 (PID: 135) booted in 0.19s, phase: 0
[1] - Worker 13 (PID: 151) booted in 0.19s, phase: 0
[1] - Worker 14 (PID: 171) booted in 0.19s, phase: 0
[1] - Worker 15 (PID: 175) booted in 0.18s, phase: 0
[1] - Worker 16 (PID: 187) booted in 0.18s, phase: 0
[1] - Worker 17 (PID: 193) booted in 0.18s, phase: 0
[1] - Worker 18 (PID: 206) booted in 0.18s, phase: 0
[1] - Worker 19 (PID: 213) booted in 0.18s, phase: 0
[1] - Worker 20 (PID: 225) booted in 0.18s, phase: 0
[1] - Worker 21 (PID: 238) booted in 0.18s, phase: 0
[1] - Worker 22 (PID: 247) booted in 0.18s, phase: 0
[1] - Worker 23 (PID: 259) booted in 0.18s, phase: 0
[1] - Worker 24 (PID: 274) booted in 0.18s, phase: 0
[1] - Worker 25 (PID: 287) booted in 0.17s, phase: 0
[1] - Worker 26 (PID: 294) booted in 0.17s, phase: 0
[1] - Worker 27 (PID: 304) booted in 0.17s, phase: 0
[1] - Worker 28 (PID: 321) booted in 0.17s, phase: 0
[1] - Worker 29 (PID: 343) booted in 0.17s, phase: 0
[1] - Worker 30 (PID: 359) booted in 0.17s, phase: 0
[1] - Worker 31 (PID: 367) booted in 0.17s, phase: 0
[1] - Worker 32 (PID: 371) booted in 0.16s, phase: 0
[1] - Worker 33 (PID: 383) booted in 0.16s, phase: 0
[1] - Worker 34 (PID: 391) booted in 0.16s, phase: 0
[1] - Worker 35 (PID: 399) booted in 0.16s, phase: 0
[1] - Worker 36 (PID: 410) booted in 0.16s, phase: 0
[1] - Worker 37 (PID: 422) booted in 0.16s, phase: 0
[1] - Worker 38 (PID: 434) booted in 0.16s, phase: 0
[1] - Worker 39 (PID: 444) booted in 0.16s, phase: 0
[1] - Worker 40 (PID: 456) booted in 0.16s, phase: 0
[1] - Worker 41 (PID: 465) booted in 0.15s, phase: 0
[1] - Worker 42 (PID: 479) booted in 0.15s, phase: 0
[1] - Worker 43 (PID: 491) booted in 0.15s, phase: 0
[1] - Worker 44 (PID: 522) booted in 0.15s, phase: 0
[1] - Worker 45 (PID: 531) booted in 0.15s, phase: 0
[1] - Worker 46 (PID: 538) booted in 0.14s, phase: 0
[1] - Worker 47 (PID: 545) booted in 0.14s, phase: 0
[1] - Worker 48 (PID: 553) booted in 0.14s, phase: 0
[1] - Worker 49 (PID: 563) booted in 0.14s, phase: 0
[1] - Worker 50 (PID: 587) booted in 0.14s, phase: 0
[1] - Worker 51 (PID: 599) booted in 0.14s, phase: 0
[1] - Worker 52 (PID: 611) booted in 0.13s, phase: 0
[1] - Worker 53 (PID: 623) booted in 0.13s, phase: 0
[1] - Worker 54 (PID: 630) booted in 0.13s, phase: 0
[1] - Worker 55 (PID: 642) booted in 0.13s, phase: 0
[1] - Worker 56 (PID: 654) booted in 0.13s, phase: 0
[1] - Worker 57 (PID: 666) booted in 0.13s, phase: 0
[1] - Worker 58 (PID: 679) booted in 0.13s, phase: 0
[1] - Worker 59 (PID: 694) booted in 0.13s, phase: 0
[1] - Worker 60 (PID: 701) booted in 0.13s, phase: 0
[1] - Worker 61 (PID: 714) booted in 0.12s, phase: 0
[1] - Worker 62 (PID: 726) booted in 0.12s, phase: 0
[1] - Worker 63 (PID: 740) booted in 0.12s, phase: 0
[1] - Worker 64 (PID: 750) booted in 0.12s, phase: 0
[1] - Worker 65 (PID: 763) booted in 0.12s, phase: 0
[1] - Worker 66 (PID: 777) booted in 0.12s, phase: 0
[1] - Worker 67 (PID: 788) booted in 0.12s, phase: 0
[1] - Worker 68 (PID: 803) booted in 0.12s, phase: 0
[1] - Worker 69 (PID: 811) booted in 0.11s, phase: 0
[1] - Worker 70 (PID: 826) booted in 0.11s, phase: 0
[1] - Worker 71 (PID: 835) booted in 0.11s, phase: 0
[1] - Worker 72 (PID: 850) booted in 0.11s, phase: 0
[1] - Worker 73 (PID: 859) booted in 0.11s, phase: 0
[1] - Worker 74 (PID: 871) booted in 0.11s, phase: 0
[1] - Worker 75 (PID: 884) booted in 0.11s, phase: 0
[1] - Worker 76 (PID: 899) booted in 0.11s, phase: 0
[1] - Worker 77 (PID: 910) booted in 0.1s, phase: 0
[1] - Worker 78 (PID: 923) booted in 0.1s, phase: 0
[1] - Worker 79 (PID: 935) booted in 0.1s, phase: 0
[1] - Worker 80 (PID: 947) booted in 0.1s, phase: 0
[1] - Worker 81 (PID: 959) booted in 0.1s, phase: 0
[1] - Worker 82 (PID: 971) booted in 0.1s, phase: 0
[1] - Worker 83 (PID: 982) booted in 0.1s, phase: 0
[1] - Worker 84 (PID: 990) booted in 0.1s, phase: 0
[1] - Worker 85 (PID: 1002) booted in 0.09s, phase: 0
[1] - Worker 86 (PID: 1015) booted in 0.09s, phase: 0
[1] - Worker 87 (PID: 1027) booted in 0.09s, phase: 0
[1] - Worker 88 (PID: 1042) booted in 0.09s, phase: 0
[1] - Worker 89 (PID: 1054) booted in 0.09s, phase: 0
[1] - Worker 90 (PID: 1067) booted in 0.09s, phase: 0
[1] - Worker 91 (PID: 1079) booted in 0.09s, phase: 0
[1] - Worker 92 (PID: 1088) booted in 0.09s, phase: 0
[1] - Worker 93 (PID: 1101) booted in 0.08s, phase: 0
[1] - Worker 94 (PID: 1114) booted in 0.08s, phase: 0
[1] - Worker 95 (PID: 1126) booted in 0.08s, phase: 0
[1] - Worker 96 (PID: 1137) booted in 0.08s, phase: 0
[1] - Worker 97 (PID: 1149) booted in 0.08s, phase: 0
[1] - Worker 98 (PID: 1159) booted in 0.08s, phase: 0
[1] - Worker 99 (PID: 1175) booted in 0.08s, phase: 0
[1] - Worker 100 (PID: 1187) booted in 0.08s, phase: 0
[1] - Worker 101 (PID: 1198) booted in 0.07s, phase: 0
[1] - Worker 102 (PID: 1210) booted in 0.07s, phase: 0
[1] - Worker 103 (PID: 1220) booted in 0.07s, phase: 0
[1] - Worker 104 (PID: 1231) booted in 0.07s, phase: 0
[1] - Worker 105 (PID: 1245) booted in 0.07s, phase: 0
[1] - Worker 106 (PID: 1257) booted in 0.07s, phase: 0
[1] - Worker 107 (PID: 1271) booted in 0.07s, phase: 0
[1] - Worker 108 (PID: 1283) booted in 0.07s, phase: 0
[1] - Worker 109 (PID: 1292) booted in 0.06s, phase: 0
[1] - Worker 110 (PID: 1306) booted in 0.06s, phase: 0
[1] - Worker 111 (PID: 1319) booted in 0.06s, phase: 0
[1] - Worker 112 (PID: 1327) booted in 0.06s, phase: 0
[1] - Worker 113 (PID: 1342) booted in 0.06s, phase: 0
[1] - Worker 114 (PID: 1353) booted in 0.06s, phase: 0
[1] - Worker 115 (PID: 1365) booted in 0.06s, phase: 0
[1] - Worker 116 (PID: 1375) booted in 0.06s, phase: 0
[1] - Worker 117 (PID: 1391) booted in 0.05s, phase: 0
[1] - Worker 118 (PID: 1403) booted in 0.05s, phase: 0
[1] - Worker 119 (PID: 1415) booted in 0.05s, phase: 0
[1] - Worker 120 (PID: 1427) booted in 0.05s, phase: 0
[1] - Worker 121 (PID: 1439) booted in 0.05s, phase: 0
[1] - Worker 122 (PID: 1451) booted in 0.05s, phase: 0
[1] - Worker 123 (PID: 1463) booted in 0.05s, phase: 0
[1] - Worker 124 (PID: 1475) booted in 0.05s, phase: 0
[1] - Worker 125 (PID: 1487) booted in 0.04s, phase: 0
[1] - Worker 126 (PID: 1497) booted in 0.04s, phase: 0
[1] - Worker 127 (PID: 1511) booted in 0.04s, phase: 0
