[1] Puma starting in cluster mode...
[1] * Puma version: 7.2.0 ("On The Corner")
[1] * Ruby version: ruby 4.0.2 (2026-03-17 revision d3da9fec82) +YJIT +MN +PRISM [x86_64-linux]
[1] *  Min threads: 4
[1] *  Max threads: 4
[1] *  Environment: production
[1] *   Master PID: 1
[1] *      Workers: 64
[1] *     Restarts: (✔) hot (✖) phased (✖) refork
[1] * Preloading application
[1] * Listening on http://0.0.0.0:8080
[1] Use Ctrl-C to stop
[1] ! WARNING: Detected `RUBY_MN_THREADS=1`
[1] ! This setting is known to cause performance regressions with Puma.
[1] ! Consider disabling this environment variable: https://github.com/puma/puma/issues/3720
[1] - Worker 0 (PID: 8) booted in 0.11s, phase: 0
[1] - Worker 1 (PID: 11) booted in 0.11s, phase: 0
[1] - Worker 2 (PID: 14) booted in 0.11s, phase: 0
[1] - Worker 3 (PID: 17) booted in 0.11s, phase: 0
[1] - Worker 4 (PID: 22) booted in 0.11s, phase: 0
[1] - Worker 5 (PID: 25) booted in 0.11s, phase: 0
[1] - Worker 6 (PID: 29) booted in 0.11s, phase: 0
[1] - Worker 7 (PID: 34) booted in 0.11s, phase: 0
[1] - Worker 8 (PID: 38) booted in 0.11s, phase: 0
[1] - Worker 9 (PID: 44) booted in 0.11s, phase: 0
[1] - Worker 10 (PID: 50) booted in 0.1s, phase: 0
[1] - Worker 11 (PID: 55) booted in 0.1s, phase: 0
[1] - Worker 12 (PID: 60) booted in 0.1s, phase: 0
[1] - Worker 13 (PID: 64) booted in 0.1s, phase: 0
[1] - Worker 14 (PID: 74) booted in 0.1s, phase: 0
[1] - Worker 15 (PID: 79) booted in 0.1s, phase: 0
[1] - Worker 16 (PID: 84) booted in 0.1s, phase: 0
[1] - Worker 17 (PID: 90) booted in 0.1s, phase: 0
[1] - Worker 18 (PID: 95) booted in 0.1s, phase: 0
[1] - Worker 19 (PID: 101) booted in 0.1s, phase: 0
[1] - Worker 20 (PID: 107) booted in 0.1s, phase: 0
[1] - Worker 21 (PID: 113) booted in 0.1s, phase: 0
[1] - Worker 22 (PID: 117) booted in 0.1s, phase: 0
[1] - Worker 23 (PID: 122) booted in 0.1s, phase: 0
[1] - Worker 24 (PID: 128) booted in 0.1s, phase: 0
[1] - Worker 25 (PID: 133) booted in 0.09s, phase: 0
[1] - Worker 26 (PID: 139) booted in 0.09s, phase: 0
[1] - Worker 27 (PID: 145) booted in 0.09s, phase: 0
[1] - Worker 28 (PID: 151) booted in 0.09s, phase: 0
[1] - Worker 29 (PID: 158) booted in 0.09s, phase: 0
[1] - Worker 30 (PID: 168) booted in 0.09s, phase: 0
[1] - Worker 31 (PID: 174) booted in 0.09s, phase: 0
[1] - Worker 32 (PID: 179) booted in 0.08s, phase: 0
[1] - Worker 33 (PID: 184) booted in 0.08s, phase: 0
[1] - Worker 34 (PID: 190) booted in 0.08s, phase: 0
[1] - Worker 35 (PID: 196) booted in 0.08s, phase: 0
[1] - Worker 36 (PID: 201) booted in 0.08s, phase: 0
[1] - Worker 37 (PID: 207) booted in 0.08s, phase: 0
[1] - Worker 38 (PID: 213) booted in 0.08s, phase: 0
[1] - Worker 39 (PID: 217) booted in 0.07s, phase: 0
[1] - Worker 40 (PID: 224) booted in 0.07s, phase: 0
[1] - Worker 41 (PID: 233) booted in 0.07s, phase: 0
[1] - Worker 42 (PID: 238) booted in 0.07s, phase: 0
[1] - Worker 43 (PID: 243) booted in 0.07s, phase: 0
[1] - Worker 44 (PID: 247) booted in 0.07s, phase: 0
[1] - Worker 45 (PID: 252) booted in 0.07s, phase: 0
[1] - Worker 46 (PID: 258) booted in 0.06s, phase: 0
[1] - Worker 47 (PID: 265) booted in 0.06s, phase: 0
[1] - Worker 48 (PID: 272) booted in 0.06s, phase: 0
[1] - Worker 49 (PID: 278) booted in 0.06s, phase: 0
[1] - Worker 50 (PID: 283) booted in 0.06s, phase: 0
[1] - Worker 51 (PID: 289) booted in 0.06s, phase: 0
[1] - Worker 52 (PID: 296) booted in 0.05s, phase: 0
[1] - Worker 53 (PID: 301) booted in 0.05s, phase: 0
[1] - Worker 54 (PID: 309) booted in 0.05s, phase: 0
[1] - Worker 55 (PID: 314) booted in 0.05s, phase: 0
[1] - Worker 57 (PID: 326) booted in 0.05s, phase: 0
[1] - Worker 56 (PID: 320) booted in 0.05s, phase: 0
[1] - Worker 58 (PID: 332) booted in 0.04s, phase: 0
[1] - Worker 59 (PID: 337) booted in 0.04s, phase: 0
[1] - Worker 60 (PID: 343) booted in 0.04s, phase: 0
[1] - Worker 61 (PID: 349) booted in 0.04s, phase: 0
[1] - Worker 62 (PID: 355) booted in 0.04s, phase: 0
[1] - Worker 63 (PID: 361) booted in 0.04s, phase: 0
