{"level":"info","ts":1776014315.1919477,"msg":"maxprocs: Leaving GOMAXPROCS=64: CPU quota undefined"}
{"level":"info","ts":1776014315.1919696,"msg":"GOMEMLIMIT is updated","GOMEMLIMIT":243039519129,"previous":9223372036854775807}
{"level":"info","ts":1776014315.1919723,"msg":"using config from file","file":"/etc/caddy/Caddyfile"}
{"level":"info","ts":1776014315.191974,"msg":"adapted config to JSON","adapter":"caddyfile"}
{"level":"warn","ts":1776014315.1919768,"logger":"admin","msg":"admin endpoint disabled"}
{"level":"info","ts":1776014315.1922562,"logger":"tls.cache.maintenance","msg":"started background certificate maintenance","cache":"0x36e4bdff6580"}
{"level":"info","ts":1776014315.1924348,"logger":"http.auto_https","msg":"automatic HTTPS is completely disabled for server","server_name":"srv0"}
{"level":"info","ts":1776014315.1924489,"logger":"http.auto_https","msg":"automatic HTTPS is completely disabled for server","server_name":"srv1"}
{"level":"warn","ts":1776014315.1927505,"logger":"http","msg":"HTTP/2 skipped because it requires TLS","network":"tcp","addr":":8080"}
{"level":"warn","ts":1776014315.1927547,"logger":"http","msg":"HTTP/3 skipped because it requires TLS","network":"tcp","addr":":8080"}
{"level":"info","ts":1776014315.1927564,"logger":"http.log","msg":"server running","name":"srv0","protocols":["h1","h2","h3"]}
{"level":"info","ts":1776014315.1927826,"logger":"http","msg":"enabling HTTP/3 listener","addr":":8443"}
{"level":"info","ts":1776014315.192897,"logger":"http.log","msg":"server running","name":"srv1","protocols":["h1","h2","h3"]}
{"level":"info","ts":1776014315.1997855,"logger":"tls","msg":"cleaning storage unit","storage":"FileStorage:/root/.local/share/caddy"}
{"level":"info","ts":1776014315.2029305,"logger":"tls","msg":"finished cleaning storage units"}
{"level":"info","ts":1776014315.5688176,"logger":"frankenphp","msg":"async worker thread started","worker":"m#/app/worker.php","thread":1}
{"level":"info","ts":1776014315.568825,"logger":"frankenphp","msg":"async worker thread started","worker":"m#/app/worker.php","thread":3}
{"level":"info","ts":1776014315.5688157,"logger":"frankenphp","msg":"async worker thread started","worker":"m#/app/worker.php","thread":2}
{"level":"info","ts":1776014315.5689788,"logger":"frankenphp","msg":"async worker thread started","worker":"m#/app/worker.php","thread":4}
{"level":"info","ts":1776014315.5690079,"logger":"frankenphp","msg":"async worker thread started","worker":"m#/app/worker.php","thread":5}
{"level":"info","ts":1776014315.5690873,"logger":"frankenphp","msg":"async worker thread started","worker":"m#/app/worker.php","thread":7}
{"level":"info","ts":1776014315.569088,"logger":"frankenphp","msg":"async worker thread started","worker":"m#/app/worker.php","thread":6}
{"level":"info","ts":1776014315.569192,"logger":"frankenphp","msg":"async worker thread started","worker":"m#/app/worker.php","thread":9}
{"level":"info","ts":1776014315.5691695,"logger":"frankenphp","msg":"async worker thread started","worker":"m#/app/worker.php","thread":8}
{"level":"info","ts":1776014315.569317,"logger":"frankenphp","msg":"async worker thread started","worker":"m#/app/worker.php","thread":11}
{"level":"info","ts":1776014315.569279,"logger":"frankenphp","msg":"async worker thread started","worker":"m#/app/worker.php","thread":10}
{"level":"info","ts":1776014315.5694268,"logger":"frankenphp","msg":"async worker thread started","worker":"m#/app/worker.php","thread":12}
{"level":"info","ts":1776014315.569541,"logger":"frankenphp","msg":"async worker thread started","worker":"m#/app/worker.php","thread":13}
{"level":"info","ts":1776014315.5695574,"logger":"frankenphp","msg":"async worker thread started","worker":"m#/app/worker.php","thread":14}
{"level":"info","ts":1776014315.5695941,"logger":"frankenphp","msg":"async worker thread started","worker":"m#/app/worker.php","thread":15}
{"level":"info","ts":1776014315.5697489,"logger":"frankenphp","msg":"async worker thread started","worker":"m#/app/worker.php","thread":16}
{"level":"info","ts":1776014315.5701995,"logger":"frankenphp","msg":"async worker thread started","worker":"m#/app/worker.php","thread":17}
{"level":"info","ts":1776014315.5702312,"logger":"frankenphp","msg":"async worker thread started","worker":"m#/app/worker.php","thread":18}
{"level":"info","ts":1776014315.5703065,"logger":"frankenphp","msg":"async worker thread started","worker":"m#/app/worker.php","thread":19}
{"level":"info","ts":1776014315.570363,"logger":"frankenphp","msg":"async worker thread started","worker":"m#/app/worker.php","thread":20}
{"level":"info","ts":1776014315.570415,"logger":"frankenphp","msg":"async worker thread started","worker":"m#/app/worker.php","thread":21}
{"level":"info","ts":1776014315.5705023,"logger":"frankenphp","msg":"async worker thread started","worker":"m#/app/worker.php","thread":23}
{"level":"info","ts":1776014315.5704718,"logger":"frankenphp","msg":"async worker thread started","worker":"m#/app/worker.php","thread":22}
{"level":"info","ts":1776014315.5705671,"logger":"frankenphp","msg":"async worker thread started","worker":"m#/app/worker.php","thread":24}
{"level":"info","ts":1776014315.5706708,"logger":"frankenphp","msg":"async worker thread started","worker":"m#/app/worker.php","thread":26}
{"level":"info","ts":1776014315.5706866,"logger":"frankenphp","msg":"async worker thread started","worker":"m#/app/worker.php","thread":25}
{"level":"info","ts":1776014315.5708208,"logger":"frankenphp","msg":"async worker thread started","worker":"m#/app/worker.php","thread":28}
{"level":"info","ts":1776014315.570821,"logger":"frankenphp","msg":"async worker thread started","worker":"m#/app/worker.php","thread":27}
{"level":"info","ts":1776014315.5709598,"logger":"frankenphp","msg":"async worker thread started","worker":"m#/app/worker.php","thread":29}
{"level":"info","ts":1776014315.5934222,"logger":"frankenphp","msg":"async worker thread started","worker":"m#/app/worker.php","thread":30}
{"level":"info","ts":1776014315.5935476,"logger":"frankenphp","msg":"async worker thread started","worker":"m#/app/worker.php","thread":32}
{"level":"info","ts":1776014315.593556,"logger":"frankenphp","msg":"async worker thread started","worker":"m#/app/worker.php","thread":31}
{"level":"info","ts":1776014315.5994236,"logger":"frankenphp","msg":"async worker thread started","worker":"m#/app/worker.php","thread":33}
{"level":"info","ts":1776014315.5995333,"logger":"frankenphp","msg":"async worker thread started","worker":"m#/app/worker.php","thread":34}
{"level":"info","ts":1776014315.599602,"logger":"frankenphp","msg":"async worker thread started","worker":"m#/app/worker.php","thread":35}
{"level":"info","ts":1776014315.5996907,"logger":"frankenphp","msg":"async worker thread started","worker":"m#/app/worker.php","thread":37}
{"level":"info","ts":1776014315.5997136,"logger":"frankenphp","msg":"async worker thread started","worker":"m#/app/worker.php","thread":38}
{"level":"info","ts":1776014315.5996833,"logger":"frankenphp","msg":"async worker thread started","worker":"m#/app/worker.php","thread":36}
{"level":"info","ts":1776014315.5998225,"logger":"frankenphp","msg":"async worker thread started","worker":"m#/app/worker.php","thread":39}
{"level":"info","ts":1776014315.5998425,"logger":"frankenphp","msg":"async worker thread started","worker":"m#/app/worker.php","thread":40}
{"level":"info","ts":1776014315.5999439,"logger":"frankenphp","msg":"async worker thread started","worker":"m#/app/worker.php","thread":41}
{"level":"info","ts":1776014315.6000204,"logger":"frankenphp","msg":"async worker thread started","worker":"m#/app/worker.php","thread":42}
{"level":"info","ts":1776014315.6001728,"logger":"frankenphp","msg":"async worker thread started","worker":"m#/app/worker.php","thread":43}
{"level":"info","ts":1776014315.6001348,"logger":"frankenphp","msg":"async worker thread started","worker":"m#/app/worker.php","thread":44}
{"level":"info","ts":1776014315.6002264,"logger":"frankenphp","msg":"async worker thread started","worker":"m#/app/worker.php","thread":45}
{"level":"info","ts":1776014315.6003554,"logger":"frankenphp","msg":"async worker thread started","worker":"m#/app/worker.php","thread":47}
{"level":"info","ts":1776014315.60036,"logger":"frankenphp","msg":"async worker thread started","worker":"m#/app/worker.php","thread":46}
{"level":"info","ts":1776014315.6004336,"logger":"frankenphp","msg":"async worker thread started","worker":"m#/app/worker.php","thread":48}
{"level":"info","ts":1776014315.600437,"logger":"frankenphp","msg":"async worker thread started","worker":"m#/app/worker.php","thread":49}
{"level":"info","ts":1776014315.6157281,"logger":"frankenphp","msg":"async worker thread started","worker":"m#/app/worker.php","thread":50}
{"level":"info","ts":1776014315.615906,"logger":"frankenphp","msg":"async worker thread started","worker":"m#/app/worker.php","thread":51}
{"level":"info","ts":1776014315.61599,"logger":"frankenphp","msg":"async worker thread started","worker":"m#/app/worker.php","thread":52}
{"level":"info","ts":1776014315.616045,"logger":"frankenphp","msg":"async worker thread started","worker":"m#/app/worker.php","thread":53}
{"level":"info","ts":1776014315.6161218,"logger":"frankenphp","msg":"async worker thread started","worker":"m#/app/worker.php","thread":54}
{"level":"info","ts":1776014315.6161332,"logger":"frankenphp","msg":"async worker thread started","worker":"m#/app/worker.php","thread":56}
{"level":"info","ts":1776014315.616126,"logger":"frankenphp","msg":"async worker thread started","worker":"m#/app/worker.php","thread":55}
{"level":"info","ts":1776014315.6162221,"logger":"frankenphp","msg":"async worker thread started","worker":"m#/app/worker.php","thread":57}
{"level":"info","ts":1776014315.6163485,"logger":"frankenphp","msg":"async worker thread started","worker":"m#/app/worker.php","thread":58}
{"level":"info","ts":1776014315.6163704,"logger":"frankenphp","msg":"async worker thread started","worker":"m#/app/worker.php","thread":59}
{"level":"info","ts":1776014315.6164427,"logger":"frankenphp","msg":"async worker thread started","worker":"m#/app/worker.php","thread":61}
{"level":"info","ts":1776014315.6164415,"logger":"frankenphp","msg":"async worker thread started","worker":"m#/app/worker.php","thread":60}
{"level":"info","ts":1776014315.6165137,"logger":"frankenphp","msg":"async worker thread started","worker":"m#/app/worker.php","thread":62}
{"level":"info","ts":1776014315.616526,"logger":"frankenphp","msg":"async worker thread started","worker":"m#/app/worker.php","thread":63}
{"level":"info","ts":1776014315.6166039,"logger":"frankenphp","msg":"async worker thread started","worker":"m#/app/worker.php","thread":64}
{"level":"info","ts":1776014315.616625,"logger":"frankenphp","msg":"async worker thread started","worker":"m#/app/worker.php","thread":65}
{"level":"info","ts":1776014315.6166892,"logger":"frankenphp","msg":"async worker thread started","worker":"m#/app/worker.php","thread":66}
{"level":"info","ts":1776014315.6167789,"logger":"frankenphp","msg":"async worker thread started","worker":"m#/app/worker.php","thread":67}
{"level":"info","ts":1776014315.6168754,"logger":"frankenphp","msg":"async worker thread started","worker":"m#/app/worker.php","thread":69}
{"level":"info","ts":1776014315.616873,"logger":"frankenphp","msg":"async worker thread started","worker":"m#/app/worker.php","thread":68}
{"level":"info","ts":1776014315.6169803,"logger":"frankenphp","msg":"async worker thread started","worker":"m#/app/worker.php","thread":70}
{"level":"info","ts":1776014315.6170642,"logger":"frankenphp","msg":"async worker thread started","worker":"m#/app/worker.php","thread":71}
{"level":"info","ts":1776014315.6170542,"logger":"frankenphp","msg":"async worker thread started","worker":"m#/app/worker.php","thread":73}
{"level":"info","ts":1776014315.6171346,"logger":"frankenphp","msg":"async worker thread started","worker":"m#/app/worker.php","thread":74}
{"level":"info","ts":1776014315.6171136,"logger":"frankenphp","msg":"async worker thread started","worker":"m#/app/worker.php","thread":72}
{"level":"info","ts":1776014315.617606,"logger":"frankenphp","msg":"async worker thread started","worker":"m#/app/worker.php","thread":81}
{"level":"info","ts":1776014315.617236,"logger":"frankenphp","msg":"async worker thread started","worker":"m#/app/worker.php","thread":75}
{"level":"info","ts":1776014315.6174664,"logger":"frankenphp","msg":"async worker thread started","worker":"m#/app/worker.php","thread":80}
{"level":"info","ts":1776014315.6174178,"logger":"frankenphp","msg":"async worker thread started","worker":"m#/app/worker.php","thread":78}
{"level":"info","ts":1776014315.6174114,"logger":"frankenphp","msg":"async worker thread started","worker":"m#/app/worker.php","thread":79}
{"level":"info","ts":1776014315.6173215,"logger":"frankenphp","msg":"async worker thread started","worker":"m#/app/worker.php","thread":77}
{"level":"info","ts":1776014315.6173139,"logger":"frankenphp","msg":"async worker thread started","worker":"m#/app/worker.php","thread":76}
{"level":"info","ts":1776014315.6403642,"logger":"frankenphp","msg":"async worker thread started","worker":"m#/app/worker.php","thread":82}
{"level":"info","ts":1776014315.6403759,"logger":"frankenphp","msg":"async worker thread started","worker":"m#/app/worker.php","thread":83}
{"level":"info","ts":1776014315.6403975,"logger":"frankenphp","msg":"async worker thread started","worker":"m#/app/worker.php","thread":84}
{"level":"info","ts":1776014315.6404707,"logger":"frankenphp","msg":"async worker thread started","worker":"m#/app/worker.php","thread":86}
{"level":"info","ts":1776014315.640453,"logger":"frankenphp","msg":"async worker thread started","worker":"m#/app/worker.php","thread":85}
{"level":"info","ts":1776014315.6405919,"logger":"frankenphp","msg":"async worker thread started","worker":"m#/app/worker.php","thread":87}
{"level":"info","ts":1776014315.6405988,"logger":"frankenphp","msg":"async worker thread started","worker":"m#/app/worker.php","thread":88}
{"level":"info","ts":1776014315.6406786,"logger":"frankenphp","msg":"async worker thread started","worker":"m#/app/worker.php","thread":89}
{"level":"info","ts":1776014315.640685,"logger":"frankenphp","msg":"async worker thread started","worker":"m#/app/worker.php","thread":90}
{"level":"info","ts":1776014315.6407611,"logger":"frankenphp","msg":"async worker thread started","worker":"m#/app/worker.php","thread":92}
{"level":"info","ts":1776014315.6407652,"logger":"frankenphp","msg":"async worker thread started","worker":"m#/app/worker.php","thread":91}
{"level":"info","ts":1776014315.6408286,"logger":"frankenphp","msg":"async worker thread started","worker":"m#/app/worker.php","thread":93}
{"level":"info","ts":1776014315.6408424,"logger":"frankenphp","msg":"async worker thread started","worker":"m#/app/worker.php","thread":94}
{"level":"info","ts":1776014315.6409132,"logger":"frankenphp","msg":"async worker thread started","worker":"m#/app/worker.php","thread":95}
{"level":"info","ts":1776014315.640985,"logger":"frankenphp","msg":"async worker thread started","worker":"m#/app/worker.php","thread":96}
{"level":"info","ts":1776014315.6409864,"logger":"frankenphp","msg":"async worker thread started","worker":"m#/app/worker.php","thread":97}
{"level":"info","ts":1776014315.6410563,"logger":"frankenphp","msg":"async worker thread started","worker":"m#/app/worker.php","thread":99}
{"level":"info","ts":1776014315.6411276,"logger":"frankenphp","msg":"async worker thread started","worker":"m#/app/worker.php","thread":100}
{"level":"info","ts":1776014315.641151,"logger":"frankenphp","msg":"async worker thread started","worker":"m#/app/worker.php","thread":102}
{"level":"info","ts":1776014315.6410203,"logger":"frankenphp","msg":"async worker thread started","worker":"m#/app/worker.php","thread":98}
{"level":"info","ts":1776014315.641222,"logger":"frankenphp","msg":"async worker thread started","worker":"m#/app/worker.php","thread":103}
{"level":"info","ts":1776014315.6411338,"logger":"frankenphp","msg":"async worker thread started","worker":"m#/app/worker.php","thread":101}
{"level":"info","ts":1776014315.64129,"logger":"frankenphp","msg":"async worker thread started","worker":"m#/app/worker.php","thread":104}
{"level":"info","ts":1776014315.641313,"logger":"frankenphp","msg":"async worker thread started","worker":"m#/app/worker.php","thread":105}
{"level":"info","ts":1776014315.6413856,"logger":"frankenphp","msg":"async worker thread started","worker":"m#/app/worker.php","thread":106}
{"level":"info","ts":1776014315.6413877,"logger":"frankenphp","msg":"async worker thread started","worker":"m#/app/worker.php","thread":107}
{"level":"info","ts":1776014315.641456,"logger":"frankenphp","msg":"async worker thread started","worker":"m#/app/worker.php","thread":108}
{"level":"info","ts":1776014315.6415267,"logger":"frankenphp","msg":"async worker thread started","worker":"m#/app/worker.php","thread":110}
{"level":"info","ts":1776014315.641527,"logger":"frankenphp","msg":"async worker thread started","worker":"m#/app/worker.php","thread":109}
{"level":"info","ts":1776014315.6415982,"logger":"frankenphp","msg":"async worker thread started","worker":"m#/app/worker.php","thread":111}
{"level":"info","ts":1776014315.6416702,"logger":"frankenphp","msg":"async worker thread started","worker":"m#/app/worker.php","thread":113}
{"level":"info","ts":1776014315.6416717,"logger":"frankenphp","msg":"async worker thread started","worker":"m#/app/worker.php","thread":112}
{"level":"info","ts":1776014315.6417227,"logger":"frankenphp","msg":"async worker thread started","worker":"m#/app/worker.php","thread":114}
{"level":"info","ts":1776014315.6417437,"logger":"frankenphp","msg":"async worker thread started","worker":"m#/app/worker.php","thread":115}
{"level":"info","ts":1776014315.64182,"logger":"frankenphp","msg":"async worker thread started","worker":"m#/app/worker.php","thread":116}
{"level":"info","ts":1776014315.6418254,"logger":"frankenphp","msg":"async worker thread started","worker":"m#/app/worker.php","thread":117}
{"level":"info","ts":1776014315.6418967,"logger":"frankenphp","msg":"async worker thread started","worker":"m#/app/worker.php","thread":118}
{"level":"info","ts":1776014315.6419628,"logger":"frankenphp","msg":"async worker thread started","worker":"m#/app/worker.php","thread":119}
{"level":"info","ts":1776014315.6419644,"logger":"frankenphp","msg":"async worker thread started","worker":"m#/app/worker.php","thread":120}
{"level":"info","ts":1776014315.6419733,"logger":"frankenphp","msg":"async worker thread started","worker":"m#/app/worker.php","thread":121}
{"level":"info","ts":1776014315.6424365,"logger":"frankenphp","msg":"async worker thread started","worker":"m#/app/worker.php","thread":122}
{"level":"info","ts":1776014315.6425846,"logger":"frankenphp","msg":"async worker thread started","worker":"m#/app/worker.php","thread":123}
{"level":"info","ts":1776014315.6425984,"logger":"frankenphp","msg":"async worker thread started","worker":"m#/app/worker.php","thread":124}
{"level":"info","ts":1776014315.6426826,"logger":"frankenphp","msg":"async worker thread started","worker":"m#/app/worker.php","thread":125}
{"level":"info","ts":1776014315.642821,"logger":"frankenphp","msg":"async worker thread started","worker":"m#/app/worker.php","thread":126}
{"level":"info","ts":1776014315.6428945,"logger":"frankenphp","msg":"async worker thread started","worker":"m#/app/worker.php","thread":127}
{"level":"info","ts":1776014315.6429513,"logger":"frankenphp","msg":"async worker thread started","worker":"m#/app/worker.php","thread":128}
{"level":"info","ts":1776014315.6431959,"logger":"frankenphp","msg":"async worker thread started","worker":"m#/app/worker.php_0","thread":129}
{"level":"info","ts":1776014315.6432674,"logger":"frankenphp","msg":"async worker thread started","worker":"m#/app/worker.php_0","thread":130}
{"level":"info","ts":1776014315.6435459,"logger":"frankenphp","msg":"async worker thread started","worker":"m#/app/worker.php_0","thread":132}
{"level":"info","ts":1776014315.643613,"logger":"frankenphp","msg":"async worker thread started","worker":"m#/app/worker.php_0","thread":133}
{"level":"info","ts":1776014315.6433735,"logger":"frankenphp","msg":"async worker thread started","worker":"m#/app/worker.php_0","thread":131}
{"level":"info","ts":1776014315.6437876,"logger":"frankenphp","msg":"async worker thread started","worker":"m#/app/worker.php_0","thread":134}
{"level":"info","ts":1776014315.6438403,"logger":"frankenphp","msg":"async worker thread started","worker":"m#/app/worker.php_0","thread":135}
{"level":"info","ts":1776014315.644043,"logger":"frankenphp","msg":"async worker thread started","worker":"m#/app/worker.php_0","thread":137}
{"level":"info","ts":1776014315.644645,"logger":"frankenphp","msg":"async worker thread started","worker":"m#/app/worker.php_0","thread":138}
{"level":"info","ts":1776014315.6446016,"logger":"frankenphp","msg":"async worker thread started","worker":"m#/app/worker.php_0","thread":136}
{"level":"info","ts":1776014315.6447287,"logger":"frankenphp","msg":"async worker thread started","worker":"m#/app/worker.php_0","thread":139}
{"level":"info","ts":1776014315.6453955,"logger":"frankenphp","msg":"async worker thread started","worker":"m#/app/worker.php_0","thread":140}
{"level":"info","ts":1776014315.6454656,"logger":"frankenphp","msg":"async worker thread started","worker":"m#/app/worker.php_0","thread":141}
{"level":"info","ts":1776014315.6454709,"logger":"frankenphp","msg":"async worker thread started","worker":"m#/app/worker.php_0","thread":142}
{"level":"info","ts":1776014315.6455357,"logger":"frankenphp","msg":"async worker thread started","worker":"m#/app/worker.php_0","thread":143}
{"level":"info","ts":1776014315.6455526,"logger":"frankenphp","msg":"async worker thread started","worker":"m#/app/worker.php_0","thread":144}
{"level":"info","ts":1776014315.6456137,"logger":"frankenphp","msg":"async worker thread started","worker":"m#/app/worker.php_0","thread":145}
{"level":"info","ts":1776014315.6456945,"logger":"frankenphp","msg":"async worker thread started","worker":"m#/app/worker.php_0","thread":146}
{"level":"info","ts":1776014315.645711,"logger":"frankenphp","msg":"async worker thread started","worker":"m#/app/worker.php_0","thread":148}
{"level":"info","ts":1776014315.6456923,"logger":"frankenphp","msg":"async worker thread started","worker":"m#/app/worker.php_0","thread":147}
{"level":"info","ts":1776014315.6602573,"logger":"frankenphp","msg":"async worker thread started","worker":"m#/app/worker.php_0","thread":149}
{"level":"info","ts":1776014315.6602986,"logger":"frankenphp","msg":"async worker thread started","worker":"m#/app/worker.php_0","thread":150}
{"level":"info","ts":1776014315.6603093,"logger":"frankenphp","msg":"async worker thread started","worker":"m#/app/worker.php_0","thread":151}
{"level":"info","ts":1776014315.660439,"logger":"frankenphp","msg":"async worker thread started","worker":"m#/app/worker.php_0","thread":153}
{"level":"info","ts":1776014315.6604311,"logger":"frankenphp","msg":"async worker thread started","worker":"m#/app/worker.php_0","thread":152}
{"level":"info","ts":1776014315.6605093,"logger":"frankenphp","msg":"async worker thread started","worker":"m#/app/worker.php_0","thread":154}
{"level":"info","ts":1776014315.660521,"logger":"frankenphp","msg":"async worker thread started","worker":"m#/app/worker.php_0","thread":155}
{"level":"info","ts":1776014315.6605482,"logger":"frankenphp","msg":"async worker thread started","worker":"m#/app/worker.php_0","thread":156}
{"level":"info","ts":1776014315.660593,"logger":"frankenphp","msg":"async worker thread started","worker":"m#/app/worker.php_0","thread":157}
{"level":"info","ts":1776014315.6606114,"logger":"frankenphp","msg":"async worker thread started","worker":"m#/app/worker.php_0","thread":158}
{"level":"info","ts":1776014315.6606905,"logger":"frankenphp","msg":"async worker thread started","worker":"m#/app/worker.php_0","thread":159}
{"level":"info","ts":1776014315.6607525,"logger":"frankenphp","msg":"async worker thread started","worker":"m#/app/worker.php_0","thread":160}
{"level":"info","ts":1776014315.6607625,"logger":"frankenphp","msg":"async worker thread started","worker":"m#/app/worker.php_0","thread":161}
{"level":"info","ts":1776014315.6608393,"logger":"frankenphp","msg":"async worker thread started","worker":"m#/app/worker.php_0","thread":162}
{"level":"info","ts":1776014315.6608472,"logger":"frankenphp","msg":"async worker thread started","worker":"m#/app/worker.php_0","thread":163}
{"level":"info","ts":1776014315.6609335,"logger":"frankenphp","msg":"async worker thread started","worker":"m#/app/worker.php_0","thread":165}
{"level":"info","ts":1776014315.6609457,"logger":"frankenphp","msg":"async worker thread started","worker":"m#/app/worker.php_0","thread":166}
{"level":"info","ts":1776014315.6609216,"logger":"frankenphp","msg":"async worker thread started","worker":"m#/app/worker.php_0","thread":164}
{"level":"info","ts":1776014315.6610065,"logger":"frankenphp","msg":"async worker thread started","worker":"m#/app/worker.php_0","thread":167}
{"level":"info","ts":1776014315.6610348,"logger":"frankenphp","msg":"async worker thread started","worker":"m#/app/worker.php_0","thread":168}
{"level":"info","ts":1776014315.661108,"logger":"frankenphp","msg":"async worker thread started","worker":"m#/app/worker.php_0","thread":169}
{"level":"info","ts":1776014315.6611097,"logger":"frankenphp","msg":"async worker thread started","worker":"m#/app/worker.php_0","thread":170}
{"level":"info","ts":1776014315.661132,"logger":"frankenphp","msg":"async worker thread started","worker":"m#/app/worker.php_0","thread":171}
{"level":"info","ts":1776014315.6612465,"logger":"frankenphp","msg":"async worker thread started","worker":"m#/app/worker.php_0","thread":172}
{"level":"info","ts":1776014315.661321,"logger":"frankenphp","msg":"async worker thread started","worker":"m#/app/worker.php_0","thread":173}
{"level":"info","ts":1776014315.6614192,"logger":"frankenphp","msg":"async worker thread started","worker":"m#/app/worker.php_0","thread":175}
{"level":"info","ts":1776014315.6614964,"logger":"frankenphp","msg":"async worker thread started","worker":"m#/app/worker.php_0","thread":176}
{"level":"info","ts":1776014315.66155,"logger":"frankenphp","msg":"async worker thread started","worker":"m#/app/worker.php_0","thread":178}
{"level":"info","ts":1776014315.661345,"logger":"frankenphp","msg":"async worker thread started","worker":"m#/app/worker.php_0","thread":174}
{"level":"info","ts":1776014315.6615908,"logger":"frankenphp","msg":"async worker thread started","worker":"m#/app/worker.php_0","thread":179}
{"level":"info","ts":1776014315.6614983,"logger":"frankenphp","msg":"async worker thread started","worker":"m#/app/worker.php_0","thread":177}
{"level":"info","ts":1776014315.661639,"logger":"frankenphp","msg":"async worker thread started","worker":"m#/app/worker.php_0","thread":180}
{"level":"info","ts":1776014315.6617212,"logger":"frankenphp","msg":"async worker thread started","worker":"m#/app/worker.php_0","thread":181}
{"level":"info","ts":1776014315.661765,"logger":"frankenphp","msg":"async worker thread started","worker":"m#/app/worker.php_0","thread":182}
{"level":"info","ts":1776014315.661852,"logger":"frankenphp","msg":"async worker thread started","worker":"m#/app/worker.php_0","thread":183}
{"level":"info","ts":1776014315.66186,"logger":"frankenphp","msg":"async worker thread started","worker":"m#/app/worker.php_0","thread":184}
{"level":"info","ts":1776014315.6619654,"logger":"frankenphp","msg":"async worker thread started","worker":"m#/app/worker.php_0","thread":185}
{"level":"info","ts":1776014315.662012,"logger":"frankenphp","msg":"async worker thread started","worker":"m#/app/worker.php_0","thread":186}
{"level":"info","ts":1776014315.6620681,"logger":"frankenphp","msg":"async worker thread started","worker":"m#/app/worker.php_0","thread":187}
{"level":"info","ts":1776014315.6621494,"logger":"frankenphp","msg":"async worker thread started","worker":"m#/app/worker.php_0","thread":188}
{"level":"info","ts":1776014315.6621516,"logger":"frankenphp","msg":"async worker thread started","worker":"m#/app/worker.php_0","thread":189}
{"level":"info","ts":1776014315.6622236,"logger":"frankenphp","msg":"async worker thread started","worker":"m#/app/worker.php_0","thread":191}
{"level":"info","ts":1776014315.6622293,"logger":"frankenphp","msg":"async worker thread started","worker":"m#/app/worker.php_0","thread":190}
{"level":"info","ts":1776014315.6623018,"logger":"frankenphp","msg":"async worker thread started","worker":"m#/app/worker.php_0","thread":192}
{"level":"info","ts":1776014315.6623588,"logger":"frankenphp","msg":"async worker thread started","worker":"m#/app/worker.php_0","thread":193}
{"level":"info","ts":1776014315.662383,"logger":"frankenphp","msg":"async worker thread started","worker":"m#/app/worker.php_0","thread":194}
{"level":"info","ts":1776014315.6624568,"logger":"frankenphp","msg":"async worker thread started","worker":"m#/app/worker.php_0","thread":195}
{"level":"info","ts":1776014315.662482,"logger":"frankenphp","msg":"async worker thread started","worker":"m#/app/worker.php_0","thread":196}
{"level":"info","ts":1776014315.662548,"logger":"frankenphp","msg":"async worker thread started","worker":"m#/app/worker.php_0","thread":197}
{"level":"info","ts":1776014315.6626232,"logger":"frankenphp","msg":"async worker thread started","worker":"m#/app/worker.php_0","thread":198}
{"level":"info","ts":1776014315.6626985,"logger":"frankenphp","msg":"async worker thread started","worker":"m#/app/worker.php_0","thread":199}
{"level":"info","ts":1776014315.6627,"logger":"frankenphp","msg":"async worker thread started","worker":"m#/app/worker.php_0","thread":200}
{"level":"info","ts":1776014315.6627738,"logger":"frankenphp","msg":"async worker thread started","worker":"m#/app/worker.php_0","thread":201}
{"level":"info","ts":1776014315.66278,"logger":"frankenphp","msg":"async worker thread started","worker":"m#/app/worker.php_0","thread":202}
{"level":"info","ts":1776014315.6628573,"logger":"frankenphp","msg":"async worker thread started","worker":"m#/app/worker.php_0","thread":204}
{"level":"info","ts":1776014315.6628685,"logger":"frankenphp","msg":"async worker thread started","worker":"m#/app/worker.php_0","thread":205}
{"level":"info","ts":1776014315.662892,"logger":"frankenphp","msg":"async worker thread started","worker":"m#/app/worker.php_0","thread":206}
{"level":"info","ts":1776014315.6628544,"logger":"frankenphp","msg":"async worker thread started","worker":"m#/app/worker.php_0","thread":203}
{"level":"info","ts":1776014315.6629534,"logger":"frankenphp","msg":"async worker thread started","worker":"m#/app/worker.php_0","thread":207}
{"level":"info","ts":1776014315.662971,"logger":"frankenphp","msg":"async worker thread started","worker":"m#/app/worker.php_0","thread":208}
{"level":"info","ts":1776014315.66306,"logger":"frankenphp","msg":"async worker thread started","worker":"m#/app/worker.php_0","thread":209}
{"level":"info","ts":1776014315.6630664,"logger":"frankenphp","msg":"async worker thread started","worker":"m#/app/worker.php_0","thread":210}
{"level":"info","ts":1776014315.6631145,"logger":"frankenphp","msg":"async worker thread started","worker":"m#/app/worker.php_0","thread":212}
{"level":"info","ts":1776014315.663086,"logger":"frankenphp","msg":"async worker thread started","worker":"m#/app/worker.php_0","thread":211}
{"level":"info","ts":1776014315.663153,"logger":"frankenphp","msg":"async worker thread started","worker":"m#/app/worker.php_0","thread":213}
{"level":"info","ts":1776014315.6631975,"logger":"frankenphp","msg":"async worker thread started","worker":"m#/app/worker.php_0","thread":214}
{"level":"info","ts":1776014315.6632555,"logger":"frankenphp","msg":"async worker thread started","worker":"m#/app/worker.php_0","thread":215}
{"level":"info","ts":1776014315.663312,"logger":"frankenphp","msg":"async worker thread started","worker":"m#/app/worker.php_0","thread":216}
{"level":"info","ts":1776014315.6633813,"logger":"frankenphp","msg":"async worker thread started","worker":"m#/app/worker.php_0","thread":217}
{"level":"info","ts":1776014315.6634626,"logger":"frankenphp","msg":"async worker thread started","worker":"m#/app/worker.php_0","thread":218}
{"level":"info","ts":1776014315.663472,"logger":"frankenphp","msg":"async worker thread started","worker":"m#/app/worker.php_0","thread":219}
{"level":"info","ts":1776014315.6635487,"logger":"frankenphp","msg":"async worker thread started","worker":"m#/app/worker.php_0","thread":221}
{"level":"info","ts":1776014315.663638,"logger":"frankenphp","msg":"async worker thread started","worker":"m#/app/worker.php_0","thread":223}
{"level":"info","ts":1776014315.6636763,"logger":"frankenphp","msg":"async worker thread started","worker":"m#/app/worker.php_0","thread":225}
{"level":"info","ts":1776014315.6636853,"logger":"frankenphp","msg":"async worker thread started","worker":"m#/app/worker.php_0","thread":224}
{"level":"info","ts":1776014315.663729,"logger":"frankenphp","msg":"async worker thread started","worker":"m#/app/worker.php_0","thread":226}
{"level":"info","ts":1776014315.6637347,"logger":"frankenphp","msg":"async worker thread started","worker":"m#/app/worker.php_0","thread":227}
{"level":"info","ts":1776014315.6636386,"logger":"frankenphp","msg":"async worker thread started","worker":"m#/app/worker.php_0","thread":222}
{"level":"info","ts":1776014315.663639,"logger":"frankenphp","msg":"async worker thread started","worker":"m#/app/worker.php_0","thread":220}
{"level":"info","ts":1776014315.6638262,"logger":"frankenphp","msg":"async worker thread started","worker":"m#/app/worker.php_0","thread":228}
{"level":"info","ts":1776014315.6639063,"logger":"frankenphp","msg":"async worker thread started","worker":"m#/app/worker.php_0","thread":229}
{"level":"info","ts":1776014315.6639555,"logger":"frankenphp","msg":"async worker thread started","worker":"m#/app/worker.php_0","thread":231}
{"level":"info","ts":1776014315.6640027,"logger":"frankenphp","msg":"async worker thread started","worker":"m#/app/worker.php_0","thread":234}
{"level":"info","ts":1776014315.664019,"logger":"frankenphp","msg":"async worker thread started","worker":"m#/app/worker.php_0","thread":236}
{"level":"info","ts":1776014315.664005,"logger":"frankenphp","msg":"async worker thread started","worker":"m#/app/worker.php_0","thread":235}
{"level":"info","ts":1776014315.6640422,"logger":"frankenphp","msg":"async worker thread started","worker":"m#/app/worker.php_0","thread":232}
{"level":"info","ts":1776014315.663918,"logger":"frankenphp","msg":"async worker thread started","worker":"m#/app/worker.php_0","thread":230}
{"level":"info","ts":1776014315.6640875,"logger":"frankenphp","msg":"async worker thread started","worker":"m#/app/worker.php_0","thread":237}
{"level":"info","ts":1776014315.664006,"logger":"frankenphp","msg":"async worker thread started","worker":"m#/app/worker.php_0","thread":233}
{"level":"info","ts":1776014315.6641817,"logger":"frankenphp","msg":"async worker thread started","worker":"m#/app/worker.php_0","thread":239}
{"level":"info","ts":1776014315.6641927,"logger":"frankenphp","msg":"async worker thread started","worker":"m#/app/worker.php_0","thread":240}
{"level":"info","ts":1776014315.664265,"logger":"frankenphp","msg":"async worker thread started","worker":"m#/app/worker.php_0","thread":241}
{"level":"info","ts":1776014315.664159,"logger":"frankenphp","msg":"async worker thread started","worker":"m#/app/worker.php_0","thread":238}
{"level":"info","ts":1776014315.664352,"logger":"frankenphp","msg":"async worker thread started","worker":"m#/app/worker.php_0","thread":243}
{"level":"info","ts":1776014315.664352,"logger":"frankenphp","msg":"async worker thread started","worker":"m#/app/worker.php_0","thread":242}
{"level":"info","ts":1776014315.6643782,"logger":"frankenphp","msg":"async worker thread started","worker":"m#/app/worker.php_0","thread":244}
{"level":"info","ts":1776014315.6644342,"logger":"frankenphp","msg":"async worker thread started","worker":"m#/app/worker.php_0","thread":245}
{"level":"info","ts":1776014315.6645231,"logger":"frankenphp","msg":"async worker thread started","worker":"m#/app/worker.php_0","thread":246}
{"level":"info","ts":1776014315.6645255,"logger":"frankenphp","msg":"async worker thread started","worker":"m#/app/worker.php_0","thread":247}
{"level":"info","ts":1776014315.6645973,"logger":"frankenphp","msg":"async worker thread started","worker":"m#/app/worker.php_0","thread":248}
{"level":"info","ts":1776014315.6646082,"logger":"frankenphp","msg":"async worker thread started","worker":"m#/app/worker.php_0","thread":249}
{"level":"info","ts":1776014315.6646154,"logger":"frankenphp","msg":"async worker thread started","worker":"m#/app/worker.php_0","thread":250}
{"level":"info","ts":1776014315.6647081,"logger":"frankenphp","msg":"async worker thread started","worker":"m#/app/worker.php_0","thread":252}
{"level":"info","ts":1776014315.66471,"logger":"frankenphp","msg":"async worker thread started","worker":"m#/app/worker.php_0","thread":251}
{"level":"info","ts":1776014315.664767,"logger":"frankenphp","msg":"async worker thread started","worker":"m#/app/worker.php_0","thread":254}
{"level":"info","ts":1776014315.6647255,"logger":"frankenphp","msg":"async worker thread started","worker":"m#/app/worker.php_0","thread":253}
{"level":"info","ts":1776014315.6648026,"logger":"frankenphp","msg":"async worker thread started","worker":"m#/app/worker.php_0","thread":255}
{"level":"info","ts":1776014315.6648934,"logger":"frankenphp","msg":"async worker thread started","worker":"m#/app/worker.php_0","thread":256}
{"level":"info","ts":1776014315.6649756,"logger":"frankenphp","msg":"async worker thread started","worker":"m#/app/worker.php_1","thread":258}
{"level":"info","ts":1776014315.6649787,"logger":"frankenphp","msg":"async worker thread started","worker":"m#/app/worker.php_1","thread":257}
{"level":"info","ts":1776014315.665053,"logger":"frankenphp","msg":"async worker thread started","worker":"m#/app/worker.php_1","thread":260}
{"level":"info","ts":1776014315.6650722,"logger":"frankenphp","msg":"async worker thread started","worker":"m#/app/worker.php_1","thread":262}
{"level":"info","ts":1776014315.6650755,"logger":"frankenphp","msg":"async worker thread started","worker":"m#/app/worker.php_1","thread":261}
{"level":"info","ts":1776014315.6651714,"logger":"frankenphp","msg":"async worker thread started","worker":"m#/app/worker.php_1","thread":263}
{"level":"info","ts":1776014315.6649842,"logger":"frankenphp","msg":"async worker thread started","worker":"m#/app/worker.php_1","thread":259}
{"level":"info","ts":1776014315.66525,"logger":"frankenphp","msg":"async worker thread started","worker":"m#/app/worker.php_1","thread":264}
{"level":"info","ts":1776014315.6653302,"logger":"frankenphp","msg":"async worker thread started","worker":"m#/app/worker.php_1","thread":265}
{"level":"info","ts":1776014315.6653504,"logger":"frankenphp","msg":"async worker thread started","worker":"m#/app/worker.php_1","thread":266}
{"level":"info","ts":1776014315.6654105,"logger":"frankenphp","msg":"async worker thread started","worker":"m#/app/worker.php_1","thread":267}
{"level":"info","ts":1776014315.6654105,"logger":"frankenphp","msg":"async worker thread started","worker":"m#/app/worker.php_1","thread":268}
{"level":"info","ts":1776014315.6654968,"logger":"frankenphp","msg":"async worker thread started","worker":"m#/app/worker.php_1","thread":270}
{"level":"info","ts":1776014315.6655,"logger":"frankenphp","msg":"async worker thread started","worker":"m#/app/worker.php_1","thread":269}
{"level":"info","ts":1776014315.665535,"logger":"frankenphp","msg":"async worker thread started","worker":"m#/app/worker.php_1","thread":271}
{"level":"info","ts":1776014315.66572,"logger":"frankenphp","msg":"async worker thread started","worker":"m#/app/worker.php_1","thread":272}
{"level":"info","ts":1776014315.665779,"logger":"frankenphp","msg":"async worker thread started","worker":"m#/app/worker.php_1","thread":273}
{"level":"info","ts":1776014315.665799,"logger":"frankenphp","msg":"async worker thread started","worker":"m#/app/worker.php_1","thread":274}
{"level":"info","ts":1776014315.6658404,"logger":"frankenphp","msg":"async worker thread started","worker":"m#/app/worker.php_1","thread":275}
{"level":"info","ts":1776014315.6659236,"logger":"frankenphp","msg":"async worker thread started","worker":"m#/app/worker.php_1","thread":277}
{"level":"info","ts":1776014315.6660058,"logger":"frankenphp","msg":"async worker thread started","worker":"m#/app/worker.php_1","thread":278}
{"level":"info","ts":1776014315.6660163,"logger":"frankenphp","msg":"async worker thread started","worker":"m#/app/worker.php_1","thread":279}
{"level":"info","ts":1776014315.6659122,"logger":"frankenphp","msg":"async worker thread started","worker":"m#/app/worker.php_1","thread":276}
{"level":"info","ts":1776014315.6660926,"logger":"frankenphp","msg":"async worker thread started","worker":"m#/app/worker.php_1","thread":280}
{"level":"info","ts":1776014315.6661003,"logger":"frankenphp","msg":"async worker thread started","worker":"m#/app/worker.php_1","thread":281}
{"level":"info","ts":1776014315.6661649,"logger":"frankenphp","msg":"async worker thread started","worker":"m#/app/worker.php_1","thread":283}
{"level":"info","ts":1776014315.6662023,"logger":"frankenphp","msg":"async worker thread started","worker":"m#/app/worker.php_1","thread":284}
{"level":"info","ts":1776014315.6661694,"logger":"frankenphp","msg":"async worker thread started","worker":"m#/app/worker.php_1","thread":282}
{"level":"info","ts":1776014315.6662543,"logger":"frankenphp","msg":"async worker thread started","worker":"m#/app/worker.php_1","thread":285}
{"level":"info","ts":1776014315.6663458,"logger":"frankenphp","msg":"async worker thread started","worker":"m#/app/worker.php_1","thread":286}
{"level":"info","ts":1776014315.6663606,"logger":"frankenphp","msg":"async worker thread started","worker":"m#/app/worker.php_1","thread":287}
{"level":"info","ts":1776014315.6664436,"logger":"frankenphp","msg":"async worker thread started","worker":"m#/app/worker.php_1","thread":288}
{"level":"info","ts":1776014315.666448,"logger":"frankenphp","msg":"async worker thread started","worker":"m#/app/worker.php_1","thread":289}
{"level":"info","ts":1776014315.666462,"logger":"frankenphp","msg":"async worker thread started","worker":"m#/app/worker.php_1","thread":290}
{"level":"info","ts":1776014315.6665285,"logger":"frankenphp","msg":"async worker thread started","worker":"m#/app/worker.php_1","thread":291}
{"level":"info","ts":1776014315.6665437,"logger":"frankenphp","msg":"async worker thread started","worker":"m#/app/worker.php_1","thread":292}
{"level":"info","ts":1776014315.6666207,"logger":"frankenphp","msg":"async worker thread started","worker":"m#/app/worker.php_1","thread":293}
{"level":"info","ts":1776014315.6666222,"logger":"frankenphp","msg":"async worker thread started","worker":"m#/app/worker.php_1","thread":294}
{"level":"info","ts":1776014315.6667063,"logger":"frankenphp","msg":"async worker thread started","worker":"m#/app/worker.php_1","thread":295}
{"level":"info","ts":1776014315.6667793,"logger":"frankenphp","msg":"async worker thread started","worker":"m#/app/worker.php_1","thread":296}
{"level":"info","ts":1776014315.666789,"logger":"frankenphp","msg":"async worker thread started","worker":"m#/app/worker.php_1","thread":298}
{"level":"info","ts":1776014315.666819,"logger":"frankenphp","msg":"async worker thread started","worker":"m#/app/worker.php_1","thread":299}
{"level":"info","ts":1776014315.6668737,"logger":"frankenphp","msg":"async worker thread started","worker":"m#/app/worker.php_1","thread":301}
{"level":"info","ts":1776014315.6668816,"logger":"frankenphp","msg":"async worker thread started","worker":"m#/app/worker.php_1","thread":297}
{"level":"info","ts":1776014315.6668737,"logger":"frankenphp","msg":"async worker thread started","worker":"m#/app/worker.php_1","thread":300}
{"level":"info","ts":1776014315.666892,"logger":"frankenphp","msg":"async worker thread started","worker":"m#/app/worker.php_1","thread":302}
{"level":"info","ts":1776014315.6669676,"logger":"frankenphp","msg":"async worker thread started","worker":"m#/app/worker.php_1","thread":303}
{"level":"info","ts":1776014315.6670542,"logger":"frankenphp","msg":"async worker thread started","worker":"m#/app/worker.php_1","thread":305}
{"level":"info","ts":1776014315.6670547,"logger":"frankenphp","msg":"async worker thread started","worker":"m#/app/worker.php_1","thread":306}
{"level":"info","ts":1776014315.6671517,"logger":"frankenphp","msg":"async worker thread started","worker":"m#/app/worker.php_1","thread":307}
{"level":"info","ts":1776014315.667219,"logger":"frankenphp","msg":"async worker thread started","worker":"m#/app/worker.php_1","thread":304}
{"level":"info","ts":1776014315.6672251,"logger":"frankenphp","msg":"async worker thread started","worker":"m#/app/worker.php_1","thread":309}
{"level":"info","ts":1776014315.6672225,"logger":"frankenphp","msg":"async worker thread started","worker":"m#/app/worker.php_1","thread":308}
{"level":"info","ts":1776014315.667303,"logger":"frankenphp","msg":"async worker thread started","worker":"m#/app/worker.php_1","thread":310}
{"level":"info","ts":1776014315.6673844,"logger":"frankenphp","msg":"async worker thread started","worker":"m#/app/worker.php_1","thread":314}
{"level":"info","ts":1776014315.667384,"logger":"frankenphp","msg":"async worker thread started","worker":"m#/app/worker.php_1","thread":311}
{"level":"info","ts":1776014315.6673875,"logger":"frankenphp","msg":"async worker thread started","worker":"m#/app/worker.php_1","thread":313}
{"level":"info","ts":1776014315.667464,"logger":"frankenphp","msg":"async worker thread started","worker":"m#/app/worker.php_1","thread":315}
{"level":"info","ts":1776014315.667513,"logger":"frankenphp","msg":"async worker thread started","worker":"m#/app/worker.php_1","thread":317}
{"level":"info","ts":1776014315.6675487,"logger":"frankenphp","msg":"async worker thread started","worker":"m#/app/worker.php_1","thread":318}
{"level":"info","ts":1776014315.667551,"logger":"frankenphp","msg":"async worker thread started","worker":"m#/app/worker.php_1","thread":312}
{"level":"info","ts":1776014315.6675649,"logger":"frankenphp","msg":"async worker thread started","worker":"m#/app/worker.php_1","thread":319}
{"level":"info","ts":1776014315.667465,"logger":"frankenphp","msg":"async worker thread started","worker":"m#/app/worker.php_1","thread":316}
{"level":"info","ts":1776014315.6676419,"logger":"frankenphp","msg":"async worker thread started","worker":"m#/app/worker.php_1","thread":320}
{"level":"info","ts":1776014315.6676564,"logger":"frankenphp","msg":"async worker thread started","worker":"m#/app/worker.php_1","thread":321}
{"level":"info","ts":1776014315.6677334,"logger":"frankenphp","msg":"async worker thread started","worker":"m#/app/worker.php_1","thread":322}
{"level":"info","ts":1776014315.6678164,"logger":"frankenphp","msg":"async worker thread started","worker":"m#/app/worker.php_1","thread":323}
{"level":"info","ts":1776014315.6678326,"logger":"frankenphp","msg":"async worker thread started","worker":"m#/app/worker.php_1","thread":325}
{"level":"info","ts":1776014315.667828,"logger":"frankenphp","msg":"async worker thread started","worker":"m#/app/worker.php_1","thread":324}
{"level":"info","ts":1776014315.6885004,"logger":"frankenphp","msg":"async worker thread started","worker":"m#/app/worker.php_1","thread":326}
{"level":"info","ts":1776014315.6885095,"logger":"frankenphp","msg":"async worker thread started","worker":"m#/app/worker.php_1","thread":327}
{"level":"info","ts":1776014315.6886115,"logger":"frankenphp","msg":"async worker thread started","worker":"m#/app/worker.php_1","thread":329}
{"level":"info","ts":1776014315.6885922,"logger":"frankenphp","msg":"async worker thread started","worker":"m#/app/worker.php_1","thread":328}
{"level":"info","ts":1776014315.6886728,"logger":"frankenphp","msg":"async worker thread started","worker":"m#/app/worker.php_1","thread":330}
{"level":"info","ts":1776014315.688685,"logger":"frankenphp","msg":"async worker thread started","worker":"m#/app/worker.php_1","thread":331}
{"level":"info","ts":1776014315.6888568,"logger":"frankenphp","msg":"async worker thread started","worker":"m#/app/worker.php_1","thread":332}
{"level":"info","ts":1776014315.688863,"logger":"frankenphp","msg":"async worker thread started","worker":"m#/app/worker.php_1","thread":333}
{"level":"info","ts":1776014315.6889353,"logger":"frankenphp","msg":"async worker thread started","worker":"m#/app/worker.php_1","thread":334}
{"level":"info","ts":1776014315.6889477,"logger":"frankenphp","msg":"async worker thread started","worker":"m#/app/worker.php_1","thread":335}
{"level":"info","ts":1776014315.6890147,"logger":"frankenphp","msg":"async worker thread started","worker":"m#/app/worker.php_1","thread":336}
{"level":"info","ts":1776014315.6890225,"logger":"frankenphp","msg":"async worker thread started","worker":"m#/app/worker.php_1","thread":337}
{"level":"info","ts":1776014315.689108,"logger":"frankenphp","msg":"async worker thread started","worker":"m#/app/worker.php_1","thread":339}
{"level":"info","ts":1776014315.6891727,"logger":"frankenphp","msg":"async worker thread started","worker":"m#/app/worker.php_1","thread":340}
{"level":"info","ts":1776014315.6892445,"logger":"frankenphp","msg":"async worker thread started","worker":"m#/app/worker.php_1","thread":341}
{"level":"info","ts":1776014315.6892726,"logger":"frankenphp","msg":"async worker thread started","worker":"m#/app/worker.php_1","thread":342}
{"level":"info","ts":1776014315.6892762,"logger":"frankenphp","msg":"async worker thread started","worker":"m#/app/worker.php_1","thread":343}
{"level":"info","ts":1776014315.6891,"logger":"frankenphp","msg":"async worker thread started","worker":"m#/app/worker.php_1","thread":338}
{"level":"info","ts":1776014315.6893675,"logger":"frankenphp","msg":"async worker thread started","worker":"m#/app/worker.php_1","thread":344}
{"level":"info","ts":1776014315.6893735,"logger":"frankenphp","msg":"async worker thread started","worker":"m#/app/worker.php_1","thread":345}
{"level":"info","ts":1776014315.6894197,"logger":"frankenphp","msg":"async worker thread started","worker":"m#/app/worker.php_1","thread":346}
{"level":"info","ts":1776014315.6894538,"logger":"frankenphp","msg":"async worker thread started","worker":"m#/app/worker.php_1","thread":347}
{"level":"info","ts":1776014315.6895301,"logger":"frankenphp","msg":"async worker thread started","worker":"m#/app/worker.php_1","thread":348}
{"level":"info","ts":1776014315.689531,"logger":"frankenphp","msg":"async worker thread started","worker":"m#/app/worker.php_1","thread":349}
{"level":"info","ts":1776014315.689611,"logger":"frankenphp","msg":"async worker thread started","worker":"m#/app/worker.php_1","thread":350}
{"level":"info","ts":1776014315.689624,"logger":"frankenphp","msg":"async worker thread started","worker":"m#/app/worker.php_1","thread":351}
{"level":"info","ts":1776014315.6896737,"logger":"frankenphp","msg":"async worker thread started","worker":"m#/app/worker.php_1","thread":352}
{"level":"info","ts":1776014315.6897388,"logger":"frankenphp","msg":"async worker thread started","worker":"m#/app/worker.php_1","thread":353}
{"level":"info","ts":1776014315.6898127,"logger":"frankenphp","msg":"async worker thread started","worker":"m#/app/worker.php_1","thread":354}
{"level":"info","ts":1776014315.689818,"logger":"frankenphp","msg":"async worker thread started","worker":"m#/app/worker.php_1","thread":355}
{"level":"info","ts":1776014315.6898346,"logger":"frankenphp","msg":"async worker thread started","worker":"m#/app/worker.php_1","thread":356}
{"level":"info","ts":1776014315.6898866,"logger":"frankenphp","msg":"async worker thread started","worker":"m#/app/worker.php_1","thread":357}
{"level":"info","ts":1776014315.6899579,"logger":"frankenphp","msg":"async worker thread started","worker":"m#/app/worker.php_1","thread":358}
{"level":"info","ts":1776014315.6899843,"logger":"frankenphp","msg":"async worker thread started","worker":"m#/app/worker.php_1","thread":359}
{"level":"info","ts":1776014315.6900673,"logger":"frankenphp","msg":"async worker thread started","worker":"m#/app/worker.php_1","thread":360}
{"level":"info","ts":1776014315.6900942,"logger":"frankenphp","msg":"async worker thread started","worker":"m#/app/worker.php_1","thread":361}
{"level":"info","ts":1776014315.6901603,"logger":"frankenphp","msg":"async worker thread started","worker":"m#/app/worker.php_1","thread":362}
{"level":"info","ts":1776014315.690176,"logger":"frankenphp","msg":"async worker thread started","worker":"m#/app/worker.php_1","thread":363}
{"level":"info","ts":1776014315.6902177,"logger":"frankenphp","msg":"async worker thread started","worker":"m#/app/worker.php_1","thread":364}
{"level":"info","ts":1776014315.6902907,"logger":"frankenphp","msg":"async worker thread started","worker":"m#/app/worker.php_1","thread":366}
{"level":"info","ts":1776014315.6902957,"logger":"frankenphp","msg":"async worker thread started","worker":"m#/app/worker.php_1","thread":365}
{"level":"info","ts":1776014315.6903138,"logger":"frankenphp","msg":"async worker thread started","worker":"m#/app/worker.php_1","thread":367}
{"level":"info","ts":1776014315.6903925,"logger":"frankenphp","msg":"async worker thread started","worker":"m#/app/worker.php_1","thread":368}
{"level":"info","ts":1776014315.6904647,"logger":"frankenphp","msg":"async worker thread started","worker":"m#/app/worker.php_1","thread":369}
{"level":"info","ts":1776014315.6906095,"logger":"frankenphp","msg":"async worker thread started","worker":"m#/app/worker.php_1","thread":370}
{"level":"info","ts":1776014315.69062,"logger":"frankenphp","msg":"async worker thread started","worker":"m#/app/worker.php_1","thread":372}
{"level":"info","ts":1776014315.690627,"logger":"frankenphp","msg":"async worker thread started","worker":"m#/app/worker.php_1","thread":373}
{"level":"info","ts":1776014315.6906328,"logger":"frankenphp","msg":"async worker thread started","worker":"m#/app/worker.php_1","thread":371}
{"level":"info","ts":1776014315.6906297,"logger":"frankenphp","msg":"async worker thread started","worker":"m#/app/worker.php_1","thread":374}
{"level":"info","ts":1776014315.6907067,"logger":"frankenphp","msg":"async worker thread started","worker":"m#/app/worker.php_1","thread":376}
{"level":"info","ts":1776014315.690702,"logger":"frankenphp","msg":"async worker thread started","worker":"m#/app/worker.php_1","thread":375}
{"level":"info","ts":1776014315.6908436,"logger":"frankenphp","msg":"async worker thread started","worker":"m#/app/worker.php_1","thread":377}
{"level":"info","ts":1776014315.690929,"logger":"frankenphp","msg":"async worker thread started","worker":"m#/app/worker.php_1","thread":378}
{"level":"info","ts":1776014315.690967,"logger":"frankenphp","msg":"async worker thread started","worker":"m#/app/worker.php_1","thread":380}
{"level":"info","ts":1776014315.6909366,"logger":"frankenphp","msg":"async worker thread started","worker":"m#/app/worker.php_1","thread":379}
{"level":"info","ts":1776014315.6910567,"logger":"frankenphp","msg":"async worker thread started","worker":"m#/app/worker.php_1","thread":381}
{"level":"info","ts":1776014315.6911044,"logger":"frankenphp","msg":"async worker thread started","worker":"m#/app/worker.php_1","thread":382}
{"level":"info","ts":1776014315.6912274,"logger":"frankenphp","msg":"async worker thread started","worker":"m#/app/worker.php_1","thread":384}
{"level":"info","ts":1776014315.6912313,"logger":"frankenphp","msg":"async worker thread started","worker":"m#/app/worker.php_1","thread":383}
{"level":"info","ts":1776014315.6912417,"logger":"frankenphp","msg":"async worker thread started","worker":"m#/app/worker.php_2","thread":385}
{"level":"info","ts":1776014315.6913233,"logger":"frankenphp","msg":"async worker thread started","worker":"m#/app/worker.php_2","thread":386}
{"level":"info","ts":1776014315.691404,"logger":"frankenphp","msg":"async worker thread started","worker":"m#/app/worker.php_2","thread":387}
{"level":"info","ts":1776014315.691478,"logger":"frankenphp","msg":"async worker thread started","worker":"m#/app/worker.php_2","thread":388}
{"level":"info","ts":1776014315.6915088,"logger":"frankenphp","msg":"async worker thread started","worker":"m#/app/worker.php_2","thread":389}
{"level":"info","ts":1776014315.691563,"logger":"frankenphp","msg":"async worker thread started","worker":"m#/app/worker.php_2","thread":390}
{"level":"info","ts":1776014315.6915832,"logger":"frankenphp","msg":"async worker thread started","worker":"m#/app/worker.php_2","thread":391}
{"level":"info","ts":1776014315.6917431,"logger":"frankenphp","msg":"async worker thread started","worker":"m#/app/worker.php_2","thread":392}
{"level":"info","ts":1776014315.6917493,"logger":"frankenphp","msg":"async worker thread started","worker":"m#/app/worker.php_2","thread":393}
{"level":"info","ts":1776014315.691845,"logger":"frankenphp","msg":"async worker thread started","worker":"m#/app/worker.php_2","thread":394}
{"level":"info","ts":1776014315.6919096,"logger":"frankenphp","msg":"async worker thread started","worker":"m#/app/worker.php_2","thread":396}
{"level":"info","ts":1776014315.691948,"logger":"frankenphp","msg":"async worker thread started","worker":"m#/app/worker.php_2","thread":397}
{"level":"info","ts":1776014315.6919885,"logger":"frankenphp","msg":"async worker thread started","worker":"m#/app/worker.php_2","thread":398}
{"level":"info","ts":1776014315.6919105,"logger":"frankenphp","msg":"async worker thread started","worker":"m#/app/worker.php_2","thread":395}
{"level":"info","ts":1776014315.6920817,"logger":"frankenphp","msg":"async worker thread started","worker":"m#/app/worker.php_2","thread":399}
{"level":"info","ts":1776014315.6921692,"logger":"frankenphp","msg":"async worker thread started","worker":"m#/app/worker.php_2","thread":400}
{"level":"info","ts":1776014315.6921763,"logger":"frankenphp","msg":"async worker thread started","worker":"m#/app/worker.php_2","thread":402}
{"level":"info","ts":1776014315.692263,"logger":"frankenphp","msg":"async worker thread started","worker":"m#/app/worker.php_2","thread":403}
{"level":"info","ts":1776014315.6922758,"logger":"frankenphp","msg":"async worker thread started","worker":"m#/app/worker.php_2","thread":404}
{"level":"info","ts":1776014315.6922772,"logger":"frankenphp","msg":"async worker thread started","worker":"m#/app/worker.php_2","thread":405}
{"level":"info","ts":1776014315.6921713,"logger":"frankenphp","msg":"async worker thread started","worker":"m#/app/worker.php_2","thread":401}
{"level":"info","ts":1776014315.6923494,"logger":"frankenphp","msg":"async worker thread started","worker":"m#/app/worker.php_2","thread":406}
{"level":"info","ts":1776014315.6924338,"logger":"frankenphp","msg":"async worker thread started","worker":"m#/app/worker.php_2","thread":408}
{"level":"info","ts":1776014315.6924438,"logger":"frankenphp","msg":"async worker thread started","worker":"m#/app/worker.php_2","thread":407}
{"level":"info","ts":1776014315.6924846,"logger":"frankenphp","msg":"async worker thread started","worker":"m#/app/worker.php_2","thread":410}
{"level":"info","ts":1776014315.6925118,"logger":"frankenphp","msg":"async worker thread started","worker":"m#/app/worker.php_2","thread":411}
{"level":"info","ts":1776014315.6925855,"logger":"frankenphp","msg":"async worker thread started","worker":"m#/app/worker.php_2","thread":412}
{"level":"info","ts":1776014315.6924417,"logger":"frankenphp","msg":"async worker thread started","worker":"m#/app/worker.php_2","thread":409}
{"level":"info","ts":1776014315.6926064,"logger":"frankenphp","msg":"async worker thread started","worker":"m#/app/worker.php_2","thread":414}
{"level":"info","ts":1776014315.6925921,"logger":"frankenphp","msg":"async worker thread started","worker":"m#/app/worker.php_2","thread":413}
{"level":"info","ts":1776014315.6926718,"logger":"frankenphp","msg":"async worker thread started","worker":"m#/app/worker.php_2","thread":415}
{"level":"info","ts":1776014315.6927483,"logger":"frankenphp","msg":"async worker thread started","worker":"m#/app/worker.php_2","thread":416}
{"level":"info","ts":1776014315.6927674,"logger":"frankenphp","msg":"async worker thread started","worker":"m#/app/worker.php_2","thread":417}
{"level":"info","ts":1776014315.6928554,"logger":"frankenphp","msg":"async worker thread started","worker":"m#/app/worker.php_2","thread":418}
{"level":"info","ts":1776014315.6929414,"logger":"frankenphp","msg":"async worker thread started","worker":"m#/app/worker.php_2","thread":421}
{"level":"info","ts":1776014315.692973,"logger":"frankenphp","msg":"async worker thread started","worker":"m#/app/worker.php_2","thread":422}
{"level":"info","ts":1776014315.6929736,"logger":"frankenphp","msg":"async worker thread started","worker":"m#/app/worker.php_2","thread":420}
{"level":"info","ts":1776014315.6929395,"logger":"frankenphp","msg":"async worker thread started","worker":"m#/app/worker.php_2","thread":419}
{"level":"info","ts":1776014315.693029,"logger":"frankenphp","msg":"async worker thread started","worker":"m#/app/worker.php_2","thread":423}
{"level":"info","ts":1776014315.6931012,"logger":"frankenphp","msg":"async worker thread started","worker":"m#/app/worker.php_2","thread":424}
{"level":"info","ts":1776014315.69312,"logger":"frankenphp","msg":"async worker thread started","worker":"m#/app/worker.php_2","thread":425}
{"level":"info","ts":1776014315.693159,"logger":"frankenphp","msg":"async worker thread started","worker":"m#/app/worker.php_2","thread":426}
{"level":"info","ts":1776014315.693231,"logger":"frankenphp","msg":"async worker thread started","worker":"m#/app/worker.php_2","thread":427}
{"level":"info","ts":1776014315.6932495,"logger":"frankenphp","msg":"async worker thread started","worker":"m#/app/worker.php_2","thread":428}
{"level":"info","ts":1776014315.6932719,"logger":"frankenphp","msg":"async worker thread started","worker":"m#/app/worker.php_2","thread":429}
{"level":"info","ts":1776014315.6934123,"logger":"frankenphp","msg":"async worker thread started","worker":"m#/app/worker.php_2","thread":431}
{"level":"info","ts":1776014315.6934166,"logger":"frankenphp","msg":"async worker thread started","worker":"m#/app/worker.php_2","thread":430}
{"level":"info","ts":1776014315.6934235,"logger":"frankenphp","msg":"async worker thread started","worker":"m#/app/worker.php_2","thread":432}
{"level":"info","ts":1776014315.6934905,"logger":"frankenphp","msg":"async worker thread started","worker":"m#/app/worker.php_2","thread":433}
{"level":"info","ts":1776014315.6935122,"logger":"frankenphp","msg":"async worker thread started","worker":"m#/app/worker.php_2","thread":434}
{"level":"info","ts":1776014315.6935818,"logger":"frankenphp","msg":"async worker thread started","worker":"m#/app/worker.php_2","thread":435}
{"level":"info","ts":1776014315.6936638,"logger":"frankenphp","msg":"async worker thread started","worker":"m#/app/worker.php_2","thread":436}
{"level":"info","ts":1776014315.6937408,"logger":"frankenphp","msg":"async worker thread started","worker":"m#/app/worker.php_2","thread":438}
{"level":"info","ts":1776014315.693744,"logger":"frankenphp","msg":"async worker thread started","worker":"m#/app/worker.php_2","thread":439}
{"level":"info","ts":1776014315.69382,"logger":"frankenphp","msg":"async worker thread started","worker":"m#/app/worker.php_2","thread":437}
{"level":"info","ts":1776014315.6938312,"logger":"frankenphp","msg":"async worker thread started","worker":"m#/app/worker.php_2","thread":440}
{"level":"info","ts":1776014315.6939137,"logger":"frankenphp","msg":"async worker thread started","worker":"m#/app/worker.php_2","thread":441}
{"level":"info","ts":1776014315.6939173,"logger":"frankenphp","msg":"async worker thread started","worker":"m#/app/worker.php_2","thread":442}
{"level":"info","ts":1776014315.6939886,"logger":"frankenphp","msg":"async worker thread started","worker":"m#/app/worker.php_2","thread":443}
{"level":"info","ts":1776014315.6940675,"logger":"frankenphp","msg":"async worker thread started","worker":"m#/app/worker.php_2","thread":446}
{"level":"info","ts":1776014315.6940703,"logger":"frankenphp","msg":"async worker thread started","worker":"m#/app/worker.php_2","thread":445}
{"level":"info","ts":1776014315.6940818,"logger":"frankenphp","msg":"async worker thread started","worker":"m#/app/worker.php_2","thread":444}
{"level":"info","ts":1776014315.694163,"logger":"frankenphp","msg":"async worker thread started","worker":"m#/app/worker.php_2","thread":447}
{"level":"info","ts":1776014315.6942492,"logger":"frankenphp","msg":"async worker thread started","worker":"m#/app/worker.php_2","thread":450}
{"level":"info","ts":1776014315.6942556,"logger":"frankenphp","msg":"async worker thread started","worker":"m#/app/worker.php_2","thread":448}
{"level":"info","ts":1776014315.6942892,"logger":"frankenphp","msg":"async worker thread started","worker":"m#/app/worker.php_2","thread":451}
{"level":"info","ts":1776014315.694328,"logger":"frankenphp","msg":"async worker thread started","worker":"m#/app/worker.php_2","thread":452}
{"level":"info","ts":1776014315.6942492,"logger":"frankenphp","msg":"async worker thread started","worker":"m#/app/worker.php_2","thread":449}
{"level":"info","ts":1776014315.6944046,"logger":"frankenphp","msg":"async worker thread started","worker":"m#/app/worker.php_2","thread":453}
{"level":"info","ts":1776014315.6944897,"logger":"frankenphp","msg":"async worker thread started","worker":"m#/app/worker.php_2","thread":454}
{"level":"info","ts":1776014315.6945784,"logger":"frankenphp","msg":"async worker thread started","worker":"m#/app/worker.php_2","thread":455}
{"level":"info","ts":1776014315.6945794,"logger":"frankenphp","msg":"async worker thread started","worker":"m#/app/worker.php_2","thread":456}
{"level":"info","ts":1776014315.6946242,"logger":"frankenphp","msg":"async worker thread started","worker":"m#/app/worker.php_2","thread":458}
{"level":"info","ts":1776014315.6946776,"logger":"frankenphp","msg":"async worker thread started","worker":"m#/app/worker.php_2","thread":459}
{"level":"info","ts":1776014315.6947505,"logger":"frankenphp","msg":"async worker thread started","worker":"m#/app/worker.php_2","thread":460}
{"level":"info","ts":1776014315.694594,"logger":"frankenphp","msg":"async worker thread started","worker":"m#/app/worker.php_2","thread":457}
{"level":"info","ts":1776014315.6947868,"logger":"frankenphp","msg":"async worker thread started","worker":"m#/app/worker.php_2","thread":461}
{"level":"info","ts":1776014315.6948633,"logger":"frankenphp","msg":"async worker thread started","worker":"m#/app/worker.php_2","thread":462}
{"level":"info","ts":1776014315.6948824,"logger":"frankenphp","msg":"async worker thread started","worker":"m#/app/worker.php_2","thread":464}
{"level":"info","ts":1776014315.6949134,"logger":"frankenphp","msg":"async worker thread started","worker":"m#/app/worker.php_2","thread":465}
{"level":"info","ts":1776014315.6949692,"logger":"frankenphp","msg":"async worker thread started","worker":"m#/app/worker.php_2","thread":466}
{"level":"info","ts":1776014315.694871,"logger":"frankenphp","msg":"async worker thread started","worker":"m#/app/worker.php_2","thread":463}
{"level":"info","ts":1776014315.6950533,"logger":"frankenphp","msg":"async worker thread started","worker":"m#/app/worker.php_2","thread":467}
{"level":"info","ts":1776014315.6950574,"logger":"frankenphp","msg":"async worker thread started","worker":"m#/app/worker.php_2","thread":468}
{"level":"info","ts":1776014315.6951504,"logger":"frankenphp","msg":"async worker thread started","worker":"m#/app/worker.php_2","thread":469}
{"level":"info","ts":1776014315.695154,"logger":"frankenphp","msg":"async worker thread started","worker":"m#/app/worker.php_2","thread":470}
{"level":"info","ts":1776014315.6952271,"logger":"frankenphp","msg":"async worker thread started","worker":"m#/app/worker.php_2","thread":471}
{"level":"info","ts":1776014315.695234,"logger":"frankenphp","msg":"async worker thread started","worker":"m#/app/worker.php_2","thread":472}
{"level":"info","ts":1776014315.6953132,"logger":"frankenphp","msg":"async worker thread started","worker":"m#/app/worker.php_2","thread":473}
{"level":"info","ts":1776014315.6953893,"logger":"frankenphp","msg":"async worker thread started","worker":"m#/app/worker.php_2","thread":474}
{"level":"info","ts":1776014315.695397,"logger":"frankenphp","msg":"async worker thread started","worker":"m#/app/worker.php_2","thread":476}
{"level":"info","ts":1776014315.695471,"logger":"frankenphp","msg":"async worker thread started","worker":"m#/app/worker.php_2","thread":477}
{"level":"info","ts":1776014315.6954718,"logger":"frankenphp","msg":"async worker thread started","worker":"m#/app/worker.php_2","thread":479}
{"level":"info","ts":1776014315.6955566,"logger":"frankenphp","msg":"async worker thread started","worker":"m#/app/worker.php_2","thread":475}
{"level":"info","ts":1776014315.6955633,"logger":"frankenphp","msg":"async worker thread started","worker":"m#/app/worker.php_2","thread":481}
{"level":"info","ts":1776014315.6955962,"logger":"frankenphp","msg":"async worker thread started","worker":"m#/app/worker.php_2","thread":482}
{"level":"info","ts":1776014315.6955569,"logger":"frankenphp","msg":"async worker thread started","worker":"m#/app/worker.php_2","thread":478}
{"level":"info","ts":1776014315.6955664,"logger":"frankenphp","msg":"async worker thread started","worker":"m#/app/worker.php_2","thread":480}
{"level":"info","ts":1776014315.695723,"logger":"frankenphp","msg":"async worker thread started","worker":"m#/app/worker.php_2","thread":483}
{"level":"info","ts":1776014315.6957312,"logger":"frankenphp","msg":"async worker thread started","worker":"m#/app/worker.php_2","thread":485}
{"level":"info","ts":1776014315.6958032,"logger":"frankenphp","msg":"async worker thread started","worker":"m#/app/worker.php_2","thread":484}
{"level":"info","ts":1776014315.6958065,"logger":"frankenphp","msg":"async worker thread started","worker":"m#/app/worker.php_2","thread":486}
{"level":"info","ts":1776014315.6958923,"logger":"frankenphp","msg":"async worker thread started","worker":"m#/app/worker.php_2","thread":488}
{"level":"info","ts":1776014315.6959097,"logger":"frankenphp","msg":"async worker thread started","worker":"m#/app/worker.php_2","thread":489}
{"level":"info","ts":1776014315.6958992,"logger":"frankenphp","msg":"async worker thread started","worker":"m#/app/worker.php_2","thread":487}
{"level":"info","ts":1776014315.695978,"logger":"frankenphp","msg":"async worker thread started","worker":"m#/app/worker.php_2","thread":490}
{"level":"info","ts":1776014315.6959803,"logger":"frankenphp","msg":"async worker thread started","worker":"m#/app/worker.php_2","thread":491}
{"level":"info","ts":1776014315.6960542,"logger":"frankenphp","msg":"async worker thread started","worker":"m#/app/worker.php_2","thread":492}
{"level":"info","ts":1776014315.6961432,"logger":"frankenphp","msg":"async worker thread started","worker":"m#/app/worker.php_2","thread":494}
{"level":"info","ts":1776014315.6962228,"logger":"frankenphp","msg":"async worker thread started","worker":"m#/app/worker.php_2","thread":495}
{"level":"info","ts":1776014315.6962967,"logger":"frankenphp","msg":"async worker thread started","worker":"m#/app/worker.php_2","thread":493}
{"level":"info","ts":1776014315.696306,"logger":"frankenphp","msg":"async worker thread started","worker":"m#/app/worker.php_2","thread":497}
{"level":"info","ts":1776014315.6963902,"logger":"frankenphp","msg":"async worker thread started","worker":"m#/app/worker.php_2","thread":498}
{"level":"info","ts":1776014315.6964736,"logger":"frankenphp","msg":"async worker thread started","worker":"m#/app/worker.php_2","thread":499}
{"level":"info","ts":1776014315.6964796,"logger":"frankenphp","msg":"async worker thread started","worker":"m#/app/worker.php_2","thread":500}
{"level":"info","ts":1776014315.6964676,"logger":"frankenphp","msg":"async worker thread started","worker":"m#/app/worker.php_2","thread":496}
{"level":"info","ts":1776014315.696551,"logger":"frankenphp","msg":"async worker thread started","worker":"m#/app/worker.php_2","thread":501}
{"level":"info","ts":1776014315.6965542,"logger":"frankenphp","msg":"async worker thread started","worker":"m#/app/worker.php_2","thread":503}
{"level":"info","ts":1776014315.6966348,"logger":"frankenphp","msg":"async worker thread started","worker":"m#/app/worker.php_2","thread":505}
{"level":"info","ts":1776014315.69664,"logger":"frankenphp","msg":"async worker thread started","worker":"m#/app/worker.php_2","thread":504}
{"level":"info","ts":1776014315.6966357,"logger":"frankenphp","msg":"async worker thread started","worker":"m#/app/worker.php_2","thread":502}
{"level":"info","ts":1776014315.6966405,"logger":"frankenphp","msg":"async worker thread started","worker":"m#/app/worker.php_2","thread":506}
{"level":"info","ts":1776014315.69672,"logger":"frankenphp","msg":"async worker thread started","worker":"m#/app/worker.php_2","thread":507}
{"level":"info","ts":1776014315.696768,"logger":"frankenphp","msg":"async worker thread started","worker":"m#/app/worker.php_2","thread":510}
{"level":"info","ts":1776014315.696803,"logger":"frankenphp","msg":"async worker thread started","worker":"m#/app/worker.php_2","thread":511}
{"level":"info","ts":1776014315.6967304,"logger":"frankenphp","msg":"async worker thread started","worker":"m#/app/worker.php_2","thread":509}
{"level":"info","ts":1776014315.6968625,"logger":"frankenphp","msg":"async worker thread started","worker":"m#/app/worker.php_2","thread":512}
{"level":"info","ts":1776014315.696729,"logger":"frankenphp","msg":"async worker thread started","worker":"m#/app/worker.php_2","thread":508}
{"level":"info","ts":1776014315.696955,"logger":"frankenphp","msg":"FrankenPHP started 🐘","php_version":"8.6.0-dev","num_threads":513,"max_threads":513}
{"level":"info","ts":1776014315.697215,"msg":"autosaved config (load with --resume flag)","file":"/root/.config/caddy/autosave.json"}
{"level":"info","ts":1776014315.697224,"msg":"serving initial configuration"}
{"level":"error","ts":1776014321.246061,"logger":"http.log.error","msg":"context canceled","request":{"remote_ip":"127.0.0.1","remote_port":"59226","client_ip":"127.0.0.1","proto":"HTTP/2.0","method":"GET","host":"localhost:8443","uri":"/static/utilities.css","headers":{"User-Agent":["h2load nghttp2/1.59.0"],"Accept-Encoding":["br;q=1, gzip;q=0.8"]},"tls":{"resumed":false,"version":772,"cipher_suite":4865,"proto":"h2","server_name":"localhost","ech":false}},"duration":0.144519898,"status":500,"err_id":"vzgj1g2i0","err_trace":"caddy.(*FrankenPHPModule).ServeHTTP (module.go:252)"}
{"level":"error","ts":1776014321.2463906,"logger":"http.log.error","msg":"context canceled","request":{"remote_ip":"127.0.0.1","remote_port":"59226","client_ip":"127.0.0.1","proto":"HTTP/2.0","method":"GET","host":"localhost:8443","uri":"/static/footer.html","headers":{"User-Agent":["h2load nghttp2/1.59.0"],"Accept-Encoding":["br;q=1, gzip;q=0.8"]},"tls":{"resumed":false,"version":772,"cipher_suite":4865,"proto":"h2","server_name":"localhost","ech":false}},"duration":0.134643384,"status":500,"err_id":"wjm7ba82i","err_trace":"caddy.(*FrankenPHPModule).ServeHTTP (module.go:252)"}
{"level":"error","ts":1776014321.246441,"logger":"http.log.error","msg":"context canceled","request":{"remote_ip":"127.0.0.1","remote_port":"59226","client_ip":"127.0.0.1","proto":"HTTP/2.0","method":"GET","host":"localhost:8443","uri":"/static/manifest.json","headers":{"User-Agent":["h2load nghttp2/1.59.0"],"Accept-Encoding":["br;q=1, gzip;q=0.8"]},"tls":{"resumed":false,"version":772,"cipher_suite":4865,"proto":"h2","server_name":"localhost","ech":false}},"duration":0.122352088,"status":500,"err_id":"n2yenfwy0","err_trace":"caddy.(*FrankenPHPModule).ServeHTTP (module.go:252)"}
{"level":"error","ts":1776014321.2465026,"logger":"http.log.error","msg":"context canceled","request":{"remote_ip":"127.0.0.1","remote_port":"59226","client_ip":"127.0.0.1","proto":"HTTP/2.0","method":"GET","host":"localhost:8443","uri":"/static/manifest.json","headers":{"User-Agent":["h2load nghttp2/1.59.0"],"Accept-Encoding":["br;q=1, gzip;q=0.8"]},"tls":{"resumed":false,"version":772,"cipher_suite":4865,"proto":"h2","server_name":"localhost","ech":false}},"duration":0.07275878,"status":500,"err_id":"1pyfkjd0a","err_trace":"caddy.(*FrankenPHPModule).ServeHTTP (module.go:252)"}
{"level":"error","ts":1776014321.2465582,"logger":"http.log.error","msg":"context canceled","request":{"remote_ip":"127.0.0.1","remote_port":"59226","client_ip":"127.0.0.1","proto":"HTTP/2.0","method":"GET","host":"localhost:8443","uri":"/static/reset.css","headers":{"User-Agent":["h2load nghttp2/1.59.0"],"Accept-Encoding":["br;q=1, gzip;q=0.8"]},"tls":{"resumed":false,"version":772,"cipher_suite":4865,"proto":"h2","server_name":"localhost","ech":false}},"duration":0.072784969,"status":500,"err_id":"9uggptid5","err_trace":"caddy.(*FrankenPHPModule).ServeHTTP (module.go:252)"}
{"level":"error","ts":1776014321.2466106,"logger":"http.log.error","msg":"context canceled","request":{"remote_ip":"127.0.0.1","remote_port":"59226","client_ip":"127.0.0.1","proto":"HTTP/2.0","method":"GET","host":"localhost:8443","uri":"/static/layout.css","headers":{"Accept-Encoding":["br;q=1, gzip;q=0.8"],"User-Agent":["h2load nghttp2/1.59.0"]},"tls":{"resumed":false,"version":772,"cipher_suite":4865,"proto":"h2","server_name":"localhost","ech":false}},"duration":0.072819604,"status":500,"err_id":"ikjgqj8bw","err_trace":"caddy.(*FrankenPHPModule).ServeHTTP (module.go:252)"}
{"level":"error","ts":1776014321.246664,"logger":"http.log.error","msg":"context canceled","request":{"remote_ip":"127.0.0.1","remote_port":"59226","client_ip":"127.0.0.1","proto":"HTTP/2.0","method":"GET","host":"localhost:8443","uri":"/static/theme.css","headers":{"User-Agent":["h2load nghttp2/1.59.0"],"Accept-Encoding":["br;q=1, gzip;q=0.8"]},"tls":{"resumed":false,"version":772,"cipher_suite":4865,"proto":"h2","server_name":"localhost","ech":false}},"duration":0.145185136,"status":500,"err_id":"x50bph19w","err_trace":"caddy.(*FrankenPHPModule).ServeHTTP (module.go:252)"}
{"level":"error","ts":1776014321.2467175,"logger":"http.log.error","msg":"context canceled","request":{"remote_ip":"127.0.0.1","remote_port":"59226","client_ip":"127.0.0.1","proto":"HTTP/2.0","method":"GET","host":"localhost:8443","uri":"/static/theme.css","headers":{"User-Agent":["h2load nghttp2/1.59.0"],"Accept-Encoding":["br;q=1, gzip;q=0.8"]},"tls":{"resumed":false,"version":772,"cipher_suite":4865,"proto":"h2","server_name":"localhost","ech":false}},"duration":0.08667761,"status":500,"err_id":"4ad1ebkqx","err_trace":"caddy.(*FrankenPHPModule).ServeHTTP (module.go:252)"}
{"level":"error","ts":1776014321.2467628,"logger":"http.log.error","msg":"context canceled","request":{"remote_ip":"127.0.0.1","remote_port":"59226","client_ip":"127.0.0.1","proto":"HTTP/2.0","method":"GET","host":"localhost:8443","uri":"/static/header.html","headers":{"User-Agent":["h2load nghttp2/1.59.0"],"Accept-Encoding":["br;q=1, gzip;q=0.8"]},"tls":{"resumed":false,"version":772,"cipher_suite":4865,"proto":"h2","server_name":"localhost","ech":false}},"duration":0.113916397,"status":500,"err_id":"g6auxugts","err_trace":"caddy.(*FrankenPHPModule).ServeHTTP (module.go:252)"}
{"level":"error","ts":1776014321.2468157,"logger":"http.log.error","msg":"context canceled","request":{"remote_ip":"127.0.0.1","remote_port":"59226","client_ip":"127.0.0.1","proto":"HTTP/2.0","method":"GET","host":"localhost:8443","uri":"/static/thumb2.webp","headers":{"User-Agent":["h2load nghttp2/1.59.0"],"Accept-Encoding":["br;q=1, gzip;q=0.8"]},"tls":{"resumed":false,"version":772,"cipher_suite":4865,"proto":"h2","server_name":"localhost","ech":false}},"duration":0.073182916,"status":500,"err_id":"anvzqjf1s","err_trace":"caddy.(*FrankenPHPModule).ServeHTTP (module.go:252)"}
{"level":"error","ts":1776014321.2468517,"logger":"http.log.error","msg":"context canceled","request":{"remote_ip":"127.0.0.1","remote_port":"59226","client_ip":"127.0.0.1","proto":"HTTP/2.0","method":"GET","host":"localhost:8443","uri":"/static/logo.svg","headers":{"User-Agent":["h2load nghttp2/1.59.0"],"Accept-Encoding":["br;q=1, gzip;q=0.8"]},"tls":{"resumed":false,"version":772,"cipher_suite":4865,"proto":"h2","server_name":"localhost","ech":false}},"duration":0.089260086,"status":500,"err_id":"wk7kkiw55","err_trace":"caddy.(*FrankenPHPModule).ServeHTTP (module.go:252)"}
{"level":"error","ts":1776014321.2468915,"logger":"http.log.error","msg":"context canceled","request":{"remote_ip":"127.0.0.1","remote_port":"59226","client_ip":"127.0.0.1","proto":"HTTP/2.0","method":"GET","host":"localhost:8443","uri":"/static/helpers.js","headers":{"Accept-Encoding":["br;q=1, gzip;q=0.8"],"User-Agent":["h2load nghttp2/1.59.0"]},"tls":{"resumed":false,"version":772,"cipher_suite":4865,"proto":"h2","server_name":"localhost","ech":false}},"duration":0.066766896,"status":500,"err_id":"wyfwbsmax","err_trace":"caddy.(*FrankenPHPModule).ServeHTTP (module.go:252)"}
{"level":"error","ts":1776014321.2469363,"logger":"http.log.error","msg":"context canceled","request":{"remote_ip":"127.0.0.1","remote_port":"59226","client_ip":"127.0.0.1","proto":"HTTP/2.0","method":"GET","host":"localhost:8443","uri":"/static/hero.webp","headers":{"User-Agent":["h2load nghttp2/1.59.0"],"Accept-Encoding":["br;q=1, gzip;q=0.8"]},"tls":{"resumed":false,"version":772,"cipher_suite":4865,"proto":"h2","server_name":"localhost","ech":false}},"duration":0.051904214,"status":500,"err_id":"ctbqwxdvd","err_trace":"caddy.(*FrankenPHPModule).ServeHTTP (module.go:252)"}
{"level":"error","ts":1776014321.2469742,"logger":"http.log.error","msg":"context canceled","request":{"remote_ip":"127.0.0.1","remote_port":"59226","client_ip":"127.0.0.1","proto":"HTTP/2.0","method":"GET","host":"localhost:8443","uri":"/static/components.css","headers":{"User-Agent":["h2load nghttp2/1.59.0"],"Accept-Encoding":["br;q=1, gzip;q=0.8"]},"tls":{"resumed":false,"version":772,"cipher_suite":4865,"proto":"h2","server_name":"localhost","ech":false}},"duration":0.006059862,"status":500,"err_id":"uvtrwphwc","err_trace":"caddy.(*FrankenPHPModule).ServeHTTP (module.go:252)"}
{"level":"error","ts":1776014321.247017,"logger":"http.log.error","msg":"context canceled","request":{"remote_ip":"127.0.0.1","remote_port":"59226","client_ip":"127.0.0.1","proto":"HTTP/2.0","method":"GET","host":"localhost:8443","uri":"/static/bold.woff2","headers":{"User-Agent":["h2load nghttp2/1.59.0"],"Accept-Encoding":["br;q=1, gzip;q=0.8"]},"tls":{"resumed":false,"version":772,"cipher_suite":4865,"proto":"h2","server_name":"localhost","ech":false}},"duration":0.172958446,"status":500,"err_id":"d7nyi1uae","err_trace":"caddy.(*FrankenPHPModule).ServeHTTP (module.go:252)"}
{"level":"error","ts":1776014321.2470531,"logger":"http.log.error","msg":"context canceled","request":{"remote_ip":"127.0.0.1","remote_port":"59226","client_ip":"127.0.0.1","proto":"HTTP/2.0","method":"GET","host":"localhost:8443","uri":"/static/vendor.js","headers":{"User-Agent":["h2load nghttp2/1.59.0"],"Accept-Encoding":["br;q=1, gzip;q=0.8"]},"tls":{"resumed":false,"version":772,"cipher_suite":4865,"proto":"h2","server_name":"localhost","ech":false}},"duration":0.151272881,"status":500,"err_id":"9uv0jz5yf","err_trace":"caddy.(*FrankenPHPModule).ServeHTTP (module.go:252)"}
{"level":"error","ts":1776014321.247089,"logger":"http.log.error","msg":"context canceled","request":{"remote_ip":"127.0.0.1","remote_port":"59226","client_ip":"127.0.0.1","proto":"HTTP/2.0","method":"GET","host":"localhost:8443","uri":"/static/helpers.js","headers":{"User-Agent":["h2load nghttp2/1.59.0"],"Accept-Encoding":["br;q=1, gzip;q=0.8"]},"tls":{"resumed":false,"version":772,"cipher_suite":4865,"proto":"h2","server_name":"localhost","ech":false}},"duration":0.145529623,"status":500,"err_id":"x19fme5tk","err_trace":"caddy.(*FrankenPHPModule).ServeHTTP (module.go:252)"}
{"level":"error","ts":1776014321.2471306,"logger":"http.log.error","msg":"context canceled","request":{"remote_ip":"127.0.0.1","remote_port":"59226","client_ip":"127.0.0.1","proto":"HTTP/2.0","method":"GET","host":"localhost:8443","uri":"/static/layout.css","headers":{"User-Agent":["h2load nghttp2/1.59.0"],"Accept-Encoding":["br;q=1, gzip;q=0.8"]},"tls":{"resumed":false,"version":772,"cipher_suite":4865,"proto":"h2","server_name":"localhost","ech":false}},"duration":0.121402425,"status":500,"err_id":"gdwyvnv7u","err_trace":"caddy.(*FrankenPHPModule).ServeHTTP (module.go:252)"}
{"level":"error","ts":1776014321.2472017,"logger":"http.log.error","msg":"context canceled","request":{"remote_ip":"127.0.0.1","remote_port":"59226","client_ip":"127.0.0.1","proto":"HTTP/2.0","method":"GET","host":"localhost:8443","uri":"/static/header.html","headers":{"Accept-Encoding":["br;q=1, gzip;q=0.8"],"User-Agent":["h2load nghttp2/1.59.0"]},"tls":{"resumed":false,"version":772,"cipher_suite":4865,"proto":"h2","server_name":"localhost","ech":false}},"duration":3.414323708,"status":500,"err_id":"v1039pkie","err_trace":"caddy.(*FrankenPHPModule).ServeHTTP (module.go:252)"}
{"level":"error","ts":1776014321.2473035,"logger":"http.log.error","msg":"context canceled","request":{"remote_ip":"127.0.0.1","remote_port":"59226","client_ip":"127.0.0.1","proto":"HTTP/2.0","method":"GET","host":"localhost:8443","uri":"/static/reset.css","headers":{"Accept-Encoding":["br;q=1, gzip;q=0.8"],"User-Agent":["h2load nghttp2/1.59.0"]},"tls":{"resumed":false,"version":772,"cipher_suite":4865,"proto":"h2","server_name":"localhost","ech":false}},"duration":0.103335972,"status":500,"err_id":"ez5q31asv","err_trace":"caddy.(*FrankenPHPModule).ServeHTTP (module.go:252)"}
{"level":"error","ts":1776014321.2473497,"logger":"http.log.error","msg":"context canceled","request":{"remote_ip":"127.0.0.1","remote_port":"59226","client_ip":"127.0.0.1","proto":"HTTP/2.0","method":"GET","host":"localhost:8443","uri":"/static/thumb1.webp","headers":{"Accept-Encoding":["br;q=1, gzip;q=0.8"],"User-Agent":["h2load nghttp2/1.59.0"]},"tls":{"resumed":false,"version":772,"cipher_suite":4865,"proto":"h2","server_name":"localhost","ech":false}},"duration":0.145994596,"status":500,"err_id":"it3j154nm","err_trace":"caddy.(*FrankenPHPModule).ServeHTTP (module.go:252)"}
{"level":"error","ts":1776014321.2473907,"logger":"http.log.error","msg":"context canceled","request":{"remote_ip":"127.0.0.1","remote_port":"59226","client_ip":"127.0.0.1","proto":"HTTP/2.0","method":"GET","host":"localhost:8443","uri":"/static/vendor.js","headers":{"User-Agent":["h2load nghttp2/1.59.0"],"Accept-Encoding":["br;q=1, gzip;q=0.8"]},"tls":{"resumed":false,"version":772,"cipher_suite":4865,"proto":"h2","server_name":"localhost","ech":false}},"duration":0.066573482,"status":500,"err_id":"55tpb22th","err_trace":"caddy.(*FrankenPHPModule).ServeHTTP (module.go:252)"}
{"level":"error","ts":1776014321.2474134,"logger":"http.log.error","msg":"context canceled","request":{"remote_ip":"127.0.0.1","remote_port":"59066","client_ip":"127.0.0.1","proto":"HTTP/2.0","method":"GET","host":"localhost:8443","uri":"/static/utilities.css","headers":{"User-Agent":["h2load nghttp2/1.59.0"],"Accept-Encoding":["br;q=1, gzip;q=0.8"]},"tls":{"resumed":false,"version":772,"cipher_suite":4865,"proto":"h2","server_name":"localhost","ech":false}},"duration":0.129548482,"status":500,"err_id":"wpppa71cn","err_trace":"caddy.(*FrankenPHPModule).ServeHTTP (module.go:252)"}
{"level":"error","ts":1776014321.2474413,"logger":"http.log.error","msg":"context canceled","request":{"remote_ip":"127.0.0.1","remote_port":"59226","client_ip":"127.0.0.1","proto":"HTTP/2.0","method":"GET","host":"localhost:8443","uri":"/static/icon-sprite.svg","headers":{"User-Agent":["h2load nghttp2/1.59.0"],"Accept-Encoding":["br;q=1, gzip;q=0.8"]},"tls":{"resumed":false,"version":772,"cipher_suite":4865,"proto":"h2","server_name":"localhost","ech":false}},"duration":0.076010262,"status":500,"err_id":"tsp1dt4t1","err_trace":"caddy.(*FrankenPHPModule).ServeHTTP (module.go:252)"}
{"level":"error","ts":1776014321.2474794,"logger":"http.log.error","msg":"context canceled","request":{"remote_ip":"127.0.0.1","remote_port":"59226","client_ip":"127.0.0.1","proto":"HTTP/2.0","method":"GET","host":"localhost:8443","uri":"/static/vendor.js","headers":{"User-Agent":["h2load nghttp2/1.59.0"],"Accept-Encoding":["br;q=1, gzip;q=0.8"]},"tls":{"resumed":false,"version":772,"cipher_suite":4865,"proto":"h2","server_name":"localhost","ech":false}},"duration":0.183128331,"status":500,"err_id":"8beybp2cc","err_trace":"caddy.(*FrankenPHPModule).ServeHTTP (module.go:252)"}
{"level":"error","ts":1776014321.2475097,"logger":"http.log.error","msg":"context canceled","request":{"remote_ip":"127.0.0.1","remote_port":"59200","client_ip":"127.0.0.1","proto":"HTTP/2.0","method":"GET","host":"localhost:8443","uri":"/static/reset.css","headers":{"User-Agent":["h2load nghttp2/1.59.0"],"Accept-Encoding":["br;q=1, gzip;q=0.8"]},"tls":{"resumed":false,"version":772,"cipher_suite":4865,"proto":"h2","server_name":"localhost","ech":false}},"duration":0.103778472,"status":500,"err_id":"9tha3uuin","err_trace":"caddy.(*FrankenPHPModule).ServeHTTP (module.go:252)"}
{"level":"error","ts":1776014321.2475195,"logger":"http.log.error","msg":"context canceled","request":{"remote_ip":"127.0.0.1","remote_port":"59226","client_ip":"127.0.0.1","proto":"HTTP/2.0","method":"GET","host":"localhost:8443","uri":"/static/thumb1.webp","headers":{"User-Agent":["h2load nghttp2/1.59.0"],"Accept-Encoding":["br;q=1, gzip;q=0.8"]},"tls":{"resumed":false,"version":772,"cipher_suite":4865,"proto":"h2","server_name":"localhost","ech":false}},"duration":0.162670419,"status":500,"err_id":"pj7e87s65","err_trace":"caddy.(*FrankenPHPModule).ServeHTTP (module.go:252)"}
{"level":"error","ts":1776014321.2475886,"logger":"http.log.error","msg":"context canceled","request":{"remote_ip":"127.0.0.1","remote_port":"59200","client_ip":"127.0.0.1","proto":"HTTP/2.0","method":"GET","host":"localhost:8443","uri":"/static/bold.woff2","headers":{"Accept-Encoding":["br;q=1, gzip;q=0.8"],"User-Agent":["h2load nghttp2/1.59.0"]},"tls":{"resumed":false,"version":772,"cipher_suite":4865,"proto":"h2","server_name":"localhost","ech":false}},"duration":0.483402433,"status":500,"err_id":"grk5a5d30","err_trace":"caddy.(*FrankenPHPModule).ServeHTTP (module.go:252)"}
{"level":"error","ts":1776014321.247682,"logger":"http.log.error","msg":"context canceled","request":{"remote_ip":"127.0.0.1","remote_port":"59226","client_ip":"127.0.0.1","proto":"HTTP/2.0","method":"GET","host":"localhost:8443","uri":"/static/analytics.js","headers":{"User-Agent":["h2load nghttp2/1.59.0"],"Accept-Encoding":["br;q=1, gzip;q=0.8"]},"tls":{"resumed":false,"version":772,"cipher_suite":4865,"proto":"h2","server_name":"localhost","ech":false}},"duration":0.175935513,"status":500,"err_id":"afts129em","err_trace":"caddy.(*FrankenPHPModule).ServeHTTP (module.go:252)"}
{"level":"error","ts":1776014321.247869,"logger":"http.log.error","msg":"context canceled","request":{"remote_ip":"127.0.0.1","remote_port":"59014","client_ip":"127.0.0.1","proto":"HTTP/2.0","method":"GET","host":"localhost:8443","uri":"/static/app.js","headers":{"User-Agent":["h2load nghttp2/1.59.0"],"Accept-Encoding":["br;q=1, gzip;q=0.8"]},"tls":{"resumed":false,"version":772,"cipher_suite":4865,"proto":"h2","server_name":"localhost","ech":false}},"duration":0.053708159,"status":500,"err_id":"bb0hq5z03","err_trace":"caddy.(*FrankenPHPModule).ServeHTTP (module.go:252)"}
panic: Header called after Handler finished

goroutine 4122710 [running]:
golang.org/x/net/http2.(*responseWriter).Header(0x36e4e455eee0?)
	/root/go/pkg/mod/golang.org/x/net@v0.52.0/http2/server.go:2997 +0x6d
github.com/dunglas/frankenphp.parseSerializedHeaders({0x262eb40?, 0x36e593a9d178?}, {0x36e5a5b6fd10, 0x2a, 0x2a})
	/usr/src/frankenphp/async_worker.go:839 +0x55
github.com/dunglas/frankenphp.(*phpThread).handleWrite(0x36e4be3159e0, {0xae9, 0xc8, {0x36e5a5b6fd10, 0x2a, 0x2a}, {0x36e5b5cba000, 0x81f4, 0x81f4}})
	/usr/src/frankenphp/async_worker.go:822 +0xf6
created by github.com/dunglas/frankenphp.(*phpThread).responseDispatcher in goroutine 2148
	/usr/src/frankenphp/async_worker.go:797 +0x85
