SQLite open attempt 1 failed: 14 | 
15 | // Open SQLite database read-only
16 | let dbStmt: any = null;
17 | for (let attempt = 0; attempt < 3 && !dbStmt; attempt++) {
18 |   try {
19 |     const db = new Database("/data/benchmark.db", { readonly: true });
                    ^
SQLiteError: unable to open database file
      errno: 14,
 byteOffset: -1,
       code: "SQLITE_CANTOPEN"

      at new Database (bun:sqlite:260:28)
      at /app/server.ts:19:16
      at loadAndEvaluateModule (2:1)

SQLite open attempt 1 failed: 14 | 
15 | // Open SQLite database read-only
16 | let dbStmt: any = null;
17 | for (let attempt = 0; attempt < 3 && !dbStmt; attempt++) {
18 |   try {
19 |     const db = new Database("/data/benchmark.db", { readonly: true });
                    ^
SQLiteError: unable to open database file
      errno: 14,
 byteOffset: -1,
       code: "SQLITE_CANTOPEN"

      at new Database (bun:sqlite:260:28)
      at /app/server.ts:19:16
      at loadAndEvaluateModule (2:1)

SQLite open attempt 1 failed: 14 | 
15 | // Open SQLite database read-only
16 | let dbStmt: any = null;
17 | for (let attempt = 0; attempt < 3 && !dbStmt; attempt++) {
18 |   try {
19 |     const db = new Database("/data/benchmark.db", { readonly: true });
                    ^
SQLiteError: unable to open database file
      errno: 14,
 byteOffset: -1,
       code: "SQLITE_CANTOPEN"

      at new Database (bun:sqlite:260:28)
      at /app/server.ts:19:16
      at loadAndEvaluateModule (2:1)

SQLite open attempt 1 failed: 14 | 
15 | // Open SQLite database read-only
16 | let dbStmt: any = null;
17 | for (let attempt = 0; attempt < 3 && !dbStmt; attempt++) {
18 |   try {
19 |     const db = new Database("/data/benchmark.db", { readonly: true });
                    ^
SQLiteError: unable to open database file
      errno: 14,
 byteOffset: -1,
       code: "SQLITE_CANTOPEN"

      at new Database (bun:sqlite:260:28)
      at /app/server.ts:19:16
      at loadAndEvaluateModule (2:1)

SQLite open attempt 2 failed: 14 | 
15 | // Open SQLite database read-only
16 | let dbStmt: any = null;
17 | for (let attempt = 0; attempt < 3 && !dbStmt; attempt++) {
18 |   try {
19 |     const db = new Database("/data/benchmark.db", { readonly: true });
                    ^
SQLiteError: unable to open database file
      errno: 14,
 byteOffset: -1,
       code: "SQLITE_CANTOPEN"

      at new Database (bun:sqlite:260:28)
      at /app/server.ts:19:16
      at loadAndEvaluateModule (2:1)

SQLite open attempt 2 failed: 14 | 
15 | // Open SQLite database read-only
16 | let dbStmt: any = null;
17 | for (let attempt = 0; attempt < 3 && !dbStmt; attempt++) {
18 |   try {
19 |     const db = new Database("/data/benchmark.db", { readonly: true });
                    ^
SQLiteError: unable to open database file
      errno: 14,
 byteOffset: -1,
       code: "SQLITE_CANTOPEN"

      at new Database (bun:sqlite:260:28)
      at /app/server.ts:19:16
      at loadAndEvaluateModule (2:1)

SQLite open attempt 2 failed: 14 | 
15 | // Open SQLite database read-only
16 | let dbStmt: any = null;
17 | for (let attempt = 0; attempt < 3 && !dbStmt; attempt++) {
18 |   try {
19 |     const db = new Database("/data/benchmark.db", { readonly: true });
                    ^
SQLiteError: unable to open database file
      errno: 14,
 byteOffset: -1,
       code: "SQLITE_CANTOPEN"

      at new Database (bun:sqlite:260:28)
      at /app/server.ts:19:16
      at loadAndEvaluateModule (2:1)

SQLite open attempt 2 failed: 14 | 
15 | // Open SQLite database read-only
16 | let dbStmt: any = null;
17 | for (let attempt = 0; attempt < 3 && !dbStmt; attempt++) {
18 |   try {
19 |     const db = new Database("/data/benchmark.db", { readonly: true });
                    ^
SQLiteError: unable to open database file
      errno: 14,
 byteOffset: -1,
       code: "SQLITE_CANTOPEN"

      at new Database (bun:sqlite:260:28)
      at /app/server.ts:19:16
      at loadAndEvaluateModule (2:1)

SQLite open attempt 3 failed: 14 | 
15 | // Open SQLite database read-only
16 | let dbStmt: any = null;
17 | for (let attempt = 0; attempt < 3 && !dbStmt; attempt++) {
18 |   try {
19 |     const db = new Database("/data/benchmark.db", { readonly: true });
                    ^
SQLiteError: unable to open database file
      errno: 14,
 byteOffset: -1,
       code: "SQLITE_CANTOPEN"

      at new Database (bun:sqlite:260:28)
      at /app/server.ts:19:16
      at loadAndEvaluateModule (2:1)

SQLite open attempt 3 failed: 14 | 
15 | // Open SQLite database read-only
16 | let dbStmt: any = null;
17 | for (let attempt = 0; attempt < 3 && !dbStmt; attempt++) {
18 |   try {
19 |     const db = new Database("/data/benchmark.db", { readonly: true });
                    ^
SQLiteError: unable to open database file
      errno: 14,
 byteOffset: -1,
       code: "SQLITE_CANTOPEN"

      at new Database (bun:sqlite:260:28)
      at /app/server.ts:19:16
      at loadAndEvaluateModule (2:1)

SQLite open attempt 3 failed: 14 | 
15 | // Open SQLite database read-only
16 | let dbStmt: any = null;
17 | for (let attempt = 0; attempt < 3 && !dbStmt; attempt++) {
18 |   try {
19 |     const db = new Database("/data/benchmark.db", { readonly: true });
                    ^
SQLiteError: unable to open database file
      errno: 14,
 byteOffset: -1,
       code: "SQLITE_CANTOPEN"

      at new Database (bun:sqlite:260:28)
      at /app/server.ts:19:16
      at loadAndEvaluateModule (2:1)

SQLite open attempt 3 failed: 14 | 
15 | // Open SQLite database read-only
16 | let dbStmt: any = null;
17 | for (let attempt = 0; attempt < 3 && !dbStmt; attempt++) {
18 |   try {
19 |     const db = new Database("/data/benchmark.db", { readonly: true });
                    ^
SQLiteError: unable to open database file
      errno: 14,
 byteOffset: -1,
       code: "SQLITE_CANTOPEN"

      at new Database (bun:sqlite:260:28)
      at /app/server.ts:19:16
      at loadAndEvaluateModule (2:1)

