{"level":"info","ts":1776013808.8859332,"msg":"maxprocs: Leaving GOMAXPROCS=64: CPU quota undefined"}
{"level":"info","ts":1776013808.8859522,"msg":"GOMEMLIMIT is updated","GOMEMLIMIT":243039519129,"previous":9223372036854775807}
{"level":"info","ts":1776013808.8859549,"msg":"using config from file","file":"/etc/caddy/Caddyfile"}
{"level":"info","ts":1776013808.8859565,"msg":"adapted config to JSON","adapter":"caddyfile"}
{"level":"warn","ts":1776013808.8859591,"logger":"admin","msg":"admin endpoint disabled"}
{"level":"info","ts":1776013808.886146,"logger":"tls.cache.maintenance","msg":"started background certificate maintenance","cache":"0x31a73e123c00"}
{"level":"info","ts":1776013808.8870065,"logger":"http.auto_https","msg":"automatic HTTPS is completely disabled for server","server_name":"srv0"}
{"level":"info","ts":1776013808.8870225,"logger":"http.auto_https","msg":"automatic HTTPS is completely disabled for server","server_name":"srv1"}
{"level":"info","ts":1776013808.8941748,"logger":"tls","msg":"cleaning storage unit","storage":"FileStorage:/root/.local/share/caddy"}
{"level":"info","ts":1776013808.8972452,"logger":"tls","msg":"finished cleaning storage units"}
{"level":"info","ts":1776013809.2828372,"logger":"frankenphp","msg":"async worker thread started","worker":"m#/app/worker.php","thread":1}
{"level":"info","ts":1776013809.2828424,"logger":"frankenphp","msg":"async worker thread started","worker":"m#/app/worker.php","thread":2}
{"level":"info","ts":1776013809.2829216,"logger":"frankenphp","msg":"async worker thread started","worker":"m#/app/worker.php","thread":3}
{"level":"info","ts":1776013809.2829306,"logger":"frankenphp","msg":"async worker thread started","worker":"m#/app/worker.php","thread":4}
{"level":"info","ts":1776013809.2830026,"logger":"frankenphp","msg":"async worker thread started","worker":"m#/app/worker.php","thread":6}
{"level":"info","ts":1776013809.283,"logger":"frankenphp","msg":"async worker thread started","worker":"m#/app/worker.php","thread":5}
{"level":"info","ts":1776013809.2830765,"logger":"frankenphp","msg":"async worker thread started","worker":"m#/app/worker.php","thread":7}
{"level":"info","ts":1776013809.2831652,"logger":"frankenphp","msg":"async worker thread started","worker":"m#/app/worker.php","thread":8}
{"level":"info","ts":1776013809.2831972,"logger":"frankenphp","msg":"async worker thread started","worker":"m#/app/worker.php","thread":9}
{"level":"info","ts":1776013809.2832446,"logger":"frankenphp","msg":"async worker thread started","worker":"m#/app/worker.php","thread":11}
{"level":"info","ts":1776013809.2832816,"logger":"frankenphp","msg":"async worker thread started","worker":"m#/app/worker.php","thread":12}
{"level":"info","ts":1776013809.2832654,"logger":"frankenphp","msg":"async worker thread started","worker":"m#/app/worker.php","thread":10}
{"level":"info","ts":1776013809.283336,"logger":"frankenphp","msg":"async worker thread started","worker":"m#/app/worker.php","thread":13}
{"level":"info","ts":1776013809.2834094,"logger":"frankenphp","msg":"async worker thread started","worker":"m#/app/worker.php","thread":14}
{"level":"info","ts":1776013809.2834153,"logger":"frankenphp","msg":"async worker thread started","worker":"m#/app/worker.php","thread":15}
{"level":"info","ts":1776013809.283454,"logger":"frankenphp","msg":"async worker thread started","worker":"m#/app/worker.php","thread":16}
{"level":"info","ts":1776013809.2834911,"logger":"frankenphp","msg":"async worker thread started","worker":"m#/app/worker.php","thread":17}
{"level":"info","ts":1776013809.2835398,"logger":"frankenphp","msg":"async worker thread started","worker":"m#/app/worker.php","thread":19}
{"level":"info","ts":1776013809.283541,"logger":"frankenphp","msg":"async worker thread started","worker":"m#/app/worker.php","thread":18}
{"level":"info","ts":1776013809.2836456,"logger":"frankenphp","msg":"async worker thread started","worker":"m#/app/worker.php","thread":21}
{"level":"info","ts":1776013809.2836432,"logger":"frankenphp","msg":"async worker thread started","worker":"m#/app/worker.php","thread":20}
{"level":"info","ts":1776013809.2836995,"logger":"frankenphp","msg":"async worker thread started","worker":"m#/app/worker.php","thread":22}
{"level":"info","ts":1776013809.284113,"logger":"frankenphp","msg":"async worker thread started","worker":"m#/app/worker.php","thread":24}
{"level":"info","ts":1776013809.2841175,"logger":"frankenphp","msg":"async worker thread started","worker":"m#/app/worker.php","thread":25}
{"level":"info","ts":1776013809.284167,"logger":"frankenphp","msg":"async worker thread started","worker":"m#/app/worker.php","thread":23}
{"level":"info","ts":1776013809.284189,"logger":"frankenphp","msg":"async worker thread started","worker":"m#/app/worker.php","thread":27}
{"level":"info","ts":1776013809.284167,"logger":"frankenphp","msg":"async worker thread started","worker":"m#/app/worker.php","thread":26}
{"level":"info","ts":1776013809.284273,"logger":"frankenphp","msg":"async worker thread started","worker":"m#/app/worker.php","thread":28}
{"level":"info","ts":1776013809.284299,"logger":"frankenphp","msg":"async worker thread started","worker":"m#/app/worker.php","thread":29}
{"level":"info","ts":1776013809.284368,"logger":"frankenphp","msg":"async worker thread started","worker":"m#/app/worker.php","thread":30}
{"level":"info","ts":1776013809.284417,"logger":"frankenphp","msg":"async worker thread started","worker":"m#/app/worker.php","thread":31}
{"level":"info","ts":1776013809.3033621,"logger":"frankenphp","msg":"async worker thread started","worker":"m#/app/worker.php","thread":32}
{"level":"info","ts":1776013809.3143163,"logger":"frankenphp","msg":"async worker thread started","worker":"m#/app/worker.php","thread":33}
{"level":"info","ts":1776013809.3143654,"logger":"frankenphp","msg":"async worker thread started","worker":"m#/app/worker.php","thread":34}
{"level":"info","ts":1776013809.3144112,"logger":"frankenphp","msg":"async worker thread started","worker":"m#/app/worker.php","thread":35}
{"level":"info","ts":1776013809.3144712,"logger":"frankenphp","msg":"async worker thread started","worker":"m#/app/worker.php","thread":36}
{"level":"info","ts":1776013809.3145375,"logger":"frankenphp","msg":"async worker thread started","worker":"m#/app/worker.php","thread":37}
{"level":"info","ts":1776013809.3146262,"logger":"frankenphp","msg":"async worker thread started","worker":"m#/app/worker.php","thread":38}
{"level":"info","ts":1776013809.3146625,"logger":"frankenphp","msg":"async worker thread started","worker":"m#/app/worker.php","thread":39}
{"level":"info","ts":1776013809.3147295,"logger":"frankenphp","msg":"async worker thread started","worker":"m#/app/worker.php","thread":40}
{"level":"info","ts":1776013809.3147752,"logger":"frankenphp","msg":"async worker thread started","worker":"m#/app/worker.php","thread":41}
{"level":"info","ts":1776013809.314864,"logger":"frankenphp","msg":"async worker thread started","worker":"m#/app/worker.php","thread":42}
{"level":"info","ts":1776013809.3148692,"logger":"frankenphp","msg":"async worker thread started","worker":"m#/app/worker.php","thread":43}
{"level":"info","ts":1776013809.3149428,"logger":"frankenphp","msg":"async worker thread started","worker":"m#/app/worker.php","thread":44}
{"level":"info","ts":1776013809.3149395,"logger":"frankenphp","msg":"async worker thread started","worker":"m#/app/worker.php","thread":45}
{"level":"info","ts":1776013809.3150215,"logger":"frankenphp","msg":"async worker thread started","worker":"m#/app/worker.php","thread":46}
{"level":"info","ts":1776013809.3150396,"logger":"frankenphp","msg":"async worker thread started","worker":"m#/app/worker.php","thread":47}
{"level":"info","ts":1776013809.3151164,"logger":"frankenphp","msg":"async worker thread started","worker":"m#/app/worker.php","thread":48}
{"level":"info","ts":1776013809.315156,"logger":"frankenphp","msg":"async worker thread started","worker":"m#/app/worker.php","thread":49}
{"level":"info","ts":1776013809.3314462,"logger":"frankenphp","msg":"async worker thread started","worker":"m#/app/worker.php","thread":50}
{"level":"info","ts":1776013809.3315632,"logger":"frankenphp","msg":"async worker thread started","worker":"m#/app/worker.php","thread":51}
{"level":"info","ts":1776013809.3316905,"logger":"frankenphp","msg":"async worker thread started","worker":"m#/app/worker.php","thread":53}
{"level":"info","ts":1776013809.3317046,"logger":"frankenphp","msg":"async worker thread started","worker":"m#/app/worker.php","thread":52}
{"level":"info","ts":1776013809.3319554,"logger":"frankenphp","msg":"async worker thread started","worker":"m#/app/worker.php","thread":57}
{"level":"info","ts":1776013809.3319643,"logger":"frankenphp","msg":"async worker thread started","worker":"m#/app/worker.php","thread":55}
{"level":"info","ts":1776013809.3319824,"logger":"frankenphp","msg":"async worker thread started","worker":"m#/app/worker.php","thread":56}
{"level":"info","ts":1776013809.331964,"logger":"frankenphp","msg":"async worker thread started","worker":"m#/app/worker.php","thread":54}
{"level":"info","ts":1776013809.331985,"logger":"frankenphp","msg":"async worker thread started","worker":"m#/app/worker.php","thread":58}
{"level":"info","ts":1776013809.3319972,"logger":"frankenphp","msg":"async worker thread started","worker":"m#/app/worker.php","thread":59}
{"level":"info","ts":1776013809.3320794,"logger":"frankenphp","msg":"async worker thread started","worker":"m#/app/worker.php","thread":60}
{"level":"info","ts":1776013809.332095,"logger":"frankenphp","msg":"async worker thread started","worker":"m#/app/worker.php","thread":61}
{"level":"info","ts":1776013809.3321774,"logger":"frankenphp","msg":"async worker thread started","worker":"m#/app/worker.php","thread":62}
{"level":"info","ts":1776013809.3322325,"logger":"frankenphp","msg":"async worker thread started","worker":"m#/app/worker.php","thread":63}
{"level":"info","ts":1776013809.3322837,"logger":"frankenphp","msg":"async worker thread started","worker":"m#/app/worker.php","thread":64}
{"level":"info","ts":1776013809.3323915,"logger":"frankenphp","msg":"async worker thread started","worker":"m#/app/worker.php","thread":65}
{"level":"info","ts":1776013809.3324635,"logger":"frankenphp","msg":"async worker thread started","worker":"m#/app/worker.php","thread":66}
{"level":"info","ts":1776013809.3325546,"logger":"frankenphp","msg":"async worker thread started","worker":"m#/app/worker.php","thread":67}
{"level":"info","ts":1776013809.3326364,"logger":"frankenphp","msg":"async worker thread started","worker":"m#/app/worker.php","thread":69}
{"level":"info","ts":1776013809.3326366,"logger":"frankenphp","msg":"async worker thread started","worker":"m#/app/worker.php","thread":68}
{"level":"info","ts":1776013809.3326623,"logger":"frankenphp","msg":"async worker thread started","worker":"m#/app/worker.php","thread":70}
{"level":"info","ts":1776013809.3327358,"logger":"frankenphp","msg":"async worker thread started","worker":"m#/app/worker.php","thread":71}
{"level":"info","ts":1776013809.3327532,"logger":"frankenphp","msg":"async worker thread started","worker":"m#/app/worker.php","thread":72}
{"level":"info","ts":1776013809.3328395,"logger":"frankenphp","msg":"async worker thread started","worker":"m#/app/worker.php","thread":74}
{"level":"info","ts":1776013809.3328025,"logger":"frankenphp","msg":"async worker thread started","worker":"m#/app/worker.php","thread":73}
{"level":"info","ts":1776013809.3328705,"logger":"frankenphp","msg":"async worker thread started","worker":"m#/app/worker.php","thread":75}
{"level":"info","ts":1776013809.3329265,"logger":"frankenphp","msg":"async worker thread started","worker":"m#/app/worker.php","thread":76}
{"level":"info","ts":1776013809.3330314,"logger":"frankenphp","msg":"async worker thread started","worker":"m#/app/worker.php","thread":79}
{"level":"info","ts":1776013809.3329363,"logger":"frankenphp","msg":"async worker thread started","worker":"m#/app/worker.php","thread":77}
{"level":"info","ts":1776013809.3329737,"logger":"frankenphp","msg":"async worker thread started","worker":"m#/app/worker.php","thread":78}
{"level":"info","ts":1776013809.3330808,"logger":"frankenphp","msg":"async worker thread started","worker":"m#/app/worker.php","thread":80}
{"level":"info","ts":1776013809.333183,"logger":"frankenphp","msg":"async worker thread started","worker":"m#/app/worker.php","thread":81}
{"level":"info","ts":1776013809.3332133,"logger":"frankenphp","msg":"async worker thread started","worker":"m#/app/worker.php","thread":82}
{"level":"info","ts":1776013809.3339188,"logger":"frankenphp","msg":"async worker thread started","worker":"m#/app/worker.php","thread":83}
{"level":"info","ts":1776013809.3546703,"logger":"frankenphp","msg":"async worker thread started","worker":"m#/app/worker.php","thread":84}
{"level":"info","ts":1776013809.3546894,"logger":"frankenphp","msg":"async worker thread started","worker":"m#/app/worker.php","thread":85}
{"level":"info","ts":1776013809.354766,"logger":"frankenphp","msg":"async worker thread started","worker":"m#/app/worker.php","thread":86}
{"level":"info","ts":1776013809.3547902,"logger":"frankenphp","msg":"async worker thread started","worker":"m#/app/worker.php","thread":87}
{"level":"info","ts":1776013809.3548665,"logger":"frankenphp","msg":"async worker thread started","worker":"m#/app/worker.php","thread":88}
{"level":"info","ts":1776013809.3548868,"logger":"frankenphp","msg":"async worker thread started","worker":"m#/app/worker.php","thread":89}
{"level":"info","ts":1776013809.354934,"logger":"frankenphp","msg":"async worker thread started","worker":"m#/app/worker.php","thread":90}
{"level":"info","ts":1776013809.3550074,"logger":"frankenphp","msg":"async worker thread started","worker":"m#/app/worker.php","thread":91}
{"level":"info","ts":1776013809.3550372,"logger":"frankenphp","msg":"async worker thread started","worker":"m#/app/worker.php","thread":92}
{"level":"info","ts":1776013809.3550777,"logger":"frankenphp","msg":"async worker thread started","worker":"m#/app/worker.php","thread":93}
{"level":"info","ts":1776013809.3551605,"logger":"frankenphp","msg":"async worker thread started","worker":"m#/app/worker.php","thread":94}
{"level":"info","ts":1776013809.355217,"logger":"frankenphp","msg":"async worker thread started","worker":"m#/app/worker.php","thread":95}
{"level":"info","ts":1776013809.355273,"logger":"frankenphp","msg":"async worker thread started","worker":"m#/app/worker.php","thread":97}
{"level":"info","ts":1776013809.3553112,"logger":"frankenphp","msg":"async worker thread started","worker":"m#/app/worker.php","thread":96}
{"level":"info","ts":1776013809.3553236,"logger":"frankenphp","msg":"async worker thread started","worker":"m#/app/worker.php","thread":98}
{"level":"info","ts":1776013809.3553958,"logger":"frankenphp","msg":"async worker thread started","worker":"m#/app/worker.php","thread":99}
{"level":"info","ts":1776013809.3554058,"logger":"frankenphp","msg":"async worker thread started","worker":"m#/app/worker.php","thread":100}
{"level":"info","ts":1776013809.3555164,"logger":"frankenphp","msg":"async worker thread started","worker":"m#/app/worker.php","thread":101}
{"level":"info","ts":1776013809.3555923,"logger":"frankenphp","msg":"async worker thread started","worker":"m#/app/worker.php","thread":103}
{"level":"info","ts":1776013809.355592,"logger":"frankenphp","msg":"async worker thread started","worker":"m#/app/worker.php","thread":102}
{"level":"info","ts":1776013809.355664,"logger":"frankenphp","msg":"async worker thread started","worker":"m#/app/worker.php","thread":104}
{"level":"info","ts":1776013809.3557115,"logger":"frankenphp","msg":"async worker thread started","worker":"m#/app/worker.php","thread":106}
{"level":"info","ts":1776013809.3556707,"logger":"frankenphp","msg":"async worker thread started","worker":"m#/app/worker.php","thread":105}
{"level":"info","ts":1776013809.355746,"logger":"frankenphp","msg":"async worker thread started","worker":"m#/app/worker.php","thread":107}
{"level":"info","ts":1776013809.35575,"logger":"frankenphp","msg":"async worker thread started","worker":"m#/app/worker.php","thread":108}
{"level":"info","ts":1776013809.355818,"logger":"frankenphp","msg":"async worker thread started","worker":"m#/app/worker.php","thread":109}
{"level":"info","ts":1776013809.355826,"logger":"frankenphp","msg":"async worker thread started","worker":"m#/app/worker.php","thread":110}
{"level":"info","ts":1776013809.3558738,"logger":"frankenphp","msg":"async worker thread started","worker":"m#/app/worker.php","thread":111}
{"level":"info","ts":1776013809.3559885,"logger":"frankenphp","msg":"async worker thread started","worker":"m#/app/worker.php","thread":112}
{"level":"info","ts":1776013809.3560088,"logger":"frankenphp","msg":"async worker thread started","worker":"m#/app/worker.php","thread":114}
{"level":"info","ts":1776013809.35602,"logger":"frankenphp","msg":"async worker thread started","worker":"m#/app/worker.php","thread":113}
{"level":"info","ts":1776013809.3560815,"logger":"frankenphp","msg":"async worker thread started","worker":"m#/app/worker.php","thread":115}
{"level":"info","ts":1776013809.356165,"logger":"frankenphp","msg":"async worker thread started","worker":"m#/app/worker.php","thread":116}
{"level":"info","ts":1776013809.3562484,"logger":"frankenphp","msg":"async worker thread started","worker":"m#/app/worker.php","thread":117}
{"level":"info","ts":1776013809.3563082,"logger":"frankenphp","msg":"async worker thread started","worker":"m#/app/worker.php","thread":118}
{"level":"info","ts":1776013809.356316,"logger":"frankenphp","msg":"async worker thread started","worker":"m#/app/worker.php","thread":120}
{"level":"info","ts":1776013809.356311,"logger":"frankenphp","msg":"async worker thread started","worker":"m#/app/worker.php","thread":119}
{"level":"info","ts":1776013809.3566184,"logger":"frankenphp","msg":"async worker thread started","worker":"m#/app/worker.php","thread":121}
{"level":"info","ts":1776013809.356625,"logger":"frankenphp","msg":"async worker thread started","worker":"m#/app/worker.php","thread":122}
{"level":"info","ts":1776013809.3566353,"logger":"frankenphp","msg":"async worker thread started","worker":"m#/app/worker.php","thread":123}
{"level":"info","ts":1776013809.356705,"logger":"frankenphp","msg":"async worker thread started","worker":"m#/app/worker.php","thread":124}
{"level":"info","ts":1776013809.356708,"logger":"frankenphp","msg":"async worker thread started","worker":"m#/app/worker.php","thread":125}
{"level":"info","ts":1776013809.357297,"logger":"frankenphp","msg":"async worker thread started","worker":"m#/app/worker.php","thread":128}
{"level":"info","ts":1776013809.3575563,"logger":"frankenphp","msg":"async worker thread started","worker":"m#/app/worker.php_0","thread":131}
{"level":"info","ts":1776013809.3573728,"logger":"frankenphp","msg":"async worker thread started","worker":"m#/app/worker.php_0","thread":129}
{"level":"info","ts":1776013809.3572226,"logger":"frankenphp","msg":"async worker thread started","worker":"m#/app/worker.php","thread":127}
{"level":"info","ts":1776013809.357691,"logger":"frankenphp","msg":"async worker thread started","worker":"m#/app/worker.php_0","thread":132}
{"level":"info","ts":1776013809.3567386,"logger":"frankenphp","msg":"async worker thread started","worker":"m#/app/worker.php","thread":126}
{"level":"info","ts":1776013809.3577752,"logger":"frankenphp","msg":"async worker thread started","worker":"m#/app/worker.php_0","thread":133}
{"level":"info","ts":1776013809.3574402,"logger":"frankenphp","msg":"async worker thread started","worker":"m#/app/worker.php_0","thread":130}
{"level":"info","ts":1776013809.3582673,"logger":"frankenphp","msg":"async worker thread started","worker":"m#/app/worker.php_0","thread":134}
{"level":"info","ts":1776013809.3583753,"logger":"frankenphp","msg":"async worker thread started","worker":"m#/app/worker.php_0","thread":135}
{"level":"info","ts":1776013809.3585346,"logger":"frankenphp","msg":"async worker thread started","worker":"m#/app/worker.php_0","thread":136}
{"level":"info","ts":1776013809.3586779,"logger":"frankenphp","msg":"async worker thread started","worker":"m#/app/worker.php_0","thread":138}
{"level":"info","ts":1776013809.3587313,"logger":"frankenphp","msg":"async worker thread started","worker":"m#/app/worker.php_0","thread":139}
{"level":"info","ts":1776013809.3586328,"logger":"frankenphp","msg":"async worker thread started","worker":"m#/app/worker.php_0","thread":137}
{"level":"info","ts":1776013809.3589675,"logger":"frankenphp","msg":"async worker thread started","worker":"m#/app/worker.php_0","thread":140}
{"level":"info","ts":1776013809.3590875,"logger":"frankenphp","msg":"async worker thread started","worker":"m#/app/worker.php_0","thread":142}
{"level":"info","ts":1776013809.3590007,"logger":"frankenphp","msg":"async worker thread started","worker":"m#/app/worker.php_0","thread":141}
{"level":"info","ts":1776013809.3596902,"logger":"frankenphp","msg":"async worker thread started","worker":"m#/app/worker.php_0","thread":143}
{"level":"info","ts":1776013809.3597703,"logger":"frankenphp","msg":"async worker thread started","worker":"m#/app/worker.php_0","thread":144}
{"level":"info","ts":1776013809.3597803,"logger":"frankenphp","msg":"async worker thread started","worker":"m#/app/worker.php_0","thread":145}
{"level":"info","ts":1776013809.359852,"logger":"frankenphp","msg":"async worker thread started","worker":"m#/app/worker.php_0","thread":146}
{"level":"info","ts":1776013809.3598576,"logger":"frankenphp","msg":"async worker thread started","worker":"m#/app/worker.php_0","thread":147}
{"level":"info","ts":1776013809.3599112,"logger":"frankenphp","msg":"async worker thread started","worker":"m#/app/worker.php_0","thread":148}
{"level":"info","ts":1776013809.359938,"logger":"frankenphp","msg":"async worker thread started","worker":"m#/app/worker.php_0","thread":149}
{"level":"info","ts":1776013809.3599658,"logger":"frankenphp","msg":"async worker thread started","worker":"m#/app/worker.php_0","thread":150}
{"level":"info","ts":1776013809.3852723,"logger":"frankenphp","msg":"async worker thread started","worker":"m#/app/worker.php_0","thread":151}
{"level":"info","ts":1776013809.3853025,"logger":"frankenphp","msg":"async worker thread started","worker":"m#/app/worker.php_0","thread":152}
{"level":"info","ts":1776013809.3853586,"logger":"frankenphp","msg":"async worker thread started","worker":"m#/app/worker.php_0","thread":153}
{"level":"info","ts":1776013809.3853793,"logger":"frankenphp","msg":"async worker thread started","worker":"m#/app/worker.php_0","thread":154}
{"level":"info","ts":1776013809.3854392,"logger":"frankenphp","msg":"async worker thread started","worker":"m#/app/worker.php_0","thread":155}
{"level":"info","ts":1776013809.3855145,"logger":"frankenphp","msg":"async worker thread started","worker":"m#/app/worker.php_0","thread":156}
{"level":"info","ts":1776013809.385521,"logger":"frankenphp","msg":"async worker thread started","worker":"m#/app/worker.php_0","thread":157}
{"level":"info","ts":1776013809.3856442,"logger":"frankenphp","msg":"async worker thread started","worker":"m#/app/worker.php_0","thread":158}
{"level":"info","ts":1776013809.3857393,"logger":"frankenphp","msg":"async worker thread started","worker":"m#/app/worker.php_0","thread":160}
{"level":"info","ts":1776013809.3857207,"logger":"frankenphp","msg":"async worker thread started","worker":"m#/app/worker.php_0","thread":159}
{"level":"info","ts":1776013809.3858104,"logger":"frankenphp","msg":"async worker thread started","worker":"m#/app/worker.php_0","thread":161}
{"level":"info","ts":1776013809.3858917,"logger":"frankenphp","msg":"async worker thread started","worker":"m#/app/worker.php_0","thread":163}
{"level":"info","ts":1776013809.3859,"logger":"frankenphp","msg":"async worker thread started","worker":"m#/app/worker.php_0","thread":164}
{"level":"info","ts":1776013809.3858914,"logger":"frankenphp","msg":"async worker thread started","worker":"m#/app/worker.php_0","thread":162}
{"level":"info","ts":1776013809.385974,"logger":"frankenphp","msg":"async worker thread started","worker":"m#/app/worker.php_0","thread":165}
{"level":"info","ts":1776013809.3860362,"logger":"frankenphp","msg":"async worker thread started","worker":"m#/app/worker.php_0","thread":166}
{"level":"info","ts":1776013809.3860457,"logger":"frankenphp","msg":"async worker thread started","worker":"m#/app/worker.php_0","thread":167}
{"level":"info","ts":1776013809.3861246,"logger":"frankenphp","msg":"async worker thread started","worker":"m#/app/worker.php_0","thread":169}
{"level":"info","ts":1776013809.3861659,"logger":"frankenphp","msg":"async worker thread started","worker":"m#/app/worker.php_0","thread":170}
{"level":"info","ts":1776013809.3861163,"logger":"frankenphp","msg":"async worker thread started","worker":"m#/app/worker.php_0","thread":168}
{"level":"info","ts":1776013809.3862126,"logger":"frankenphp","msg":"async worker thread started","worker":"m#/app/worker.php_0","thread":171}
{"level":"info","ts":1776013809.3862836,"logger":"frankenphp","msg":"async worker thread started","worker":"m#/app/worker.php_0","thread":172}
{"level":"info","ts":1776013809.386356,"logger":"frankenphp","msg":"async worker thread started","worker":"m#/app/worker.php_0","thread":173}
{"level":"info","ts":1776013809.3863618,"logger":"frankenphp","msg":"async worker thread started","worker":"m#/app/worker.php_0","thread":174}
{"level":"info","ts":1776013809.3864307,"logger":"frankenphp","msg":"async worker thread started","worker":"m#/app/worker.php_0","thread":175}
{"level":"info","ts":1776013809.3864343,"logger":"frankenphp","msg":"async worker thread started","worker":"m#/app/worker.php_0","thread":176}
{"level":"info","ts":1776013809.3864715,"logger":"frankenphp","msg":"async worker thread started","worker":"m#/app/worker.php_0","thread":177}
{"level":"info","ts":1776013809.3865485,"logger":"frankenphp","msg":"async worker thread started","worker":"m#/app/worker.php_0","thread":178}
{"level":"info","ts":1776013809.3866262,"logger":"frankenphp","msg":"async worker thread started","worker":"m#/app/worker.php_0","thread":179}
{"level":"info","ts":1776013809.3866425,"logger":"frankenphp","msg":"async worker thread started","worker":"m#/app/worker.php_0","thread":181}
{"level":"info","ts":1776013809.3866396,"logger":"frankenphp","msg":"async worker thread started","worker":"m#/app/worker.php_0","thread":180}
{"level":"info","ts":1776013809.3867238,"logger":"frankenphp","msg":"async worker thread started","worker":"m#/app/worker.php_0","thread":182}
{"level":"info","ts":1776013809.3867261,"logger":"frankenphp","msg":"async worker thread started","worker":"m#/app/worker.php_0","thread":183}
{"level":"info","ts":1776013809.3868012,"logger":"frankenphp","msg":"async worker thread started","worker":"m#/app/worker.php_0","thread":184}
{"level":"info","ts":1776013809.386806,"logger":"frankenphp","msg":"async worker thread started","worker":"m#/app/worker.php_0","thread":185}
{"level":"info","ts":1776013809.3868616,"logger":"frankenphp","msg":"async worker thread started","worker":"m#/app/worker.php_0","thread":186}
{"level":"info","ts":1776013809.3868947,"logger":"frankenphp","msg":"async worker thread started","worker":"m#/app/worker.php_0","thread":187}
{"level":"info","ts":1776013809.3869476,"logger":"frankenphp","msg":"async worker thread started","worker":"m#/app/worker.php_0","thread":188}
{"level":"info","ts":1776013809.3869877,"logger":"frankenphp","msg":"async worker thread started","worker":"m#/app/worker.php_0","thread":189}
{"level":"info","ts":1776013809.387063,"logger":"frankenphp","msg":"async worker thread started","worker":"m#/app/worker.php_0","thread":190}
{"level":"info","ts":1776013809.3871334,"logger":"frankenphp","msg":"async worker thread started","worker":"m#/app/worker.php_0","thread":191}
{"level":"info","ts":1776013809.3871357,"logger":"frankenphp","msg":"async worker thread started","worker":"m#/app/worker.php_0","thread":192}
{"level":"info","ts":1776013809.3872292,"logger":"frankenphp","msg":"async worker thread started","worker":"m#/app/worker.php_0","thread":193}
{"level":"info","ts":1776013809.3872325,"logger":"frankenphp","msg":"async worker thread started","worker":"m#/app/worker.php_0","thread":194}
{"level":"info","ts":1776013809.38729,"logger":"frankenphp","msg":"async worker thread started","worker":"m#/app/worker.php_0","thread":195}
{"level":"info","ts":1776013809.3873196,"logger":"frankenphp","msg":"async worker thread started","worker":"m#/app/worker.php_0","thread":196}
{"level":"info","ts":1776013809.388187,"logger":"frankenphp","msg":"async worker thread started","worker":"m#/app/worker.php_0","thread":198}
{"level":"info","ts":1776013809.388205,"logger":"frankenphp","msg":"async worker thread started","worker":"m#/app/worker.php_0","thread":199}
{"level":"info","ts":1776013809.388271,"logger":"frankenphp","msg":"async worker thread started","worker":"m#/app/worker.php_0","thread":200}
{"level":"info","ts":1776013809.3882923,"logger":"frankenphp","msg":"async worker thread started","worker":"m#/app/worker.php_0","thread":201}
{"level":"info","ts":1776013809.3874419,"logger":"frankenphp","msg":"async worker thread started","worker":"m#/app/worker.php_0","thread":197}
{"level":"info","ts":1776013809.3883636,"logger":"frankenphp","msg":"async worker thread started","worker":"m#/app/worker.php_0","thread":202}
{"level":"info","ts":1776013809.388371,"logger":"frankenphp","msg":"async worker thread started","worker":"m#/app/worker.php_0","thread":203}
{"level":"info","ts":1776013809.388435,"logger":"frankenphp","msg":"async worker thread started","worker":"m#/app/worker.php_0","thread":204}
{"level":"info","ts":1776013809.3884525,"logger":"frankenphp","msg":"async worker thread started","worker":"m#/app/worker.php_0","thread":205}
{"level":"info","ts":1776013809.3885298,"logger":"frankenphp","msg":"async worker thread started","worker":"m#/app/worker.php_0","thread":206}
{"level":"info","ts":1776013809.3885453,"logger":"frankenphp","msg":"async worker thread started","worker":"m#/app/worker.php_0","thread":207}
{"level":"info","ts":1776013809.3885758,"logger":"frankenphp","msg":"async worker thread started","worker":"m#/app/worker.php_0","thread":209}
{"level":"info","ts":1776013809.388551,"logger":"frankenphp","msg":"async worker thread started","worker":"m#/app/worker.php_0","thread":208}
{"level":"info","ts":1776013809.3886452,"logger":"frankenphp","msg":"async worker thread started","worker":"m#/app/worker.php_0","thread":210}
{"level":"info","ts":1776013809.3887212,"logger":"frankenphp","msg":"async worker thread started","worker":"m#/app/worker.php_0","thread":211}
{"level":"info","ts":1776013809.38874,"logger":"frankenphp","msg":"async worker thread started","worker":"m#/app/worker.php_0","thread":213}
{"level":"info","ts":1776013809.3887906,"logger":"frankenphp","msg":"async worker thread started","worker":"m#/app/worker.php_0","thread":214}
{"level":"info","ts":1776013809.3888228,"logger":"frankenphp","msg":"async worker thread started","worker":"m#/app/worker.php_0","thread":215}
{"level":"info","ts":1776013809.3887293,"logger":"frankenphp","msg":"async worker thread started","worker":"m#/app/worker.php_0","thread":212}
{"level":"info","ts":1776013809.3889067,"logger":"frankenphp","msg":"async worker thread started","worker":"m#/app/worker.php_0","thread":216}
{"level":"info","ts":1776013809.3889828,"logger":"frankenphp","msg":"async worker thread started","worker":"m#/app/worker.php_0","thread":218}
{"level":"info","ts":1776013809.3890553,"logger":"frankenphp","msg":"async worker thread started","worker":"m#/app/worker.php_0","thread":217}
{"level":"info","ts":1776013809.3891482,"logger":"frankenphp","msg":"async worker thread started","worker":"m#/app/worker.php_0","thread":219}
{"level":"info","ts":1776013809.3891509,"logger":"frankenphp","msg":"async worker thread started","worker":"m#/app/worker.php_0","thread":223}
{"level":"info","ts":1776013809.38922,"logger":"frankenphp","msg":"async worker thread started","worker":"m#/app/worker.php_0","thread":224}
{"level":"info","ts":1776013809.3893015,"logger":"frankenphp","msg":"async worker thread started","worker":"m#/app/worker.php_0","thread":222}
{"level":"info","ts":1776013809.3893085,"logger":"frankenphp","msg":"async worker thread started","worker":"m#/app/worker.php_0","thread":220}
{"level":"info","ts":1776013809.389315,"logger":"frankenphp","msg":"async worker thread started","worker":"m#/app/worker.php_0","thread":225}
{"level":"info","ts":1776013809.3893914,"logger":"frankenphp","msg":"async worker thread started","worker":"m#/app/worker.php_0","thread":226}
{"level":"info","ts":1776013809.389398,"logger":"frankenphp","msg":"async worker thread started","worker":"m#/app/worker.php_0","thread":227}
{"level":"info","ts":1776013809.3894835,"logger":"frankenphp","msg":"async worker thread started","worker":"m#/app/worker.php_0","thread":231}
{"level":"info","ts":1776013809.389476,"logger":"frankenphp","msg":"async worker thread started","worker":"m#/app/worker.php_0","thread":221}
{"level":"info","ts":1776013809.389524,"logger":"frankenphp","msg":"async worker thread started","worker":"m#/app/worker.php_0","thread":230}
{"level":"info","ts":1776013809.389563,"logger":"frankenphp","msg":"async worker thread started","worker":"m#/app/worker.php_0","thread":228}
{"level":"info","ts":1776013809.3895657,"logger":"frankenphp","msg":"async worker thread started","worker":"m#/app/worker.php_0","thread":233}
{"level":"info","ts":1776013809.3895738,"logger":"frankenphp","msg":"async worker thread started","worker":"m#/app/worker.php_0","thread":232}
{"level":"info","ts":1776013809.3895843,"logger":"frankenphp","msg":"async worker thread started","worker":"m#/app/worker.php_0","thread":234}
{"level":"info","ts":1776013809.3894737,"logger":"frankenphp","msg":"async worker thread started","worker":"m#/app/worker.php_0","thread":229}
{"level":"info","ts":1776013809.3896458,"logger":"frankenphp","msg":"async worker thread started","worker":"m#/app/worker.php_0","thread":235}
{"level":"info","ts":1776013809.3897927,"logger":"frankenphp","msg":"async worker thread started","worker":"m#/app/worker.php_0","thread":237}
{"level":"info","ts":1776013809.3897965,"logger":"frankenphp","msg":"async worker thread started","worker":"m#/app/worker.php_0","thread":236}
{"level":"info","ts":1776013809.3898706,"logger":"frankenphp","msg":"async worker thread started","worker":"m#/app/worker.php_0","thread":238}
{"level":"info","ts":1776013809.3898897,"logger":"frankenphp","msg":"async worker thread started","worker":"m#/app/worker.php_0","thread":239}
{"level":"info","ts":1776013809.389898,"logger":"frankenphp","msg":"async worker thread started","worker":"m#/app/worker.php_0","thread":240}
{"level":"info","ts":1776013809.3899848,"logger":"frankenphp","msg":"async worker thread started","worker":"m#/app/worker.php_0","thread":241}
{"level":"info","ts":1776013809.3900576,"logger":"frankenphp","msg":"async worker thread started","worker":"m#/app/worker.php_0","thread":242}
{"level":"info","ts":1776013809.3900669,"logger":"frankenphp","msg":"async worker thread started","worker":"m#/app/worker.php_0","thread":244}
{"level":"info","ts":1776013809.3900824,"logger":"frankenphp","msg":"async worker thread started","worker":"m#/app/worker.php_0","thread":243}
{"level":"info","ts":1776013809.3901505,"logger":"frankenphp","msg":"async worker thread started","worker":"m#/app/worker.php_0","thread":245}
{"level":"info","ts":1776013809.3901534,"logger":"frankenphp","msg":"async worker thread started","worker":"m#/app/worker.php_0","thread":246}
{"level":"info","ts":1776013809.390233,"logger":"frankenphp","msg":"async worker thread started","worker":"m#/app/worker.php_0","thread":248}
{"level":"info","ts":1776013809.3903108,"logger":"frankenphp","msg":"async worker thread started","worker":"m#/app/worker.php_0","thread":250}
{"level":"info","ts":1776013809.3902333,"logger":"frankenphp","msg":"async worker thread started","worker":"m#/app/worker.php_0","thread":249}
{"level":"info","ts":1776013809.3903859,"logger":"frankenphp","msg":"async worker thread started","worker":"m#/app/worker.php_0","thread":251}
{"level":"info","ts":1776013809.3903887,"logger":"frankenphp","msg":"async worker thread started","worker":"m#/app/worker.php_0","thread":252}
{"level":"info","ts":1776013809.3904004,"logger":"frankenphp","msg":"async worker thread started","worker":"m#/app/worker.php_0","thread":253}
{"level":"info","ts":1776013809.3902297,"logger":"frankenphp","msg":"async worker thread started","worker":"m#/app/worker.php_0","thread":247}
{"level":"info","ts":1776013809.3904836,"logger":"frankenphp","msg":"async worker thread started","worker":"m#/app/worker.php_0","thread":254}
{"level":"info","ts":1776013809.3905704,"logger":"frankenphp","msg":"async worker thread started","worker":"m#/app/worker.php_0","thread":255}
{"level":"info","ts":1776013809.3906493,"logger":"frankenphp","msg":"async worker thread started","worker":"m#/app/worker.php_1","thread":259}
{"level":"info","ts":1776013809.3906422,"logger":"frankenphp","msg":"async worker thread started","worker":"m#/app/worker.php_1","thread":257}
{"level":"info","ts":1776013809.3906686,"logger":"frankenphp","msg":"async worker thread started","worker":"m#/app/worker.php_1","thread":258}
{"level":"info","ts":1776013809.3907406,"logger":"frankenphp","msg":"async worker thread started","worker":"m#/app/worker.php_0","thread":256}
{"level":"info","ts":1776013809.39078,"logger":"frankenphp","msg":"async worker thread started","worker":"m#/app/worker.php_1","thread":261}
{"level":"info","ts":1776013809.3908331,"logger":"frankenphp","msg":"async worker thread started","worker":"m#/app/worker.php_1","thread":263}
{"level":"info","ts":1776013809.3908298,"logger":"frankenphp","msg":"async worker thread started","worker":"m#/app/worker.php_1","thread":262}
{"level":"info","ts":1776013809.3908353,"logger":"frankenphp","msg":"async worker thread started","worker":"m#/app/worker.php_1","thread":265}
{"level":"info","ts":1776013809.3908296,"logger":"frankenphp","msg":"async worker thread started","worker":"m#/app/worker.php_1","thread":264}
{"level":"info","ts":1776013809.390746,"logger":"frankenphp","msg":"async worker thread started","worker":"m#/app/worker.php_1","thread":260}
{"level":"info","ts":1776013809.3909876,"logger":"frankenphp","msg":"async worker thread started","worker":"m#/app/worker.php_1","thread":266}
{"level":"info","ts":1776013809.3910694,"logger":"frankenphp","msg":"async worker thread started","worker":"m#/app/worker.php_1","thread":267}
{"level":"info","ts":1776013809.39118,"logger":"frankenphp","msg":"async worker thread started","worker":"m#/app/worker.php_1","thread":269}
{"level":"info","ts":1776013809.3912566,"logger":"frankenphp","msg":"async worker thread started","worker":"m#/app/worker.php_1","thread":271}
{"level":"info","ts":1776013809.3913467,"logger":"frankenphp","msg":"async worker thread started","worker":"m#/app/worker.php_1","thread":270}
{"level":"info","ts":1776013809.3913443,"logger":"frankenphp","msg":"async worker thread started","worker":"m#/app/worker.php_1","thread":268}
{"level":"info","ts":1776013809.3914335,"logger":"frankenphp","msg":"async worker thread started","worker":"m#/app/worker.php_1","thread":273}
{"level":"info","ts":1776013809.3914487,"logger":"frankenphp","msg":"async worker thread started","worker":"m#/app/worker.php_1","thread":276}
{"level":"info","ts":1776013809.391472,"logger":"frankenphp","msg":"async worker thread started","worker":"m#/app/worker.php_1","thread":277}
{"level":"info","ts":1776013809.391531,"logger":"frankenphp","msg":"async worker thread started","worker":"m#/app/worker.php_1","thread":279}
{"level":"info","ts":1776013809.3915317,"logger":"frankenphp","msg":"async worker thread started","worker":"m#/app/worker.php_1","thread":278}
{"level":"info","ts":1776013809.3914344,"logger":"frankenphp","msg":"async worker thread started","worker":"m#/app/worker.php_1","thread":272}
{"level":"info","ts":1776013809.39161,"logger":"frankenphp","msg":"async worker thread started","worker":"m#/app/worker.php_1","thread":274}
{"level":"info","ts":1776013809.3916237,"logger":"frankenphp","msg":"async worker thread started","worker":"m#/app/worker.php_1","thread":281}
{"level":"info","ts":1776013809.391663,"logger":"frankenphp","msg":"async worker thread started","worker":"m#/app/worker.php_1","thread":283}
{"level":"info","ts":1776013809.391658,"logger":"frankenphp","msg":"async worker thread started","worker":"m#/app/worker.php_1","thread":282}
{"level":"info","ts":1776013809.3917086,"logger":"frankenphp","msg":"async worker thread started","worker":"m#/app/worker.php_1","thread":284}
{"level":"info","ts":1776013809.391624,"logger":"frankenphp","msg":"async worker thread started","worker":"m#/app/worker.php_1","thread":280}
{"level":"info","ts":1776013809.3917775,"logger":"frankenphp","msg":"async worker thread started","worker":"m#/app/worker.php_1","thread":285}
{"level":"info","ts":1776013809.391864,"logger":"frankenphp","msg":"async worker thread started","worker":"m#/app/worker.php_1","thread":286}
{"level":"info","ts":1776013809.3916235,"logger":"frankenphp","msg":"async worker thread started","worker":"m#/app/worker.php_1","thread":275}
{"level":"info","ts":1776013809.391889,"logger":"frankenphp","msg":"async worker thread started","worker":"m#/app/worker.php_1","thread":288}
{"level":"info","ts":1776013809.3918858,"logger":"frankenphp","msg":"async worker thread started","worker":"m#/app/worker.php_1","thread":287}
{"level":"info","ts":1776013809.3919742,"logger":"frankenphp","msg":"async worker thread started","worker":"m#/app/worker.php_1","thread":289}
{"level":"info","ts":1776013809.3920507,"logger":"frankenphp","msg":"async worker thread started","worker":"m#/app/worker.php_1","thread":292}
{"level":"info","ts":1776013809.3920493,"logger":"frankenphp","msg":"async worker thread started","worker":"m#/app/worker.php_1","thread":291}
{"level":"info","ts":1776013809.3921015,"logger":"frankenphp","msg":"async worker thread started","worker":"m#/app/worker.php_1","thread":293}
{"level":"info","ts":1776013809.3921304,"logger":"frankenphp","msg":"async worker thread started","worker":"m#/app/worker.php_1","thread":294}
{"level":"info","ts":1776013809.3921332,"logger":"frankenphp","msg":"async worker thread started","worker":"m#/app/worker.php_1","thread":295}
{"level":"info","ts":1776013809.3920527,"logger":"frankenphp","msg":"async worker thread started","worker":"m#/app/worker.php_1","thread":290}
{"level":"info","ts":1776013809.3922188,"logger":"frankenphp","msg":"async worker thread started","worker":"m#/app/worker.php_1","thread":296}
{"level":"info","ts":1776013809.3922946,"logger":"frankenphp","msg":"async worker thread started","worker":"m#/app/worker.php_1","thread":298}
{"level":"info","ts":1776013809.3923025,"logger":"frankenphp","msg":"async worker thread started","worker":"m#/app/worker.php_1","thread":299}
{"level":"info","ts":1776013809.3923812,"logger":"frankenphp","msg":"async worker thread started","worker":"m#/app/worker.php_1","thread":297}
{"level":"info","ts":1776013809.3924704,"logger":"frankenphp","msg":"async worker thread started","worker":"m#/app/worker.php_1","thread":300}
{"level":"info","ts":1776013809.39248,"logger":"frankenphp","msg":"async worker thread started","worker":"m#/app/worker.php_1","thread":303}
{"level":"info","ts":1776013809.3925202,"logger":"frankenphp","msg":"async worker thread started","worker":"m#/app/worker.php_1","thread":304}
{"level":"info","ts":1776013809.392555,"logger":"frankenphp","msg":"async worker thread started","worker":"m#/app/worker.php_1","thread":305}
{"level":"info","ts":1776013809.3924713,"logger":"frankenphp","msg":"async worker thread started","worker":"m#/app/worker.php_1","thread":302}
{"level":"info","ts":1776013809.392638,"logger":"frankenphp","msg":"async worker thread started","worker":"m#/app/worker.php_1","thread":301}
{"level":"info","ts":1776013809.3926773,"logger":"frankenphp","msg":"async worker thread started","worker":"m#/app/worker.php_1","thread":307}
{"level":"info","ts":1776013809.3927221,"logger":"frankenphp","msg":"async worker thread started","worker":"m#/app/worker.php_1","thread":308}
{"level":"info","ts":1776013809.3927307,"logger":"frankenphp","msg":"async worker thread started","worker":"m#/app/worker.php_1","thread":309}
{"level":"info","ts":1776013809.3926408,"logger":"frankenphp","msg":"async worker thread started","worker":"m#/app/worker.php_1","thread":306}
{"level":"info","ts":1776013809.3928049,"logger":"frankenphp","msg":"async worker thread started","worker":"m#/app/worker.php_1","thread":311}
{"level":"info","ts":1776013809.3928924,"logger":"frankenphp","msg":"async worker thread started","worker":"m#/app/worker.php_1","thread":314}
{"level":"info","ts":1776013809.3929262,"logger":"frankenphp","msg":"async worker thread started","worker":"m#/app/worker.php_1","thread":315}
{"level":"info","ts":1776013809.3929288,"logger":"frankenphp","msg":"async worker thread started","worker":"m#/app/worker.php_1","thread":312}
{"level":"info","ts":1776013809.3929787,"logger":"frankenphp","msg":"async worker thread started","worker":"m#/app/worker.php_1","thread":316}
{"level":"info","ts":1776013809.3928945,"logger":"frankenphp","msg":"async worker thread started","worker":"m#/app/worker.php_1","thread":310}
{"level":"info","ts":1776013809.3930628,"logger":"frankenphp","msg":"async worker thread started","worker":"m#/app/worker.php_1","thread":317}
{"level":"info","ts":1776013809.3930712,"logger":"frankenphp","msg":"async worker thread started","worker":"m#/app/worker.php_1","thread":318}
{"level":"info","ts":1776013809.392894,"logger":"frankenphp","msg":"async worker thread started","worker":"m#/app/worker.php_1","thread":313}
{"level":"info","ts":1776013809.411351,"logger":"frankenphp","msg":"async worker thread started","worker":"m#/app/worker.php_1","thread":319}
{"level":"info","ts":1776013809.4114006,"logger":"frankenphp","msg":"async worker thread started","worker":"m#/app/worker.php_1","thread":320}
{"level":"info","ts":1776013809.4114249,"logger":"frankenphp","msg":"async worker thread started","worker":"m#/app/worker.php_1","thread":321}
{"level":"info","ts":1776013809.4114861,"logger":"frankenphp","msg":"async worker thread started","worker":"m#/app/worker.php_1","thread":322}
{"level":"info","ts":1776013809.4115033,"logger":"frankenphp","msg":"async worker thread started","worker":"m#/app/worker.php_1","thread":323}
{"level":"info","ts":1776013809.4115562,"logger":"frankenphp","msg":"async worker thread started","worker":"m#/app/worker.php_1","thread":324}
{"level":"info","ts":1776013809.411632,"logger":"frankenphp","msg":"async worker thread started","worker":"m#/app/worker.php_1","thread":325}
{"level":"info","ts":1776013809.411638,"logger":"frankenphp","msg":"async worker thread started","worker":"m#/app/worker.php_1","thread":327}
{"level":"info","ts":1776013809.4116333,"logger":"frankenphp","msg":"async worker thread started","worker":"m#/app/worker.php_1","thread":326}
{"level":"info","ts":1776013809.4117038,"logger":"frankenphp","msg":"async worker thread started","worker":"m#/app/worker.php_1","thread":328}
{"level":"info","ts":1776013809.4117193,"logger":"frankenphp","msg":"async worker thread started","worker":"m#/app/worker.php_1","thread":329}
{"level":"info","ts":1776013809.4117973,"logger":"frankenphp","msg":"async worker thread started","worker":"m#/app/worker.php_1","thread":330}
{"level":"info","ts":1776013809.4118693,"logger":"frankenphp","msg":"async worker thread started","worker":"m#/app/worker.php_1","thread":332}
{"level":"info","ts":1776013809.411873,"logger":"frankenphp","msg":"async worker thread started","worker":"m#/app/worker.php_1","thread":331}
{"level":"info","ts":1776013809.4119468,"logger":"frankenphp","msg":"async worker thread started","worker":"m#/app/worker.php_1","thread":333}
{"level":"info","ts":1776013809.4119503,"logger":"frankenphp","msg":"async worker thread started","worker":"m#/app/worker.php_1","thread":334}
{"level":"info","ts":1776013809.412012,"logger":"frankenphp","msg":"async worker thread started","worker":"m#/app/worker.php_1","thread":335}
{"level":"info","ts":1776013809.4120326,"logger":"frankenphp","msg":"async worker thread started","worker":"m#/app/worker.php_1","thread":336}
{"level":"info","ts":1776013809.412052,"logger":"frankenphp","msg":"async worker thread started","worker":"m#/app/worker.php_1","thread":337}
{"level":"info","ts":1776013809.412101,"logger":"frankenphp","msg":"async worker thread started","worker":"m#/app/worker.php_1","thread":338}
{"level":"info","ts":1776013809.4121637,"logger":"frankenphp","msg":"async worker thread started","worker":"m#/app/worker.php_1","thread":339}
{"level":"info","ts":1776013809.4122627,"logger":"frankenphp","msg":"async worker thread started","worker":"m#/app/worker.php_1","thread":341}
{"level":"info","ts":1776013809.4123116,"logger":"frankenphp","msg":"async worker thread started","worker":"m#/app/worker.php_1","thread":342}
{"level":"info","ts":1776013809.4123256,"logger":"frankenphp","msg":"async worker thread started","worker":"m#/app/worker.php_1","thread":340}
{"level":"info","ts":1776013809.412418,"logger":"frankenphp","msg":"async worker thread started","worker":"m#/app/worker.php_1","thread":343}
{"level":"info","ts":1776013809.4124298,"logger":"frankenphp","msg":"async worker thread started","worker":"m#/app/worker.php_1","thread":344}
{"level":"info","ts":1776013809.4124424,"logger":"frankenphp","msg":"async worker thread started","worker":"m#/app/worker.php_1","thread":345}
{"level":"info","ts":1776013809.412514,"logger":"frankenphp","msg":"async worker thread started","worker":"m#/app/worker.php_1","thread":346}
{"level":"info","ts":1776013809.4125438,"logger":"frankenphp","msg":"async worker thread started","worker":"m#/app/worker.php_1","thread":347}
{"level":"info","ts":1776013809.4125543,"logger":"frankenphp","msg":"async worker thread started","worker":"m#/app/worker.php_1","thread":348}
{"level":"info","ts":1776013809.4126542,"logger":"frankenphp","msg":"async worker thread started","worker":"m#/app/worker.php_1","thread":349}
{"level":"info","ts":1776013809.4127142,"logger":"frankenphp","msg":"async worker thread started","worker":"m#/app/worker.php_1","thread":350}
{"level":"info","ts":1776013809.4128296,"logger":"frankenphp","msg":"async worker thread started","worker":"m#/app/worker.php_1","thread":351}
{"level":"info","ts":1776013809.4128544,"logger":"frankenphp","msg":"async worker thread started","worker":"m#/app/worker.php_1","thread":353}
{"level":"info","ts":1776013809.4128475,"logger":"frankenphp","msg":"async worker thread started","worker":"m#/app/worker.php_1","thread":352}
{"level":"info","ts":1776013809.4129455,"logger":"frankenphp","msg":"async worker thread started","worker":"m#/app/worker.php_1","thread":354}
{"level":"info","ts":1776013809.412951,"logger":"frankenphp","msg":"async worker thread started","worker":"m#/app/worker.php_1","thread":355}
{"level":"info","ts":1776013809.4130273,"logger":"frankenphp","msg":"async worker thread started","worker":"m#/app/worker.php_1","thread":356}
{"level":"info","ts":1776013809.413041,"logger":"frankenphp","msg":"async worker thread started","worker":"m#/app/worker.php_1","thread":357}
{"level":"info","ts":1776013809.4131029,"logger":"frankenphp","msg":"async worker thread started","worker":"m#/app/worker.php_1","thread":358}
{"level":"info","ts":1776013809.413122,"logger":"frankenphp","msg":"async worker thread started","worker":"m#/app/worker.php_1","thread":359}
{"level":"info","ts":1776013809.413233,"logger":"frankenphp","msg":"async worker thread started","worker":"m#/app/worker.php_1","thread":361}
{"level":"info","ts":1776013809.4132695,"logger":"frankenphp","msg":"async worker thread started","worker":"m#/app/worker.php_1","thread":362}
{"level":"info","ts":1776013809.4132373,"logger":"frankenphp","msg":"async worker thread started","worker":"m#/app/worker.php_1","thread":360}
{"level":"info","ts":1776013809.413315,"logger":"frankenphp","msg":"async worker thread started","worker":"m#/app/worker.php_1","thread":363}
{"level":"info","ts":1776013809.413394,"logger":"frankenphp","msg":"async worker thread started","worker":"m#/app/worker.php_1","thread":365}
{"level":"info","ts":1776013809.413401,"logger":"frankenphp","msg":"async worker thread started","worker":"m#/app/worker.php_1","thread":364}
{"level":"info","ts":1776013809.4134116,"logger":"frankenphp","msg":"async worker thread started","worker":"m#/app/worker.php_1","thread":366}
{"level":"info","ts":1776013809.4134886,"logger":"frankenphp","msg":"async worker thread started","worker":"m#/app/worker.php_1","thread":368}
{"level":"info","ts":1776013809.413531,"logger":"frankenphp","msg":"async worker thread started","worker":"m#/app/worker.php_1","thread":369}
{"level":"info","ts":1776013809.413568,"logger":"frankenphp","msg":"async worker thread started","worker":"m#/app/worker.php_1","thread":370}
{"level":"info","ts":1776013809.4134817,"logger":"frankenphp","msg":"async worker thread started","worker":"m#/app/worker.php_1","thread":367}
{"level":"info","ts":1776013809.4136393,"logger":"frankenphp","msg":"async worker thread started","worker":"m#/app/worker.php_1","thread":371}
{"level":"info","ts":1776013809.4136527,"logger":"frankenphp","msg":"async worker thread started","worker":"m#/app/worker.php_1","thread":372}
{"level":"info","ts":1776013809.413715,"logger":"frankenphp","msg":"async worker thread started","worker":"m#/app/worker.php_1","thread":373}
{"level":"info","ts":1776013809.4137378,"logger":"frankenphp","msg":"async worker thread started","worker":"m#/app/worker.php_1","thread":374}
{"level":"info","ts":1776013809.4137964,"logger":"frankenphp","msg":"async worker thread started","worker":"m#/app/worker.php_1","thread":375}
{"level":"info","ts":1776013809.4138124,"logger":"frankenphp","msg":"async worker thread started","worker":"m#/app/worker.php_1","thread":376}
{"level":"info","ts":1776013809.4138837,"logger":"frankenphp","msg":"async worker thread started","worker":"m#/app/worker.php_1","thread":377}
{"level":"info","ts":1776013809.413894,"logger":"frankenphp","msg":"async worker thread started","worker":"m#/app/worker.php_1","thread":378}
{"level":"info","ts":1776013809.4139552,"logger":"frankenphp","msg":"async worker thread started","worker":"m#/app/worker.php_1","thread":379}
{"level":"info","ts":1776013809.4140406,"logger":"frankenphp","msg":"async worker thread started","worker":"m#/app/worker.php_1","thread":381}
{"level":"info","ts":1776013809.4140468,"logger":"frankenphp","msg":"async worker thread started","worker":"m#/app/worker.php_1","thread":380}
{"level":"info","ts":1776013809.4141157,"logger":"frankenphp","msg":"async worker thread started","worker":"m#/app/worker.php_1","thread":382}
{"level":"info","ts":1776013809.4141269,"logger":"frankenphp","msg":"async worker thread started","worker":"m#/app/worker.php_1","thread":384}
{"level":"info","ts":1776013809.4141197,"logger":"frankenphp","msg":"async worker thread started","worker":"m#/app/worker.php_1","thread":383}
{"level":"info","ts":1776013809.4142244,"logger":"frankenphp","msg":"async worker thread started","worker":"m#/app/worker.php_2","thread":386}
{"level":"info","ts":1776013809.4142625,"logger":"frankenphp","msg":"async worker thread started","worker":"m#/app/worker.php_2","thread":387}
{"level":"info","ts":1776013809.4142456,"logger":"frankenphp","msg":"async worker thread started","worker":"m#/app/worker.php_2","thread":385}
{"level":"info","ts":1776013809.4143252,"logger":"frankenphp","msg":"async worker thread started","worker":"m#/app/worker.php_2","thread":388}
{"level":"info","ts":1776013809.414358,"logger":"frankenphp","msg":"async worker thread started","worker":"m#/app/worker.php_2","thread":389}
{"level":"info","ts":1776013809.414419,"logger":"frankenphp","msg":"async worker thread started","worker":"m#/app/worker.php_2","thread":390}
{"level":"info","ts":1776013809.4144356,"logger":"frankenphp","msg":"async worker thread started","worker":"m#/app/worker.php_2","thread":391}
{"level":"info","ts":1776013809.4145176,"logger":"frankenphp","msg":"async worker thread started","worker":"m#/app/worker.php_2","thread":392}
{"level":"info","ts":1776013809.4145226,"logger":"frankenphp","msg":"async worker thread started","worker":"m#/app/worker.php_2","thread":393}
{"level":"info","ts":1776013809.414604,"logger":"frankenphp","msg":"async worker thread started","worker":"m#/app/worker.php_2","thread":394}
{"level":"info","ts":1776013809.4146154,"logger":"frankenphp","msg":"async worker thread started","worker":"m#/app/worker.php_2","thread":395}
{"level":"info","ts":1776013809.4146955,"logger":"frankenphp","msg":"async worker thread started","worker":"m#/app/worker.php_2","thread":397}
{"level":"info","ts":1776013809.414731,"logger":"frankenphp","msg":"async worker thread started","worker":"m#/app/worker.php_2","thread":398}
{"level":"info","ts":1776013809.4146943,"logger":"frankenphp","msg":"async worker thread started","worker":"m#/app/worker.php_2","thread":396}
{"level":"info","ts":1776013809.4148016,"logger":"frankenphp","msg":"async worker thread started","worker":"m#/app/worker.php_2","thread":400}
{"level":"info","ts":1776013809.414767,"logger":"frankenphp","msg":"async worker thread started","worker":"m#/app/worker.php_2","thread":399}
{"level":"info","ts":1776013809.4148695,"logger":"frankenphp","msg":"async worker thread started","worker":"m#/app/worker.php_2","thread":401}
{"level":"info","ts":1776013809.4149458,"logger":"frankenphp","msg":"async worker thread started","worker":"m#/app/worker.php_2","thread":402}
{"level":"info","ts":1776013809.4150279,"logger":"frankenphp","msg":"async worker thread started","worker":"m#/app/worker.php_2","thread":403}
{"level":"info","ts":1776013809.4151094,"logger":"frankenphp","msg":"async worker thread started","worker":"m#/app/worker.php_2","thread":406}
{"level":"info","ts":1776013809.4151156,"logger":"frankenphp","msg":"async worker thread started","worker":"m#/app/worker.php_2","thread":407}
{"level":"info","ts":1776013809.4151738,"logger":"frankenphp","msg":"async worker thread started","worker":"m#/app/worker.php_2","thread":404}
{"level":"info","ts":1776013809.4151745,"logger":"frankenphp","msg":"async worker thread started","worker":"m#/app/worker.php_2","thread":405}
{"level":"info","ts":1776013809.4152524,"logger":"frankenphp","msg":"async worker thread started","worker":"m#/app/worker.php_2","thread":409}
{"level":"info","ts":1776013809.4153388,"logger":"frankenphp","msg":"async worker thread started","worker":"m#/app/worker.php_2","thread":408}
{"level":"info","ts":1776013809.4153473,"logger":"frankenphp","msg":"async worker thread started","worker":"m#/app/worker.php_2","thread":413}
{"level":"info","ts":1776013809.415339,"logger":"frankenphp","msg":"async worker thread started","worker":"m#/app/worker.php_2","thread":410}
{"level":"info","ts":1776013809.4153523,"logger":"frankenphp","msg":"async worker thread started","worker":"m#/app/worker.php_2","thread":411}
{"level":"info","ts":1776013809.4154449,"logger":"frankenphp","msg":"async worker thread started","worker":"m#/app/worker.php_2","thread":414}
{"level":"info","ts":1776013809.4155235,"logger":"frankenphp","msg":"async worker thread started","worker":"m#/app/worker.php_2","thread":416}
{"level":"info","ts":1776013809.4155295,"logger":"frankenphp","msg":"async worker thread started","worker":"m#/app/worker.php_2","thread":415}
{"level":"info","ts":1776013809.4155624,"logger":"frankenphp","msg":"async worker thread started","worker":"m#/app/worker.php_2","thread":418}
{"level":"info","ts":1776013809.4156115,"logger":"frankenphp","msg":"async worker thread started","worker":"m#/app/worker.php_2","thread":419}
{"level":"info","ts":1776013809.4153407,"logger":"frankenphp","msg":"async worker thread started","worker":"m#/app/worker.php_2","thread":412}
{"level":"info","ts":1776013809.4156463,"logger":"frankenphp","msg":"async worker thread started","worker":"m#/app/worker.php_2","thread":420}
{"level":"info","ts":1776013809.41553,"logger":"frankenphp","msg":"async worker thread started","worker":"m#/app/worker.php_2","thread":417}
{"level":"info","ts":1776013809.4157012,"logger":"frankenphp","msg":"async worker thread started","worker":"m#/app/worker.php_2","thread":421}
{"level":"info","ts":1776013809.4157915,"logger":"frankenphp","msg":"async worker thread started","worker":"m#/app/worker.php_2","thread":423}
{"level":"info","ts":1776013809.4157991,"logger":"frankenphp","msg":"async worker thread started","worker":"m#/app/worker.php_2","thread":424}
{"level":"info","ts":1776013809.4158833,"logger":"frankenphp","msg":"async worker thread started","worker":"m#/app/worker.php_2","thread":422}
{"level":"info","ts":1776013809.4158733,"logger":"frankenphp","msg":"async worker thread started","worker":"m#/app/worker.php_2","thread":425}
{"level":"info","ts":1776013809.4158978,"logger":"frankenphp","msg":"async worker thread started","worker":"m#/app/worker.php_2","thread":426}
{"level":"info","ts":1776013809.4159682,"logger":"frankenphp","msg":"async worker thread started","worker":"m#/app/worker.php_2","thread":427}
{"level":"info","ts":1776013809.4159708,"logger":"frankenphp","msg":"async worker thread started","worker":"m#/app/worker.php_2","thread":428}
{"level":"info","ts":1776013809.4160564,"logger":"frankenphp","msg":"async worker thread started","worker":"m#/app/worker.php_2","thread":429}
{"level":"info","ts":1776013809.4160664,"logger":"frankenphp","msg":"async worker thread started","worker":"m#/app/worker.php_2","thread":430}
{"level":"info","ts":1776013809.4161544,"logger":"frankenphp","msg":"async worker thread started","worker":"m#/app/worker.php_2","thread":431}
{"level":"info","ts":1776013809.4161742,"logger":"frankenphp","msg":"async worker thread started","worker":"m#/app/worker.php_2","thread":433}
{"level":"info","ts":1776013809.4162457,"logger":"frankenphp","msg":"async worker thread started","worker":"m#/app/worker.php_2","thread":434}
{"level":"info","ts":1776013809.416173,"logger":"frankenphp","msg":"async worker thread started","worker":"m#/app/worker.php_2","thread":432}
{"level":"info","ts":1776013809.4163215,"logger":"frankenphp","msg":"async worker thread started","worker":"m#/app/worker.php_2","thread":435}
{"level":"info","ts":1776013809.4163208,"logger":"frankenphp","msg":"async worker thread started","worker":"m#/app/worker.php_2","thread":436}
{"level":"info","ts":1776013809.416398,"logger":"frankenphp","msg":"async worker thread started","worker":"m#/app/worker.php_2","thread":438}
{"level":"info","ts":1776013809.416415,"logger":"frankenphp","msg":"async worker thread started","worker":"m#/app/worker.php_2","thread":439}
{"level":"info","ts":1776013809.4165127,"logger":"frankenphp","msg":"async worker thread started","worker":"m#/app/worker.php_2","thread":440}
{"level":"info","ts":1776013809.4163969,"logger":"frankenphp","msg":"async worker thread started","worker":"m#/app/worker.php_2","thread":437}
{"level":"info","ts":1776013809.4165711,"logger":"frankenphp","msg":"async worker thread started","worker":"m#/app/worker.php_2","thread":441}
{"level":"info","ts":1776013809.416578,"logger":"frankenphp","msg":"async worker thread started","worker":"m#/app/worker.php_2","thread":442}
{"level":"info","ts":1776013809.416661,"logger":"frankenphp","msg":"async worker thread started","worker":"m#/app/worker.php_2","thread":444}
{"level":"info","ts":1776013809.4166982,"logger":"frankenphp","msg":"async worker thread started","worker":"m#/app/worker.php_2","thread":446}
{"level":"info","ts":1776013809.4167416,"logger":"frankenphp","msg":"async worker thread started","worker":"m#/app/worker.php_2","thread":447}
{"level":"info","ts":1776013809.4167686,"logger":"frankenphp","msg":"async worker thread started","worker":"m#/app/worker.php_2","thread":448}
{"level":"info","ts":1776013809.4166663,"logger":"frankenphp","msg":"async worker thread started","worker":"m#/app/worker.php_2","thread":443}
{"level":"info","ts":1776013809.4168274,"logger":"frankenphp","msg":"async worker thread started","worker":"m#/app/worker.php_2","thread":449}
{"level":"info","ts":1776013809.4166636,"logger":"frankenphp","msg":"async worker thread started","worker":"m#/app/worker.php_2","thread":445}
{"level":"info","ts":1776013809.4169095,"logger":"frankenphp","msg":"async worker thread started","worker":"m#/app/worker.php_2","thread":451}
{"level":"info","ts":1776013809.4169164,"logger":"frankenphp","msg":"async worker thread started","worker":"m#/app/worker.php_2","thread":450}
{"level":"info","ts":1776013809.416939,"logger":"frankenphp","msg":"async worker thread started","worker":"m#/app/worker.php_2","thread":452}
{"level":"info","ts":1776013809.4170017,"logger":"frankenphp","msg":"async worker thread started","worker":"m#/app/worker.php_2","thread":453}
{"level":"info","ts":1776013809.4170082,"logger":"frankenphp","msg":"async worker thread started","worker":"m#/app/worker.php_2","thread":454}
{"level":"info","ts":1776013809.4170835,"logger":"frankenphp","msg":"async worker thread started","worker":"m#/app/worker.php_2","thread":455}
{"level":"info","ts":1776013809.417093,"logger":"frankenphp","msg":"async worker thread started","worker":"m#/app/worker.php_2","thread":456}
{"level":"info","ts":1776013809.4171796,"logger":"frankenphp","msg":"async worker thread started","worker":"m#/app/worker.php_2","thread":457}
{"level":"info","ts":1776013809.4172006,"logger":"frankenphp","msg":"async worker thread started","worker":"m#/app/worker.php_2","thread":458}
{"level":"info","ts":1776013809.4172807,"logger":"frankenphp","msg":"async worker thread started","worker":"m#/app/worker.php_2","thread":460}
{"level":"info","ts":1776013809.4172754,"logger":"frankenphp","msg":"async worker thread started","worker":"m#/app/worker.php_2","thread":459}
{"level":"info","ts":1776013809.4173474,"logger":"frankenphp","msg":"async worker thread started","worker":"m#/app/worker.php_2","thread":461}
{"level":"info","ts":1776013809.4173594,"logger":"frankenphp","msg":"async worker thread started","worker":"m#/app/worker.php_2","thread":462}
{"level":"info","ts":1776013809.4174507,"logger":"frankenphp","msg":"async worker thread started","worker":"m#/app/worker.php_2","thread":464}
{"level":"info","ts":1776013809.4174557,"logger":"frankenphp","msg":"async worker thread started","worker":"m#/app/worker.php_2","thread":465}
{"level":"info","ts":1776013809.4175043,"logger":"frankenphp","msg":"async worker thread started","worker":"m#/app/worker.php_2","thread":466}
{"level":"info","ts":1776013809.417463,"logger":"frankenphp","msg":"async worker thread started","worker":"m#/app/worker.php_2","thread":463}
{"level":"info","ts":1776013809.4175441,"logger":"frankenphp","msg":"async worker thread started","worker":"m#/app/worker.php_2","thread":467}
{"level":"info","ts":1776013809.417637,"logger":"frankenphp","msg":"async worker thread started","worker":"m#/app/worker.php_2","thread":468}
{"level":"info","ts":1776013809.417712,"logger":"frankenphp","msg":"async worker thread started","worker":"m#/app/worker.php_2","thread":469}
{"level":"info","ts":1776013809.4177139,"logger":"frankenphp","msg":"async worker thread started","worker":"m#/app/worker.php_2","thread":470}
{"level":"info","ts":1776013809.417792,"logger":"frankenphp","msg":"async worker thread started","worker":"m#/app/worker.php_2","thread":472}
{"level":"info","ts":1776013809.417878,"logger":"frankenphp","msg":"async worker thread started","worker":"m#/app/worker.php_2","thread":471}
{"level":"info","ts":1776013809.4178805,"logger":"frankenphp","msg":"async worker thread started","worker":"m#/app/worker.php_2","thread":473}
{"level":"info","ts":1776013809.4178903,"logger":"frankenphp","msg":"async worker thread started","worker":"m#/app/worker.php_2","thread":475}
{"level":"info","ts":1776013809.4179037,"logger":"frankenphp","msg":"async worker thread started","worker":"m#/app/worker.php_2","thread":474}
{"level":"info","ts":1776013809.4179606,"logger":"frankenphp","msg":"async worker thread started","worker":"m#/app/worker.php_2","thread":476}
{"level":"info","ts":1776013809.41797,"logger":"frankenphp","msg":"async worker thread started","worker":"m#/app/worker.php_2","thread":478}
{"level":"info","ts":1776013809.4180427,"logger":"frankenphp","msg":"async worker thread started","worker":"m#/app/worker.php_2","thread":480}
{"level":"info","ts":1776013809.4180508,"logger":"frankenphp","msg":"async worker thread started","worker":"m#/app/worker.php_2","thread":481}
{"level":"info","ts":1776013809.4180527,"logger":"frankenphp","msg":"async worker thread started","worker":"m#/app/worker.php_2","thread":479}
{"level":"info","ts":1776013809.4180856,"logger":"frankenphp","msg":"async worker thread started","worker":"m#/app/worker.php_2","thread":482}
{"level":"info","ts":1776013809.4181468,"logger":"frankenphp","msg":"async worker thread started","worker":"m#/app/worker.php_2","thread":477}
{"level":"info","ts":1776013809.418211,"logger":"frankenphp","msg":"async worker thread started","worker":"m#/app/worker.php_2","thread":484}
{"level":"info","ts":1776013809.4182308,"logger":"frankenphp","msg":"async worker thread started","worker":"m#/app/worker.php_2","thread":485}
{"level":"info","ts":1776013809.4181607,"logger":"frankenphp","msg":"async worker thread started","worker":"m#/app/worker.php_2","thread":483}
{"level":"info","ts":1776013809.4183698,"logger":"frankenphp","msg":"async worker thread started","worker":"m#/app/worker.php_2","thread":487}
{"level":"info","ts":1776013809.4183788,"logger":"frankenphp","msg":"async worker thread started","worker":"m#/app/worker.php_2","thread":488}
{"level":"info","ts":1776013809.4183168,"logger":"frankenphp","msg":"async worker thread started","worker":"m#/app/worker.php_2","thread":486}
{"level":"info","ts":1776013809.4184055,"logger":"frankenphp","msg":"async worker thread started","worker":"m#/app/worker.php_2","thread":489}
{"level":"info","ts":1776013809.418492,"logger":"frankenphp","msg":"async worker thread started","worker":"m#/app/worker.php_2","thread":490}
{"level":"info","ts":1776013809.4185746,"logger":"frankenphp","msg":"async worker thread started","worker":"m#/app/worker.php_2","thread":491}
{"level":"info","ts":1776013809.4185798,"logger":"frankenphp","msg":"async worker thread started","worker":"m#/app/worker.php_2","thread":492}
{"level":"info","ts":1776013809.4186552,"logger":"frankenphp","msg":"async worker thread started","worker":"m#/app/worker.php_2","thread":494}
{"level":"info","ts":1776013809.4186637,"logger":"frankenphp","msg":"async worker thread started","worker":"m#/app/worker.php_2","thread":495}
{"level":"info","ts":1776013809.418668,"logger":"frankenphp","msg":"async worker thread started","worker":"m#/app/worker.php_2","thread":493}
{"level":"info","ts":1776013809.418748,"logger":"frankenphp","msg":"async worker thread started","worker":"m#/app/worker.php_2","thread":496}
{"level":"info","ts":1776013809.4187558,"logger":"frankenphp","msg":"async worker thread started","worker":"m#/app/worker.php_2","thread":498}
{"level":"info","ts":1776013809.4187827,"logger":"frankenphp","msg":"async worker thread started","worker":"m#/app/worker.php_2","thread":499}
{"level":"info","ts":1776013809.4188402,"logger":"frankenphp","msg":"async worker thread started","worker":"m#/app/worker.php_2","thread":500}
{"level":"info","ts":1776013809.4187477,"logger":"frankenphp","msg":"async worker thread started","worker":"m#/app/worker.php_2","thread":497}
{"level":"info","ts":1776013809.4189425,"logger":"frankenphp","msg":"async worker thread started","worker":"m#/app/worker.php_2","thread":502}
{"level":"info","ts":1776013809.4189453,"logger":"frankenphp","msg":"async worker thread started","worker":"m#/app/worker.php_2","thread":503}
{"level":"info","ts":1776013809.4190369,"logger":"frankenphp","msg":"async worker thread started","worker":"m#/app/worker.php_2","thread":504}
{"level":"info","ts":1776013809.4189115,"logger":"frankenphp","msg":"async worker thread started","worker":"m#/app/worker.php_2","thread":501}
{"level":"info","ts":1776013809.4191077,"logger":"frankenphp","msg":"async worker thread started","worker":"m#/app/worker.php_2","thread":505}
{"level":"info","ts":1776013809.419116,"logger":"frankenphp","msg":"async worker thread started","worker":"m#/app/worker.php_2","thread":506}
{"level":"info","ts":1776013809.4191742,"logger":"frankenphp","msg":"async worker thread started","worker":"m#/app/worker.php_2","thread":507}
{"level":"info","ts":1776013809.4192386,"logger":"frankenphp","msg":"async worker thread started","worker":"m#/app/worker.php_2","thread":508}
{"level":"info","ts":1776013809.4192567,"logger":"frankenphp","msg":"async worker thread started","worker":"m#/app/worker.php_2","thread":509}
{"level":"info","ts":1776013809.419329,"logger":"frankenphp","msg":"async worker thread started","worker":"m#/app/worker.php_2","thread":510}
{"level":"info","ts":1776013809.419344,"logger":"frankenphp","msg":"async worker thread started","worker":"m#/app/worker.php_2","thread":512}
{"level":"info","ts":1776013809.4193645,"logger":"frankenphp","msg":"async worker thread started","worker":"m#/app/worker.php_2","thread":511}
{"level":"info","ts":1776013809.419514,"logger":"frankenphp","msg":"FrankenPHP started 🐘","php_version":"8.6.0-dev","num_threads":513,"max_threads":513}
{"level":"warn","ts":1776013809.4203475,"logger":"http","msg":"HTTP/2 skipped because it requires TLS","network":"tcp","addr":":8080"}
{"level":"warn","ts":1776013809.4203577,"logger":"http","msg":"HTTP/3 skipped because it requires TLS","network":"tcp","addr":":8080"}
{"level":"info","ts":1776013809.420361,"logger":"http.log","msg":"server running","name":"srv0","protocols":["h1","h2","h3"]}
{"level":"info","ts":1776013809.4204297,"logger":"http","msg":"enabling HTTP/3 listener","addr":":8443"}
{"level":"info","ts":1776013809.420564,"logger":"http.log","msg":"server running","name":"srv1","protocols":["h1","h2","h3"]}
{"level":"info","ts":1776013809.4207675,"msg":"autosaved config (load with --resume flag)","file":"/root/.config/caddy/autosave.json"}
{"level":"info","ts":1776013809.420775,"msg":"serving initial configuration"}
