[1] Puma starting in cluster mode...
[1] * Puma version: 6.6.1 ("Return to Forever")
[1] * Ruby version: ruby 3.4.9 (2026-03-11 revision 76cca827ab) +YJIT +PRISM [x86_64-linux]
[1] *  Min threads: 4
[1] *  Max threads: 4
[1] *  Environment: development
[1] *   Master PID: 1
[1] *      Workers: 128
[1] *     Restarts: (✔) hot (✖) phased (✖) refork
[1] * Preloading application
[1] * Listening on http://0.0.0.0:8080
[1] Use Ctrl-C to stop
[1] - Worker 0 (PID: 8) booted in 0.2s, phase: 0
[1] - Worker 1 (PID: 11) booted in 0.2s, phase: 0
[1] - Worker 2 (PID: 17) booted in 0.2s, phase: 0
[1] - Worker 3 (PID: 26) booted in 0.2s, phase: 0
[1] - Worker 4 (PID: 35) booted in 0.2s, phase: 0
[1] - Worker 5 (PID: 50) booted in 0.2s, phase: 0
[1] - Worker 6 (PID: 63) booted in 0.2s, phase: 0
[1] - Worker 7 (PID: 75) booted in 0.2s, phase: 0
[1] - Worker 8 (PID: 90) booted in 0.19s, phase: 0
[1] - Worker 9 (PID: 99) booted in 0.19s, phase: 0
[1] - Worker 10 (PID: 109) booted in 0.19s, phase: 0
[1] - Worker 11 (PID: 123) booted in 0.19s, phase: 0
[1] - Worker 12 (PID: 137) booted in 0.19s, phase: 0
[1] - Worker 13 (PID: 151) booted in 0.19s, phase: 0
[1] - Worker 14 (PID: 171) booted in 0.18s, phase: 0
[1] - Worker 15 (PID: 175) booted in 0.18s, phase: 0
[1] - Worker 16 (PID: 185) booted in 0.18s, phase: 0
[1] - Worker 17 (PID: 194) booted in 0.18s, phase: 0
[1] - Worker 18 (PID: 205) booted in 0.18s, phase: 0
[1] - Worker 19 (PID: 216) booted in 0.18s, phase: 0
[1] - Worker 20 (PID: 225) booted in 0.18s, phase: 0
[1] - Worker 21 (PID: 234) booted in 0.18s, phase: 0
[1] - Worker 22 (PID: 249) booted in 0.18s, phase: 0
[1] - Worker 23 (PID: 256) booted in 0.18s, phase: 0
[1] - Worker 24 (PID: 268) booted in 0.17s, phase: 0
[1] - Worker 25 (PID: 283) booted in 0.17s, phase: 0
[1] - Worker 26 (PID: 293) booted in 0.17s, phase: 0
[1] - Worker 27 (PID: 310) booted in 0.17s, phase: 0
[1] - Worker 28 (PID: 323) booted in 0.17s, phase: 0
[1] - Worker 29 (PID: 335) booted in 0.17s, phase: 0
[1] - Worker 30 (PID: 359) booted in 0.16s, phase: 0
[1] - Worker 31 (PID: 367) booted in 0.16s, phase: 0
[1] - Worker 32 (PID: 371) booted in 0.16s, phase: 0
[1] - Worker 33 (PID: 383) booted in 0.16s, phase: 0
[1] - Worker 34 (PID: 391) booted in 0.16s, phase: 0
[1] - Worker 35 (PID: 399) booted in 0.16s, phase: 0
[1] - Worker 36 (PID: 411) booted in 0.16s, phase: 0
[1] - Worker 37 (PID: 427) booted in 0.16s, phase: 0
[1] - Worker 38 (PID: 440) booted in 0.16s, phase: 0
[1] - Worker 39 (PID: 448) booted in 0.15s, phase: 0
[1] - Worker 40 (PID: 459) booted in 0.15s, phase: 0
[1] - Worker 41 (PID: 472) booted in 0.15s, phase: 0
[1] - Worker 42 (PID: 481) booted in 0.15s, phase: 0
[1] - Worker 43 (PID: 492) booted in 0.15s, phase: 0
[1] - Worker 44 (PID: 503) booted in 0.15s, phase: 0
[1] - Worker 45 (PID: 515) booted in 0.15s, phase: 0
[1] - Worker 46 (PID: 530) booted in 0.15s, phase: 0
[1] - Worker 47 (PID: 536) booted in 0.14s, phase: 0
[1] - Worker 48 (PID: 548) booted in 0.14s, phase: 0
[1] - Worker 49 (PID: 558) booted in 0.14s, phase: 0
[1] - Worker 50 (PID: 573) booted in 0.14s, phase: 0
[1] - Worker 51 (PID: 602) booted in 0.14s, phase: 0
[1] - Worker 52 (PID: 615) booted in 0.14s, phase: 0
[1] - Worker 53 (PID: 624) booted in 0.13s, phase: 0
[1] - Worker 54 (PID: 634) booted in 0.13s, phase: 0
[1] - Worker 55 (PID: 642) booted in 0.13s, phase: 0
[1] - Worker 56 (PID: 655) booted in 0.13s, phase: 0
[1] - Worker 57 (PID: 668) booted in 0.13s, phase: 0
[1] - Worker 58 (PID: 679) booted in 0.13s, phase: 0
[1] - Worker 59 (PID: 694) booted in 0.13s, phase: 0
[1] - Worker 60 (PID: 704) booted in 0.13s, phase: 0
[1] - Worker 61 (PID: 714) booted in 0.12s, phase: 0
[1] - Worker 62 (PID: 728) booted in 0.12s, phase: 0
[1] - Worker 63 (PID: 740) booted in 0.12s, phase: 0
[1] - Worker 64 (PID: 753) booted in 0.12s, phase: 0
[1] - Worker 65 (PID: 766) booted in 0.12s, phase: 0
[1] - Worker 66 (PID: 775) booted in 0.12s, phase: 0
[1] - Worker 67 (PID: 789) booted in 0.12s, phase: 0
[1] - Worker 68 (PID: 802) booted in 0.12s, phase: 0
[1] - Worker 69 (PID: 815) booted in 0.11s, phase: 0
[1] - Worker 70 (PID: 824) booted in 0.11s, phase: 0
[1] - Worker 71 (PID: 838) booted in 0.11s, phase: 0
[1] - Worker 72 (PID: 851) booted in 0.11s, phase: 0
[1] - Worker 73 (PID: 861) booted in 0.11s, phase: 0
[1] - Worker 74 (PID: 875) booted in 0.11s, phase: 0
[1] - Worker 75 (PID: 882) booted in 0.11s, phase: 0
[1] - Worker 76 (PID: 893) booted in 0.11s, phase: 0
[1] - Worker 77 (PID: 906) booted in 0.1s, phase: 0
[1] - Worker 78 (PID: 923) booted in 0.1s, phase: 0
[1] - Worker 79 (PID: 931) booted in 0.1s, phase: 0
[1] - Worker 80 (PID: 947) booted in 0.1s, phase: 0
[1] - Worker 81 (PID: 959) booted in 0.1s, phase: 0
[1] - Worker 82 (PID: 971) booted in 0.1s, phase: 0
[1] - Worker 83 (PID: 983) booted in 0.1s, phase: 0
[1] - Worker 84 (PID: 995) booted in 0.1s, phase: 0
[1] - Worker 85 (PID: 1007) booted in 0.09s, phase: 0
[1] - Worker 86 (PID: 1019) booted in 0.09s, phase: 0
[1] - Worker 87 (PID: 1031) booted in 0.09s, phase: 0
[1] - Worker 88 (PID: 1043) booted in 0.09s, phase: 0
[1] - Worker 89 (PID: 1055) booted in 0.09s, phase: 0
[1] - Worker 90 (PID: 1066) booted in 0.09s, phase: 0
[1] - Worker 91 (PID: 1076) booted in 0.09s, phase: 0
[1] - Worker 92 (PID: 1088) booted in 0.09s, phase: 0
[1] - Worker 93 (PID: 1103) booted in 0.08s, phase: 0
[1] - Worker 94 (PID: 1113) booted in 0.08s, phase: 0
[1] - Worker 95 (PID: 1127) booted in 0.08s, phase: 0
[1] - Worker 96 (PID: 1135) booted in 0.08s, phase: 0
[1] - Worker 97 (PID: 1147) booted in 0.08s, phase: 0
[1] - Worker 98 (PID: 1159) booted in 0.08s, phase: 0
[1] - Worker 99 (PID: 1171) booted in 0.08s, phase: 0
[1] - Worker 100 (PID: 1187) booted in 0.08s, phase: 0
[1] - Worker 101 (PID: 1199) booted in 0.07s, phase: 0
[1] - Worker 102 (PID: 1211) booted in 0.07s, phase: 0
[1] - Worker 103 (PID: 1223) booted in 0.07s, phase: 0
[1] - Worker 104 (PID: 1235) booted in 0.07s, phase: 0
[1] - Worker 105 (PID: 1245) booted in 0.07s, phase: 0
[1] - Worker 106 (PID: 1259) booted in 0.07s, phase: 0
[1] - Worker 107 (PID: 1271) booted in 0.07s, phase: 0
[1] - Worker 108 (PID: 1282) booted in 0.07s, phase: 0
[1] - Worker 109 (PID: 1295) booted in 0.06s, phase: 0
[1] - Worker 110 (PID: 1307) booted in 0.06s, phase: 0
[1] - Worker 111 (PID: 1319) booted in 0.06s, phase: 0
[1] - Worker 112 (PID: 1331) booted in 0.06s, phase: 0
[1] - Worker 113 (PID: 1341) booted in 0.06s, phase: 0
[1] - Worker 114 (PID: 1354) booted in 0.06s, phase: 0
[1] - Worker 115 (PID: 1362) booted in 0.06s, phase: 0
[1] - Worker 116 (PID: 1377) booted in 0.06s, phase: 0
[1] - Worker 117 (PID: 1388) booted in 0.05s, phase: 0
[1] - Worker 118 (PID: 1399) booted in 0.05s, phase: 0
[1] - Worker 119 (PID: 1410) booted in 0.05s, phase: 0
[1] - Worker 120 (PID: 1427) booted in 0.05s, phase: 0
[1] - Worker 121 (PID: 1435) booted in 0.05s, phase: 0
[1] - Worker 122 (PID: 1451) booted in 0.05s, phase: 0
[1] - Worker 123 (PID: 1463) booted in 0.05s, phase: 0
[1] - Worker 124 (PID: 1475) booted in 0.05s, phase: 0
[1] - Worker 125 (PID: 1486) booted in 0.04s, phase: 0
[1] - Worker 126 (PID: 1498) booted in 0.04s, phase: 0
[1] - Worker 127 (PID: 1510) booted in 0.04s, phase: 0
